1735422645
3.07 0.78 0.59 85548

1735422646
2.88 0.82 0.6 1708

1735422647
2.88 0.82 0.6 947

1735422648
2.36 0.79 0.59 1868

1735422649
2.36 0.79 0.59 1742

1735422650
1.93 0.77 0.59 2778

1735422651
1.93 0.77 0.59 2022

1735422652
1.58 0.74 0.58 5397

1735422653
1.58 0.74 0.58 6885

1735422654
1.29 0.72 0.58 3747

1735422655
1.29 0.72 0.58 3808

1735422656
1.06 0.69 0.57 4686

1735422657
1.06 0.69 0.57 3951

1735422658
0.86 0.67 0.57 6513

1735422659
0.86 0.67 0.57 10269

1735422660
0.89 0.68 0.57 11398

1735422661
0.89 0.68 0.57 10150

1735422662
0.73 0.66 0.57 6397

1735422663
0.73 0.66 0.57 7793

1735422664
0.59 0.64 0.56 5786

1735422665
0.59 0.64 0.56 3696

1735422666
0.48 0.62 0.56 11874

1735422667
0.48 0.62 0.56 6737

1735422668
0.4 0.59 0.56 6151

1735422669
0.4 0.59 0.56 5750

1735422670
0.32 0.57 0.55 7478

1735422671
0.32 0.57 0.55 7352

1735422672
0.26 0.56 0.55 10485

1735422673
0.26 0.56 0.55 6176

1735422674
0.21 0.54 0.54 6702

1735422675
0.21 0.54 0.54 2987

