1735422645
0.61 1.26 5.2 7994

1735422646
0.49 1.21 5.17 1902

1735422647
0.49 1.21 5.17 0

1735422648
0.4 1.17 5.13 5435

1735422649
0.4 1.17 5.13 368

1735422650
0.33 1.14 5.1 2129

1735422651
0.33 1.14 5.1 175

1735422652
0.27 1.1 5.06 1745

1735422653
0.27 1.1 5.06 3073

1735422654
0.22 1.06 5.03 1880

1735422655
0.22 1.06 5.03 128

1735422656
0.18 1.03 4.99 2079

1735422657
0.18 1.03 4.99 734

1735422658
0.14 0.99 4.96 3782

1735422659
0.14 0.99 4.96 807

1735422660
0.12 0.96 4.93 1763

1735422661
0.12 0.96 4.93 878

1735422662
0.1 0.93 4.89 2944

1735422663
0.1 0.93 4.89 3449

1735422664
0.08 0.9 4.86 3315

1735422665
0.08 0.9 4.86 433

1735422666
0.06 0.87 4.82 1935

1735422667
0.06 0.87 4.82 655

1735422668
0.05 0.84 4.79 6121

1735422669
0.05 0.84 4.79 1723

1735422670
0.04 0.81 4.76 3386

1735422671
0.04 0.81 4.76 960

1735422672
0.03 0.78 4.72 2686

1735422673
0.03 0.78 4.72 2955

1735422674
0.02 0.76 4.69 112802

1735422675
0.02 0.76 4.69 407

