1712928504
8.88 10.99 12.39 328307

1712928506
11.8 11.45 12.48 332476

1712928507
13.28 11.73 12.53 466616

1712928508
13.28 11.73 12.53 475957

1712928509
19.93 12.98 12.79 439442

1712928510
19.93 12.98 12.79 422938

1712928511
23.75 13.9 12.98 374972

1712928512
23.75 13.9 12.98 447465

1712928513
26.87 14.78 13.17 395941

1712928514
26.87 14.78 13.17 390737

1712928515
28.89 15.54 13.34 381996

1712928516
28.89 15.54 13.34 345142

1712928517
30.18 16.21 13.5 357380

1712928518
30.18 16.21 13.5 332211

1712928519
30.87 16.79 13.64 345719

1712928520
30.87 16.79 13.64 406453

1712928521
31.8 17.42 13.79 393956

1712928522
31.8 17.42 13.79 365050

1712928523
33.1 18.13 13.96 363402

1712928524
33.1 18.13 13.96 383147

1712928525
33.44 18.68 14.11 357345

1712928526
33.44 18.68 14.11 335439

1712928527
34.09 19.28 14.26 363954

1712928528
34.09 19.28 14.26 377279

1712928529
34.43 19.83 14.41 370357

1712928530
34.43 19.83 14.41 361364

1712928531
34.72 20.36 14.56 375522

1712928532
34.72 20.36 14.56 367192

1712928533
35.31 20.93 14.72 418665

1712928534
35.31 20.93 14.72 424680

1712928535
36.52 21.62 14.91 408062

1712928536
36.52 21.62 14.91 384278

1712928537
36.97 22.19 15.07 382051

1712928538
36.97 22.19 15.07 435281

1712928539
37.16 22.71 15.23 369047

1712928540
37.16 22.71 15.23 393286

1712928541
38.03 23.34 15.41 540226

1712928542
38.03 23.34 15.41 408209

1712928543
40.02 24.18 15.64 585181

1712928544
40.02 24.18 15.64 572591

1712928545
43.09 25.25 15.93 556118

1712928546
43.09 25.25 15.93 430648

1712928547
43.26 25.87 16.12 396958

1712928548
43.26 25.87 16.12 392095

1712928549
42.3 26.26 16.27 419331

1712928550
42.3 26.26 16.27 429413

1712928551
43.15 26.94 16.48 533560

1712928552
43.15 26.94 16.48 555001

1712928553
45.3 27.86 16.74 653052

1712928554
45.3 27.86 16.74 694475

1712928555
48.32 28.98 17.05 463636

1712928556
48.32 28.98 17.05 385216

1712928557
47.36 29.44 17.23 434736

1712928558
47.36 29.44 17.23 405670

1712928559
46.02 29.78 17.38 419532

1712928560
46.02 29.78 17.38 395096

1712928561
44.75 30.08 17.53 372822

1712928562
44.75 30.08 17.53 394287

1712928563
43.53 30.34 17.67 528929

1712928564
43.53 30.34 17.67 484227

1712928565
45.06 31.05 17.91 421444

1712928566
45.06 31.05 17.91 355485

1712928567
43.42 31.21 18.03 372916

1712928568
43.42 31.21 18.03 385323

1712928569
42.25 31.4 18.16 342856

1712928570
42.25 31.4 18.16 364541

1712928571
40.94 31.52 18.28 361439

1712928572
40.94 31.52 18.28 351696

1712928573
40.04 31.67 18.4 360814

1712928574
40.04 31.67 18.4 353857

1712928575
38.95 31.74 18.51 359360

1712928576
38.95 31.74 18.51 387899

1712928577
38.77 31.95 18.64 383098

1712928578
38.77 31.95 18.64 384248

1712928579
38.27 32.08 18.76 370449

1712928580
38.27 32.08 18.76 375506

1712928581
38.4 32.31 18.9 356148

1712928582
38.4 32.31 18.9 382093

1712928583
37.97 32.43 19.01 362251

1712928584
37.97 32.43 19.01 331715

1712928585
37.25 32.48 19.12 343428

1712928586
37.25 32.48 19.12 390705

1712928587
36.84 32.56 19.22 333467

1712928588
36.84 32.56 19.22 351001

1712928589
36.5 32.64 19.33 380292

1712928590
36.5 32.64 19.33 574191

1712928591
39.67 33.34 19.57 594101

1712928592
39.67 33.34 19.57 552359

1712928593
42.45 34.05 19.81 470139

1712928594
42.45 34.05 19.81 389103

1712928595
41.46 34.15 19.93 360967

1712928596
41.46 34.15 19.93 396019

1712928597
40.65 34.24 20.05 373384

1712928598
40.65 34.24 20.05 337355

1712928599
40.35 34.39 20.18 478871

1712928600
40.35 34.39 20.18 392623

1712928601
40.29 34.58 20.31 364854

1712928602
40.29 34.58 20.31 512251

1712928603
40.23 34.76 20.45 316780

1712928604
40.23 34.76 20.45 422682

1712928605
39.65 34.83 20.56 405249

1712928606
39.65 34.83 20.56 406279

1712928607
40.07 35.06 20.71 367555

1712928608
40.07 35.06 20.71 358628

1712928609
39.15 35.06 20.81 358894

1712928610
39.15 35.06 20.81 315731

1712928611
37.86 34.96 20.88 348041

1712928612
37.86 34.96 20.88 366690

1712928613
37.88 35.06 21.0 379940

1712928614
37.88 35.06 21.0 350599

1712928615
37.36 35.06 21.09 371405

1712928616
37.36 35.06 21.09 345272

1712928617
37.11 35.09 21.2 378764

1712928618
37.11 35.09 21.2 376959

1712928619
37.09 35.15 21.31 367187

1712928620
37.09 35.15 21.31 324591

1712928621
35.99 35.02 21.37 279833

1712928622
35.99 35.02 21.37 305571

1712928623
34.72 34.82 21.42 405462

1712928624
34.72 34.82 21.42 413341

1712928625
36.4 35.12 21.58 364990

1712928626
36.4 35.12 21.58 348517

1712928627
34.7 34.85 21.62 98315

1712928628
34.7 34.85 21.62 71367

1712928630
30.22 34.04 21.54 586923

1712928631
31.81 34.2 21.66 407552

1712928632
31.81 34.2 21.66 511934

1712928633
33.84 34.49 21.8 475941

1712928634
33.84 34.49 21.8 573529

1712928635
37.31 35.1 22.01 436938

1712928636
37.31 35.1 22.01 632101

1712928637
41.6 35.94 22.28 586080

1712928638
41.6 35.94 22.28 384959

1712928639
40.22 35.88 22.36 299088

1712928640
40.22 35.88 22.36 370917

1712928641
39.46 35.88 22.45 348211

1712928642
39.46 35.88 22.45 338962

1712928643
38.29 35.79 22.53 349044

1712928644
38.29 35.79 22.53 330279

1712928645
37.87 35.79 22.62 520528

1712928646
37.87 35.79 22.62 725035

1712928647
43.69 36.91 22.94 650372

1712928648
43.69 36.91 22.94 652889

1712928649
47.55 37.83 23.23 629205

1712928650
47.55 37.83 23.23 301486

1712928651
44.55 37.61 23.28 241368

1712928652
44.55 37.61 23.28 257875

1712928653
41.01 37.2 23.3 256375

1712928654
41.01 37.2 23.3 277819

1712928655
38.83 36.93 23.33 336471

1712928656
38.83 36.93 23.33 283244

1712928657
36.87 36.63 23.37 271534

1712928658
36.87 36.63 23.37 284768

1712928659
35.26 36.35 23.4 290355

1712928660
35.26 36.35 23.4 284273

1712928661
34.13 36.11 23.44 302605

1712928662
34.13 36.11 23.44 231127

1712928663
32.11 35.68 23.43 213618

1712928664
32.11 35.68 23.43 658648

1712928665
37.7 36.58 23.7 717195

1712928666
37.7 36.58 23.7 691483

1712928667
43.01 37.57 24.0 602675

1712928669
43.19 37.78 24.14 837607

1712928670
43.19 37.78 24.14 327750

1712928671
40.98 37.56 24.18 335044

1712928672
40.98 37.56 24.18 225962

1712928673
37.72 37.08 24.18 187291

1712928674
37.72 37.08 24.18 212636

1712928676
33.97 36.43 24.13 132136

1712928677
28.17 35.3 23.98 14373

1712928678
28.17 35.3 23.98 6594

1712928679
23.07 34.14 23.81 5796

1712928680
23.07 34.14 23.81 6304

1712928681
18.89 33.03 23.65 6471

1712928682
18.89 33.03 23.65 6152

1712928683
15.47 31.95 23.49 5710

1712928684
15.47 31.95 23.49 8656

1712928685
12.66 30.9 23.33 11302

1712928686
12.66 30.9 23.33 314513

1712928687
15.62 30.84 23.37 338445

1712928688
15.62 30.84 23.37 330536

1712928689
18.77 30.91 23.43 389235

1712928690
18.77 30.91 23.43 549515

1712928691
24.97 31.63 23.63 528767

1712928692
24.97 31.63 23.63 405175

1712928693
27.69 31.91 23.75 358937

1712928694
27.69 31.91 23.75 534773

1712928695
33.73 32.86 24.0 773060

1712928696
33.73 32.86 24.0 596396

1712928697
40.3 34.07 24.31 802068

1712928698
40.3 34.07 24.31 814133

1712928699
47.67 35.61 24.7 838313

1712928700
47.67 35.61 24.7 800065

1712928701
53.53 37.06 25.08 817208

1712928702
53.53 37.06 25.08 819389

1712928703
58.32 38.46 25.46 783064

1712928704
58.32 38.46 25.46 804810

1712928705
62.25 39.82 25.83 808737

1712928706
62.25 39.82 25.83 810180

1712928707
65.46 41.14 26.2 799764

1712928708
65.46 41.14 26.2 808687

1712928709
65.2 41.89 26.46 413612

1712928710
65.2 41.89 26.46 515218

1712928711
65.34 42.68 26.73 896902

1712928712
65.34 42.68 26.73 865507

1712928713
69.45 44.16 27.15 917901

1712928714
69.45 44.16 27.15 929444

1712928715
72.26 45.49 27.54 783453

1712928716
72.26 45.49 27.54 781578

1712928717
72.21 46.36 27.85 629045

1712928718
72.21 46.36 27.85 527299

1712928719
68.73 46.58 28.02 500091

1712928720
68.73 46.58 28.02 374621

1712928721
63.34 46.33 28.1 426017

1712928722
63.34 46.33 28.1 441097

1712928723
59.84 46.25 28.2 434252

1712928724
59.84 46.25 28.2 300227

1712928725
54.43 45.72 28.22 311014

1712928726
54.43 45.72 28.22 329899

1712928727
50.55 45.31 28.25 338552

1712928728
50.55 45.31 28.25 337487

1712928729
47.37 44.9 28.28 320370

1712928730
47.37 44.9 28.28 314916

1712928731
44.4 44.45 28.3 334696

1712928732
44.4 44.45 28.3 307617

1712928733
41.61 43.94 28.31 275197

1712928734
41.61 43.94 28.31 279267

1712928735
39.14 43.42 28.3 294363

1712928736
39.14 43.42 28.3 284666

1712928737
37.31 42.95 28.31 303832

1712928738
37.31 42.95 28.31 295208

1712928739
35.98 42.52 28.32 315853

1712928740
35.98 42.52 28.32 312472

1712928741
35.26 42.18 28.35 336816

1712928742
35.26 42.18 28.35 168732

1712928743
33.94 41.71 28.34 414230

1712928744
33.94 41.71 28.34 385942

1712928745
33.41 41.36 28.36 223799

1712928746
33.41 41.36 28.36 278176

1712928747
32.79 40.99 28.37 347049

1712928748
32.79 40.99 28.37 169349

1712928749
31.38 40.47 28.35 340725

1712928750
31.38 40.47 28.35 903535

1712928751
40.55 41.83 28.72 779476

1712928752
40.55 41.83 28.72 807318

1712928753
45.34 42.65 28.98 512894

1712928754
45.34 42.65 28.98 844627

1712928755
52.34 44.0 29.35 891627

1712928756
52.34 44.0 29.35 947870

1712928757
59.71 45.61 29.79 932317

1712928758
59.71 45.61 29.79 775898

1712928759
64.11 46.86 30.16 918418

1712928760
64.11 46.86 30.16 884861

1712928761
66.62 47.88 30.49 660051

1712928762
66.62 47.88 30.49 523984

1712928763
63.97 48.02 30.64 521010

1712928764
63.97 48.02 30.64 592256

1712928765
65.43 48.8 30.92 884554

1712928766
65.43 48.8 30.92 935573

1712928767
70.06 50.18 31.33 893997

1712928768
70.06 50.18 31.33 922161

1712928769
73.49 51.45 31.72 874370

1712928770
73.49 51.45 31.72 964853

1712928771
77.39 52.88 32.16 936351

1712928772
77.39 52.88 32.16 953152

1712928773
80.94 54.32 32.6 998478

1712928774
80.94 54.32 32.6 875499

1712928775
81.49 55.29 32.95 809086

1712928776
81.49 55.29 32.95 586628

1712928777
76.87 55.31 33.11 522797

1712928778
76.87 55.31 33.11 717028

1712928779
77.44 56.12 33.43 904308

1712928780
77.44 56.12 33.43 894194

1712928781
79.35 57.16 33.8 882319

1712928782
79.35 57.16 33.8 947291

1712928783
82.37 58.44 34.23 988065

1712928784
82.37 58.44 34.23 961326

1712928785
85.02 59.7 34.66 993403

1712928786
85.02 59.7 34.66 982209

1712928787
87.37 60.95 35.09 982045

1712928788
87.37 60.95 35.09 919475

1712928789
88.75 62.06 35.5 991451

1712928790
88.75 62.06 35.5 988909

1712928791
90.06 63.17 35.91 943554

1712928792
90.06 63.17 35.91 972055

1712928793
91.32 64.28 36.33 987194

1712928794
91.32 64.28 36.33 988027

1712928795
92.53 65.38 36.75 987706

1712928796
92.53 65.38 36.75 957896

1712928797
93.34 66.42 37.17 999952

1712928798
93.34 66.42 37.17 980363

1712928799
94.36 67.48 37.59 999758

1712928800
94.36 67.48 37.59 974451

1712928801
94.36 67.48 37.59 525491

1712928802
90.67 67.7 37.84 559487

1712928803
90.67 67.7 37.84 785836

1712928804
86.38 67.67 38.04 946526

1712928805
86.38 67.67 38.04 965093

1712928806
87.94 68.57 38.43 960104

1712928807
87.94 68.57 38.43 962681

1712928808
89.4 69.47 38.82 999841

1712928809
89.4 69.47 38.82 999718

1712928810
91.14 70.43 39.23 965564

1712928811
91.14 70.43 39.23 1002154

1712928812
92.38 71.33 39.63 996766

1712928813
92.38 71.33 39.63 994812

1712928814
93.58 72.24 40.04 922354

1712928815
93.58 72.24 40.04 948421

1712928816
93.47 72.92 40.4 953622

1712928817
93.47 72.92 40.4 860039

1712928818
92.84 73.48 40.74 969652

1712928819
92.84 73.48 40.74 1000285

1712928820
93.78 74.28 41.13 999789

1712928821
93.78 74.28 41.13 999535

1712928822
94.72 75.09 41.53 982252

1712928823
94.72 75.09 41.53 907174

1712928824
94.41 75.67 41.88 965476

1712928825
94.41 75.67 41.88 999769

1712928826
95.24 76.44 42.27 1003512

1712928827
95.24 76.44 42.27 876665

1712928828
95.01 77.01 42.63 889577

1712928829
95.01 77.01 42.63 994611

1712928830
94.83 77.57 42.98 999723

1712928831
94.83 77.57 42.98 998563

1712928832
95.58 78.27 43.36 959076

1712928833
95.58 78.27 43.36 992300

1712928834
95.84 78.88 43.73 927336

1712928835
95.84 78.88 43.73 998259

1712928836
95.87 79.44 44.09 957689

1712928837
95.87 79.44 44.09 973919

1712928838
95.89 79.98 44.44 989263

1712928839
95.89 79.98 44.44 992814

1712928840
96.45 80.61 44.81 987743

1712928841
96.45 80.61 44.81 964543

1712928842
96.55 81.14 45.17 985135

1712928843
96.55 81.14 45.17 999246

1712928844
97.0 81.73 45.54 999671

1712928845
97.0 81.73 45.54 1000007

1712928846
97.36 82.29 45.9 999587

1712928847
97.36 82.29 45.9 1000010

1712928848
97.65 82.84 46.27 986801

1712928849
97.65 82.84 46.27 984683

1712928850
97.72 83.33 46.62 986014

1712928851
97.72 83.33 46.62 1002123

1712928852
97.95 83.85 46.98 971584

1712928853
97.95 83.85 46.98 999835

1712928854
97.96 84.31 47.33 999800

1712928855
97.96 84.31 47.33 951419

1712928856
97.6 84.69 47.66 829569

1712928857
97.6 84.69 47.66 709305

1712928858
93.69 84.41 47.86 912590

1712928860
91.75 84.36 48.1 1732648

1712928861
91.75 84.36 48.1 902345

1712928862
92.16 84.68 48.41 977331

1712928863
92.16 84.68 48.41 987332

1712928864
93.21 85.11 48.75 995621

1712928865
93.21 85.11 48.75 999579

1712928866
94.26 85.57 49.09 999844

1712928867
94.26 85.57 49.09 988681

1712928868
95.12 86.01 49.43 991258

1712928869
95.12 86.01 49.43 985989

1712928870
95.64 86.4 49.77 980040

1712928871
95.64 86.4 49.77 986479

1712928872
96.07 86.78 50.1 999929

1712928873
96.07 86.78 50.1 908117

1712928874
95.69 87.02 50.4 948630

1712928875
95.69 87.02 50.4 964469

1712928876
95.75 87.31 50.71 980521

1712928877
95.75 87.31 50.71 936953

1712928878
95.43 87.53 51.01 899949

1712928879
95.43 87.53 51.01 979514

1712928880
95.35 87.77 51.31 971095

1712928881
95.35 87.77 51.31 992891

1712928882
95.83 88.11 51.63 999897

1712928883
95.83 88.11 51.63 999466

1712928884
96.4 88.46 51.95 999884

1712928885
96.4 88.46 51.95 999461

1712928886
96.87 88.81 52.27 999783

1712928887
96.87 88.81 52.27 941501

1712928888
96.9 89.08 52.58 939945

1712928889
96.9 89.08 52.58 903622

1712928890
95.65 89.11 52.83 831538

1712928891
95.65 89.11 52.83 863440

1712928892
93.72 88.97 53.05 944474

1712928893
93.72 88.97 53.05 941192

1712928894
93.95 89.17 53.34 964769

1712928895
93.95 89.17 53.34 731535

1712928896
91.96 88.97 53.54 751330

1712928897
91.96 88.97 53.54 727506

1712928898
88.71 88.48 53.68 979197

1712928899
88.71 88.48 53.68 922164

1712928900
89.85 88.69 53.97 999926

1712928901
89.85 88.69 53.97 984600

1712928902
91.32 89.0 54.27 975433

1712928903
91.32 89.0 54.27 999722

1712928904
92.71 89.32 54.57 992812

1712928905
92.71 89.32 54.57 960848

1712928906
93.49 89.57 54.86 971621

1712928907
93.49 89.57 54.86 993007

1712928908
94.31 89.85 55.16 999649

1712928909
94.31 89.85 55.16 991871

1712928910
95.16 90.15 55.46 999869

1712928911
95.16 90.15 55.46 999874

1712928912
95.85 90.44 55.76 995704

1712928913
95.85 90.44 55.76 952537

1712928914
96.06 90.65 56.04 997690

1712928915
96.06 90.65 56.04 963252

1712928916
96.23 90.86 56.32 959477

1712928917
96.23 90.86 56.32 947353

1712928918
96.0 91.0 56.58 986847

1712928919
96.0 91.0 56.58 966035

1712928920
96.18 91.19 56.86 965589

1712928921
96.18 91.19 56.86 934369

1712928922
95.79 91.28 57.11 979750

1712928923
95.79 91.28 57.11 926135

1712928924
95.64 91.41 57.37 950404

1712928925
95.64 91.41 57.37 997179

1712928926
95.71 91.56 57.64 955821

1712928927
95.71 91.56 57.64 949068

1712928928
95.76 91.7 57.9 908148

1712928929
95.76 91.7 57.9 935213

1712928930
95.08 91.71 58.13 974606

1712928931
95.08 91.71 58.13 932337

1712928932
94.88 91.79 58.38 986553

1712928933
94.88 91.79 58.38 981679

1712928934
95.45 91.99 58.65 986597

1712928935
95.45 91.99 58.65 923393

1712928936
95.36 92.09 58.9 999938

1712928937
95.36 92.09 58.9 986043

1712928938
96.02 92.31 59.17 999431

1712928939
96.02 92.31 59.17 992000

1712928940
96.56 92.53 59.45 999626

1712928941
96.56 92.53 59.45 999785

1712928942
97.0 92.74 59.72 999774

1712928943
97.0 92.74 59.72 999809

1712928944
97.36 92.95 59.98 999608

1712928945
97.36 92.95 59.98 983596

1712928946
97.48 93.11 60.25 765514

1712928947
97.48 93.11 60.25 690054

1712928948
91.59 92.19 60.28 722814

1712928949
91.59 92.19 60.28 998723

1712928950
91.85 92.22 60.5 957846

1712928951
91.85 92.22 60.5 965899

1712928952
92.6 92.34 60.74 997748

1712928953
92.6 92.34 60.74 996781

1712928954
93.76 92.56 61.01 994935

1712928955
93.76 92.56 61.01 999605

1712928956
94.71 92.77 61.27 999818

1712928957
94.71 92.77 61.27 1003866

1712928958
95.48 92.98 61.52 977820

1712928959
95.48 92.98 61.52 915361

1712928960
95.21 93.01 61.75 999639

1712928961
95.21 93.01 61.75 986042

1712928962
95.9 93.21 62.0 999667

1712928963
95.9 93.21 62.0 999699

1712928964
96.46 93.4 62.25 988629

1712928965
96.46 93.4 62.25 971340

1712928966
96.74 93.55 62.5 999684

1712928967
96.74 93.55 62.5 999567

1712928968
97.15 93.72 62.75 999676

1712928969
97.15 93.72 62.75 1000093

1712928970
97.48 93.9 63.0 970616

1712928971
97.48 93.9 63.0 999759

1712928972
97.58 94.03 63.24 972751

1712928973
97.58 94.03 63.24 972275

1712928974
97.65 94.16 63.47 960786

1712928975
97.65 94.16 63.47 770220

1712928976
95.0 93.8 63.61 892964

1712928977
95.0 93.8 63.61 792350

1712928978
92.82 93.44 63.74 867001

1712928979
92.82 93.44 63.74 973155

1712928980
93.22 93.49 63.95 991708

1712928981
93.22 93.49 63.95 990638

1712928982
94.26 93.67 64.19 994745

1712928983
94.26 93.67 64.19 956327

1712928985
94.4 93.72 64.4 1938237

1712928986
95.23 93.89 64.64 988853

1712928987
95.23 93.89 64.64 999509

1712928988
95.91 94.06 64.88 999741

1712928989
95.91 94.06 64.88 999949

1712928990
96.47 94.22 65.11 999796

1712928991
96.47 94.22 65.11 999589

1712928992
96.93 94.38 65.34 999921

1712928993
96.93 94.38 65.34 999683

1712928994
97.3 94.53 65.57 999929

1712928995
97.3 94.53 65.57 999708

1712928996
97.61 94.67 65.8 999781

1712928997
97.61 94.67 65.8 956769

1712928998
97.5 94.75 66.01 973977

1712928999
97.5 94.75 66.01 999840

1712929000
97.59 94.86 66.23 998684

1712929001
97.59 94.86 66.23 950477

1712929002
96.39 94.73 66.4 762826

1712929003
96.39 94.73 66.4 762975

1712929004
92.88 94.15 66.47 858159

1712929005
92.88 94.15 66.47 999794

1712929006
93.44 94.21 66.68 965261

1712929007
93.44 94.21 66.68 999938

1712929008
94.45 94.37 66.9 999673

1712929009
94.45 94.37 66.9 999665

1712929010
95.27 94.52 67.12 999896

1712929011
95.27 94.52 67.12 919887

1712929012
95.4 94.57 67.32 999791

1712929013
95.4 94.57 67.32 999886

1712929014
96.06 94.71 67.53 999706

1712929015
96.06 94.71 67.53 975870

1712929016
96.41 94.82 67.74 990731

1712929017
96.41 94.82 67.74 997892

1712929018
96.88 94.96 67.95 999843

1712929019
96.88 94.96 67.95 1002493

1712929020
97.26 95.09 68.17 996950

1712929021
97.26 95.09 68.17 990871

1712929022
97.57 95.22 68.38 983725

1712929023
97.57 95.22 68.38 975984

1712929024
97.65 95.31 68.58 1001844

1712929025
97.65 95.31 68.58 992689

1712929026
97.89 95.43 68.79 994022

1712929027
97.89 95.43 68.79 999664

1712929028
98.09 95.55 69.0 989852

1712929029
98.09 95.55 69.0 994982

1712929030
98.26 95.66 69.2 982777

1712929031
98.26 95.66 69.2 1001435

1712929032
98.21 95.74 69.4 986014

1712929033
98.21 95.74 69.4 999760

1712929034
98.35 95.84 69.6 999783

1712929035
98.35 95.84 69.6 972998

1712929036
98.29 95.91 69.79 985676

1712929037
98.29 95.91 69.79 950239

1712929038
97.87 95.92 69.97 999804

1712929039
97.87 95.92 69.97 1000069

1712929040
98.08 96.02 70.17 999722

1712929041
98.08 96.02 70.17 999600

1712929042
98.24 96.11 70.37 999844

1712929043
98.24 96.11 70.37 999885

1712929044
98.38 96.21 70.57 999704

1712929045
98.38 96.21 70.57 999989

1712929046
98.49 96.3 70.76 967005

1712929047
98.49 96.3 70.76 999666

1712929048
98.4 96.36 70.95 999818

1712929049
98.4 96.36 70.95 976186

1712929050
98.33 96.41 71.13 987740

1712929051
98.33 96.41 71.13 984906

1712929052
98.27 96.46 71.32 999665

1712929053
98.27 96.46 71.32 995782

1712929054
98.4 96.54 71.51 966972

1712929055
98.4 96.54 71.51 959109

1712929056
97.96 96.53 71.67 990433

1712929057
97.96 96.53 71.67 719704

1712929058
93.8 95.82 71.7 663269

1712929059
93.8 95.82 71.7 598415

1712929060
89.67 95.01 71.69 965972

1712929061
89.67 95.01 71.69 970397

1712929062
91.18 95.11 71.87 999784

1712929063
91.18 95.11 71.87 993437

1712929064
92.59 95.24 72.06 999745

1712929065
92.59 95.24 72.06 999812

1712929066
93.75 95.36 72.24 999752

1712929067
93.75 95.36 72.24 1003452

1712929068
94.7 95.48 72.42 996155

1712929069
94.7 95.48 72.42 999736

1712929070
95.48 95.59 72.61 999892

1712929071
95.48 95.59 72.61 999701

1712929072
96.12 95.7 72.79 999767

1712929073
96.12 95.7 72.79 1000014

1712929074
96.64 95.81 72.97 999693

1712929075
96.64 95.81 72.97 999639

1712929076
97.07 95.92 73.14 999785

1712929077
97.07 95.92 73.14 999788

1712929078
97.42 96.02 73.32 999850

1712929079
97.42 96.02 73.32 980802

1712929080
97.7 96.12 73.5 999924

1712929081
97.7 96.12 73.5 999764

1712929082
97.94 96.21 73.67 960611

1712929083
97.94 96.21 73.67 999825

1712929084
97.95 96.27 73.84 999715

1712929085
97.95 96.27 73.84 1002496

1712929086
98.14 96.36 74.01 977669

1712929087
98.14 96.36 74.01 988974

1712929088
97.75 96.35 74.16 960707

1712929089
97.75 96.35 74.16 973099

1712929090
97.79 96.4 74.32 999897

1712929091
97.79 96.4 74.32 999742

1712929092
98.01 96.48 74.49 999668

1712929093
98.01 96.48 74.49 999688

1712929094
98.19 96.57 74.66 991342

1712929095
98.19 96.57 74.66 991441

1712929096
98.34 96.65 74.83 999772

1712929097
98.34 96.65 74.83 999874

1712929098
98.46 96.72 74.99 999664

1712929099
98.46 96.72 74.99 999941

1712929100
98.55 96.8 75.16 999657

1712929101
98.55 96.8 75.16 999947

1712929102
98.63 96.87 75.32 999576

1712929103
98.63 96.87 75.32 999973

1712929104
98.7 96.94 75.48 999725

1712929105
98.7 96.94 75.48 990734

1712929106
98.75 97.01 75.64 997671

1712929107
98.75 97.01 75.64 999914

1712929108
98.8 97.07 75.8 999644

1712929109
98.8 97.07 75.8 999763

1712929110
98.83 97.14 75.96 1002077

1712929111
98.83 97.14 75.96 997541

1712929112
98.86 97.2 76.12 972189

1712929113
98.86 97.2 76.12 569302

1712929114
93.09 96.21 76.06 640117

1712929115
93.09 96.21 76.06 792045

1712929116
90.9 95.71 76.09 999019

1712929117
90.9 95.71 76.09 976458

1712929118
92.18 95.79 76.24 999781

1712929119
92.18 95.79 76.24 999823

1712929120
93.42 95.89 76.4 1003049

1712929121
93.42 95.89 76.4 937669

1712929122
94.07 95.93 76.54 999715

1712929123
94.07 95.93 76.54 984044

1712929124
93.69 95.8 76.64 872087

1712929125
93.69 95.8 76.64 999904

1712929126
94.65 95.9 76.8 999655

1712929127
94.65 95.9 76.8 999982

1712929128
95.44 96.01 76.95 999720

1712929129
95.44 96.01 76.95 999714

1712929130
95.9 96.07 77.09 917424

1712929131
95.9 96.07 77.09 999978

1712929132
96.1 96.1 77.23 990055

1712929133
96.1 96.1 77.23 999867

1712929134
96.62 96.2 77.38 999940

1712929135
96.62 96.2 77.38 978366

1712929136
96.87 96.25 77.52 996376

1712929137
96.87 96.25 77.52 999703

1712929138
97.26 96.34 77.67 999909

1712929139
97.26 96.34 77.67 999824

1712929140
97.57 96.43 77.81 999810

1712929141
97.57 96.43 77.81 999572

1712929142
96.02 96.19 77.89 653140

1712929143
96.02 96.19 77.89 603937

1712929144
89.67 95.04 77.77 753962

1712929145
89.67 95.04 77.77 951231

1712929146
90.82 95.07 77.9 979533

1712929147
90.82 95.07 77.9 999591

1712929148
92.3 95.2 78.04 999799

1712929149
92.3 95.2 78.04 999914

1712929150
93.51 95.32 78.19 999759

1712929151
93.51 95.32 78.19 952928

1712929152
93.96 95.34 78.31 936292

1712929153
93.96 95.34 78.31 925770

1712929154
93.24 95.17 78.39 936092

1712929155
93.24 95.17 78.39 976391

1712929156
94.11 95.26 78.52 999928

1712929157
94.11 95.26 78.52 999689

1712929158
94.99 95.38 78.66 999822

1712929159
94.99 95.38 78.66 999801

1712929160
95.72 95.5 78.8 1000061

1712929161
95.72 95.5 78.8 999526

1712929162
96.31 95.62 78.94 999803

1712929163
96.31 95.62 78.94 996702

1712929164
96.44 95.66 79.06 957654

1712929165
96.44 95.66 79.06 999627

1712929166
96.9 95.77 79.2 992421

1712929167
96.9 95.77 79.2 986058

1712929168
97.1 95.84 79.33 993305

1712929169
97.1 95.84 79.33 997256

1712929170
97.44 95.95 79.46 985648

1712929171
97.44 95.95 79.46 992395

1712929172
97.54 96.02 79.59 984623

1712929173
97.54 96.02 79.59 995935

1712929174
97.44 96.05 79.71 944644

1712929175
97.44 96.05 79.71 999696

1712929176
97.72 96.14 79.84 999854

1712929177
97.72 96.14 79.84 999912

1712929178
97.95 96.24 79.97 989273

1712929179
97.95 96.24 79.97 978369

1712929180
97.96 96.3 80.1 980443

1712929181
97.96 96.3 80.1 999775

1712929182
97.97 96.35 80.22 983961

1712929183
97.97 96.35 80.22 995587

1712929184
98.15 96.44 80.35 988962

1712929185
98.15 96.44 80.35 996718

1712929186
98.31 96.52 80.48 1000255

1712929187
98.31 96.52 80.48 999582

1712929188
98.43 96.6 80.6 995015

1712929189
98.43 96.6 80.6 986466

1712929190
97.81 96.55 80.7 918271

1712929191
97.81 96.55 80.7 922541

1712929192
97.3 96.5 80.8 995416

1712929193
97.3 96.5 80.8 999342

1712929194
97.61 96.58 80.92 996359

1712929195
97.61 96.58 80.92 858790

1712929196
94.42 96.04 80.92 691004

1712929197
94.42 96.04 80.92 668440

1712929198
91.08 95.38 80.88 923609

1712929199
91.08 95.38 80.88 958609

1712929200
92.15 95.44 80.99 990475

1712929201
92.15 95.44 80.99 999918

1712929202
93.39 95.55 81.12 999529

1712929203
93.39 95.55 81.12 990836

1712929204
94.23 95.63 81.23 974752

1712929205
94.23 95.63 81.23 997242

1712929206
95.09 95.74 81.35 999361

1712929207
95.09 95.74 81.35 995123

1712929208
95.8 95.85 81.47 999969

1712929209
95.8 95.85 81.47 999620

1712929210
96.38 95.95 81.6 999803

1712929211
96.38 95.95 81.6 999947

1712929212
96.85 96.05 81.71 999671

1712929213
96.85 96.05 81.71 999791

1712929214
97.24 96.15 81.83 1004043

1712929215
97.24 96.15 81.83 986742

1712929216
97.56 96.24 81.95 989511

1712929217
97.56 96.24 81.95 999257

1712929218
97.64 96.3 82.06 990909

1712929219
97.64 96.3 82.06 960771

1712929220
97.7 96.35 82.17 999521

1712929221
97.7 96.35 82.17 998492

1712929222
97.94 96.44 82.28 990740

1712929223
97.94 96.44 82.28 965516

1712929224
97.77 96.46 82.39 993523

1712929225
97.77 96.46 82.39 999809

1712929226
97.99 96.54 82.5 999768

1712929227
97.99 96.54 82.5 990663

1712929228
98.17 96.62 82.61 991191

1712929229
98.17 96.62 82.61 999813

1712929230
98.32 96.7 82.72 991811

1712929231
98.32 96.7 82.72 999634

1712929232
98.44 96.78 82.84 1002478

1712929233
98.44 96.78 82.84 967086

1712929234
98.36 96.82 82.94 999850

1712929235
98.36 96.82 82.94 999935

1712929236
98.48 96.89 83.05 999755

1712929237
98.48 96.89 83.05 1002474

1712929238
98.57 96.96 83.16 996928

1712929239
98.57 96.96 83.16 999942

1712929240
98.65 97.02 83.27 999608

1712929241
98.65 97.02 83.27 999899

1712929242
98.71 97.09 83.37 1002090

1712929243
98.71 97.09 83.37 997503

1712929244
98.76 97.15 83.48 999763

1712929245
98.76 97.15 83.48 999878

1712929246
98.81 97.21 83.59 999575

1712929247
98.81 97.21 83.59 999777

1712929248
98.84 97.27 83.69 999770

1712929249
98.84 97.27 83.69 999764

1712929250
98.87 97.33 83.8 995073

1712929251
98.87 97.33 83.8 740677

1712929252
93.82 96.47 83.71 675614

1712929253
93.82 96.47 83.71 778366

1712929254
91.68 95.99 83.7 895259

1712929255
91.68 95.99 83.7 975532

1712929256
92.82 96.06 83.8 999890

1712929257
92.82 96.06 83.8 977134

1712929258
93.58 96.09 83.89 969947

1712929259
93.58 96.09 83.89 972458

1712929260
94.38 96.15 83.98 999832

1712929261
94.38 96.15 83.98 999631

1712929262
95.21 96.24 84.09 999877

1712929263
95.21 96.24 84.09 994381

1712929264
95.72 96.3 84.18 976968

1712929265
95.72 96.3 84.18 999863

1712929266
96.31 96.39 84.28 980787

1712929267
96.31 96.39 84.28 979503

1712929268
96.62 96.44 84.38 1002512

1712929269
96.62 96.44 84.38 997063

1712929270
97.05 96.53 84.48 999887

1712929271
97.05 96.53 84.48 999862

1712929272
97.4 96.61 84.58 999600

1712929273
97.4 96.61 84.58 1002087

1712929274
97.69 96.69 84.68 997661

1712929275
97.69 96.69 84.68 999796

1712929276
97.93 96.76 84.77 986913

1712929277
97.93 96.76 84.77 990659

1712929278
98.12 96.83 84.87 1001701

1712929279
98.12 96.83 84.87 998046

1712929280
98.28 96.91 84.97 999696

1712929281
98.28 96.91 84.97 999814

1712929282
98.41 96.97 85.06 999809

1712929283
98.41 96.97 85.06 999788

1712929284
98.52 97.04 85.16 999821

1712929285
98.52 97.04 85.16 999583

1712929286
98.6 97.1 85.25 998008

1712929287
98.6 97.1 85.25 999639

1712929288
98.67 97.17 85.35 999749

1712929289
98.67 97.17 85.35 999905

1712929290
98.73 97.23 85.44 998663

1712929291
98.73 97.23 85.44 994855

1712929292
98.78 97.28 85.54 982895

1712929293
98.78 97.28 85.54 987391

1712929294
98.82 97.34 85.63 997965

1712929295
98.82 97.34 85.63 999736

1712929296
98.85 97.39 85.72 999759

1712929297
98.85 97.39 85.72 999956

1712929298
98.88 97.45 85.81 997640

1712929299
98.88 97.45 85.81 999551

1712929300
98.9 97.5 85.9 999768

1712929301
98.9 97.5 85.9 999917

1712929302
98.9 97.5 85.9 999288

1712929303
98.92 97.55 85.99 999737

1712929304
98.92 97.55 85.99 999888

1712929305
98.93 97.6 86.08 999760

1712929306
98.93 97.6 86.08 906135

1712929307
98.04 97.48 86.13 699634

1712929308
98.04 97.48 86.13 694567

1712929309
92.78 96.54 86.02 915634

1712929310
92.78 96.54 86.02 1003551

1712929311
93.36 96.53 86.09 961561

1712929312
93.36 96.53 86.09 989075

1712929313
94.2 96.58 86.17 999911

1712929314
94.2 96.58 86.17 999641

1712929315
95.07 96.65 86.25 955569

1712929316
95.07 96.65 86.25 999659

1712929317
95.42 96.67 86.33 964864

1712929318
95.42 96.67 86.33 992794

1712929319
95.7 96.68 86.4 987928

1712929320
95.7 96.68 86.4 999869

1712929321
96.3 96.75 86.49 961844

1712929322
96.3 96.75 86.49 1009823

1712929324
96.43 96.76 86.56 1946463

1712929325
96.71 96.8 86.64 1000629

1712929326
96.71 96.8 86.64 999636

1712929327
97.12 96.87 86.72 999820

1712929328
97.12 96.87 86.72 969820

1712929329
97.28 96.91 86.8 973664

1712929330
97.28 96.91 86.8 998622

1712929331
97.41 96.95 86.88 999861

1712929332
97.41 96.95 86.88 999771

1712929333
97.7 97.01 86.96 999807

1712929334
97.7 97.01 86.96 999792

1712929335
97.93 97.08 87.04 999815

1712929336
97.93 97.08 87.04 972689

1712929337
97.95 97.11 87.12 999497

1712929338
97.95 97.11 87.12 999964

1712929339
98.14 97.17 87.2 984425

1712929340
98.14 97.17 87.2 986659

1712929341
98.11 97.2 87.27 999794

1712929342
98.11 97.2 87.27 999742

1712929343
98.27 97.26 87.35 999839

1712929344
98.27 97.26 87.35 994323

1712929345
98.4 97.31 87.43 999606

1712929346
98.4 97.31 87.43 999845

1712929347
98.51 97.37 87.51 999801

1712929348
98.51 97.37 87.51 999853

1712929349
98.6 97.42 87.59 999677

1712929350
98.6 97.42 87.59 999819

1712929351
98.67 97.47 87.67 999756

1712929352
98.67 97.47 87.67 999875

1712929353
98.73 97.52 87.75 999869

1712929354
98.73 97.52 87.75 999686

1712929355
98.78 97.57 87.82 993642

1712929356
98.78 97.57 87.82 994024

1712929357
98.82 97.62 87.9 999712

1712929358
98.82 97.62 87.9 999721

1712929359
98.85 97.67 87.98 955356

1712929360
98.85 97.67 87.98 999834

1712929361
98.51 97.64 88.04 989054

1712929362
98.51 97.64 88.04 793146

1712929363
96.43 97.29 88.03 771274

1712929364
96.43 97.29 88.03 793934

1712929365
93.27 96.7 87.97 974251

1712929366
93.27 96.7 87.97 980245

1712929367
93.94 96.71 88.03 999727

1712929368
93.94 96.71 88.03 999986

1712929369
94.86 96.78 88.11 999824

1712929370
94.86 96.78 88.11 993977

1712929371
95.61 96.85 88.18 999727

1712929372
95.61 96.85 88.18 988545

1712929373
96.22 96.92 88.26 964406

1712929374
96.22 96.92 88.26 999972

1712929375
96.54 96.96 88.32 999624

1712929376
96.54 96.96 88.32 977218

1712929377
96.81 96.99 88.39 994741

1712929378
96.81 96.99 88.39 999795

1712929379
97.2 97.06 88.46 989657

1712929380
97.2 97.06 88.46 999797

1712929381
97.53 97.12 88.53 999804

1712929382
97.53 97.12 88.53 999821

1712929383
97.79 97.18 88.61 999782

1712929384
97.79 97.18 88.61 967067

1712929385
97.83 97.21 88.67 994105

1712929386
97.83 97.21 88.67 999866

1712929387
98.04 97.27 88.74 999479

1712929388
98.04 97.27 88.74 999946

1712929389
98.21 97.33 88.81 999696

1712929390
98.21 97.33 88.81 999896

1712929391
98.36 97.38 88.88 992554

1712929392
98.36 97.38 88.88 999872

1712929393
98.47 97.43 88.95 999645

1712929394
98.47 97.43 88.95 999867

1712929395
98.57 97.49 89.02 999740

1712929396
98.57 97.49 89.02 999782

1712929397
98.64 97.54 89.09 999765

1712929398
98.64 97.54 89.09 999879

1712929399
98.71 97.58 89.16 999835

1712929400
98.71 97.58 89.16 791073

1712929401
96.77 97.27 89.15 783468

1712929402
96.77 97.27 89.15 871617

1712929403
93.91 96.74 89.09 696078

1712929404
93.91 96.74 89.09 749006

1712929405
89.94 95.93 88.97 823177

1712929406
89.94 95.93 88.97 964428

1712929407
90.13 95.77 88.99 999229

1712929408
90.13 95.77 88.99 999947

1712929409
91.74 95.87 89.06 999608

1712929410
91.74 95.87 89.06 1000002

1712929411
93.05 95.97 89.13 892028

1712929412
93.05 95.97 89.13 816334

1712929413
91.23 95.55 89.08 842172

1712929414
91.23 95.55 89.08 866270

1712929415
90.64 95.3 89.08 992284

1712929416
90.64 95.3 89.08 999714

1712929417
92.16 95.42 89.14 915953

1712929418
92.16 95.42 89.14 963233

1712929419
92.31 95.34 89.17 999639

1712929420
92.31 95.34 89.17 986390

1712929421
93.52 95.46 89.24 997454

1712929422
93.52 95.46 89.24 984523

1712929423
94.51 95.58 89.3 999800

1712929424
94.51 95.58 89.3 999963

1712929425
95.32 95.69 89.37 999619

1712929426
95.32 95.69 89.37 999822

1712929427
95.99 95.8 89.44 999776

1712929428
95.99 95.8 89.44 999959

1712929429
96.53 95.9 89.5 999535

1712929430
96.53 95.9 89.5 999981

1712929431
96.98 96.01 89.57 998285

1712929432
96.98 96.01 89.57 977553

1712929433
97.16 96.07 89.62 990284

1712929434
97.16 96.07 89.62 999778

1712929435
97.5 96.17 89.69 999889

1712929436
97.5 96.17 89.69 999832

1712929437
97.77 96.26 89.75 985661

1712929438
97.77 96.26 89.75 999557

1712929439
97.99 96.35 89.82 999708

1712929440
97.99 96.35 89.82 999824

1712929441
98.17 96.44 89.88 999821

1712929442
98.17 96.44 89.88 999773

1712929443
98.32 96.52 89.94 999792

1712929444
98.32 96.52 89.94 999767

1712929445
98.44 96.6 90.0 890302

1712929446
98.44 96.6 90.0 1000225

1712929447
97.82 96.55 90.04 1000401

1712929448
97.82 96.55 90.04 998912

1712929449
98.03 96.63 90.1 999546

1712929450
98.03 96.63 90.1 997040

1712929451
98.21 96.71 90.16 990731

1712929452
98.21 96.71 90.16 837483

1712929453
96.18 96.39 90.14 653780

1712929454
96.18 96.39 90.14 833998

1712929455
92.88 95.79 90.06 917241

1712929456
92.88 95.79 90.06 928362

1712929457
92.72 95.66 90.07 999827

1712929458
92.72 95.66 90.07 999775

1712929459
93.86 95.77 90.13 912143

1712929460
93.86 95.77 90.13 1000225

1712929461
94.06 95.75 90.16 999202

1712929462
94.06 95.75 90.16 987858

1712929463
94.96 95.85 90.22 998485

1712929464
94.96 95.85 90.22 991776

1712929465
95.69 95.95 90.28 999634

1712929466
95.69 95.95 90.28 999757

1712929467
96.29 96.05 90.34 926543

1712929468
96.29 96.05 90.34 872821

1712929469
94.79 95.79 90.33 935635

1712929470
94.79 95.79 90.33 940710

1712929471
94.64 95.73 90.35 950991

1712929472
94.64 95.73 90.35 905202

1712929473
93.8 95.54 90.35 899054

1712929474
93.8 95.54 90.35 949878

1712929475
93.84 95.49 90.38 980668

1712929476
93.84 95.49 90.38 965498

1712929477
94.59 95.58 90.43 1000100

1712929478
94.59 95.58 90.43 999467

1712929479
95.39 95.69 90.49 999703

1712929480
95.39 95.69 90.49 999011

1712929481
96.04 95.8 90.55 999777

1712929482
96.04 95.8 90.55 999621

1712929483
96.58 95.9 90.6 999795

1712929484
96.58 95.9 90.6 991582

1712929485
97.02 96.0 90.66 999751

1712929486
97.02 96.0 90.66 999609

1712929487
97.37 96.1 90.72 999779

1712929488
97.37 96.1 90.72 999770

1712929489
97.67 96.2 90.77 1001918

1712929490
97.67 96.2 90.77 997737

1712929491
97.91 96.29 90.83 997558

1712929492
97.91 96.29 90.83 972482

1712929493
97.92 96.34 90.88 996363

1712929494
97.92 96.34 90.88 999832

1712929495
98.12 96.43 90.94 999940

1712929496
98.12 96.43 90.94 944515

1712929497
97.73 96.42 90.97 950666

1712929498
97.73 96.42 90.97 935391

1712929499
97.24 96.37 91.0 998855

1712929500
97.24 96.37 91.0 985591

1712929501
97.56 96.45 91.05 988150

1712929502
97.56 96.45 91.05 929868

1712929503
97.09 96.41 91.08 949893

1712929504
97.09 96.41 91.08 947149

1712929505
96.53 96.33 91.1 944174

1712929506
96.53 96.33 91.1 932013

1712929507
94.98 96.05 91.08 829653

1712929508
94.98 96.05 91.08 613973

1712929509
90.64 95.23 90.94 647063

1712929510
90.64 95.23 90.94 857322

1712929511
88.89 94.77 90.87 993031

1712929512
88.89 94.77 90.87 965719

1712929513
90.36 94.84 90.92 959796

1712929514
90.36 94.84 90.92 999670

1712929515
91.74 94.95 90.96 985428

1712929516
91.74 94.95 90.96 999823

1712929517
93.06 95.08 91.02 1003251

1712929518
93.06 95.08 91.02 996295

1712929519
94.13 95.21 91.07 994507

1712929520
94.13 95.21 91.07 999729

1712929521
95.01 95.33 91.13 999852

1712929522
95.01 95.33 91.13 877710

1712929523
94.65 95.25 91.14 987981

1712929524
94.65 95.25 91.14 991296

1712929525
95.25 95.34 91.19 997026

1712929526
95.25 95.34 91.19 997168

1712929527
95.93 95.46 91.24 974932

1712929528
95.93 95.46 91.24 992756

1712929529
95.94 95.48 91.27 937174

1712929530
95.94 95.48 91.27 956237

1712929531
95.95 95.5 91.31 997828

1712929532
95.95 95.5 91.31 1000082

1712929533
96.5 95.61 91.36 999451

1712929534
96.5 95.61 91.36 999803

1712929535
96.96 95.72 91.41 1003627

1712929536
96.96 95.72 91.41 995983

1712929537
97.33 95.83 91.46 999767

1712929538
97.33 95.83 91.46 999812

1712929539
97.63 95.93 91.52 995908

1712929540
97.63 95.93 91.52 997666

1712929541
97.88 96.04 91.57 993996

1712929542
97.88 96.04 91.57 999806

1712929543
98.08 96.13 91.62 999756

1712929544
98.08 96.13 91.62 999814

1712929545
98.25 96.23 91.67 1003609

1712929546
98.25 96.23 91.67 978950

1712929547
98.02 96.25 91.71 972977

1712929548
98.02 96.25 91.71 999849

1712929549
98.2 96.34 91.76 999735

1712929550
98.2 96.34 91.76 1000061

1712929551
98.34 96.43 91.81 999571

1712929552
98.34 96.43 91.81 999796

1712929553
98.46 96.51 91.86 985540

1712929554
98.46 96.51 91.86 963075

1712929555
98.19 96.53 91.89 999758

1712929556
98.19 96.53 91.89 999766

1712929557
98.34 96.61 91.94 999930

1712929558
98.34 96.61 91.94 999808

1712929559
98.46 96.69 91.99 999780

1712929560
98.46 96.69 91.99 999779

1712929561
98.56 96.76 92.04 999637

1712929562
98.56 96.76 92.04 999762

1712929563
98.45 96.8 92.08 869040

1712929564
98.45 96.8 92.08 746780

1712929565
93.48 95.96 91.93 640618

1712929566
93.48 95.96 91.93 954279

1712929567
93.03 95.8 91.93 974296

1712929568
93.03 95.8 91.93 1001990

1712929569
93.93 95.87 91.97 997554

1712929570
93.93 95.87 91.97 999805

1712929571
94.85 95.97 92.02 999911

1712929572
94.85 95.97 92.02 999640

1712929573
95.6 96.07 92.06 1002150

1712929574
95.6 96.07 92.06 997427

1712929575
96.21 96.17 92.11 999788

1712929576
96.21 96.17 92.11 999768

1712929577
96.72 96.26 92.16 999817

1712929578
96.72 96.26 92.16 999837

1712929579
97.13 96.35 92.21 999792

1712929580
97.13 96.35 92.21 999764

1712929581
97.47 96.44 92.25 999793

1712929582
97.47 96.44 92.25 999817

1712929583
97.75 96.52 92.3 999771

1712929584
97.75 96.52 92.3 999795

1712929585
97.97 96.6 92.34 999778

1712929586
97.97 96.6 92.34 1002403

1712929587
98.16 96.68 92.39 997213

1712929588
98.16 96.68 92.39 999772

1712929589
98.31 96.76 92.44 986923

1712929590
98.31 96.76 92.44 999750

1712929591
98.43 96.83 92.48 999886

1712929592
98.43 96.83 92.48 999736

1712929593
98.54 96.9 92.53 999761

1712929594
98.54 96.9 92.53 999830

1712929595
98.62 96.97 92.57 999770

1712929596
98.62 96.97 92.57 999822

1712929597
98.69 97.04 92.61 999796

1712929598
98.69 97.04 92.61 999776

1712929599
98.74 97.1 92.66 999779

1712929600
98.74 97.1 92.66 1001889

1712929601
98.79 97.16 92.7 997707

1712929602
98.79 97.16 92.7 999767

1712929603
98.83 97.22 92.75 999945

1712929604
98.83 97.22 92.75 999633

1712929605
98.86 97.28 92.79 1002227

1712929606
98.86 97.28 92.79 997300

1712929607
98.88 97.34 92.83 999769

1712929608
98.88 97.34 92.83 999801

1712929609
98.9 97.39 92.87 999816

1712929610
98.9 97.39 92.87 1001868

1712929611
98.92 97.44 92.91 997634

1712929612
98.92 97.44 92.91 999737

1712929613
98.93 97.49 92.96 999843

1712929614
98.93 97.49 92.96 999804

1712929615
98.95 97.54 93.0 999764

1712929616
98.95 97.54 93.0 999093

1712929617
98.95 97.59 93.04 999794

1712929618
98.95 97.59 93.04 995356

1712929619
97.87 97.44 93.04 762086

1712929620
97.87 97.44 93.04 637096

1712929621
91.74 96.35 92.84 730810

1712929622
91.74 96.35 92.84 953326

1712929623
92.33 96.3 92.86 979005

1712929624
92.33 96.3 92.86 1000893

1712929625
93.54 96.39 92.9 998662

1712929626
93.54 96.39 92.9 1000025

1712929627
94.52 96.48 92.94 999491

1712929628
94.52 96.48 92.94 999836

1712929629
95.33 96.56 92.98 1003703

1712929630
95.33 96.56 92.98 995779

1712929631
96.0 96.64 93.02 996471

1712929632
96.0 96.64 93.02 989515

1712929633
96.54 96.72 93.06 999849

1712929634
96.54 96.72 93.06 999847

1712929635
96.99 96.79 93.1 999531

1712929636
96.99 96.79 93.1 998452

1712929637
97.35 96.86 93.14 992118

1712929638
97.35 96.86 93.14 999950

1712929639
97.65 96.93 93.18 999596

1712929640
97.65 96.93 93.18 997843

1712929641
97.89 97.0 93.22 999795

1712929642
97.89 97.0 93.22 991348

1712929643
97.91 97.03 93.26 987688

1712929644
97.91 97.03 93.26 999786

1712929645
98.11 97.1 93.3 999891

1712929646
98.11 97.1 93.3 997885

1712929647
98.27 97.16 93.34 996753

1712929648
98.27 97.16 93.34 999803

1712929649
98.4 97.22 93.38 999644

1712929650
98.4 97.22 93.38 999723

1712929651
98.51 97.28 93.41 999686

1712929652
98.51 97.28 93.41 991787

1712929653
98.6 97.33 93.45 999495

1712929654
98.6 97.33 93.45 606690

1712929655
93.6 96.47 93.3 756834

1712929656
93.6 96.47 93.3 826214

1712929657
92.58 96.2 93.26 999731

1712929658
92.58 96.2 93.26 953145

1712929659
93.38 96.22 93.29 999726

1712929660
93.38 96.22 93.29 999774

1712929661
94.4 96.31 93.33 999756

1712929662
94.4 96.31 93.33 984028

1712929663
94.69 96.3 93.35 930897

1712929664
94.69 96.3 93.35 999793

1712929665
95.47 96.39 93.38 999676

1712929666
95.47 96.39 93.38 999849

1712929667
96.11 96.48 93.42 999791

1712929668
96.11 96.48 93.42 999733

1712929669
96.63 96.56 93.46 999862

1712929670
96.63 96.56 93.46 999747

1712929671
97.06 96.64 93.5 999786

1712929672
97.06 96.64 93.5 999807

1712929673
97.41 96.72 93.54 999685

1712929674
97.41 96.72 93.54 997972

1712929675
97.7 96.79 93.58 999812

1712929676
97.7 96.79 93.58 999976

1712929677
97.93 96.86 93.61 987657

1712929678
97.93 96.86 93.61 990353

1712929679
97.94 96.9 93.64 988905

1712929680
97.94 96.9 93.64 999773

1712929681
98.14 96.97 93.68 999652

1712929682
98.14 96.97 93.68 995382

1712929683
98.11 97.0 93.71 969802

1712929684
98.11 97.0 93.71 999585

1712929685
98.27 97.07 93.75 999755

1712929686
98.27 97.07 93.75 991996

1712929687
98.4 97.13 93.78 999689

1712929688
98.4 97.13 93.78 999799

1712929689
98.51 97.19 93.82 1002034

1712929690
98.51 97.19 93.82 958022

1712929691
98.42 97.22 93.85 999778

1712929692
98.42 97.22 93.85 999939

1712929693
98.52 97.28 93.88 989732

1712929694
98.52 97.28 93.88 999775

1712929695
98.61 97.33 93.92 999810

1712929696
98.61 97.33 93.92 1001816

1712929697
98.68 97.39 93.95 997705

1712929698
98.68 97.39 93.95 999939

1712929699
98.74 97.44 93.99 999761

1712929700
98.74 97.44 93.99 999669

1712929701
98.78 97.49 94.02 1002286

1712929702
98.78 97.49 94.02 939773

1712929703
96.47 97.12 93.97 733754

1712929704
96.47 97.12 93.97 630793

1712929705
92.58 96.39 93.84 951145

1712929706
92.58 96.39 93.84 1000037

1712929707
93.38 96.41 93.86 953652

1712929708
93.38 96.41 93.86 999770

1712929709
94.39 96.5 93.89 999808

1712929710
94.39 96.5 93.89 999787

1712929711
95.23 96.58 93.93 1002423

1712929712
95.23 96.58 93.93 997104

1712929713
95.91 96.66 93.96 989808

1712929714
95.91 96.66 93.96 999778

1712929715
96.47 96.73 94.0 999830

1712929716
96.47 96.73 94.0 999748

1712929717
96.93 96.81 94.03 999792

1712929718
96.93 96.81 94.03 999777

1712929719
97.3 96.88 94.07 999942

1712929720
97.3 96.88 94.07 998657

1712929721
97.61 96.95 94.1 987543

1712929722
97.61 96.95 94.1 985901

1712929723
97.86 97.02 94.13 999804

1712929724
97.86 97.02 94.13 999877

1712929725
98.07 97.08 94.17 999788

1712929726
98.07 97.08 94.17 986788

1712929727
98.23 97.14 94.2 999773

1712929728
98.23 97.14 94.2 999894

1712929729
98.37 97.21 94.23 999734

1712929730
98.37 97.21 94.23 979377

1712929731
98.3 97.23 94.26 981745

1712929732
98.3 97.23 94.26 999789

1712929733
98.43 97.29 94.29 999789

1712929734
98.43 97.29 94.29 999812

1712929735
98.53 97.35 94.33 999553

1712929736
98.53 97.35 94.33 999873

1712929737
98.62 97.4 94.36 999803

1712929738
98.62 97.4 94.36 999797

1712929739
98.68 97.45 94.39 999918

1712929740
98.68 97.45 94.39 999722

1712929741
98.74 97.5 94.42 999951

1712929742
98.74 97.5 94.42 999380

1712929743
98.79 97.55 94.45 999889

1712929744
98.79 97.55 94.45 999899

1712929745
98.83 97.6 94.48 999779

1712929746
98.83 97.6 94.48 999875

1712929747
98.86 97.64 94.52 999712

1712929748
98.86 97.64 94.52 999532

1712929749
98.88 97.69 94.55 995407

1712929750
98.88 97.69 94.55 999924

1712929751
98.9 97.73 94.58 999716

1712929752
98.9 97.73 94.58 999886

1712929753
98.92 97.77 94.61 999832

1712929754
98.92 97.77 94.61 999628

1712929755
98.93 97.81 94.64 999714

1712929756
98.93 97.81 94.64 990866

1712929757
98.94 97.85 94.67 999829

1712929758
98.94 97.85 94.67 792055

1712929759
93.7 96.94 94.5 602167

1712929760
93.7 96.94 94.5 671677

1712929761
91.22 96.39 94.4 946872

1712929762
91.22 96.39 94.4 931021

1712929763
91.18 96.21 94.38 883778

1712929764
91.18 96.21 94.38 956569

1712929765
91.69 96.14 94.37 964997

1712929766
91.69 96.14 94.37 999650

1712929767
93.01 96.23 94.4 999928

1712929768
93.01 96.23 94.4 997947

1712929769
94.1 96.32 94.44 999929

1712929770
94.1 96.32 94.44 999687

1712929771
94.98 96.41 94.47 999748

1712929772
94.98 96.41 94.47 995649

1712929773
95.71 96.49 94.5 988868

1712929774
95.71 96.49 94.5 999801

1712929775
96.31 96.58 94.53 999648

1712929776
96.31 96.58 94.53 999889

1712929777
96.79 96.66 94.56 999741

1712929778
96.79 96.66 94.56 999973

1712929779
97.19 96.73 94.59 1000391

1712929780
97.19 96.73 94.59 960625

1712929781
97.34 96.77 94.61 999621

1712929782
97.34 96.77 94.61 992592

1712929783
97.64 96.85 94.64 999806

1712929784
97.64 96.85 94.64 991266

1712929785
97.7 96.88 94.67 972117

1712929786
97.7 96.88 94.67 995837

1712929787
97.94 96.95 94.7 999994

1712929788
97.94 96.95 94.7 999236

1712929789
98.13 97.02 94.73 1004667

1712929790
98.13 97.02 94.73 988647

1712929791
98.1 97.05 94.75 986290

1712929792
98.1 97.05 94.75 988782

1712929793
98.08 97.08 94.77 981201

1712929794
98.08 97.08 94.77 992763

1712929795
98.25 97.15 94.8 999760

1712929796
98.25 97.15 94.8 999597

1712929797
98.02 97.14 94.82 953521

1712929798
98.02 97.14 94.82 913882

1712929799
97.47 97.07 94.82 992002

1712929800
97.47 97.07 94.82 956446

1712929801
97.21 97.04 94.83 963883

1712929802
97.21 97.04 94.83 982308

1712929803
97.21 97.04 94.83 975015

1712929804
97.17 97.03 94.84 999822

1712929805
97.17 97.03 94.84 989906

1712929806
97.5 97.1 94.87 999623

1712929807
97.5 97.1 94.87 993095

1712929808
97.77 97.16 94.9 999794

1712929809
97.77 97.16 94.9 999945

1712929810
97.99 97.22 94.93 1000148

1712929811
97.99 97.22 94.93 999280

1712929812
98.17 97.28 94.95 987786

1712929813
98.17 97.28 94.95 1009238

1712929814
98.14 97.3 94.98 751502

1712929816
92.32 96.28 94.78 1252512

1712929817
92.32 96.28 94.78 982471

1712929818
90.63 95.84 94.7 969862

1712929819
90.63 95.84 94.7 990632

1712929820
91.96 95.91 94.72 999673

1712929821
91.96 95.91 94.72 975007

1712929822
93.06 95.98 94.74 999444

1712929823
93.06 95.98 94.74 999982

1712929824
94.13 96.08 94.77 999844

1712929825
94.13 96.08 94.77 999896

1712929826
95.01 96.18 94.8 994775

1712929827
95.01 96.18 94.8 999738

1712929828
95.74 96.27 94.83 999970

1712929829
95.74 96.27 94.83 999805

1712929830
96.33 96.36 94.86 999568

1712929831
96.33 96.36 94.86 978145

1712929832
96.63 96.41 94.88 997605

1712929833
96.63 96.41 94.88 999654

1712929834
97.06 96.5 94.91 999634

1712929835
97.06 96.5 94.91 999973

1712929836
97.41 96.58 94.94 999756

1712929837
97.41 96.58 94.94 999810

1712929838
97.7 96.66 94.96 999746

1712929839
97.7 96.66 94.96 999784

1712929840
97.93 96.74 94.99 999948

1712929841
97.93 96.74 94.99 999664

1712929842
98.12 96.81 95.02 999816

1712929843
98.12 96.81 95.02 999907

1712929844
98.28 96.88 95.05 999607

1712929845
98.28 96.88 95.05 999800

1712929846
98.41 96.95 95.07 999822

1712929847
98.41 96.95 95.07 999781

1712929848
98.52 97.02 95.1 999770

1712929849
98.52 97.02 95.1 999751

1712929850
98.6 97.08 95.13 999782

1712929851
98.6 97.08 95.13 1000009

1712929852
98.68 97.15 95.16 999504

1712929853
98.68 97.15 95.16 999874

1712929854
98.73 97.21 95.18 986088

1712929855
98.73 97.21 95.18 999754

1712929856
98.78 97.26 95.21 999839

1712929857
98.78 97.26 95.21 978077

1712929858
98.64 97.29 95.23 996839

1712929859
98.64 97.29 95.23 999866

1712929860
98.7 97.34 95.25 999460

1712929861
98.7 97.34 95.25 990875

1712929862
98.76 97.4 95.28 1002158

1712929863
98.76 97.4 95.28 997469

1712929864
98.8 97.45 95.31 999636

1712929865
98.8 97.45 95.31 999874

1712929866
98.84 97.5 95.33 999013

1712929867
98.84 97.5 95.33 998347

1712929868
98.87 97.55 95.36 999632

1712929869
98.87 97.55 95.36 914909

1712929870
97.98 97.43 95.35 720169

1712929871
97.98 97.43 95.35 598068

1712929872
91.83 96.34 95.13 859747

1712929873
91.83 96.34 95.13 999973

1712929874
92.4 96.3 95.13 946672

1712929875
92.4 96.3 95.13 984015

1712929876
93.23 96.32 95.14 992747

1712929877
93.23 96.32 95.14 898931

1712929878
93.37 96.24 95.14 975877

1712929879
93.37 96.24 95.14 999874

1712929880
94.21 96.3 95.16 972266

1712929881
94.21 96.3 95.16 999631

1712929882
95.08 96.39 95.18 999906

1712929883
95.08 96.39 95.18 978955

1712929884
95.6 96.44 95.2 989700

1712929885
95.6 96.44 95.2 977227

1712929886
96.04 96.49 95.22 997922

1712929887
96.04 96.49 95.22 999824

1712929888
96.57 96.57 95.25 999757

1712929889
96.57 96.57 95.25 999788

1712929890
97.01 96.65 95.27 999761

1712929891
97.01 96.65 95.27 999810

1712929892
97.37 96.73 95.3 989297

1712929893
97.37 96.73 95.3 982933

1712929894
97.67 96.81 95.32 999773

1712929895
97.67 96.81 95.32 999816

1712929896
97.91 96.88 95.35 999799

1712929897
97.91 96.88 95.35 999888

1712929898
98.1 96.95 95.37 958105

1712929899
98.1 96.95 95.37 985557

1712929900
97.9 96.95 95.39 1000566

1712929901
97.9 96.95 95.39 999046

1712929902
98.1 97.02 95.41 985408

1712929903
98.1 97.02 95.41 983977

1712929904
98.08 97.05 95.43 994612

1712929905
98.08 97.05 95.43 999781

1712929906
98.25 97.11 95.45 998076

1712929907
98.25 97.11 95.45 705642

1712929908
94.94 96.55 95.35 639999

1712929909
94.94 96.55 95.35 664210

1712929910
90.24 95.65 95.17 999944

1712929911
90.24 95.65 95.17 963776

1712929912
91.65 95.73 95.19 962550

1712929913
91.65 95.73 95.19 995964

1712929914
92.61 95.77 95.2 999871

1712929915
92.61 95.77 95.2 924465

1712929916
93.23 95.78 95.21 999813

1712929917
93.23 95.78 95.21 999777

1712929918
94.27 95.88 95.23 999689

1712929919
94.27 95.88 95.23 999911

1712929920
95.13 95.98 95.26 999763

1712929921
95.13 95.98 95.26 994089

1712929922
95.83 96.08 95.28 999924

1712929923
95.83 96.08 95.28 999774

1712929924
96.4 96.18 95.31 999794

1712929925
96.4 96.18 95.31 971611

1712929926
96.69 96.24 95.33 999807

1712929927
96.69 96.24 95.33 999896

1712929928
97.11 96.33 95.35 999745

1712929929
97.11 96.33 95.35 1000931

1712929930
97.45 96.42 95.38 998638

1712929931
97.45 96.42 95.38 999858

1712929932
97.73 96.5 95.4 999626

1712929933
97.73 96.5 95.4 999815

1712929934
97.96 96.58 95.43 1003636

1712929935
97.96 96.58 95.43 995907

1712929936
98.15 96.66 95.45 999830

1712929937
98.15 96.66 95.45 999877

1712929938
98.3 96.74 95.48 974837

1712929939
98.3 96.74 95.48 999792

1712929940
98.25 96.78 95.49 999965

1712929941
98.25 96.78 95.49 976331

1712929942
98.2 96.82 95.51 999647

1712929943
98.2 96.82 95.51 999920

1712929944
98.34 96.89 95.54 993687

1712929945
98.34 96.89 95.54 999831

1712929946
98.46 96.96 95.56 999752

1712929947
98.46 96.96 95.56 988195

1712929948
98.56 97.03 95.58 999755

1712929949
98.56 97.03 95.58 999791

1712929950
98.64 97.09 95.61 999841

1712929951
98.64 97.09 95.61 996880

1712929952
98.7 97.15 95.63 999898

1712929953
98.7 97.15 95.63 999592

1712929954
98.76 97.21 95.65 999978

1712929955
98.76 97.21 95.65 987610

1712929956
98.8 97.27 95.68 999847

1712929957
98.8 97.27 95.68 981974

1712929958
97.57 97.1 95.65 626003

1712929959
97.57 97.1 95.65 674874

1712929960
91.67 96.05 95.44 812845

1712929961
91.67 96.05 95.44 991434

1712929962
92.45 96.05 95.45 949068

1712929963
92.45 96.05 95.45 999661

1712929964
93.27 96.08 95.46 985700

1712929965
93.27 96.08 95.46 999793

1712929966
94.31 96.17 95.48 999979

1712929967
94.31 96.17 95.48 999780

1712929968
95.16 96.27 95.5 999661

1712929969
95.16 96.27 95.5 999804

1712929970
95.85 96.36 95.53 972202

1712929971
95.85 96.36 95.53 999842

1712929972
96.24 96.41 95.55 968697

1712929973
96.24 96.41 95.55 999799

1712929974
96.56 96.46 95.56 998782

1712929975
96.56 96.46 95.56 988937

1712929976
97.0 96.54 95.59 995794

1712929977
97.0 96.54 95.59 962947

1712929978
97.0 96.56 95.6 982071

1712929979
97.0 96.56 95.6 987815

1712929980
97.36 96.64 95.62 999812

1712929981
97.36 96.64 95.62 999968

1712929982
97.66 96.72 95.64 999739

1712929983
97.66 96.72 95.64 999775

1712929984
97.9 96.79 95.67 999723

1712929985
97.9 96.79 95.67 999690

1712929986
98.1 96.86 95.69 997509

1712929987
98.1 96.86 95.69 967460

1712929988
97.9 96.87 95.7 961029

1712929989
97.9 96.87 95.7 999723

1712929990
97.73 96.87 95.71 872226

1712929991
97.73 96.87 95.71 999765

1712929992
97.06 96.78 95.7 988149

1712929993
97.06 96.78 95.7 999937

1712929994
97.41 96.85 95.72 999569

1712929995
97.41 96.85 95.72 945896

1712929996
97.15 96.82 95.72 925513

1712929997
97.15 96.82 95.72 987801

1712929998
96.76 96.76 95.72 982232

1712929999
96.76 96.76 95.72 987060

1712930000
97.17 96.84 95.74 975490

1712930001
97.17 96.84 95.74 997088

1712930002
97.32 96.87 95.75 995290

1712930003
97.32 96.87 95.75 991452

1712930004
97.62 96.94 95.78 999652

1712930005
97.62 96.94 95.78 983014

1712930006
97.69 96.98 95.79 958408

1712930007
97.69 96.98 95.79 978261

1712930008
97.56 96.98 95.8 982612

1712930009
97.56 96.98 95.8 993963

1712930010
97.28 96.95 95.8 927220

1712930011
97.28 96.95 95.8 949497

1712930012
96.86 96.88 95.8 968212

1712930013
96.86 96.88 95.8 909634

1712930014
94.71 96.49 95.72 547508

1712930015
94.71 96.49 95.72 525271

1712930016
86.97 95.04 95.42 695363

1712930017
86.97 95.04 95.42 999789

1712930018
88.07 94.97 95.41 942686

1712930019
88.07 94.97 95.41 999967

1712930020
89.86 95.07 95.42 999667

1712930021
89.86 95.07 95.42 990876

1712930022
91.52 95.2 95.45 999686

1712930023
91.52 95.2 95.45 974072

1712930024
92.69 95.29 95.47 999895

1712930025
92.69 95.29 95.47 998188

1712930026
93.83 95.41 95.49 974048

1712930027
93.83 95.41 95.49 999525

1712930028
94.59 95.5 95.51 991376

1712930029
94.59 95.5 95.51 986423

1712930030
95.21 95.58 95.52 985225

1712930031
95.21 95.58 95.52 999724

1712930032
95.89 95.69 95.55 991156

1712930033
95.89 95.69 95.55 985288

1712930034
96.27 95.77 95.57 993015

1712930035
96.27 95.77 95.57 994245

1712930036
96.77 95.87 95.59 968780

1712930037
96.77 95.87 95.59 954107

1712930038
96.63 95.88 95.59 981917

1712930039
96.63 95.88 95.59 999713

1712930040
97.06 95.98 95.62 999738

1712930041
97.06 95.98 95.62 995368

1712930042
97.41 96.08 95.64 987857

1712930043
97.41 96.08 95.64 999716

1712930044
97.7 96.17 95.66 996868

1712930045
97.7 96.17 95.66 984259

1712930046
97.57 96.2 95.67 959160

1712930047
97.57 96.2 95.67 974275

1712930048
97.65 96.26 95.69 999837

1712930049
97.65 96.26 95.69 999729

1712930050
97.89 96.35 95.71 999782

1712930051
97.89 96.35 95.71 999834

1712930052
98.09 96.44 95.73 999869

1712930053
98.09 96.44 95.73 987573

1712930054
98.07 96.49 95.75 967939

1712930055
98.07 96.49 95.75 992374

1712930056
98.06 96.54 95.76 997109

1712930057
98.06 96.54 95.76 936374

1712930058
97.5 96.49 95.76 985884

1712930059
97.5 96.49 95.76 990945

1712930060
97.77 96.57 95.78 999610

1712930061
97.77 96.57 95.78 983788

1712930062
97.81 96.62 95.8 990743

1712930063
97.81 96.62 95.8 993954

1712930064
98.03 96.69 95.82 999671

1712930065
98.03 96.69 95.82 960653

1712930066
98.02 96.74 95.83 999963

1712930067
98.02 96.74 95.83 977280

1712930068
98.02 96.78 95.85 989743

1712930069
98.02 96.78 95.85 849373

1712930071
95.3 96.33 95.76 1225422

1712930072
90.35 95.4 95.57 924972

1712930073
90.35 95.4 95.57 931858

1712930074
90.65 95.29 95.55 924698

1712930075
90.65 95.29 95.55 993436

1712930076
91.8 95.34 95.56 999675

1712930077
91.8 95.34 95.56 974895

1712930078
92.74 95.4 95.57 972115

1712930079
92.74 95.4 95.57 992211

1712930080
93.87 95.52 95.59 999977

1712930081
93.87 95.52 95.59 999579

1712930082
94.8 95.63 95.61 999800

1712930083
94.8 95.63 95.61 993965

1712930084
95.38 95.71 95.63 978449

1712930085
95.38 95.71 95.63 999760

1712930086
96.04 95.82 95.65 999819

1712930087
96.04 95.82 95.65 999730

1712930088
96.57 95.92 95.68 977882

1712930089
96.57 95.92 95.68 1000019

1712930090
97.01 96.02 95.7 999703

1712930091
97.01 96.02 95.7 975719

1712930092
97.01 96.05 95.71 900501

1712930093
97.01 96.05 95.71 993446

1712930094
96.28 95.95 95.69 954642

1712930095
96.28 95.95 95.69 999613

1712930096
96.77 96.05 95.71 978928

1712930097
96.77 96.05 95.71 922009

1712930098
96.27 95.99 95.7 950354

1712930099
96.27 95.99 95.7 999729

1712930100
96.58 96.05 95.72 965900

1712930101
96.58 96.05 95.72 968793

1712930102
96.48 96.05 95.72 963034

1712930103
96.48 96.05 95.72 862532

1712930104
95.48 95.88 95.69 999008

1712930105
95.48 95.88 95.69 959680

1712930106
95.76 95.92 95.7 992619

1712930107
95.76 95.92 95.7 988761

1712930108
96.16 95.99 95.71 982818

1712930109
96.16 95.99 95.71 799299

1712930110
94.32 95.66 95.64 892371

1712930111
94.32 95.66 95.64 988569

1712930112
94.26 95.61 95.63 931292

1712930113
94.26 95.61 95.63 991522

1712930114
94.94 95.69 95.65 991231

1712930115
94.94 95.69 95.65 865326

1712930116
93.86 95.47 95.6 923159

1712930117
93.86 95.47 95.6 939442

1712930118
93.89 95.42 95.59 939065

1712930119
93.89 95.42 95.59 931830

1712930120
93.72 95.34 95.57 918305

1712930121
93.72 95.34 95.57 977926

1712930122
93.77 95.29 95.56 932133

1712930123
93.77 95.29 95.56 974111

1712930124
94.54 95.38 95.58 998227

1712930126
89.37 94.42 95.38 1164748

1712930127
89.37 94.42 95.38 617636

1712930128
86.4 93.72 95.22 988358

1712930129
86.4 93.72 95.22 909979

1712930130
87.78 93.73 95.22 982965

1712930131
87.78 93.73 95.22 988664

1712930132
89.45 93.84 95.23 941402

1712930133
89.45 93.84 95.23 992933

1712930134
91.0 93.97 95.25 999688

1712930135
91.0 93.97 95.25 998887

1712930136
92.45 94.14 95.27 999808

1712930137
92.45 94.14 95.27 988223

1712930138
93.63 94.3 95.3 998196

1712930139
93.63 94.3 95.3 991148

1712930140
94.6 94.45 95.32 999927

1712930141
94.6 94.45 95.32 999762

1712930142
95.4 94.6 95.35 978476

1712930143
95.4 94.6 95.35 996614

1712930144
95.69 94.68 95.36 953246

1712930145
95.69 94.68 95.36 940181

1712930146
95.74 94.72 95.37 991517

1712930147
95.74 94.72 95.37 989629

1712930148
94.7 94.57 95.33 744048

1712930149
94.7 94.57 95.33 724558

1712930150
90.41 93.79 95.16 749583

1712930151
90.41 93.79 95.16 968801

1712930152
91.42 93.87 95.17 999735

1712930153
91.42 93.87 95.17 995382

1712930154
92.79 94.04 95.19 988361

1712930155
92.79 94.04 95.19 984251

1712930156
93.74 94.16 95.21 965989

1712930157
93.74 94.16 95.21 966350

1712930158
94.14 94.22 95.22 1000068

1712930159
94.14 94.22 95.22 999739

1712930160
95.02 94.38 95.25 999688

1712930161
95.02 94.38 95.25 999765

1712930162
95.74 94.53 95.27 981883

1712930163
95.74 94.53 95.27 969760

1712930164
95.61 94.55 95.27 923998

1712930165
95.61 94.55 95.27 958468

1712930166
95.68 94.6 95.27 999764

1712930167
95.68 94.6 95.27 994287

1712930168
96.28 94.74 95.3 992754

1712930169
96.28 94.74 95.3 987028

1712930170
96.77 94.88 95.33 999671

1712930171
96.77 94.88 95.33 978331

1712930172
96.99 94.98 95.34 999773

1712930173
96.99 94.98 95.34 999887

1712930174
97.36 95.11 95.37 999795

1712930175
97.36 95.11 95.37 1000100

1712930176
97.65 95.24 95.39 988480

1712930177
97.65 95.24 95.39 999535

1712930178
97.9 95.36 95.42 999748

1712930179
97.9 95.36 95.42 999764

1712930180
98.1 95.48 95.44 986518

1712930181
98.1 95.48 95.44 972520

1712930182
98.08 95.56 95.46 987901

1712930183
98.08 95.56 95.46 999874

1712930184
97.88 95.61 95.47 968552

1712930185
97.88 95.61 95.47 1000457

1712930186
98.08 95.72 95.5 996003

1712930187
98.08 95.72 95.5 999629

1712930188
98.25 95.83 95.52 999767

1712930189
98.25 95.83 95.52 999783

1712930190
98.38 95.93 95.54 986887

1712930191
98.38 95.93 95.54 998518

1712930192
98.49 96.03 95.57 999820

1712930193
98.49 96.03 95.57 996410

1712930194
98.59 96.13 95.59 999770

1712930195
98.59 96.13 95.59 887912

1712930196
96.3 95.8 95.53 843770

1712930197
96.3 95.8 95.53 806967

1712930198
93.17 95.25 95.41 795719

1712930199
93.17 95.25 95.41 999823

1712930200
94.22 95.37 95.44 988023

1712930201
94.22 95.37 95.44 996433

1712930202
95.09 95.49 95.46 999789

1712930203
95.09 95.49 95.46 999819

1712930204
95.8 95.61 95.49 999714

1712930205
95.8 95.61 95.49 1000757

1712930206
96.38 95.72 95.51 995895

1712930207
96.38 95.72 95.51 999791

1712930208
96.85 95.82 95.54 999744

1712930209
96.85 95.82 95.54 999839

1712930210
97.24 95.93 95.56 996902

1712930211
97.24 95.93 95.56 999740

1712930212
97.56 96.03 95.58 999809

1712930213
97.56 96.03 95.58 999832

1712930214
97.82 96.13 95.61 993738

1712930215
97.82 96.13 95.61 999809

1712930216
98.03 96.22 95.63 999818

1712930217
98.03 96.22 95.63 999946

1712930218
98.21 96.31 95.65 999585

1712930219
98.21 96.31 95.65 999774

1712930220
97.99 96.33 95.66 942945

1712930221
97.99 96.33 95.66 999752

1712930222
98.17 96.42 95.69 999794

1712930223
98.17 96.42 95.69 999837

1712930224
98.32 96.51 95.71 999754

1712930225
98.32 96.51 95.71 999838

1712930226
97.9 96.49 95.71 935762

1712930227
97.9 96.49 95.71 1000616

1712930228
98.1 96.57 95.73 998703

1712930229
98.1 96.57 95.73 999851

1712930230
98.26 96.65 95.76 999762

1712930231
98.26 96.65 95.76 999797

1712930232
98.39 96.73 95.78 999797

1712930233
98.39 96.73 95.78 999782

1712930234
98.5 96.8 95.8 999821

1712930235
98.5 96.8 95.8 999871

1712930236
98.59 96.87 95.82 999676

1712930237
98.59 96.87 95.82 999787

1712930238
98.67 96.94 95.84 1000538

1712930239
98.67 96.94 95.84 999213

1712930240
98.73 97.01 95.87 999612

1712930241
98.73 97.01 95.87 999808

1712930242
98.77 97.08 95.89 1000118

1712930243
98.77 97.08 95.89 1002330

1712930244
98.81 97.14 95.91 996913

1712930245
98.81 97.14 95.91 952316

1712930246
98.48 97.13 95.92 999827

1712930247
98.48 97.13 95.92 984856

1712930248
98.58 97.19 95.94 1001923

1712930249
98.58 97.19 95.94 997565

1712930250
98.65 97.25 95.96 983862

1712930251
98.65 97.25 95.96 896663

1712930252
95.45 96.72 95.86 723647

1712930253
95.45 96.72 95.86 568049

1712930254
91.2 95.91 95.69 884366

1712930255
91.2 95.91 95.69 997340

1712930256
92.07 95.91 95.7 935189

1712930257
92.07 95.91 95.7 999563

1712930258
93.33 96.02 95.72 999872

1712930259
93.33 96.02 95.72 999736

1712930260
94.35 96.11 95.74 1000034

1712930261
94.35 96.11 95.74 999606

1712930262
95.19 96.21 95.76 992736

1712930263
95.19 96.21 95.76 999719

1712930264
95.88 96.3 95.79 999736

1712930265
95.88 96.3 95.79 999936

1712930266
96.45 96.39 95.81 999840

1712930267
96.45 96.39 95.81 999591

1712930268
96.91 96.47 95.83 1000011

1712930269
96.91 96.47 95.83 999632

1712930270
97.29 96.56 95.85 999751

1712930271
97.29 96.56 95.85 999962

1712930272
97.6 96.64 95.87 999720

1712930273
97.6 96.64 95.87 999708

1712930274
97.85 96.71 95.9 999957

1712930275
97.85 96.71 95.9 999662

1712930276
98.06 96.79 95.92 999808

1712930277
98.06 96.79 95.92 936725

1712930278
97.68 96.76 95.92 999807

1712930279
97.68 96.76 95.92 999830

1712930280
97.92 96.84 95.94 999783

1712930281
97.92 96.84 95.94 999947

1712930282
98.12 96.91 95.96 999642

1712930283
98.12 96.91 95.96 999924

1712930284
98.28 96.97 95.98 999634

1712930285
98.28 96.97 95.98 999795

1712930286
98.41 97.04 96.0 997958

1712930287
98.41 97.04 96.0 999918

1712930288
98.51 97.1 96.02 999652

1712930289
98.51 97.1 96.02 999719

1712930290
98.6 97.17 96.04 986095

1712930291
98.6 97.17 96.04 999929

1712930292
98.13 97.13 96.04 937580

1712930293
98.13 97.13 96.04 974529

1712930294
97.56 97.06 96.04 936402

1712930295
97.56 97.06 96.04 995549

1712930296
97.82 97.12 96.06 988341

1712930297
97.82 97.12 96.06 986398

1712930298
97.85 97.15 96.07 973393

1712930299
97.85 97.15 96.07 1000046

1712930300
97.88 97.18 96.08 967449

1712930301
97.88 97.18 96.08 975782

1712930302
97.9 97.21 96.1 999503

1712930303
97.9 97.21 96.1 999561

1712930304
97.9 97.21 96.1 1000007

1712930305
98.1 97.26 96.12 992586

1712930306
98.1 97.26 96.12 986468

1712930307
98.08 97.29 96.13 782735

1712930308
98.08 97.29 96.13 552455

1712930309
92.27 96.26 95.92 713939

1712930310
92.27 96.26 95.92 954845

1712930311
90.59 95.83 95.83 948949

1712930312
90.59 95.83 95.83 985447

1712930313
91.57 95.84 95.84 999684

1712930314
91.57 95.84 95.84 990689

1712930315
92.91 95.94 95.86 974967

1712930316
92.91 95.94 95.86 986548

1712930317
93.65 95.97 95.87 964892

1712930318
93.65 95.97 95.87 986537

1712930319
94.26 96.01 95.87 978665

1712930320
94.26 96.01 95.87 999469

1712930321
94.94 96.07 95.89 986060

1712930322
94.94 96.07 95.89 991003

1712930323
95.49 96.14 95.9 999645

1712930324
95.49 96.14 95.9 967058

1712930325
95.94 96.2 95.92 994360

1712930326
95.94 96.2 95.92 978164

1712930327
96.32 96.26 95.93 985134

1712930328
96.32 96.26 95.93 987140

1712930329
96.62 96.31 95.95 971962

1712930330
96.62 96.31 95.95 990680

1712930331
96.87 96.37 95.96 998924

1712930332
96.87 96.37 95.96 999513

1712930333
97.25 96.45 95.98 983959

1712930334
97.25 96.45 95.98 996919

1712930335
97.57 96.54 96.0 993897

1712930336
97.57 96.54 96.0 989448

1712930337
97.83 96.62 96.02 979338

1712930338
97.83 96.62 96.02 985753

1712930339
97.86 96.66 96.04 989754

1712930340
97.86 96.66 96.04 999781

1712930341
98.06 96.74 96.06 968364

1712930342
98.06 96.74 96.06 1000055

1712930343
98.05 96.78 96.07 992126

1712930344
98.05 96.78 96.07 971971

1712930345
97.86 96.79 96.08 994123

1712930346
97.86 96.79 96.08 999718

1712930347
98.07 96.86 96.1 999627

1712930348
98.07 96.86 96.1 999302

1712930349
98.23 96.93 96.12 983106

1712930350
98.23 96.93 96.12 987851

1712930351
98.19 96.97 96.13 999789

1712930352
98.19 96.97 96.13 999737

1712930353
98.34 97.03 96.15 990462

1712930354
98.34 97.03 96.15 993612

1712930355
98.46 97.1 96.17 997747

1712930356
98.46 97.1 96.17 976019

1712930357
98.37 97.13 96.18 999802

1712930358
98.37 97.13 96.18 998821

1712930359
98.49 97.19 96.2 986086

1712930360
98.49 97.19 96.2 999781

1712930361
98.58 97.25 96.22 996983

1712930362
98.58 97.25 96.22 942687

1712930363
97.93 97.17 96.21 735702

1712930364
97.93 97.17 96.21 664647

1712930365
92.69 96.25 96.03 848328

1712930366
92.69 96.25 96.03 976673

1712930367
92.74 96.15 96.01 945944

1712930368
92.74 96.15 96.01 998481

1712930369
93.51 96.17 96.01 996003

1712930370
93.51 96.17 96.01 997116

1712930371
94.51 96.27 96.03 985052

1712930372
94.51 96.27 96.03 995162

1712930373
95.14 96.32 96.05 999394

1712930374
95.14 96.32 96.05 998605

1712930375
95.84 96.41 96.07 834787

1712930376
95.84 96.41 96.07 800860

1712930377
92.79 95.84 95.95 772229

1712930378
92.79 95.84 95.95 847260

1712930379
90.65 95.35 95.85 701530

1712930380
90.65 95.35 95.85 702491

1712930381
86.91 94.52 95.67 935916

1712930382
86.91 94.52 95.67 896196

1712930383
87.47 94.38 95.63 884426

1712930384
87.47 94.38 95.63 984001

1712930385
88.83 94.4 95.63 860906

1712930386
88.83 94.4 95.63 912921

1712930387
88.68 94.19 95.58 947742

1712930388
88.68 94.19 95.58 996680

1712930389
90.37 94.31 95.59 993614

1712930390
90.37 94.31 95.59 973411

1712930391
91.75 94.43 95.61 1000397

1712930392
91.75 94.43 95.61 984994

1712930393
93.06 94.58 95.63 999696

1712930394
93.06 94.58 95.63 983119

1712930395
93.78 94.66 95.64 819786

1712930396
93.78 94.66 95.64 993343

1712930397
93.45 94.57 95.62 971030

1712930398
93.45 94.57 95.62 999735

1712930399
94.28 94.69 95.63 999522

1712930400
94.28 94.69 95.63 995062

1712930401
95.13 94.83 95.66 915399

1712930402
95.13 94.83 95.66 997674

1712930403
95.29 94.87 95.66 999810

1712930404
95.29 94.87 95.66 984857

1712930405
95.6 94.94 95.67 716730

1712930406
95.6 94.94 95.67 774176

1712930407
91.5 94.22 95.51 732081

1712930408
91.5 94.22 95.51 988156

1712930409
91.05 94.05 95.47 973596

1712930410
91.05 94.05 95.47 992269

1712930411
92.31 94.18 95.49 975849

1712930412
92.31 94.18 95.49 999738

1712930413
93.34 94.3 95.5 989816

1712930414
93.34 94.3 95.5 999609

1712930415
94.36 94.45 95.53 999786

1712930416
94.36 94.45 95.53 999822

1712930417
95.2 94.6 95.55 995828

1712930418
95.2 94.6 95.55 1000283

1712930419
95.89 94.75 95.57 999396

1712930420
95.89 94.75 95.57 999644

1712930421
96.45 94.89 95.6 999886

1712930422
96.45 94.89 95.6 1002435

1712930423
96.91 95.02 95.62 970999

1712930424
96.91 95.02 95.62 999884

1712930425
97.11 95.12 95.64 969332

1712930426
97.11 95.12 95.64 984815

1712930427
97.09 95.18 95.65 973882

1712930428
97.09 95.18 95.65 999762

1712930429
97.25 95.27 95.66 1014438

1712930431
97.39 95.36 95.68 1949123

1712930432
97.39 95.36 95.68 1000769

1712930433
97.68 95.48 95.7 999579

1712930434
97.68 95.48 95.7 1000069

1712930435
97.92 95.6 95.73 989869

1712930436
97.92 95.6 95.73 944112

1712930437
97.57 95.61 95.73 994326

1712930438
97.57 95.61 95.73 972203

1712930439
97.65 95.69 95.74 999738

1712930440
97.65 95.69 95.74 999887

1712930441
97.89 95.8 95.77 983464

1712930442
97.89 95.8 95.77 999632

1712930443
98.09 95.9 95.79 999939

1712930444
98.09 95.9 95.79 976058

1712930445
98.07 95.97 95.8 975134

1712930446
98.07 95.97 95.8 993260

1712930447
98.06 96.04 95.82 998066

1712930448
98.06 96.04 95.82 999757

1712930449
98.23 96.13 95.84 999784

1712930450
98.23 96.13 95.84 985613

1712930451
98.37 96.23 95.86 999737

1712930452
98.37 96.23 95.86 999791

1712930453
98.48 96.32 95.88 999770

1712930454
98.48 96.32 95.88 999895

1712930455
98.58 96.41 95.91 999853

1712930456
98.58 96.41 95.91 990588

1712930457
98.65 96.49 95.93 999567

1712930458
98.65 96.49 95.93 991814

1712930459
98.17 96.47 95.93 714006

1712930460
98.17 96.47 95.93 810881

1712930461
94.52 95.87 95.8 692286

1712930462
94.52 95.87 95.8 902919

1712930463
92.07 95.38 95.7 994067

1712930464
92.07 95.38 95.7 954604

1712930465
92.96 95.44 95.71 999809

1712930466
92.96 95.44 95.71 999747

1712930467
94.05 95.55 95.73 999767

1712930468
94.05 95.55 95.73 999829

1712930469
94.95 95.67 95.76 999944

1712930470
94.95 95.67 95.76 999599

1712930471
95.68 95.77 95.78 999803

1712930472
95.68 95.77 95.78 999816

1712930473
96.28 95.88 95.8 999934

1712930474
96.28 95.88 95.8 999819

1712930475
96.77 95.98 95.82 999547

1712930476
96.77 95.98 95.82 999857

1712930477
97.18 96.08 95.85 999730

1712930478
97.18 96.08 95.85 999835

1712930479
97.51 96.18 95.87 999925

1712930480
97.51 96.18 95.87 999638

1712930481
97.78 96.27 95.89 999831

1712930482
97.78 96.27 95.89 1001115

1712930483
98.0 96.36 95.91 986092

1712930484
98.0 96.36 95.91 999770

1712930485
98.18 96.44 95.93 999800

1712930486
98.18 96.44 95.93 999739

1712930487
98.33 96.53 95.95 1002894

1712930488
98.33 96.53 95.95 996796

1712930489
98.45 96.61 95.97 999733

1712930490
98.45 96.61 95.97 999827

1712930491
98.55 96.69 96.0 999853

1712930492
98.55 96.69 96.0 998721

1712930493
98.63 96.76 96.02 999982

1712930494
98.63 96.76 96.02 980203

1712930495
98.51 96.8 96.03 949854

1712930496
98.51 96.8 96.03 999654

1712930497
98.42 96.84 96.04 999733

1712930498
98.42 96.84 96.04 941735

1712930499
98.16 96.85 96.05 999635

1712930500
98.16 96.85 96.05 983925

1712930501
98.31 96.92 96.07 980983

1712930502
98.31 96.92 96.07 997658

1712930503
98.25 96.95 96.08 984006

1712930504
98.25 96.95 96.08 999757

1712930505
98.39 97.02 96.1 999293

1712930506
98.39 97.02 96.1 873986

1712930507
97.41 96.89 96.08 1002418

1712930508
97.41 96.89 96.08 996419

1712930509
97.7 96.96 96.1 990607

1712930510
97.7 96.96 96.1 999958

1712930511
97.93 97.03 96.12 977279

1712930512
97.93 97.03 96.12 1001255

1712930513
97.94 97.06 96.14 981934

1712930514
97.94 97.06 96.14 991765

1712930515
97.41 96.99 96.13 801676

1712930516
97.41 96.99 96.13 674065

1712930517
92.26 96.07 95.94 720067

1712930518
92.26 96.07 95.94 958011

1712930519
92.03 95.91 95.91 926518

1712930520
92.03 95.91 95.91 983560

1712930521
92.39 95.84 95.89 967667

1712930522
92.39 95.84 95.89 825041

1712930523
91.59 95.59 95.84 910598

1712930524
91.59 95.59 95.84 982419

1712930525
92.57 95.63 95.85 970952

1712930526
92.57 95.63 95.85 999784

1712930527
93.74 95.74 95.87 999765

1712930528
93.74 95.74 95.87 999904

1712930529
94.69 95.85 95.89 999062

1712930530
94.69 95.85 95.89 980899

1712930531
95.29 95.92 95.91 970229

1712930532
95.29 95.92 95.91 990035

1712930533
95.6 95.96 95.91 951215

1712930534
95.6 95.96 95.91 992939

1712930535
95.85 95.99 95.92 995996

1712930536
95.85 95.99 95.92 971137

1712930537
96.06 96.02 95.93 983099

1712930538
96.06 96.02 95.93 1002611

1712930539
96.59 96.12 95.95 995471

1712930540
96.59 96.12 95.95 999195

1712930541
97.03 96.22 95.97 989620

1712930542
97.03 96.22 95.97 999975

1712930543
97.02 96.24 95.98 958887

1712930544
97.02 96.24 95.98 993584

1712930545
97.38 96.33 96.0 991742

1712930546
97.38 96.33 96.0 984588

1712930547
97.49 96.39 96.01 986120

1712930548
97.49 96.39 96.01 984261

1712930549
97.58 96.44 96.03 988264

1712930550
97.58 96.44 96.03 978866

1712930551
97.48 96.46 96.03 980726

1712930552
97.48 96.46 96.03 992132

1712930553
97.75 96.54 96.06 997521

1712930554
97.75 96.54 96.06 944407

1712930555
97.61 96.56 96.06 999795

1712930556
97.61 96.56 96.06 959915

1712930557
97.5 96.57 96.07 979153

1712930558
97.5 96.57 96.07 996002

1712930559
97.41 96.58 96.08 972788

1712930560
97.41 96.58 96.08 993294

1712930561
97.7 96.66 96.1 999823

1712930562
97.7 96.66 96.1 985817

1712930563
97.75 96.71 96.11 988619

1712930564
97.75 96.71 96.11 982142

1712930565
97.61 96.72 96.11 974075

1712930566
97.61 96.72 96.11 964652

1712930567
97.5 96.73 96.12 985878

1712930568
97.5 96.73 96.12 999774

1712930569
97.77 96.8 96.14 988217

1712930570
97.77 96.8 96.14 904679

1712930571
95.82 96.48 96.08 708997

1712930572
95.82 96.48 96.08 706276

1712930573
90.78 95.55 95.89 781630

1712930574
90.78 95.55 95.89 952794

1712930575
91.18 95.46 95.87 937552

1712930576
91.18 95.46 95.87 1000527

1712930577
92.6 95.58 95.89 983703

1712930578
92.6 95.58 95.89 994189

1712930579
93.76 95.69 95.91 954232

1712930580
93.76 95.69 95.91 986184

1712930581
94.16 95.7 95.91 985487

1712930582
94.16 95.7 95.91 994317

1712930583
94.86 95.78 95.92 967231

1712930584
94.86 95.78 95.92 999795

1712930585
94.7 95.72 95.91 721430

1712930586
94.7 95.72 95.91 559248

1712930587
88.23 94.52 95.66 632041

1712930588
88.23 94.52 95.66 575262

1712930589
82.75 93.32 95.4 566860

1712930590
82.75 93.32 95.4 546453

1712930591
77.36 92.0 95.11 527686

1712930592
77.36 92.0 95.11 526587

1712930593
73.13 90.76 94.83 572596

1712930594
73.13 90.76 94.83 531783

1712930595
71.29 89.85 94.61 870713

1712930596
71.29 89.85 94.61 963086

1712930597
75.77 90.05 94.62 979920

1712930598
75.77 90.05 94.62 997567

1712930599
79.8 90.31 94.64 996586

1712930600
79.8 90.31 94.64 983830

1712930601
83.27 90.6 94.67 975743

1712930602
83.27 90.6 94.67 974967

1712930603
85.76 90.81 94.69 999801

1712930604
85.76 90.81 94.69 975764

1712930605
87.98 91.04 94.71 935591

1712930606
87.98 91.04 94.71 999544

1712930607
89.61 91.24 94.73 999304

1712930608
89.61 91.24 94.73 955508

1712930609
90.95 91.42 94.74 999599

1712930610
90.95 91.42 94.74 953807

1712930611
91.86 91.57 94.75 968403

1712930612
91.86 91.57 94.75 994140

1712930613
93.16 91.82 94.78 999879

1712930614
93.16 91.82 94.78 991836

1712930615
94.03 92.02 94.8 977386

1712930616
94.03 92.02 94.8 980227

1712930617
94.75 92.21 94.83 978037

1712930618
94.75 92.21 94.83 994724

1712930619
95.34 92.4 94.85 992873

1712930620
95.34 92.4 94.85 994336

1712930621
96.0 92.62 94.88 999784

1712930622
96.0 92.62 94.88 990874

1712930623
96.18 92.76 94.89 948462

1712930624
96.18 92.76 94.89 998647

1712930625
96.51 92.93 94.91 975115

1712930626
96.51 92.93 94.91 700969

1712930627
91.71 92.18 94.74 575032

1712930628
91.71 92.18 94.74 530204

1712930629
87.23 91.36 94.55 948859

1712930630
87.23 91.36 94.55 874143

1712930631
87.91 91.35 94.53 965625

1712930632
87.91 91.35 94.53 984295

1712930633
89.74 91.57 94.55 980196

1712930634
89.74 91.57 94.55 956026

1712930635
91.05 91.74 94.57 967180

1712930636
91.05 91.74 94.57 999950

1712930637
92.31 91.95 94.59 999630

1712930638
92.31 91.95 94.59 979810

1712930639
93.16 92.11 94.61 973070

1712930640
93.16 92.11 94.61 994518

1712930641
94.22 92.34 94.64 998798

1712930642
94.22 92.34 94.64 992187

1712930643
94.72 92.49 94.66 964975

1712930644
94.72 92.49 94.66 975158

1712930645
95.31 92.67 94.68 999987

1712930646
95.31 92.67 94.68 999138

1712930647
95.98 92.88 94.71 995829

1712930648
95.98 92.88 94.71 976614

1712930649
96.16 93.01 94.72 969758

1712930650
96.16 93.01 94.72 984088

1712930651
94.68 92.85 94.68 657007

1712930652
94.68 92.85 94.68 761942

1712930653
92.02 92.43 94.58 974783

1712930654
92.02 92.43 94.58 988840

1712930655
93.11 92.61 94.6 975423

1712930656
93.11 92.61 94.6 982116

1712930657
93.81 92.75 94.62 959902

1712930658
93.81 92.75 94.62 999495

1712930659
94.75 92.96 94.65 999913

1712930660
94.75 92.96 94.65 999745

1712930661
95.34 93.12 94.67 968702

1712930662
95.34 93.12 94.67 960476

1712930663
95.64 93.25 94.69 997466

1712930664
95.64 93.25 94.69 999945

1712930665
95.88 93.37 94.7 953229

1712930666
95.88 93.37 94.7 999502

1712930667
96.45 93.56 94.73 980474

1712930668
96.45 93.56 94.73 972651

1712930669
96.18 93.6 94.74 919744

1712930670
96.18 93.6 94.74 848385

1712930671
93.25 93.16 94.63 660969

1712930672
93.25 93.16 94.63 597161

1712930673
88.49 92.3 94.45 860882

1712930674
88.49 92.3 94.45 982479

1712930675
90.03 92.46 94.46 945785

1712930676
90.03 92.46 94.46 997033

1712930677
91.48 92.64 94.49 983121

1712930678
91.48 92.64 94.49 976566

1712930679
92.66 92.81 94.51 995670

1712930680
92.66 92.81 94.51 992035

1712930681
93.81 93.02 94.54 998341

1712930682
93.81 93.02 94.54 999765

1712930683
94.75 93.21 94.57 999703

1712930684
94.75 93.21 94.57 926919

1712930685
94.61 93.24 94.57 969651

1712930686
94.61 93.24 94.57 996742

1712930687
95.4 93.43 94.6 982708

1712930688
95.4 93.43 94.6 981883

1712930689
95.87 93.58 94.62 999802

1712930690
95.87 93.58 94.62 1000118

1712930691
96.26 93.72 94.65 970873

1712930692
96.26 93.72 94.65 986027

1712930693
96.75 93.89 94.68 994192

1712930694
96.75 93.89 94.68 982417

1712930695
96.8 94.0 94.69 976343

1712930696
96.8 94.0 94.69 999940

1712930697
97.02 94.13 94.71 957174

1712930698
97.02 94.13 94.71 982939

1712930699
97.01 94.22 94.73 980016

1712930700
97.01 94.22 94.73 976427

1712930701
97.19 94.34 94.75 990105

1712930702
97.19 94.34 94.75 995218

1712930703
97.52 94.5 94.78 991275

1712930704
97.52 94.5 94.78 967228

1712930705
97.42 94.58 94.8 963284

1712930706
97.42 94.58 94.8 991464

1712930707
97.16 94.63 94.81 958313

1712930708
97.16 94.63 94.81 977983

1712930709
97.31 94.74 94.83 990254

1712930710
97.31 94.74 94.83 999725

1712930711
97.62 94.88 94.86 980840

1712930712
97.62 94.88 94.86 998617

1712930713
97.69 94.98 94.88 999929

1712930714
97.69 94.98 94.88 991166

1712930715
97.92 95.11 94.91 987875

1712930716
97.92 95.11 94.91 999745

1712930717
98.12 95.24 94.93 999765

1712930718
98.12 95.24 94.93 924922

1712930719
97.73 95.26 94.94 999573

1712930720
97.73 95.26 94.94 931273

1712930721
94.16 94.7 94.83 557719

1712930722
94.16 94.7 94.83 553641

1712930723
87.79 93.53 94.58 708952

1712930724
87.79 93.53 94.58 999749

1712930725
88.73 93.51 94.57 879123

1712930726
88.73 93.51 94.57 999778

1712930727
90.59 93.69 94.6 999822

1712930728
90.59 93.69 94.6 930524

1712930729
91.57 93.77 94.61 983739

1712930730
91.57 93.77 94.61 982478

1712930731
92.73 93.91 94.63 989849

1712930732
92.73 93.91 94.63 976336

1712930733
93.69 94.04 94.66 996876

1712930734
93.69 94.04 94.66 989124

1712930735
94.29 94.14 94.67 965407

1712930736
94.29 94.14 94.67 979209

1712930737
94.96 94.26 94.7 999564

1712930738
94.96 94.26 94.7 1001095

1712930739
95.69 94.42 94.72 998679

1712930740
95.69 94.42 94.72 999492

1712930741
96.29 94.57 94.75 976825

1712930742
96.29 94.57 94.75 978468

1712930743
96.42 94.65 94.77 993786

1712930744
96.42 94.65 94.77 996484

1712930745
96.88 94.79 94.8 1000031

1712930746
96.88 94.79 94.8 999592

1712930747
97.27 94.93 94.83 999994

1712930748
97.27 94.93 94.83 998647

1712930749
97.22 95.0 94.84 959810

1712930750
97.22 95.0 94.84 999698

1712930751
97.54 95.13 94.87 999613

1712930752
97.54 95.13 94.87 999000

1712930753
97.8 95.25 94.9 999818

1712930754
97.8 95.25 94.9 967000

1712930755
97.84 95.34 94.92 995343

1712930756
97.84 95.34 94.92 982235

1712930757
98.05 95.46 94.95 999696

1712930758
98.05 95.46 94.95 990495

1712930759
98.22 95.58 94.98 998303

1712930760
98.22 95.58 94.98 999767

1712930761
98.36 95.69 95.01 995179

1712930762
98.36 95.69 95.01 958341

1712930763
98.11 95.73 95.02 1001719

1712930764
98.11 95.73 95.02 995231

1712930765
98.27 95.84 95.05 993801

1712930766
98.27 95.84 95.05 999953

1712930767
98.4 95.94 95.07 999261

1712930768
98.4 95.94 95.07 961800

1712930769
97.97 95.95 95.08 978806

1712930770
97.97 95.95 95.08 976933

1712930771
97.97 96.01 95.1 998934

1712930772
97.97 96.01 95.1 999779

1712930773
98.16 96.11 95.13 989678

1712930774
98.16 96.11 95.13 982885

1712930775
98.13 96.17 95.15 986849

1712930776
98.13 96.17 95.15 814745

1712930777
93.21 95.35 94.98 614720

1712930778
93.21 95.35 94.98 636484

1712930779
89.91 94.68 94.85 890921

1712930780
89.91 94.68 94.85 986926

1712930781
91.2 94.76 94.86 966669

1712930782
91.2 94.76 94.86 981833

1712930783
92.43 94.87 94.88 986002

1712930784
92.43 94.87 94.88 921507

1712930785
91.44 94.61 94.83 837032

1712930786
91.44 94.61 94.83 814614

1712930787
89.01 94.06 94.71 747114

1712930788
89.01 94.06 94.71 718350

1712930789
87.92 93.7 94.63 950800

1712930790
87.92 93.7 94.63 972237

1712930791
89.74 93.84 94.66 996032

1712930792
89.74 93.84 94.66 999821

1712930793
91.42 94.01 94.68 990060

1712930794
91.42 94.01 94.68 980912

1712930795
92.25 94.08 94.69 955700

1712930796
92.25 94.08 94.69 962962

1712930797
92.93 94.14 94.7 971474

1712930798
92.93 94.14 94.7 999733

1712930799
94.03 94.3 94.73 999570

1712930800
94.03 94.3 94.73 968388

1712930801
94.75 94.42 94.76 992904

1712930802
94.75 94.42 94.76 996406

1712930803
95.33 94.54 94.78 964879

1712930804
95.33 94.54 94.78 976150

1712930805
95.33 94.54 94.78 981244

1712930806
95.64 94.62 94.79 986775

1712930807
95.64 94.62 94.79 990900

1712930808
96.06 94.73 94.82 999817

1712930809
96.06 94.73 94.82 980870

1712930810
96.59 94.87 94.84 997807

1712930811
96.59 94.87 94.84 994889

1712930812
97.03 95.0 94.87 960520

1712930813
97.03 95.0 94.87 999812

1712930814
97.2 95.1 94.89 999976

1712930815
97.2 95.1 94.89 869794

1712930816
96.44 95.03 94.88 995665

1712930817
96.44 95.03 94.88 941121

1712930818
96.36 95.06 94.89 986827

1712930819
96.36 95.06 94.89 1000936

1712930820
96.84 95.19 94.92 990421

1712930821
96.84 95.19 94.92 999373

1712930822
97.23 95.32 94.95 979121

1712930823
97.23 95.32 94.95 980815

1712930824
97.37 95.4 94.97 907065

1712930825
97.37 95.4 94.97 958062

1712930826
96.58 95.33 94.95 917091

1712930827
96.58 95.33 94.95 916966

1712930828
95.56 95.18 94.93 958008

1712930829
95.56 95.18 94.93 952213

1712930830
95.46 95.18 94.93 942503

1712930831
95.46 95.18 94.93 922418

1712930832
95.01 95.1 94.91 725941

1712930833
95.01 95.1 94.91 798939

1712930834
91.57 94.48 94.78 766708

1712930835
91.57 94.48 94.78 852481

1712930836
89.47 94.01 94.68 946485

1712930837
89.47 94.01 94.68 908224

1712930838
90.11 93.97 94.67 922596

1712930839
90.11 93.97 94.67 947946

1712930840
90.63 93.94 94.66 905185

1712930841
90.63 93.94 94.66 958960

1712930842
91.06 93.91 94.65 954137

1712930843
91.06 93.91 94.65 967059

1712930844
91.96 93.98 94.66 953614

1712930845
91.96 93.98 94.66 982395

1712930846
92.69 94.04 94.67 985429

1712930847
92.69 94.04 94.67 954572

1712930848
93.29 94.11 94.67 941929

1712930849
93.29 94.11 94.67 938389

1712930850
93.23 94.07 94.66 928458

1712930851
93.23 94.07 94.66 941614

1712930852
93.19 94.04 94.65 950212

1712930853
93.19 94.04 94.65 944001

1712930854
93.34 94.03 94.65 949215

1712930855
93.34 94.03 94.65 911563

1712930856
93.09 93.97 94.63 924452

1712930857
93.09 93.97 94.63 945233

1712930858
93.08 93.93 94.62 938226

1712930859
93.08 93.93 94.62 953122

1712930860
93.24 93.94 94.61 964717

1712930861
93.24 93.94 94.61 961224

1712930862
93.74 94.0 94.62 939423

1712930863
93.74 94.0 94.62 964326

1712930864
93.97 94.04 94.62 950186

1712930865
93.97 94.04 94.62 956294

1712930866
94.15 94.07 94.63 973605

1712930867
94.15 94.07 94.63 944688

1712930868
94.31 94.1 94.63 945228

1712930869
94.31 94.1 94.63 946328

1712930870
94.43 94.13 94.63 970596

1712930871
94.43 94.13 94.63 922043

1712930872
94.17 94.09 94.62 928367

1712930873
94.17 94.09 94.62 956872

1712930874
94.14 94.09 94.62 929885

1712930875
94.14 94.09 94.62 956152

1712930876
94.29 94.12 94.62 966871

1712930877
94.29 94.12 94.62 949835

1712930878
94.42 94.15 94.62 922597

1712930879
94.42 94.15 94.62 953159

1712930880
94.16 94.11 94.61 917782

1712930881
94.16 94.11 94.61 957025

1712930882
94.13 94.1 94.61 925232

1712930883
94.13 94.1 94.61 949897

1712930884
93.93 94.07 94.6 935092

1712930885
93.93 94.07 94.6 924845

1712930886
93.58 94.0 94.58 938459

1712930887
93.58 94.0 94.58 959967

1712930888
93.65 94.0 94.57 822246

1712930889
93.65 94.0 94.57 689470

1712930890
89.91 93.31 94.43 722798

1712930891
89.91 93.31 94.43 935555

1712930892
88.84 93.01 94.35 906420

1712930893
88.84 93.01 94.35 921480

1712930894
89.23 92.94 94.33 960516

1712930895
89.23 92.94 94.33 929501

1712930896
90.09 92.98 94.33 936944

1712930897
90.09 92.98 94.33 960784

1712930898
90.8 93.01 94.33 930263

1712930899
90.8 93.01 94.33 936962

1712930900
91.2 93.01 94.32 868529

1712930901
91.2 93.01 94.32 931178

1712930902
90.8 92.88 94.28 951398

1712930903
90.8 92.88 94.28 940082

1712930904
91.38 92.91 94.28 933016

1712930905
91.38 92.91 94.28 931207

1712930906
91.67 92.92 94.27 942867

1712930907
91.67 92.92 94.27 908118

1712930908
91.73 92.89 94.25 953700

1712930909
91.73 92.89 94.25 939385

1712930910
92.14 92.92 94.25 960254

1712930911
92.14 92.92 94.25 918015

1712930912
92.3 92.93 94.24 937092

1712930913
92.3 92.93 94.24 955872

1712930914
92.79 92.99 94.25 939986

1712930915
92.79 92.99 94.25 918745

1712930916
92.64 92.96 94.23 957354

1712930917
92.64 92.96 94.23 951662

1712930918
93.07 93.03 94.24 949474

1712930919
93.07 93.03 94.24 952990

1712930920
93.24 93.06 94.24 952337

1712930921
93.24 93.06 94.24 962144

1712930922
93.74 93.16 94.25 965372

1712930923
93.74 93.16 94.25 970840

1712930924
94.15 93.25 94.26 951547

1712930925
94.15 93.25 94.26 936661

1712930926
94.12 93.27 94.26 918086

1712930927
94.12 93.27 94.26 945154

1712930928
93.73 93.23 94.24 950610

1712930929
93.73 93.23 94.24 717443

1712930930
91.24 92.8 94.15 714079

1712930931
91.24 92.8 94.15 799076

1712930932
88.84 92.31 94.04 926032

1712930933
88.84 92.31 94.04 923481

1712930934
89.41 92.3 94.02 926988

1712930935
89.41 92.3 94.02 906354

1712930936
89.7 92.26 94.0 961158

1712930937
89.7 92.26 94.0 891494

1712930938
90.12 92.25 93.99 943576

1712930939
90.12 92.25 93.99 953662

1712930940
90.82 92.31 93.99 934608

1712930941
90.82 92.31 93.99 943096

1712930942
91.4 92.36 93.99 926779

1712930943
91.4 92.36 93.99 932910

1712930944
91.5 92.35 93.97 953292

1712930945
91.5 92.35 93.97 968287

1712930946
92.32 92.47 93.99 963503

1712930947
92.32 92.47 93.99 913353

1712930948
92.08 92.42 93.97 914746

1712930949
92.08 92.42 93.97 950462

1712930950
92.61 92.51 93.97 931316

1712930951
92.61 92.51 93.97 878438

1712930952
91.95 92.39 93.94 922055

1712930953
91.95 92.39 93.94 899661

1712930954
91.78 92.35 93.92 921309

1712930955
91.78 92.35 93.92 904137

1712930956
91.46 92.27 93.89 918567

1712930957
91.46 92.27 93.89 910508

1712930958
91.37 92.23 93.87 877138

1712930959
91.37 92.23 93.87 882577

1712930960
90.76 92.09 93.83 899413

1712930961
90.76 92.09 93.83 917112

1712930962
90.62 92.02 93.81 915641

1712930963
90.62 92.02 93.81 873623

1712930964
90.33 91.92 93.77 911617

1712930965
90.33 91.92 93.77 941194

1712930966
90.63 91.92 93.76 900404

1712930967
90.63 91.92 93.76 912041

1712930968
90.51 91.86 93.73 923247

1712930969
90.51 91.86 93.73 861887

1712930970
89.88 91.7 93.69 825689

1712930971
89.88 91.7 93.69 690332

1712930972
86.82 91.09 93.55 642049

1712930973
86.82 91.09 93.55 12315

1712930974
74.71 88.76 93.04 14887

1712930975
74.71 88.76 93.04 221205

1712930976
63.17 86.22 92.48 5594

1712930977
63.17 86.22 92.48 2539

1712930978
52.09 83.46 91.86 177958

1712930979
52.09 83.46 91.86 10250

1712930980
43.74 80.93 91.28 7505

1712930981
43.74 80.93 91.28 2782

1712930982
35.81 78.28 90.65 13994

1712930983
35.81 78.28 90.65 3873

1712930984
29.32 75.72 90.03 1683

1712930985
29.32 75.72 90.03 2368

1712930986
24.01 73.24 89.42 3813

1712930987
24.01 73.24 89.42 119

1712930988
19.66 70.84 88.81 673

1712930989
19.66 70.84 88.81 973

1712930990
16.1 68.53 88.2 148

1712930991
16.1 68.53 88.2 445

1712930992
13.18 66.28 87.59 683

1712930993
13.18 66.28 87.59 190

1712930994
10.79 64.12 87.0 1240

1712930995
10.79 64.12 87.0 771

1712930996
8.84 62.02 86.4 361

1712930997
8.84 62.02 86.4 103

1712930998
7.23 59.99 85.81 44

1712930999
7.23 59.99 85.81 91

1712931000
5.92 58.02 85.22 88

1712931001
5.92 58.02 85.22 173

1712931002
4.85 56.13 84.64 240

1712931003
4.85 56.13 84.64 881

1712931004
3.97 54.29 84.06 1310

1712931005
3.97 54.29 84.06 1358

1712931006
3.25 52.51 83.49 21037

1712931007
3.25 52.51 83.49 5163

1712931008
2.66 50.8 82.91 7819

1712931009
2.66 50.8 82.91 5657

1712931010
2.18 49.13 82.35 44210

1712931011
2.18 49.13 82.35 11274

1712931012
2.32 47.62 81.81 18261

1712931013
2.32 47.62 81.81 22060

1712931014
2.26 46.13 81.26 19629

1712931015
2.26 46.13 81.26 21945

1712931016
2.22 44.69 80.72 49360

1712931017
2.22 44.69 80.72 286705

1712931018
6.16 44.01 80.33 356040

1712931019
6.16 44.01 80.33 72538

1712931020
7.58 43.03 79.88 42626

1712931021
7.58 43.03 79.88 22614

1712931022
6.57 41.68 79.34 18561

1712931023
6.57 41.68 79.34 12493

1712931024
5.56 40.35 78.81 15759

1712931025
5.56 40.35 78.81 8501

1712931026
4.55 39.03 78.27 4749

1712931027
4.55 39.03 78.27 4330

1712931028
3.72 37.75 77.73 13547

1712931029
3.72 37.75 77.73 12649

1712931030
3.23 36.55 77.21 10276

1712931031
3.23 36.55 77.21 7267

1712931032
2.64 35.36 76.68 84987

1712931033
2.64 35.36 76.68 264306

1712931034
7.42 35.15 76.35 507154

1712931035
7.42 35.15 76.35 170827

1712931036
10.06 34.72 75.98 11780

1712931037
10.06 34.72 75.98 2511

1712931038
8.24 33.58 75.46 6032

1712931040
6.74 32.48 74.95 10787

