1712928504
5.64 6.66 3.28 44932

1712928506
5.16 6.54 3.27 79796

1712928507
4.95 6.46 3.28 53244

1712928508
4.95 6.46 3.28 77374

1712928509
5.32 6.48 3.3 51712

1712928510
5.32 6.48 3.3 32023

1712928511
4.9 6.36 3.3 33573

1712928512
4.9 6.36 3.3 52603

1712928513
4.74 6.28 3.31 29348

1712928514
4.74 6.28 3.31 25028

1712928515
4.24 6.14 3.3 27162

1712928516
4.24 6.14 3.3 18632

1712928517
3.83 6.01 3.29 17650

1712928518
3.83 6.01 3.29 55550

1712928519
3.68 5.91 3.29 113402

1712928520
3.68 5.91 3.29 28957

1712928521
4.1 5.91 3.3 9404

1712928522
4.1 5.91 3.3 9204

1712928523
3.54 5.75 3.29 29314

1712928524
3.54 5.75 3.29 26190

1712928525
4.16 5.79 3.31 122251

1712928526
4.16 5.79 3.31 58449

1712928527
3.95 5.7 3.31 86040

1712928528
3.95 5.7 3.31 15585

1712928529
4.14 5.68 3.32 16536

1712928530
4.14 5.68 3.32 39665

1712928531
3.75 5.56 3.31 19294

1712928532
3.75 5.56 3.31 35721

1712928533
3.43 5.44 3.3 21776

1712928534
3.43 5.44 3.3 24757

1712928535
3.17 5.33 3.3 23080

1712928536
3.17 5.33 3.3 19972

1712928537
2.96 5.22 3.29 50079

1712928538
2.96 5.22 3.29 34587

1712928539
3.15 5.18 3.29 28068

1712928540
3.15 5.18 3.29 16362

1712928541
2.94 5.07 3.28 47081

1712928542
2.94 5.07 3.28 37249

1712928543
2.95 5.0 3.28 46856

1712928544
2.95 5.0 3.28 161253

1712928545
4.95 5.3 3.35 173847

1712928546
4.95 5.3 3.35 154555

1712928547
6.41 5.55 3.42 67416

1712928548
6.41 5.55 3.42 19208

1712928549
5.61 5.43 3.41 31278

1712928550
5.61 5.43 3.41 39531

1712928551
5.32 5.39 3.41 140657

1712928552
5.32 5.39 3.41 53739

1712928553
5.8 5.47 3.45 21323

1712928554
5.8 5.47 3.45 23625

1712928555
5.11 5.36 3.43 22484

1712928556
5.11 5.36 3.43 29952

1712928557
4.73 5.28 3.43 39573

1712928558
4.73 5.28 3.43 31963

1712928559
4.41 5.2 3.43 30002

1712928560
4.41 5.2 3.43 32141

1712928561
4.16 5.13 3.42 26603

1712928562
4.16 5.13 3.42 31396

1712928563
3.76 5.03 3.41 64178

1712928564
3.76 5.03 3.41 44663

1712928565
3.99 5.03 3.43 26057

1712928566
3.99 5.03 3.43 32439

1712928567
3.81 4.96 3.42 27509

1712928568
3.81 4.96 3.42 14261

1712928569
3.66 4.9 3.42 47904

1712928570
3.66 4.9 3.42 18205

1712928571
3.18 4.77 3.4 22266

1712928572
3.18 4.77 3.4 28805

1712928573
3.14 4.71 3.4 28460

1712928574
3.14 4.71 3.4 48613

1712928575
3.12 4.65 3.4 24008

1712928576
3.12 4.65 3.4 30271

1712928577
2.91 4.57 3.39 37481

1712928578
2.91 4.57 3.39 33628

1712928579
3.11 4.55 3.39 50954

1712928580
3.11 4.55 3.39 29419

1712928581
3.09 4.5 3.39 48273

1712928582
3.09 4.5 3.39 49338

1712928583
3.07 4.45 3.39 55558

1712928584
3.07 4.45 3.39 65026

1712928585
3.42 4.47 3.4 27228

1712928586
3.42 4.47 3.4 32006

1712928587
3.16 4.38 3.39 81102

1712928588
3.16 4.38 3.39 50457

1712928589
3.86 4.47 3.41 40114

1712928590
3.86 4.47 3.41 17213

1712928591
3.34 4.36 3.4 17737

1712928592
3.34 4.36 3.4 22990

1712928593
3.09 4.28 3.39 28726

1712928594
3.09 4.28 3.39 41647

1712928595
3.08 4.24 3.38 22335

1712928596
3.08 4.24 3.38 27328

1712928597
3.06 4.2 3.38 38701

1712928598
3.06 4.2 3.38 35374

1712928599
3.41 4.22 3.39 75700

1712928600
3.41 4.22 3.39 47697

1712928601
3.52 4.21 3.4 20583

1712928602
3.52 4.21 3.4 75937

1712928603
4.33 4.34 3.43 99143

1712928604
4.33 4.34 3.43 25326

1712928605
3.91 4.26 3.42 43726

1712928606
3.91 4.26 3.42 33587

1712928607
3.92 4.25 3.42 53129

1712928608
3.92 4.25 3.42 95669

1712928609
4.3 4.31 3.44 43529

1712928610
4.3 4.31 3.44 73425

1712928611
4.61 4.36 3.46 48944

1712928612
4.61 4.36 3.46 36103

1712928613
4.49 4.35 3.46 52508

1712928614
4.49 4.35 3.46 138734

1712928615
5.13 4.47 3.49 34123

1712928616
5.13 4.47 3.49 33171

1712928617
4.92 4.46 3.5 49190

1712928618
4.92 4.46 3.5 32370

1712928619
4.57 4.41 3.49 26195

1712928620
4.57 4.41 3.49 61044

1712928621
4.47 4.39 3.5 33827

1712928622
4.47 4.39 3.5 32658

1712928623
4.2 4.35 3.49 40710

1712928624
4.2 4.35 3.49 33337

1712928625
3.8 4.27 3.48 23041

1712928626
3.8 4.27 3.48 38618

1712928627
3.84 4.26 3.49 49812

1712928628
3.84 4.26 3.49 59848

1712928630
3.87 4.25 3.49 68375

1712928631
3.71 4.21 3.49 42511

1712928632
3.71 4.21 3.49 40033

1712928633
3.94 4.24 3.5 104628

1712928634
3.94 4.24 3.5 7549

1712928635
3.59 4.16 3.49 5833

1712928636
3.59 4.16 3.49 28201

1712928637
3.12 4.06 3.47 7487

1712928638
3.12 4.06 3.47 56736

1712928639
4.55 4.29 3.52 183391

1712928640
4.55 4.29 3.52 37700

1712928641
4.26 4.25 3.52 41163

1712928642
4.26 4.25 3.52 34257

1712928643
4.22 4.24 3.52 34090

1712928644
4.22 4.24 3.52 34361

1712928645
4.36 4.26 3.53 74522

1712928646
4.36 4.26 3.53 47127

1712928647
4.29 4.25 3.53 39056

1712928648
4.29 4.25 3.53 30599

1712928649
4.06 4.21 3.53 39054

1712928650
4.06 4.21 3.53 31589

1712928651
3.86 4.17 3.53 30899

1712928652
3.86 4.17 3.53 61866

1712928653
4.25 4.23 3.54 69295

1712928654
4.25 4.23 3.54 71989

1712928655
4.57 4.29 3.56 42238

1712928656
4.57 4.29 3.56 35193

1712928657
4.28 4.25 3.56 39177

1712928658
4.28 4.25 3.56 60333

1712928659
4.23 4.24 3.56 25730

1712928660
4.23 4.24 3.56 30858

1712928661
3.82 4.16 3.55 26456

1712928662
3.82 4.16 3.55 55846

1712928663
4.22 4.22 3.57 86493

1712928664
4.22 4.22 3.57 36624

1712928665
4.0 4.18 3.56 23516

1712928666
4.0 4.18 3.56 60263

1712928667
4.36 4.24 3.58 67529

1712928669
4.11 4.2 3.58 74213

1712928670
4.11 4.2 3.58 31077

1712928671
3.91 4.16 3.57 36569

1712928672
3.91 4.16 3.57 51218

1712928673
3.92 4.16 3.57 37356

1712928674
3.92 4.16 3.57 27004

1712928676
3.76 4.12 3.57 72255

1712928677
3.8 4.12 3.57 41319

1712928678
3.8 4.12 3.57 1461

1712928679
3.29 4.01 3.55 33694

1712928680
3.29 4.01 3.55 5266

1712928681
2.69 3.88 3.53 1179

1712928682
2.69 3.88 3.53 29

1712928683
2.2 3.75 3.51 1963

1712928684
2.2 3.75 3.51 3372

1712928685
1.8 3.63 3.48 5908

1712928686
1.8 3.63 3.48 1511

1712928687
1.48 3.51 3.46 1743

1712928688
1.48 3.51 3.46 510

1712928689
1.21 3.4 3.43 1372

1712928690
1.21 3.4 3.43 6505

1712928691
0.99 3.28 3.41 3980

1712928692
0.99 3.28 3.41 4032

1712928693
0.81 3.18 3.39 3311

1712928694
0.81 3.18 3.39 1858

1712928695
0.66 3.07 3.36 15106

1712928696
0.66 3.07 3.36 2022

1712928697
0.54 2.97 3.34 3405

1712928698
0.54 2.97 3.34 3700

1712928699
0.44 2.87 3.32 3588

1712928700
0.44 2.87 3.32 8570

1712928701
0.36 2.78 3.29 3208

1712928702
0.36 2.78 3.29 4940

1712928703
0.29 2.69 3.27 2539

1712928704
0.29 2.69 3.27 3877

1712928705
0.24 2.6 3.25 4790

1712928706
0.24 2.6 3.25 8994

1712928707
0.19 2.51 3.22 7825

1712928708
0.19 2.51 3.22 2183

1712928709
0.16 2.43 3.2 1863

1712928710
0.16 2.43 3.2 1061

1712928711
0.13 2.35 3.18 2683

1712928712
0.13 2.35 3.18 6369

1712928713
0.1 2.27 3.16 2373

1712928714
0.1 2.27 3.16 9771

1712928715
0.27 2.23 3.14 21037

1712928716
0.27 2.23 3.14 751

1712928717
0.22 2.16 3.12 2149

1712928718
0.22 2.16 3.12 592

1712928719
0.18 2.09 3.1 4578

1712928720
0.18 2.09 3.1 13211

1712928721
0.14 2.02 3.08 1225

1712928722
0.14 2.02 3.08 14319

1712928723
0.12 1.95 3.06 3618

1712928724
0.12 1.95 3.06 0

1712928725
0.09 1.89 3.04 1265

1712928726
0.09 1.89 3.04 1227

1712928727
0.08 1.83 3.02 4686

1712928728
0.08 1.83 3.02 0

1712928729
0.06 1.77 2.99 1808

1712928730
0.06 1.77 2.99 3333

1712928731
0.05 1.71 2.97 5098

1712928732
0.05 1.71 2.97 5075

1712928733
0.04 1.65 2.95 4105

1712928734
0.04 1.65 2.95 487

1712928735
0.03 1.6 2.93 10056

1712928736
0.03 1.6 2.93 723

1712928737
0.02 1.54 2.91 2231

1712928738
0.02 1.54 2.91 506

1712928739
0.02 1.49 2.89 1282

1712928740
0.02 1.49 2.89 2174

1712928741
0.01 1.44 2.87 5265

1712928742
0.01 1.44 2.87 640

1712928743
0.01 1.4 2.85 1280

1712928744
0.01 1.4 2.85 7

1712928745
0.01 1.35 2.83 5659

1712928746
0.01 1.35 2.83 60928

1712928747
0.91 1.47 2.85 55231

1712928748
0.91 1.47 2.85 10993

1712928749
0.75 1.42 2.83 4160

1712928750
0.75 1.42 2.83 9969

1712928751
0.79 1.41 2.82 16355

1712928752
0.79 1.41 2.82 10623

1712928753
0.65 1.36 2.8 2951

1712928754
0.65 1.36 2.8 63004

1712928755
1.07 1.42 2.8 16169

1712928756
1.07 1.42 2.8 24352

1712928757
1.06 1.4 2.78 5932

1712928758
1.06 1.4 2.78 9141

1712928759
0.86 1.35 2.77 7930

1712928760
0.86 1.35 2.77 712

1712928761
0.71 1.31 2.75 2518

1712928762
0.71 1.31 2.75 2729

1712928763
0.58 1.27 2.73 5566

1712928764
0.58 1.27 2.73 5510

1712928765
0.65 1.26 2.71 27978

1712928766
0.65 1.26 2.71 17935

1712928767
0.72 1.25 2.7 1946

1712928768
0.72 1.25 2.7 2202

1712928769
0.58 1.21 2.68 16018

1712928770
0.58 1.21 2.68 1100

1712928771
0.48 1.17 2.67 4405

1712928772
0.48 1.17 2.67 5080

1712928773
0.39 1.13 2.65 5790

1712928774
0.39 1.13 2.65 11606

1712928775
0.32 1.09 2.63 1295

1712928776
0.32 1.09 2.63 3112

1712928777
1.17 1.22 2.64 104075

1712928778
1.17 1.22 2.64 19744

1712928779
1.32 1.25 2.64 17148

1712928780
1.32 1.25 2.64 31777

1712928781
1.26 1.24 2.63 3082

1712928782
1.26 1.24 2.63 4175

1712928783
1.03 1.2 2.61 8358

1712928784
1.03 1.2 2.61 7108

1712928785
0.84 1.16 2.59 2254

1712928786
0.84 1.16 2.59 2657

1712928787
0.87 1.15 2.58 19491

1712928788
0.87 1.15 2.58 48413

1712928789
1.07 1.18 2.58 6718

1712928790
1.07 1.18 2.58 11348

1712928791
1.42 1.24 2.58 52064

1712928792
1.42 1.24 2.58 15150

1712928793
1.16 1.2 2.56 3557

1712928794
1.16 1.2 2.56 1858

1712928795
0.95 1.16 2.54 0

1712928796
0.95 1.16 2.54 5372

1712928797
0.78 1.12 2.53 4739

1712928798
0.78 1.12 2.53 9451

1712928799
0.64 1.08 2.51 1779

1712928800
0.64 1.08 2.51 1929

1712928801
0.64 1.08 2.51 17621

1712928802
0.52 1.05 2.49 6290

1712928803
0.52 1.05 2.49 28426

1712928804
0.61 1.04 2.48 19938

1712928805
0.61 1.04 2.48 3591

1712928806
0.5 1.01 2.46 6766

1712928807
0.5 1.01 2.46 4290

1712928808
0.4 0.98 2.45 1922

1712928809
0.4 0.98 2.45 493

1712928810
0.33 0.94 2.43 1419

1712928811
0.33 0.94 2.43 2014

1712928812
0.27 0.91 2.41 8340

1712928813
0.27 0.91 2.41 5793

1712928814
0.22 0.88 2.4 2891

1712928815
0.22 0.88 2.4 1442

1712928816
0.18 0.85 2.38 8558

1712928817
0.18 0.85 2.38 6236

1712928818
0.14 0.83 2.36 5127

1712928819
0.14 0.83 2.36 2578

1712928820
0.12 0.8 2.35 6391

1712928821
0.12 0.8 2.35 5154

1712928822
0.1 0.77 2.33 5760

1712928823
0.1 0.77 2.33 26998

1712928824
0.26 0.78 2.32 1270

1712928825
0.26 0.78 2.32 0

1712928826
0.21 0.75 2.3 3095

1712928827
0.21 0.75 2.3 18262

1712928828
0.35 0.76 2.3 8418

1712928829
0.35 0.76 2.3 2085

1712928830
0.29 0.74 2.28 2655

1712928831
0.29 0.74 2.28 11140

1712928832
0.23 0.71 2.26 3221

1712928833
0.23 0.71 2.26 14608

1712928834
0.19 0.69 2.25 2198

1712928835
0.19 0.69 2.25 0

1712928836
0.16 0.66 2.23 3186

1712928837
0.16 0.66 2.23 6365

1712928838
0.13 0.64 2.22 21604

1712928839
0.13 0.64 2.22 23545

1712928840
0.47 0.69 2.21 14956

1712928841
0.47 0.69 2.21 21299

1712928842
0.56 0.7 2.21 22007

1712928843
0.56 0.7 2.21 7347

1712928844
0.64 0.71 2.2 3673

1712928845
0.64 0.71 2.2 1201

1712928846
0.52 0.68 2.18 5668

1712928847
0.52 0.68 2.18 0

1712928848
0.43 0.66 2.17 1763

1712928849
0.43 0.66 2.17 6225

1712928850
0.35 0.64 2.15 1883

1712928851
0.35 0.64 2.15 1271

1712928852
0.28 0.62 2.14 4250

1712928853
0.28 0.62 2.14 0

1712928854
0.23 0.6 2.12 2076

1712928855
0.23 0.6 2.12 1279

1712928856
0.19 0.58 2.11 4580

1712928857
0.19 0.58 2.11 4760

1712928858
0.15 0.56 2.09 10033

1712928860
0.31 0.57 2.09 12525

1712928861
0.31 0.57 2.09 2332

1712928862
0.25 0.55 2.07 4045

1712928863
0.25 0.55 2.07 2688

1712928864
0.2 0.54 2.06 7367

1712928865
0.2 0.54 2.06 14436

1712928866
0.35 0.55 2.05 1284

1712928867
0.35 0.55 2.05 528

1712928868
0.28 0.53 2.03 3116

1712928869
0.28 0.53 2.03 5980

1712928870
0.23 0.51 2.02 4847

1712928871
0.23 0.51 2.02 1317

1712928872
0.19 0.5 2.01 1819

1712928873
0.19 0.5 2.01 2164

1712928874
0.15 0.48 1.99 9946

1712928875
0.15 0.48 1.99 2847

1712928876
0.12 0.46 1.98 2389

1712928877
0.12 0.46 1.98 5129

1712928878
0.1 0.45 1.96 19153

1712928879
0.1 0.45 1.96 36681

1712928880
0.44 0.5 1.97 13476

1712928881
0.44 0.5 1.97 6420

1712928882
0.36 0.48 1.95 3976

1712928883
0.36 0.48 1.95 1171

1712928884
0.3 0.47 1.94 8822

1712928885
0.3 0.47 1.94 4610

1712928886
0.24 0.45 1.92 8959

1712928887
0.24 0.45 1.92 2395

1712928888
0.2 0.44 1.91 3791

1712928889
0.2 0.44 1.91 28613

1712928890
0.34 0.45 1.9 6560

1712928891
0.34 0.45 1.9 2690

1712928892
0.28 0.44 1.89 9415

1712928893
0.28 0.44 1.89 1249

1712928894
0.23 0.42 1.88 9615

1712928895
0.23 0.42 1.88 4206

1712928896
0.18 0.41 1.86 6708

1712928897
0.18 0.41 1.86 5427

1712928898
0.15 0.4 1.85 4775

1712928899
0.15 0.4 1.85 7651

1712928900
0.12 0.38 1.84 6106

1712928901
0.12 0.38 1.84 1294

1712928902
0.1 0.37 1.83 7344

1712928903
0.1 0.37 1.83 3612

1712928904
0.08 0.36 1.81 2153

1712928905
0.08 0.36 1.81 4543

1712928906
0.06 0.35 1.8 3390

1712928907
0.06 0.35 1.8 8706

1712928908
0.05 0.33 1.79 3694

1712928909
0.05 0.33 1.79 11360

1712928910
0.04 0.32 1.78 54

1712928911
0.04 0.32 1.78 3546

1712928912
0.03 0.31 1.76 10076

1712928913
0.03 0.31 1.76 22722

1712928914
0.21 0.33 1.76 24632

1712928915
0.21 0.33 1.76 17265

1712928916
0.35 0.36 1.75 31582

1712928917
0.35 0.36 1.75 23797

1712928918
0.65 0.41 1.75 20378

1712928919
0.65 0.41 1.75 26072

1712928920
0.89 0.46 1.76 10182

1712928921
0.89 0.46 1.76 18481

1712928922
0.91 0.48 1.75 8520

1712928923
0.91 0.48 1.75 21419

1712928924
0.93 0.5 1.75 9503

1712928925
0.93 0.5 1.75 4059

1712928926
0.76 0.48 1.73 11844

1712928927
0.76 0.48 1.73 56028

1712928928
1.16 0.56 1.74 18609

1712928929
1.16 0.56 1.74 6676

1712928930
0.95 0.54 1.73 7256

1712928931
0.95 0.54 1.73 11002

1712928932
0.96 0.56 1.72 7556

1712928933
0.96 0.56 1.72 9800

1712928934
0.79 0.54 1.71 17505

1712928935
0.79 0.54 1.71 9824

1712928936
0.82 0.56 1.71 209

1712928937
0.82 0.56 1.71 4450

1712928938
0.67 0.54 1.7 2826

1712928939
0.67 0.54 1.7 3372

1712928940
0.55 0.52 1.68 12067

1712928941
0.55 0.52 1.68 3797

1712928942
0.45 0.5 1.67 2681

1712928943
0.45 0.5 1.67 1268

1712928944
0.37 0.48 1.66 2933

1712928945
0.37 0.48 1.66 10214

1712928946
0.3 0.47 1.65 341

1712928947
0.3 0.47 1.65 3295

1712928948
0.24 0.45 1.64 3450

1712928949
0.24 0.45 1.64 1466

1712928950
0.2 0.44 1.63 12735

1712928951
0.2 0.44 1.63 3486

1712928952
0.16 0.42 1.61 7475

1712928953
0.16 0.42 1.61 8199

1712928954
0.13 0.41 1.6 1018

1712928955
0.13 0.41 1.6 1345

1712928956
0.11 0.4 1.59 0

1712928957
0.11 0.4 1.59 2053

1712928958
0.09 0.38 1.58 10093

1712928959
0.09 0.38 1.58 9059

1712928960
0.07 0.37 1.57 1556

1712928961
0.07 0.37 1.57 5291

1712928962
0.06 0.36 1.56 2017

1712928963
0.06 0.36 1.56 10573

1712928964
0.04 0.34 1.55 12791

1712928965
0.04 0.34 1.55 3329

1712928966
0.04 0.33 1.54 508

1712928967
0.04 0.33 1.54 3264

1712928968
0.03 0.32 1.53 6087

1712928969
0.03 0.32 1.53 7704

1712928970
0.02 0.31 1.52 7946

1712928971
0.02 0.31 1.52 4840

1712928972
0.02 0.3 1.5 4712

1712928973
0.02 0.3 1.5 9926

1712928974
0.01 0.29 1.49 8706

1712928975
0.01 0.29 1.49 9676

1712928976
0.19 0.31 1.49 18668

1712928977
0.19 0.31 1.49 13796

1712928978
0.7 0.4 1.5 78991

1712928979
0.7 0.4 1.5 2736

1712928980
0.75 0.42 1.5 3652

1712928981
0.75 0.42 1.5 6292

1712928982
0.62 0.41 1.49 5032

1712928983
0.62 0.41 1.49 7698

1712928985
0.5 0.39 1.48 10973

1712928986
0.41 0.38 1.47 9192

1712928987
0.41 0.38 1.47 4946

1712928988
0.33 0.37 1.46 11111

1712928989
0.33 0.37 1.46 4211

1712928990
0.27 0.35 1.45 2965

1712928991
0.27 0.35 1.45 2816

1712928992
0.22 0.34 1.43 1216

1712928993
0.22 0.34 1.43 5700

1712928994
0.18 0.33 1.42 2001

1712928995
0.18 0.33 1.42 3575

1712928996
0.15 0.32 1.41 1777

1712928997
0.15 0.32 1.41 9200

1712928998
0.12 0.31 1.4 13119

1712928999
0.12 0.31 1.4 10655

1712929000
0.28 0.33 1.4 0

1712929001
0.28 0.33 1.4 2520

1712929002
0.23 0.32 1.39 10589

1712929003
0.23 0.32 1.39 2706

1712929004
0.18 0.31 1.38 7762

1712929005
0.18 0.31 1.38 2075

1712929006
0.15 0.3 1.37 1495

1712929007
0.15 0.3 1.37 5693

1712929008
0.12 0.29 1.36 0

1712929009
0.12 0.29 1.36 2215

1712929010
0.1 0.28 1.35 1022

1712929011
0.1 0.28 1.35 6446

1712929012
0.08 0.27 1.34 4453

1712929013
0.08 0.27 1.34 3266

1712929014
0.06 0.26 1.33 10627

1712929015
0.06 0.26 1.33 3859

1712929016
0.05 0.25 1.32 2482

1712929017
0.05 0.25 1.32 3697

1712929018
0.04 0.24 1.32 176

1712929019
0.04 0.24 1.32 3378

1712929020
0.03 0.23 1.31 9504

1712929021
0.03 0.23 1.31 5723

1712929022
0.03 0.23 1.3 2781

1712929023
0.03 0.23 1.3 5538

1712929024
0.02 0.22 1.29 6105

1712929025
0.02 0.22 1.29 4274

1712929026
0.01 0.21 1.28 9198

1712929027
0.01 0.21 1.28 3109

1712929028
0.01 0.2 1.27 5191

1712929029
0.01 0.2 1.27 4211

1712929030
0.01 0.2 1.26 2815

1712929031
0.01 0.2 1.26 2623

1712929032
0.01 0.19 1.25 14803

1712929033
0.01 0.19 1.25 0

1712929034
0.0 0.18 1.24 14632

1712929035
0.0 0.18 1.24 772

1712929036
0.0 0.18 1.23 3810

1712929037
0.0 0.18 1.23 16804

1712929038
0.18 0.2 1.23 3594

1712929039
0.18 0.2 1.23 8785

1712929040
0.15 0.2 1.22 6467

1712929041
0.15 0.2 1.22 1010

1712929042
0.12 0.19 1.21 2723

1712929043
0.12 0.19 1.21 2183

1712929044
0.1 0.18 1.21 5450

1712929045
0.1 0.18 1.21 0

1712929046
0.08 0.18 1.2 6852

1712929047
0.08 0.18 1.2 14359

1712929048
0.24 0.2 1.2 2303

1712929049
0.24 0.2 1.2 2706

1712929050
0.2 0.2 1.19 5803

1712929051
0.2 0.2 1.19 14697

1712929052
0.34 0.22 1.19 25427

1712929053
0.34 0.22 1.19 21781

1712929054
0.64 0.28 1.19 8403

1712929055
0.64 0.28 1.19 12347

1712929056
0.71 0.3 1.19 13905

1712929057
0.71 0.3 1.19 3356

1712929058
0.58 0.29 1.18 23147

1712929059
0.58 0.29 1.18 12000

1712929060
0.65 0.32 1.18 16381

1712929061
0.65 0.32 1.18 9701

1712929062
0.53 0.31 1.17 5031

1712929063
0.53 0.31 1.17 18717

1712929064
0.62 0.33 1.17 14377

1712929065
0.62 0.33 1.17 4809

1712929066
0.5 0.32 1.16 1268

1712929067
0.5 0.32 1.16 857

1712929068
0.41 0.31 1.15 3763

1712929069
0.41 0.31 1.15 0

1712929070
0.34 0.3 1.15 4826

1712929071
0.34 0.3 1.15 688

1712929072
0.27 0.29 1.14 3407

1712929073
0.27 0.29 1.14 6449

1712929074
0.22 0.28 1.13 2665

1712929075
0.22 0.28 1.13 3912

1712929076
0.18 0.27 1.12 1902

1712929077
0.18 0.27 1.12 658

1712929078
0.15 0.26 1.11 9171

1712929079
0.15 0.26 1.11 5268

1712929080
0.12 0.25 1.11 5433

1712929081
0.12 0.25 1.11 2447

1712929082
0.1 0.24 1.1 11151

1712929083
0.1 0.24 1.1 0

1712929084
0.08 0.23 1.09 1830

1712929085
0.08 0.23 1.09 616

1712929086
0.06 0.22 1.08 4457

1712929087
0.06 0.22 1.08 2246

1712929088
0.05 0.22 1.08 1278

1712929089
0.05 0.22 1.08 14318

1712929090
0.22 0.24 1.07 17622

1712929091
0.22 0.24 1.07 0

1712929092
0.18 0.23 1.07 1375

1712929093
0.18 0.23 1.07 0

1712929094
0.15 0.23 1.06 5832

1712929095
0.15 0.23 1.06 3123

1712929096
0.12 0.22 1.05 3426

1712929097
0.12 0.22 1.05 480

1712929098
0.1 0.21 1.04 1270

1712929099
0.1 0.21 1.04 5181

1712929100
0.08 0.2 1.04 4561

1712929101
0.08 0.2 1.04 481

1712929102
0.06 0.2 1.03 1375

1712929103
0.06 0.2 1.03 519

1712929104
0.05 0.19 1.02 1775

1712929105
0.05 0.19 1.02 1035

1712929106
0.04 0.18 1.02 4831

1712929107
0.04 0.18 1.02 715

1712929108
0.03 0.18 1.01 1297

1712929109
0.03 0.18 1.01 6809

1712929110
0.02 0.17 1.0 3225

1712929111
0.02 0.17 1.0 2299

1712929112
0.02 0.16 0.99 1282

1712929113
0.02 0.16 0.99 3479

1712929114
0.01 0.16 0.99 14564

1712929115
0.01 0.16 0.99 16827

1712929116
0.19 0.19 0.99 9544

1712929117
0.19 0.19 0.99 1985

1712929118
0.16 0.18 0.98 2815

1712929119
0.16 0.18 0.98 0

1712929120
0.13 0.17 0.97 7608

1712929121
0.13 0.17 0.97 9379

1712929122
0.1 0.17 0.97 1308

1712929123
0.1 0.17 0.97 12012

1712929124
0.45 0.23 0.97 31208

1712929125
0.45 0.23 0.97 6324

1712929126
0.36 0.22 0.97 3968

1712929127
0.36 0.22 0.97 1095

1712929128
0.3 0.21 0.96 1321

1712929129
0.3 0.21 0.96 20468

1712929130
0.42 0.24 0.96 9963

1712929131
0.42 0.24 0.96 9213

1712929132
0.35 0.23 0.95 3589

1712929133
0.35 0.23 0.95 103

1712929134
0.28 0.22 0.95 2382

1712929135
0.28 0.22 0.95 4301

1712929136
0.23 0.21 0.94 4483

1712929137
0.23 0.21 0.94 7822

1712929138
0.19 0.21 0.93 3834

1712929139
0.19 0.21 0.93 1970

1712929140
0.15 0.2 0.93 6611

1712929141
0.15 0.2 0.93 2528

1712929142
0.12 0.19 0.92 3473

1712929143
0.12 0.19 0.92 10301

1712929144
0.1 0.19 0.91 4349

1712929145
0.1 0.19 0.91 18296

1712929146
0.26 0.21 0.91 1763

1712929147
0.26 0.21 0.91 0

1712929148
0.21 0.21 0.91 1371

1712929149
0.21 0.21 0.91 899

1712929150
0.17 0.2 0.9 10257

1712929151
0.17 0.2 0.9 771

1712929152
0.14 0.19 0.89 15102

1712929153
0.14 0.19 0.89 1988

1712929154
0.3 0.22 0.9 6354

1712929155
0.3 0.22 0.9 23659

1712929156
0.42 0.24 0.9 1278

1712929157
0.42 0.24 0.9 462

1712929158
0.35 0.24 0.89 6744

1712929159
0.35 0.24 0.89 5797

1712929160
0.28 0.23 0.88 3975

1712929161
0.28 0.23 0.88 4880

1712929162
0.23 0.22 0.88 1050

1712929163
0.23 0.22 0.88 3705

1712929164
0.19 0.21 0.87 11710

1712929165
0.19 0.21 0.87 1276

1712929166
0.15 0.2 0.87 2647

1712929167
0.15 0.2 0.87 9079

1712929168
0.12 0.2 0.86 3628

1712929169
0.12 0.2 0.86 6725

1712929170
0.1 0.19 0.85 815

1712929171
0.1 0.19 0.85 3536

1712929172
0.08 0.18 0.85 1945

1712929173
0.08 0.18 0.85 4978

1712929174
0.43 0.24 0.85 54374

1712929175
0.43 0.24 0.85 1275

1712929176
0.35 0.23 0.85 2649

1712929177
0.35 0.23 0.85 9889

1712929178
0.28 0.23 0.84 2519

1712929179
0.28 0.23 0.84 7517

1712929180
0.23 0.22 0.84 3211

1712929181
0.23 0.22 0.84 9436

1712929182
0.19 0.21 0.83 8292

1712929183
0.19 0.21 0.83 8197

1712929184
0.15 0.2 0.82 3499

1712929185
0.15 0.2 0.82 5927

1712929186
0.12 0.2 0.82 2366

1712929187
0.12 0.2 0.82 16752

1712929188
0.1 0.19 0.81 924

1712929189
0.1 0.19 0.81 2875

1712929190
0.08 0.18 0.81 3424

1712929191
0.08 0.18 0.81 11983

1712929192
0.07 0.18 0.8 5443

1712929193
0.07 0.18 0.8 5988

1712929194
0.05 0.17 0.8 3359

1712929195
0.05 0.17 0.8 3162

1712929196
0.04 0.16 0.79 11993

1712929197
0.04 0.16 0.79 12515

1712929198
0.03 0.16 0.78 3857

1712929199
0.03 0.16 0.78 2994

1712929200
0.03 0.15 0.78 0

1712929201
0.03 0.15 0.78 3323

1712929202
0.02 0.15 0.77 3029

1712929203
0.02 0.15 0.77 4429

1712929204
0.02 0.14 0.77 271

1712929205
0.02 0.14 0.77 2733

1712929206
0.01 0.14 0.76 2980

1712929207
0.01 0.14 0.76 13301

1712929208
0.19 0.17 0.76 3563

1712929209
0.19 0.17 0.76 4145

1712929210
0.15 0.16 0.76 2318

1712929211
0.15 0.16 0.76 6006

1712929212
0.12 0.15 0.75 1548

1712929213
0.12 0.15 0.75 5185

1712929214
0.1 0.15 0.75 809

1712929215
0.1 0.15 0.75 6683

1712929216
0.08 0.14 0.74 1234

1712929217
0.08 0.14 0.74 2356

1712929218
0.07 0.14 0.74 2791

1712929219
0.07 0.14 0.74 2068

1712929220
0.05 0.13 0.73 501

1712929221
0.05 0.13 0.73 10163

1712929222
0.22 0.16 0.73 15098

1712929223
0.22 0.16 0.73 19197

1712929224
0.36 0.19 0.74 12851

1712929225
0.36 0.19 0.74 3470

1712929226
0.3 0.18 0.73 668

1712929227
0.3 0.18 0.73 10739

1712929228
0.24 0.18 0.72 655

1712929229
0.24 0.18 0.72 2030

1712929230
0.2 0.17 0.72 223

1712929231
0.2 0.17 0.72 1276

1712929232
0.16 0.16 0.71 1375

1712929233
0.16 0.16 0.71 2399

1712929234
0.13 0.16 0.71 7265

1712929235
0.13 0.16 0.71 4118

1712929236
0.11 0.15 0.7 0

1712929237
0.11 0.15 0.7 3830

1712929238
0.09 0.15 0.7 806

1712929239
0.09 0.15 0.7 1386

1712929240
0.07 0.14 0.69 60

1712929241
0.07 0.14 0.69 1756

1712929242
0.06 0.14 0.69 1166

1712929243
0.06 0.14 0.69 2575

1712929244
0.04 0.13 0.68 660

1712929245
0.04 0.13 0.68 3139

1712929246
0.03 0.13 0.68 5328

1712929247
0.03 0.13 0.68 9991

1712929248
0.03 0.12 0.67 1216

1712929249
0.03 0.12 0.67 1828

1712929250
0.02 0.12 0.67 146

1712929251
0.02 0.12 0.67 1800

1712929252
0.02 0.11 0.66 1072

1712929253
0.02 0.11 0.66 5723

1712929254
0.01 0.11 0.66 3966

1712929255
0.01 0.11 0.66 2446

1712929256
0.01 0.11 0.65 234

1712929257
0.01 0.11 0.65 16379

1712929258
0.19 0.14 0.66 22595

1712929259
0.19 0.14 0.66 22576

1712929260
0.33 0.16 0.66 11597

1712929261
0.33 0.16 0.66 17210

1712929262
0.45 0.19 0.66 10965

1712929263
0.45 0.19 0.66 5722

1712929264
0.37 0.18 0.66 89

1712929265
0.37 0.18 0.66 1756

1712929266
0.3 0.18 0.65 0

1712929267
0.3 0.18 0.65 1400

1712929268
0.25 0.17 0.65 787

1712929269
0.25 0.17 0.65 2641

1712929270
0.2 0.17 0.64 519

1712929271
0.2 0.17 0.64 1330

1712929272
0.16 0.16 0.64 0

1712929273
0.16 0.16 0.64 2459

1712929274
0.13 0.15 0.63 706

1712929275
0.13 0.15 0.63 2009

1712929276
0.11 0.15 0.63 723

1712929277
0.11 0.15 0.63 2665

1712929278
0.09 0.14 0.62 11674

1712929279
0.09 0.14 0.62 17831

1712929280
0.07 0.14 0.62 158

1712929281
0.07 0.14 0.62 1859

1712929282
0.06 0.13 0.62 0

1712929283
0.06 0.13 0.62 4554

1712929284
0.04 0.13 0.61 674

1712929285
0.04 0.13 0.61 2242

1712929286
0.04 0.12 0.61 2556

1712929287
0.04 0.12 0.61 671

1712929288
0.03 0.12 0.6 5338

1712929289
0.03 0.12 0.6 18638

1712929290
0.2 0.15 0.61 2402

1712929291
0.2 0.15 0.61 724

1712929292
0.16 0.14 0.6 3316

1712929293
0.16 0.14 0.6 5057

1712929294
0.13 0.14 0.6 1261

1712929295
0.13 0.14 0.6 0

1712929296
0.11 0.13 0.59 5308

1712929297
0.11 0.13 0.59 4654

1712929298
0.09 0.13 0.59 6488

1712929299
0.09 0.13 0.59 3056

1712929300
0.07 0.12 0.58 4823

1712929301
0.07 0.12 0.58 3213

1712929302
0.07 0.12 0.58 3891

1712929303
0.06 0.12 0.58 3462

1712929304
0.06 0.12 0.58 3323

1712929305
0.05 0.12 0.57 5138

1712929306
0.05 0.12 0.57 3659

1712929307
0.04 0.11 0.57 648

1712929308
0.04 0.11 0.57 4086

1712929309
0.03 0.11 0.57 1720

1712929310
0.03 0.11 0.57 2482

1712929311
0.02 0.1 0.56 1232

1712929312
0.02 0.1 0.56 2600

1712929313
0.02 0.1 0.56 2753

1712929314
0.02 0.1 0.56 4840

1712929315
0.01 0.1 0.55 16830

1712929316
0.01 0.1 0.55 10056

1712929317
0.19 0.13 0.56 5942

1712929318
0.19 0.13 0.56 2988

1712929319
0.16 0.12 0.55 17656

1712929320
0.16 0.12 0.55 10016

1712929321
0.31 0.15 0.56 8551

1712929322
0.31 0.15 0.56 3229

1712929324
0.25 0.14 0.55 11375

1712929325
0.2 0.14 0.55 1252

1712929326
0.2 0.14 0.55 2576

1712929327
0.17 0.13 0.55 2290

1712929328
0.17 0.13 0.55 4246

1712929329
0.14 0.13 0.54 9303

1712929330
0.14 0.13 0.54 2402

1712929331
0.11 0.12 0.54 1638

1712929332
0.11 0.12 0.54 2337

1712929333
0.09 0.12 0.53 1251

1712929334
0.09 0.12 0.53 5299

1712929335
0.07 0.12 0.53 2331

1712929336
0.07 0.12 0.53 5787

1712929337
0.06 0.11 0.53 1667

1712929338
0.06 0.11 0.53 4874

1712929339
0.05 0.11 0.52 21951

1712929340
0.05 0.11 0.52 4432

1712929341
0.22 0.14 0.53 2447

1712929342
0.22 0.14 0.53 3562

1712929343
0.18 0.13 0.52 1618

1712929344
0.18 0.13 0.52 6848

1712929345
0.14 0.13 0.52 1136

1712929346
0.14 0.13 0.52 3560

1712929347
0.12 0.12 0.51 1295

1712929348
0.12 0.12 0.51 1999

1712929349
0.09 0.12 0.51 3646

1712929350
0.09 0.12 0.51 2353

1712929351
0.08 0.11 0.51 6725

1712929352
0.08 0.11 0.51 3840

1712929353
0.06 0.11 0.5 1250

1712929354
0.06 0.11 0.5 2449

1712929355
0.05 0.11 0.5 6201

1712929356
0.05 0.11 0.5 3586

1712929357
0.04 0.1 0.49 3517

1712929358
0.04 0.1 0.49 2857

1712929359
0.03 0.1 0.49 4125

1712929360
0.03 0.1 0.49 2840

1712929361
0.02 0.1 0.49 1035

1712929362
0.02 0.1 0.49 4591

1712929363
0.02 0.09 0.48 941

1712929364
0.02 0.09 0.48 2789

1712929365
0.01 0.09 0.48 5356

1712929366
0.01 0.09 0.48 2402

1712929367
0.01 0.08 0.48 2238

1712929368
0.01 0.08 0.48 2790

1712929369
0.01 0.08 0.47 1226

1712929370
0.01 0.08 0.47 12689

1712929371
0.0 0.08 0.47 41278

1712929372
0.0 0.08 0.47 53011

1712929373
0.73 0.21 0.49 27040

1712929374
0.73 0.21 0.49 8483

1712929375
0.78 0.23 0.5 5469

1712929376
0.78 0.23 0.5 7015

1712929377
0.63 0.22 0.49 883

1712929378
0.63 0.22 0.49 3646

1712929379
0.52 0.22 0.49 8859

1712929380
0.52 0.22 0.49 2534

1712929381
0.42 0.21 0.49 1199

1712929382
0.42 0.21 0.49 2808

1712929383
0.35 0.2 0.48 778

1712929384
0.35 0.2 0.48 5585

1712929385
0.28 0.2 0.48 1453

1712929386
0.28 0.2 0.48 11405

1712929387
0.23 0.19 0.48 969

1712929388
0.23 0.19 0.48 2932

1712929389
0.19 0.18 0.47 3822

1712929390
0.19 0.18 0.47 2157

1712929391
0.15 0.18 0.47 1377

1712929392
0.15 0.18 0.47 3073

1712929393
0.12 0.17 0.47 1364

1712929394
0.12 0.17 0.47 6051

1712929395
0.1 0.16 0.46 870

1712929396
0.1 0.16 0.46 6502

1712929397
0.08 0.16 0.46 690

1712929398
0.08 0.16 0.46 2686

1712929399
0.06 0.15 0.46 2851

1712929400
0.06 0.15 0.46 20090

1712929401
0.23 0.18 0.46 22345

1712929402
0.23 0.18 0.46 2664

1712929403
0.19 0.17 0.46 1026

1712929404
0.19 0.17 0.46 3829

1712929405
0.15 0.17 0.45 599

1712929406
0.15 0.17 0.45 2062

1712929407
0.13 0.16 0.45 476

1712929408
0.13 0.16 0.45 2445

1712929409
0.1 0.16 0.45 2141

1712929410
0.1 0.16 0.45 1817

1712929411
0.08 0.15 0.44 136936

1712929412
0.08 0.15 0.44 286406

1712929413
5.14 1.06 0.63 293581

1712929414
5.14 1.06 0.63 258701

1712929415
7.65 1.65 0.76 16292

1712929416
7.65 1.65 0.76 15945

1712929417
6.44 1.63 0.76 19640

1712929418
6.44 1.63 0.76 4071

1712929419
5.46 1.61 0.76 2887

1712929420
5.46 1.61 0.76 2866

1712929421
4.47 1.55 0.76 3389

1712929422
4.47 1.55 0.76 5180

1712929423
3.66 1.5 0.75 2669

1712929424
3.66 1.5 0.75 628

1712929425
2.99 1.45 0.75 3093

1712929426
2.99 1.45 0.75 1313

1712929427
2.45 1.41 0.74 7460

1712929428
2.45 1.41 0.74 6456

1712929429
2.0 1.36 0.74 3181

1712929430
2.0 1.36 0.74 9791

1712929431
1.64 1.31 0.73 19262

1712929432
1.64 1.31 0.73 15414

1712929433
1.52 1.3 0.73 6388

1712929434
1.52 1.3 0.73 1225

1712929435
1.25 1.26 0.73 2436

1712929436
1.25 1.26 0.73 1203

1712929437
1.02 1.22 0.72 4725

1712929438
1.02 1.22 0.72 1129

1712929439
0.83 1.18 0.72 3995

1712929440
0.83 1.18 0.72 1532

1712929441
0.68 1.14 0.71 3261

1712929442
0.68 1.14 0.71 2603

1712929443
0.56 1.1 0.7 3626

1712929444
0.56 1.1 0.7 2102

1712929445
0.64 1.1 0.71 68957

1712929446
0.64 1.1 0.71 1488

1712929447
0.88 1.13 0.72 2857

1712929448
0.88 1.13 0.72 2575

1712929449
0.72 1.09 0.71 4033

1712929450
0.72 1.09 0.71 2760

1712929451
0.59 1.05 0.71 2343

1712929452
0.59 1.05 0.71 1329

1712929453
0.48 1.02 0.7 4945

1712929454
0.48 1.02 0.7 298

1712929455
0.39 0.99 0.7 5028

1712929456
0.39 0.99 0.7 1049

1712929457
0.32 0.95 0.69 2294

1712929458
0.32 0.95 0.69 0

1712929459
0.26 0.92 0.69 1946

1712929460
0.26 0.92 0.69 779

1712929461
0.21 0.89 0.68 1753

1712929462
0.21 0.89 0.68 5643

1712929463
0.17 0.86 0.68 2603

1712929464
0.17 0.86 0.68 1599

1712929465
0.14 0.83 0.67 2493

1712929466
0.14 0.83 0.67 686

1712929467
0.11 0.8 0.67 31575

1712929468
0.11 0.8 0.67 72636

1712929469
1.0 0.94 0.7 29609

1712929470
1.0 0.94 0.7 251265

1712929471
3.53 1.4 0.79 116912

1712929472
3.53 1.4 0.79 26418

1712929473
3.8 1.52 0.82 24977

1712929474
3.8 1.52 0.82 14343

1712929475
3.47 1.54 0.83 25640

1712929476
3.47 1.54 0.83 3289

1712929477
2.84 1.48 0.83 1342

1712929478
2.84 1.48 0.83 1878

1712929479
2.33 1.44 0.82 4655

1712929480
2.33 1.44 0.82 10222

1712929481
1.9 1.39 0.81 18322

1712929482
1.9 1.39 0.81 9636

1712929483
1.74 1.37 0.82 3239

1712929484
1.74 1.37 0.82 2557

1712929485
1.42 1.33 0.81 1265

1712929486
1.42 1.33 0.81 6671

1712929487
1.16 1.29 0.8 1380

1712929488
1.16 1.29 0.8 1139

1712929489
0.95 1.24 0.8 2314

1712929490
0.95 1.24 0.8 356

1712929491
0.78 1.2 0.79 2104

1712929492
0.78 1.2 0.79 1534

1712929493
0.64 1.16 0.79 2588

1712929494
0.64 1.16 0.79 7765

1712929495
0.52 1.12 0.78 3757

1712929496
0.52 1.12 0.78 20673

1712929497
0.61 1.12 0.78 20985

1712929498
0.61 1.12 0.78 37660

1712929499
1.04 1.18 0.8 17938

1712929500
1.04 1.18 0.8 15014

1712929501
1.03 1.17 0.8 15400

1712929502
1.03 1.17 0.8 21957

1712929503
1.02 1.17 0.8 23325

1712929504
1.02 1.17 0.8 14425

1712929505
1.02 1.16 0.8 34549

1712929506
1.02 1.16 0.8 55839

1712929507
2.46 1.42 0.86 123952

1712929508
2.46 1.42 0.86 5622

1712929509
2.2 1.4 0.86 15598

1712929510
2.2 1.4 0.86 6051

1712929511
1.98 1.39 0.86 20719

1712929512
1.98 1.39 0.86 17714

1712929513
1.98 1.41 0.87 23251

1712929514
1.98 1.41 0.87 9594

1712929515
1.8 1.4 0.87 8176

1712929516
1.8 1.4 0.87 0

1712929517
1.48 1.35 0.86 2890

1712929518
1.48 1.35 0.86 1951

1712929519
1.21 1.31 0.86 12976

1712929520
1.21 1.31 0.86 2744

1712929521
0.99 1.26 0.85 1806

1712929522
0.99 1.26 0.85 22469

1712929523
0.99 1.25 0.85 1290

1712929524
0.99 1.25 0.85 15359

1712929525
0.81 1.21 0.85 2662

1712929526
0.81 1.21 0.85 4975

1712929527
0.66 1.17 0.84 11587

1712929528
0.66 1.17 0.84 22053

1712929529
0.72 1.17 0.84 5251

1712929530
0.72 1.17 0.84 6279

1712929531
0.59 1.13 0.84 3798

1712929532
0.59 1.13 0.84 1170

1712929533
0.48 1.09 0.83 11462

1712929534
0.48 1.09 0.83 0

1712929535
0.39 1.06 0.82 2279

1712929536
0.39 1.06 0.82 2890

1712929537
0.32 1.02 0.82 2776

1712929538
0.32 1.02 0.82 12652

1712929539
0.44 1.02 0.82 9668

1712929540
0.44 1.02 0.82 11074

1712929541
0.36 0.99 0.81 5138

1712929542
0.36 0.99 0.81 15541

1712929543
0.48 0.99 0.81 9076

1712929544
0.48 0.99 0.81 12025

1712929545
0.39 0.95 0.81 894

1712929546
0.39 0.95 0.81 3075

1712929547
0.32 0.92 0.8 5169

1712929548
0.32 0.92 0.8 2022

1712929549
0.26 0.89 0.8 0

1712929550
0.26 0.89 0.8 7698

1712929551
0.21 0.86 0.79 1825

1712929552
0.21 0.86 0.79 1993

1712929553
0.17 0.83 0.79 2699

1712929554
0.17 0.83 0.79 2455

1712929555
0.14 0.8 0.78 3752

1712929556
0.14 0.8 0.78 1272

1712929557
0.11 0.78 0.77 0

1712929558
0.11 0.78 0.77 13225

1712929559
0.09 0.75 0.77 5526

1712929560
0.09 0.75 0.77 1263

1712929561
0.07 0.73 0.76 6123

1712929562
0.07 0.73 0.76 2730

1712929563
0.06 0.7 0.76 1871

1712929564
0.06 0.7 0.76 4384

1712929565
0.05 0.68 0.75 991

1712929566
0.05 0.68 0.75 17947

1712929567
0.04 0.66 0.75 564

1712929568
0.04 0.66 0.75 1989

1712929569
0.03 0.63 0.74 1793

1712929570
0.03 0.63 0.74 2199

1712929571
0.02 0.61 0.74 1225

1712929572
0.02 0.61 0.74 2114

1712929573
0.02 0.59 0.73 600

1712929574
0.02 0.59 0.73 3158

1712929575
0.01 0.57 0.73 1447

1712929576
0.01 0.57 0.73 9366

1712929577
0.01 0.55 0.72 500

1712929578
0.01 0.55 0.72 1404

1712929579
0.01 0.54 0.72 0

1712929580
0.01 0.54 0.72 1273

1712929581
0.0 0.52 0.71 1562

1712929582
0.0 0.52 0.71 2787

1712929583
0.0 0.5 0.7 468

1712929584
0.0 0.5 0.7 1266

1712929585
0.0 0.48 0.7 4555

1712929586
0.0 0.48 0.7 2790

1712929587
0.0 0.47 0.69 592

1712929588
0.0 0.47 0.69 1267

1712929589
0.0 0.45 0.69 3331

1712929590
0.0 0.45 0.69 1293

1712929591
0.0 0.44 0.68 104

1712929592
0.0 0.44 0.68 2261

1712929593
0.0 0.42 0.68 0

1712929594
0.0 0.42 0.68 1742

1712929595
0.0 0.41 0.68 2793

1712929596
0.0 0.41 0.68 1879

1712929597
0.0 0.39 0.67 0

1712929598
0.0 0.39 0.67 1279

1712929599
0.0 0.38 0.67 37

1712929600
0.0 0.38 0.67 3049

1712929601
0.0 0.37 0.66 945

1712929602
0.0 0.37 0.66 1759

1712929603
0.0 0.36 0.66 0

1712929604
0.0 0.36 0.66 1274

1712929605
0.0 0.34 0.65 1322

1712929606
0.0 0.34 0.65 2050

1712929607
0.0 0.33 0.65 0

1712929608
0.0 0.33 0.65 1278

1712929609
0.0 0.32 0.64 0

1712929610
0.0 0.32 0.64 1948

1712929611
0.0 0.31 0.64 139

1712929612
0.0 0.31 0.64 1268

1712929613
0.0 0.3 0.63 0

1712929614
0.0 0.3 0.63 3335

1712929615
0.0 0.29 0.63 4967

1712929616
0.0 0.29 0.63 14837

1712929617
0.0 0.28 0.62 1048

1712929618
0.0 0.28 0.62 1276

1712929619
0.0 0.27 0.62 1460

1712929620
0.0 0.27 0.62 4252

1712929621
0.0 0.26 0.61 3792

1712929622
0.0 0.26 0.61 7614

1712929623
0.0 0.25 0.61 8994

1712929624
0.0 0.25 0.61 3834

1712929625
0.0 0.24 0.61 3458

1712929626
0.0 0.24 0.61 21402

1712929627
0.18 0.27 0.61 16717

1712929628
0.18 0.27 0.61 11023

1712929629
0.14 0.26 0.6 1058

1712929630
0.14 0.26 0.6 3165

1712929631
0.12 0.25 0.6 25739

1712929632
0.12 0.25 0.6 18178

1712929633
0.28 0.27 0.6 12383

1712929634
0.28 0.27 0.6 2095

1712929635
0.22 0.26 0.6 3716

1712929636
0.22 0.26 0.6 22195

1712929637
0.36 0.29 0.6 707

1712929638
0.36 0.29 0.6 1992

1712929639
0.3 0.28 0.6 737

1712929640
0.3 0.28 0.6 2873

1712929641
0.24 0.27 0.59 3106

1712929642
0.24 0.27 0.59 11270

1712929643
0.38 0.29 0.6 12667

1712929644
0.38 0.29 0.6 1269

1712929645
0.31 0.28 0.59 0

1712929646
0.31 0.28 0.59 7067

1712929647
0.25 0.27 0.59 7524

1712929648
0.25 0.27 0.59 5899

1712929649
0.2 0.26 0.58 2090

1712929650
0.2 0.26 0.58 3666

1712929651
0.17 0.25 0.58 3162

1712929652
0.17 0.25 0.58 6313

1712929653
0.14 0.25 0.57 1673

1712929654
0.14 0.25 0.57 1487

1712929655
0.11 0.24 0.57 646

1712929656
0.11 0.24 0.57 3580

1712929657
0.09 0.23 0.56 11342

1712929658
0.09 0.23 0.56 1884

1712929659
0.07 0.22 0.56 1551

1712929660
0.07 0.22 0.56 5338

1712929661
0.06 0.21 0.56 2309

1712929662
0.06 0.21 0.56 11881

1712929663
0.23 0.24 0.56 13305

1712929664
0.23 0.24 0.56 7990

1712929665
0.18 0.23 0.56 5636

1712929666
0.18 0.23 0.56 6111

1712929667
0.15 0.22 0.55 3156

1712929668
0.15 0.22 0.55 643

1712929669
0.12 0.22 0.55 1753

1712929670
0.12 0.22 0.55 475

1712929671
0.1 0.21 0.54 3447

1712929672
0.1 0.21 0.54 549

1712929673
0.08 0.2 0.54 3625

1712929674
0.08 0.2 0.54 3359

1712929675
0.06 0.19 0.54 2075

1712929676
0.06 0.19 0.54 3628

1712929677
0.05 0.19 0.53 17982

1712929678
0.05 0.19 0.53 1384

1712929679
0.22 0.21 0.54 4632

1712929680
0.22 0.21 0.54 1721

1712929681
0.18 0.21 0.53 7117

1712929682
0.18 0.21 0.53 8363

1712929683
0.33 0.23 0.54 18075

1712929684
0.33 0.23 0.54 8988

1712929685
0.45 0.26 0.54 12601

1712929686
0.45 0.26 0.54 13300

1712929687
0.37 0.25 0.54 2886

1712929688
0.37 0.25 0.54 1290

1712929689
0.3 0.24 0.53 29572

1712929690
0.3 0.24 0.53 67099

1712929691
0.97 0.36 0.56 9126

1712929692
0.97 0.36 0.56 0

1712929693
0.79 0.35 0.55 3666

1712929694
0.79 0.35 0.55 0

1712929695
0.65 0.34 0.55 2060

1712929696
0.65 0.34 0.55 1043

1712929697
0.53 0.33 0.54 1953

1712929698
0.53 0.33 0.54 6849

1712929699
0.43 0.32 0.54 1862

1712929700
0.43 0.32 0.54 0

1712929701
0.35 0.31 0.54 2036

1712929702
0.35 0.31 0.54 1180

1712929703
0.29 0.3 0.53 3252

1712929704
0.29 0.3 0.53 2292

1712929705
0.23 0.29 0.53 3309

1712929706
0.23 0.29 0.53 645

1712929707
0.19 0.28 0.52 1911

1712929708
0.19 0.28 0.52 0

1712929709
0.16 0.27 0.52 2820

1712929710
0.16 0.27 0.52 0

1712929711
0.13 0.26 0.52 1953

1712929712
0.13 0.26 0.52 1509

1712929713
0.1 0.25 0.51 6217

1712929714
0.1 0.25 0.51 480

1712929715
0.08 0.24 0.51 2860

1712929716
0.08 0.24 0.51 0

1712929717
0.07 0.23 0.5 1820

1712929718
0.07 0.23 0.5 2234

1712929719
0.05 0.22 0.5 2119

1712929720
0.05 0.22 0.5 5950

1712929721
0.04 0.22 0.5 2693

1712929722
0.04 0.22 0.5 953

1712929723
0.03 0.21 0.49 4220

1712929724
0.03 0.21 0.49 0

1712929725
0.03 0.2 0.49 1372

1712929726
0.03 0.2 0.49 0

1712929727
0.02 0.19 0.49 2254

1712929728
0.02 0.19 0.49 11598

1712929729
0.02 0.19 0.48 3824

1712929730
0.02 0.19 0.48 0

1712929731
0.01 0.18 0.48 2136

1712929732
0.01 0.18 0.48 8751

1712929733
0.01 0.18 0.48 11311

1712929734
0.01 0.18 0.48 632

1712929735
0.01 0.17 0.47 3401

1712929736
0.01 0.17 0.47 505

1712929737
0.0 0.16 0.47 1293

1712929738
0.0 0.16 0.47 0

1712929739
0.0 0.16 0.47 4021

1712929740
0.0 0.16 0.47 3631

1712929741
0.0 0.15 0.46 2534

1712929742
0.0 0.15 0.46 1870

1712929743
0.0 0.15 0.46 2800

1712929744
0.0 0.15 0.46 2377

1712929745
0.0 0.14 0.45 13766

1712929746
0.0 0.14 0.45 1970

1712929747
0.0 0.14 0.45 3766

1712929748
0.0 0.14 0.45 2779

1712929749
0.18 0.16 0.46 25940

1712929750
0.18 0.16 0.46 1870

1712929751
0.14 0.16 0.45 2330

1712929752
0.14 0.16 0.45 0

1712929753
0.12 0.15 0.45 1374

1712929754
0.12 0.15 0.45 22792

1712929755
0.28 0.18 0.45 4144

1712929756
0.28 0.18 0.45 6422

1712929757
0.23 0.17 0.45 2673

1712929758
0.23 0.17 0.45 1486

1712929759
0.18 0.17 0.45 2022

1712929760
0.18 0.17 0.45 2378

1712929761
0.15 0.16 0.44 2741

1712929762
0.15 0.16 0.44 626

1712929763
0.12 0.16 0.44 14703

1712929764
0.12 0.16 0.44 26874

1712929765
0.28 0.18 0.44 12092

1712929766
0.28 0.18 0.44 1110

1712929767
0.23 0.18 0.44 2634

1712929768
0.23 0.18 0.44 1850

1712929769
0.19 0.17 0.44 2627

1712929770
0.19 0.17 0.44 1665

1712929771
0.15 0.17 0.43 3518

1712929772
0.15 0.17 0.43 8871

1712929773
0.12 0.16 0.43 2512

1712929774
0.12 0.16 0.43 660

1712929775
0.1 0.15 0.43 4098

1712929776
0.1 0.15 0.43 1042

1712929777
0.08 0.15 0.42 7253

1712929778
0.08 0.15 0.42 10052

1712929779
0.06 0.14 0.42 5709

1712929780
0.06 0.14 0.42 11463

1712929781
0.05 0.14 0.42 4178

1712929782
0.05 0.14 0.42 1518

1712929783
0.04 0.13 0.41 4570

1712929784
0.04 0.13 0.41 973

1712929785
0.03 0.13 0.41 12523

1712929786
0.03 0.13 0.41 1524

1712929787
0.03 0.12 0.41 4016

1712929788
0.03 0.12 0.41 2939

1712929789
0.02 0.12 0.4 1355

1712929790
0.02 0.12 0.4 11295

1712929791
0.01 0.12 0.4 2423

1712929792
0.01 0.12 0.4 2862

1712929793
0.01 0.11 0.4 2850

1712929794
0.01 0.11 0.4 6984

1712929795
0.19 0.14 0.4 15147

1712929796
0.19 0.14 0.4 1992

1712929797
0.34 0.17 0.41 24409

1712929798
0.34 0.17 0.41 16184

1712929799
0.27 0.16 0.4 2247

1712929800
0.27 0.16 0.4 12383

1712929801
0.22 0.16 0.4 1415

1712929802
0.22 0.16 0.4 3631

1712929803
0.22 0.16 0.4 10736

1712929804
0.18 0.15 0.4 3111

1712929805
0.18 0.15 0.4 9031

1712929806
0.15 0.15 0.4 2522

1712929807
0.15 0.15 0.4 786

1712929808
0.12 0.14 0.39 8238

1712929809
0.12 0.14 0.39 0

1712929810
0.1 0.14 0.39 2200

1712929811
0.1 0.14 0.39 1566

1712929812
0.08 0.13 0.39 4770

1712929813
0.08 0.13 0.39 1346

1712929814
0.06 0.13 0.38 2071

1712929816
0.05 0.12 0.38 13313

1712929817
0.05 0.12 0.38 2412

1712929818
0.04 0.12 0.38 5029

1712929819
0.04 0.12 0.38 1099

1712929820
0.03 0.11 0.38 4245

1712929821
0.03 0.11 0.38 12110

1712929822
0.02 0.11 0.37 10328

1712929823
0.02 0.11 0.37 11229

1712929824
0.2 0.14 0.38 2674

1712929825
0.2 0.14 0.38 2282

1712929826
0.16 0.13 0.37 5081

1712929827
0.16 0.13 0.37 5911

1712929828
0.13 0.13 0.37 2920

1712929829
0.13 0.13 0.37 1604

1712929830
0.11 0.12 0.37 4282

1712929831
0.11 0.12 0.37 87532

1712929832
0.81 0.25 0.39 18647

1712929833
0.81 0.25 0.39 9041

1712929834
0.85 0.28 0.4 2761

1712929835
0.85 0.28 0.4 1509

1712929836
0.69 0.27 0.39 2338

1712929837
0.69 0.27 0.39 1907

1712929838
0.56 0.26 0.39 2890

1712929839
0.56 0.26 0.39 1294

1712929840
0.46 0.25 0.39 2002

1712929841
0.46 0.25 0.39 2141

1712929842
0.38 0.24 0.39 3760

1712929843
0.38 0.24 0.39 2466

1712929844
0.31 0.23 0.38 5225

1712929845
0.31 0.23 0.38 725

1712929846
0.25 0.22 0.38 4582

1712929847
0.25 0.22 0.38 2004

1712929848
0.2 0.22 0.38 2788

1712929849
0.2 0.22 0.38 854

1712929850
0.17 0.21 0.37 4398

1712929851
0.17 0.21 0.37 3112

1712929852
0.13 0.2 0.37 2040

1712929853
0.13 0.2 0.37 2854

1712929854
0.11 0.19 0.37 5214

1712929855
0.11 0.19 0.37 2991

1712929856
0.09 0.19 0.37 8910

1712929857
0.09 0.19 0.37 4323

1712929858
0.07 0.18 0.36 6683

1712929859
0.07 0.18 0.36 1869

1712929860
0.06 0.18 0.36 2349

1712929861
0.06 0.18 0.36 1267

1712929862
0.05 0.17 0.36 2695

1712929863
0.05 0.17 0.36 5605

1712929864
0.04 0.16 0.35 9091

1712929865
0.04 0.16 0.35 2547

1712929866
0.03 0.16 0.35 9146

1712929867
0.03 0.16 0.35 23154

1712929868
0.2 0.18 0.36 2567

1712929869
0.2 0.18 0.36 4480

1712929870
0.17 0.18 0.35 6611

1712929871
0.17 0.18 0.35 5209

1712929872
0.13 0.17 0.35 3733

1712929873
0.13 0.17 0.35 0

1712929874
0.11 0.17 0.35 3253

1712929875
0.11 0.17 0.35 14591

1712929876
0.27 0.19 0.35 37031

1712929877
0.27 0.19 0.35 72578

1712929878
1.13 0.35 0.38 23188

1712929879
1.13 0.35 0.38 26362

1712929880
1.28 0.41 0.4 20609

1712929881
1.28 0.41 0.4 3050

1712929882
1.05 0.39 0.39 13519

1712929883
1.05 0.39 0.39 11349

1712929884
1.04 0.41 0.4 3994

1712929885
1.04 0.41 0.4 859

1712929886
0.85 0.4 0.39 8074

1712929887
0.85 0.4 0.39 11582

1712929888
0.88 0.42 0.4 3242

1712929889
0.88 0.42 0.4 2603

1712929890
0.72 0.4 0.4 4530

1712929891
0.72 0.4 0.4 2082

1712929892
0.59 0.39 0.39 8156

1712929893
0.59 0.39 0.39 7368

1712929894
0.48 0.38 0.39 2708

1712929895
0.48 0.38 0.39 2366

1712929896
0.39 0.36 0.39 2753

1712929897
0.39 0.36 0.39 5080

1712929898
0.32 0.35 0.38 31313

1712929899
0.32 0.35 0.38 7125

1712929900
0.44 0.37 0.39 2025

1712929901
0.44 0.37 0.39 0

1712929902
0.36 0.36 0.39 24499

1712929903
0.36 0.36 0.39 6933

1712929904
0.48 0.38 0.39 1267

1712929905
0.48 0.38 0.39 0

1712929906
0.39 0.37 0.39 1381

1712929907
0.39 0.37 0.39 5454

1712929908
0.32 0.36 0.38 12677

1712929909
0.32 0.36 0.38 10306

1712929910
0.44 0.38 0.39 20620

1712929911
0.44 0.38 0.39 654

1712929912
0.36 0.36 0.39 2830

1712929913
0.36 0.36 0.39 1917

1712929914
0.29 0.35 0.38 6296

1712929915
0.29 0.35 0.38 9874

1712929916
0.24 0.34 0.38 856

1712929917
0.24 0.34 0.38 1375

1712929918
0.19 0.33 0.38 0

1712929919
0.19 0.33 0.38 3875

1712929920
0.16 0.32 0.37 0

1712929921
0.16 0.32 0.37 1371

1712929922
0.13 0.31 0.37 0

1712929923
0.13 0.31 0.37 1764

1712929924
0.1 0.3 0.37 2674

1712929925
0.1 0.3 0.37 4579

1712929926
0.08 0.29 0.36 0

1712929927
0.08 0.29 0.36 8213

1712929928
0.07 0.28 0.36 2483

1712929929
0.07 0.28 0.36 4472

1712929930
0.05 0.27 0.36 1149

1712929931
0.05 0.27 0.36 2089

1712929932
0.04 0.26 0.36 480

1712929933
0.04 0.26 0.36 1752

1712929934
0.03 0.25 0.35 1541

1712929935
0.03 0.25 0.35 3124

1712929936
0.03 0.24 0.35 887

1712929937
0.03 0.24 0.35 6223

1712929938
0.02 0.23 0.35 3192

1712929939
0.02 0.23 0.35 3884

1712929940
0.02 0.22 0.35 2132

1712929941
0.02 0.22 0.35 1960

1712929942
0.01 0.22 0.34 709

1712929943
0.01 0.22 0.34 1284

1712929944
0.01 0.21 0.34 1760

1712929945
0.01 0.21 0.34 1887

1712929946
0.01 0.2 0.34 698

1712929947
0.01 0.2 0.34 2566

1712929948
0.0 0.2 0.34 1243

1712929949
0.0 0.2 0.34 3337

1712929950
0.0 0.19 0.33 2464

1712929951
0.0 0.19 0.33 2038

1712929952
0.0 0.18 0.33 0

1712929953
0.0 0.18 0.33 2058

1712929954
0.0 0.18 0.33 1867

1712929955
0.0 0.18 0.33 1277

1712929956
0.0 0.17 0.33 1400

1712929957
0.0 0.17 0.33 16230

1712929958
0.18 0.2 0.33 3853

1712929959
0.18 0.2 0.33 9408

1712929960
0.15 0.19 0.33 1133

1712929961
0.15 0.19 0.33 7545

1712929962
0.12 0.18 0.33 1597

1712929963
0.12 0.18 0.33 1468

1712929964
0.1 0.18 0.32 6540

1712929965
0.1 0.18 0.32 1440

1712929966
0.08 0.17 0.32 616

1712929967
0.08 0.17 0.32 1222

1712929968
0.06 0.16 0.32 0

1712929969
0.06 0.16 0.32 3951

1712929970
0.05 0.16 0.32 299

1712929971
0.05 0.16 0.32 6144

1712929972
0.04 0.15 0.31 4732

1712929973
0.04 0.15 0.31 1370

1712929974
0.03 0.15 0.31 6039

1712929975
0.03 0.15 0.31 1825

1712929976
0.02 0.14 0.31 1138

1712929977
0.02 0.14 0.31 3604

1712929978
0.02 0.14 0.31 1484

1712929979
0.02 0.14 0.31 2341

1712929980
0.01 0.13 0.3 0

1712929981
0.01 0.13 0.3 3645

1712929982
0.01 0.13 0.3 785

1712929983
0.01 0.13 0.3 3813

1712929984
0.01 0.12 0.3 754

1712929985
0.01 0.12 0.3 2016

1712929986
0.01 0.12 0.3 2192

1712929987
0.01 0.12 0.3 3579

1712929988
0.0 0.11 0.29 6283

1712929989
0.0 0.11 0.29 15282

1712929990
0.18 0.14 0.3 24303

1712929991
0.18 0.14 0.3 5579

1712929992
0.33 0.17 0.3 1714

1712929993
0.33 0.17 0.3 2536

1712929994
0.27 0.17 0.3 1111

1712929995
0.27 0.17 0.3 16291

1712929996
0.22 0.16 0.3 1896

1712929997
0.22 0.16 0.3 20805

1712929998
0.36 0.19 0.3 2895

1712929999
0.36 0.19 0.3 3365

1712930000
0.29 0.18 0.3 10956

1712930001
0.29 0.18 0.3 2301

1712930002
0.24 0.17 0.3 1347

1712930003
0.24 0.17 0.3 3298

1712930004
0.2 0.17 0.3 1119

1712930005
0.2 0.17 0.3 44582

1712930006
0.52 0.23 0.31 11421

1712930007
0.52 0.23 0.31 1935

1712930008
0.43 0.22 0.31 109

1712930009
0.43 0.22 0.31 2203

1712930010
0.35 0.21 0.3 4546

1712930011
0.35 0.21 0.3 13159

1712930012
0.47 0.24 0.31 23428

1712930013
0.47 0.24 0.31 2359

1712930014
0.38 0.23 0.31 520

1712930015
0.38 0.23 0.31 3542

1712930016
0.31 0.22 0.3 5086

1712930017
0.31 0.22 0.3 1768

1712930018
0.25 0.21 0.3 916

1712930019
0.25 0.21 0.3 6795

1712930020
0.21 0.21 0.3 3297

1712930021
0.21 0.21 0.3 6958

1712930022
0.17 0.2 0.3 1086

1712930023
0.17 0.2 0.3 2096

1712930024
0.14 0.19 0.29 772

1712930025
0.14 0.19 0.29 3624

1712930026
0.11 0.19 0.29 2729

1712930027
0.11 0.19 0.29 3108

1712930028
0.09 0.18 0.29 541

1712930029
0.09 0.18 0.29 2917

1712930030
0.07 0.17 0.29 1727

1712930031
0.07 0.17 0.29 4476

1712930032
0.06 0.17 0.28 2103

1712930033
0.06 0.17 0.28 1852

1712930034
0.05 0.16 0.28 1879

1712930035
0.05 0.16 0.28 3058

1712930036
0.04 0.16 0.28 6092

1712930037
0.04 0.16 0.28 4738

1712930038
0.03 0.15 0.28 561

1712930039
0.03 0.15 0.28 2315

1712930040
0.02 0.15 0.27 1167

1712930041
0.02 0.15 0.27 7406

1712930042
0.02 0.14 0.27 4627

1712930043
0.02 0.14 0.27 1540

1712930044
0.01 0.14 0.27 5877

1712930045
0.01 0.14 0.27 1742

1712930046
0.01 0.13 0.27 4287

1712930047
0.01 0.13 0.27 2833

1712930048
0.01 0.13 0.27 3030

1712930049
0.01 0.13 0.27 1569

1712930050
0.0 0.12 0.27 2553

1712930051
0.0 0.12 0.27 3891

1712930052
0.0 0.12 0.26 2700

1712930053
0.0 0.12 0.26 8673

1712930054
0.0 0.11 0.26 18144

1712930055
0.0 0.11 0.26 20433

1712930056
0.18 0.14 0.27 30679

1712930057
0.18 0.14 0.27 8807

1712930058
0.51 0.2 0.28 21619

1712930059
0.51 0.2 0.28 3320

1712930060
0.42 0.2 0.28 1703

1712930061
0.42 0.2 0.28 7102

1712930062
0.34 0.19 0.27 4697

1712930063
0.34 0.19 0.27 611

1712930064
0.28 0.18 0.27 3528

1712930065
0.28 0.18 0.27 2865

1712930066
0.23 0.18 0.27 1750

1712930067
0.23 0.18 0.27 6775

1712930068
0.18 0.17 0.27 2685

1712930069
0.18 0.17 0.27 3403

1712930071
0.15 0.16 0.27 2695

1712930072
0.12 0.16 0.27 3548

1712930073
0.12 0.16 0.27 1518

1712930074
0.1 0.15 0.26 7429

1712930075
0.1 0.15 0.26 8760

1712930076
0.08 0.15 0.26 2317

1712930077
0.08 0.15 0.26 3752

1712930078
0.06 0.14 0.26 7824

1712930079
0.06 0.14 0.26 9096

1712930080
0.05 0.14 0.26 4908

1712930081
0.05 0.14 0.26 516

1712930082
0.04 0.13 0.26 6636

1712930083
0.04 0.13 0.26 0

1712930084
0.03 0.13 0.25 1269

1712930085
0.03 0.13 0.25 0

1712930086
0.03 0.12 0.25 2109

1712930087
0.03 0.12 0.25 2645

1712930088
0.02 0.12 0.25 1264

1712930089
0.02 0.12 0.25 0

1712930090
0.01 0.11 0.25 1310

1712930091
0.01 0.11 0.25 0

1712930092
0.01 0.11 0.25 65623

1712930093
0.01 0.11 0.25 18016

1712930094
0.55 0.2 0.26 6871

1712930095
0.55 0.2 0.26 0

1712930096
0.45 0.2 0.26 3256

1712930097
0.45 0.2 0.26 6328

1712930098
0.37 0.19 0.26 2413

1712930099
0.37 0.19 0.26 900

1712930100
0.3 0.18 0.26 4004

1712930101
0.3 0.18 0.26 6690

1712930102
0.24 0.18 0.26 15826

1712930103
0.24 0.18 0.26 115512

1712930104
1.29 0.37 0.3 1828

1712930105
1.29 0.37 0.3 1377

1712930106
1.05 0.36 0.29 1575

1712930107
1.05 0.36 0.29 5450

1712930108
0.86 0.34 0.29 1279

1712930109
0.86 0.34 0.29 144446

1712930110
1.97 0.56 0.34 6907

1712930111
1.97 0.56 0.34 4793

1712930112
1.61 0.54 0.33 5906

1712930113
1.61 0.54 0.33 1895

1712930114
1.32 0.52 0.33 4165

1712930115
1.32 0.52 0.33 2627

1712930116
1.08 0.51 0.33 4112

1712930117
1.08 0.51 0.33 46417

1712930118
1.25 0.56 0.34 3651

1712930119
1.25 0.56 0.34 5384

1712930120
1.02 0.54 0.34 3256

1712930121
1.02 0.54 0.34 717

1712930122
1.01 0.55 0.34 38836

1712930123
1.01 0.55 0.34 11117

1712930124
0.83 0.53 0.34 2247

1712930126
0.68 0.52 0.34 2190

1712930127
0.68 0.52 0.34 6121

1712930128
0.55 0.5 0.34 6062

1712930129
0.55 0.5 0.34 13343

1712930130
0.63 0.52 0.34 9186

1712930131
0.63 0.52 0.34 6409

1712930132
0.7 0.53 0.35 14061

1712930133
0.7 0.53 0.35 4775

1712930134
0.57 0.51 0.34 5738

1712930135
0.57 0.51 0.34 4810

1712930136
0.47 0.5 0.34 4270

1712930137
0.47 0.5 0.34 8175

1712930138
0.38 0.48 0.34 11502

1712930139
0.38 0.48 0.34 7338

1712930140
0.31 0.46 0.34 9068

1712930141
0.31 0.46 0.34 1732

1712930142
0.25 0.45 0.33 4645

1712930143
0.25 0.45 0.33 17376

1712930144
0.39 0.47 0.34 18204

1712930145
0.39 0.47 0.34 31367

1712930146
0.68 0.52 0.35 20942

1712930147
0.68 0.52 0.35 10970

1712930148
0.74 0.53 0.36 15255

1712930149
0.74 0.53 0.36 3789

1712930150
0.6 0.52 0.35 6765

1712930151
0.6 0.52 0.35 1997

1712930152
0.49 0.5 0.35 3650

1712930153
0.49 0.5 0.35 7650

1712930154
0.4 0.48 0.35 10101

1712930155
0.4 0.48 0.35 8750

1712930156
0.33 0.47 0.35 8078

1712930157
0.33 0.47 0.35 6151

1712930158
0.27 0.45 0.34 2413

1712930159
0.27 0.45 0.34 1583

1712930160
0.22 0.43 0.34 16030

1712930161
0.22 0.43 0.34 1307

1712930162
0.18 0.42 0.34 2032

1712930163
0.18 0.42 0.34 3135

1712930164
0.14 0.41 0.34 8789

1712930165
0.14 0.41 0.34 4975

1712930166
0.12 0.39 0.33 1130

1712930167
0.12 0.39 0.33 2288

1712930168
0.09 0.38 0.33 1985

1712930169
0.09 0.38 0.33 18958

1712930170
0.26 0.4 0.34 20979

1712930171
0.26 0.4 0.34 2247

1712930172
0.21 0.39 0.33 1770

1712930173
0.21 0.39 0.33 3793

1712930174
0.17 0.37 0.33 1342

1712930175
0.17 0.37 0.33 3867

1712930176
0.14 0.36 0.33 2617

1712930177
0.14 0.36 0.33 2316

1712930178
0.11 0.35 0.33 811

1712930179
0.11 0.35 0.33 1488

1712930180
0.27 0.37 0.33 31206

1712930181
0.27 0.37 0.33 14280

1712930182
0.58 0.42 0.34 19151

1712930183
0.58 0.42 0.34 12960

1712930184
0.66 0.44 0.35 22973

1712930185
0.66 0.44 0.35 14027

1712930186
0.72 0.46 0.35 18654

1712930187
0.72 0.46 0.35 13848

1712930188
0.77 0.48 0.36 11445

1712930189
0.77 0.48 0.36 12944

1712930190
0.81 0.49 0.36 16582

1712930191
0.81 0.49 0.36 11657

1712930192
0.66 0.48 0.36 0

1712930193
0.66 0.48 0.36 1280

1712930194
0.54 0.46 0.36 0

1712930195
0.54 0.46 0.36 5921

1712930196
0.44 0.45 0.35 11733

1712930197
0.44 0.45 0.35 9051

1712930198
0.36 0.43 0.35 4547

1712930199
0.36 0.43 0.35 2563

1712930200
0.29 0.42 0.35 2536

1712930201
0.29 0.42 0.35 3926

1712930202
0.24 0.4 0.34 737

1712930203
0.24 0.4 0.34 3297

1712930204
0.2 0.39 0.34 0

1712930205
0.2 0.39 0.34 2600

1712930206
0.16 0.38 0.34 344

1712930207
0.16 0.38 0.34 1277

1712930208
0.13 0.36 0.34 1049

1712930209
0.13 0.36 0.34 1310

1712930210
0.1 0.35 0.33 0

1712930211
0.1 0.35 0.33 3756

1712930212
0.08 0.34 0.33 0

1712930213
0.08 0.34 0.33 3935

1712930214
0.07 0.33 0.33 4186

1712930215
0.07 0.33 0.33 3023

1712930216
0.05 0.32 0.33 0

1712930217
0.05 0.32 0.33 3258

1712930218
0.04 0.31 0.33 2654

1712930219
0.04 0.31 0.33 2098

1712930220
0.03 0.29 0.32 4167

1712930221
0.03 0.29 0.32 1768

1712930222
0.03 0.28 0.32 0

1712930223
0.03 0.28 0.32 2898

1712930224
0.02 0.27 0.32 0

1712930225
0.02 0.27 0.32 3731

1712930226
0.02 0.27 0.32 2183

1712930227
0.02 0.27 0.32 9646

1712930228
0.01 0.26 0.31 4589

1712930229
0.01 0.26 0.31 2448

1712930230
0.01 0.25 0.31 1532

1712930231
0.01 0.25 0.31 1279

1712930232
0.01 0.24 0.31 0

1712930233
0.01 0.24 0.31 3194

1712930234
0.0 0.23 0.31 575

1712930235
0.0 0.23 0.31 1278

1712930236
0.0 0.22 0.3 0

1712930237
0.0 0.22 0.3 1273

1712930238
0.0 0.22 0.3 1657

1712930239
0.0 0.22 0.3 2910

1712930240
0.0 0.21 0.3 78

1712930241
0.0 0.21 0.3 4093

1712930242
0.0 0.2 0.3 1609

1712930243
0.0 0.2 0.3 2490

1712930244
0.0 0.19 0.29 530

1712930245
0.0 0.19 0.29 2301

1712930246
0.0 0.19 0.29 0

1712930247
0.0 0.19 0.29 8927

1712930248
0.0 0.18 0.29 1073

1712930249
0.0 0.18 0.29 2691

1712930250
0.0 0.17 0.29 3262

1712930251
0.0 0.17 0.29 1273

1712930252
0.0 0.17 0.28 6651

1712930253
0.0 0.17 0.28 5067

1712930254
0.0 0.16 0.28 2332

1712930255
0.0 0.16 0.28 2621

1712930256
0.0 0.16 0.28 10507

1712930257
0.0 0.16 0.28 3442

1712930258
0.0 0.15 0.28 1059

1712930259
0.0 0.15 0.28 1263

1712930260
0.0 0.15 0.27 0

1712930261
0.0 0.15 0.27 2039

1712930262
0.0 0.14 0.27 14241

1712930263
0.0 0.14 0.27 2946

1712930264
0.0 0.14 0.27 2570

1712930265
0.0 0.14 0.27 1786

1712930266
0.0 0.13 0.27 3157

1712930267
0.0 0.13 0.27 1376

1712930268
0.0 0.13 0.27 0

1712930269
0.0 0.13 0.27 2265

1712930270
0.0 0.12 0.27 0

1712930271
0.0 0.12 0.27 2112

1712930272
0.0 0.12 0.26 1450

1712930273
0.0 0.12 0.26 2195

1712930274
0.0 0.11 0.26 3139

1712930275
0.0 0.11 0.26 2644

1712930276
0.0 0.11 0.26 1931

1712930277
0.0 0.11 0.26 6295

1712930278
0.0 0.1 0.26 0

1712930279
0.0 0.1 0.26 2805

1712930280
0.0 0.1 0.26 0

1712930281
0.0 0.1 0.26 3062

1712930282
0.0 0.1 0.25 0

1712930283
0.0 0.1 0.25 4093

1712930284
0.0 0.09 0.25 3642

1712930285
0.0 0.09 0.25 3108

1712930286
0.0 0.09 0.25 1700

1712930287
0.0 0.09 0.25 1277

1712930288
0.0 0.09 0.25 0

1712930289
0.0 0.09 0.25 3849

1712930290
0.0 0.08 0.25 2209

1712930291
0.0 0.08 0.25 9488

1712930292
0.18 0.11 0.25 10704

1712930293
0.18 0.11 0.25 3346

1712930294
0.14 0.11 0.25 10206

1712930295
0.14 0.11 0.25 11658

1712930296
0.12 0.11 0.25 2011

1712930297
0.12 0.11 0.25 3029

1712930298
0.09 0.1 0.25 4044

1712930299
0.09 0.1 0.25 1323

1712930300
0.08 0.1 0.24 4522

1712930301
0.08 0.1 0.24 2192

1712930302
0.06 0.09 0.24 2828

1712930303
0.06 0.09 0.24 3789

1712930304
0.06 0.09 0.24 4478

1712930305
0.05 0.09 0.24 1335

1712930306
0.05 0.09 0.24 10899

1712930307
0.04 0.09 0.24 6752

1712930308
0.04 0.09 0.24 5260

1712930309
0.03 0.08 0.24 5196

1712930310
0.03 0.08 0.24 8232

1712930311
0.02 0.08 0.23 2802

1712930312
0.02 0.08 0.23 2999

1712930313
0.02 0.08 0.23 0

1712930314
0.02 0.08 0.23 11486

1712930315
0.01 0.08 0.23 1778

1712930316
0.01 0.08 0.23 7599

1712930317
0.01 0.07 0.23 7839

1712930318
0.01 0.07 0.23 6084

1712930319
0.01 0.07 0.23 9528

1712930320
0.01 0.07 0.23 4248

1712930321
0.0 0.07 0.22 2382

1712930322
0.0 0.07 0.22 4279

1712930323
0.0 0.06 0.22 1591

1712930324
0.0 0.06 0.22 10202

1712930325
0.0 0.06 0.22 3187

1712930326
0.0 0.06 0.22 2355

1712930327
0.0 0.06 0.22 2439

1712930328
0.0 0.06 0.22 4596

1712930329
0.0 0.06 0.22 1602

1712930330
0.0 0.06 0.22 3968

1712930331
0.0 0.05 0.21 1152

1712930332
0.0 0.05 0.21 3836

1712930333
0.0 0.05 0.21 6692

1712930334
0.0 0.05 0.21 9681

1712930335
0.0 0.05 0.21 9748

1712930336
0.0 0.05 0.21 3975

1712930337
0.0 0.05 0.21 11999

1712930338
0.0 0.05 0.21 3751

1712930339
0.0 0.05 0.21 4618

1712930340
0.0 0.05 0.21 2097

1712930341
0.0 0.04 0.2 1899

1712930342
0.0 0.04 0.2 2849

1712930343
0.0 0.04 0.2 1185

1712930344
0.0 0.04 0.2 16390

1712930345
0.0 0.04 0.2 1450

1712930346
0.0 0.04 0.2 3743

1712930347
0.0 0.04 0.2 2089

1712930348
0.0 0.04 0.2 3024

1712930349
0.0 0.04 0.2 6823

1712930350
0.0 0.04 0.2 2903

1712930351
0.0 0.04 0.2 1986

1712930352
0.0 0.04 0.2 5046

1712930353
0.0 0.03 0.2 4178

1712930354
0.0 0.03 0.2 4252

1712930355
0.0 0.03 0.19 2288

1712930356
0.0 0.03 0.19 2975

1712930357
0.0 0.03 0.19 1722

1712930358
0.0 0.03 0.19 4090

1712930359
0.0 0.03 0.19 2047

1712930360
0.0 0.03 0.19 3218

1712930361
0.0 0.03 0.19 2213

1712930362
0.0 0.03 0.19 3589

1712930363
0.0 0.03 0.19 3815

1712930364
0.0 0.03 0.19 3141

1712930365
0.0 0.03 0.19 1968

1712930366
0.0 0.03 0.19 3876

1712930367
0.0 0.02 0.19 1496

1712930368
0.0 0.02 0.19 3259

1712930369
0.0 0.02 0.18 2777

1712930370
0.0 0.02 0.18 3195

1712930371
0.0 0.02 0.18 2029

1712930372
0.0 0.02 0.18 4363

1712930373
0.0 0.02 0.18 3711

1712930374
0.0 0.02 0.18 2754

1712930375
0.0 0.02 0.18 3488

1712930376
0.0 0.02 0.18 3474

1712930377
0.0 0.02 0.18 2689

1712930378
0.0 0.02 0.18 3381

1712930379
0.0 0.02 0.18 3144

1712930380
0.0 0.02 0.18 6521

1712930381
0.0 0.02 0.18 1435

1712930382
0.0 0.02 0.18 2599

1712930383
0.0 0.02 0.17 3292

1712930384
0.0 0.02 0.17 2447

1712930385
0.0 0.02 0.17 7654

1712930386
0.0 0.02 0.17 6370

1712930387
0.0 0.01 0.17 3825

1712930388
0.0 0.01 0.17 3655

1712930389
0.0 0.01 0.17 1687

1712930390
0.0 0.01 0.17 3213

1712930391
0.0 0.01 0.17 1941

1712930392
0.0 0.01 0.17 4177

1712930393
0.0 0.01 0.17 1825

1712930394
0.0 0.01 0.17 9284

1712930395
0.0 0.01 0.17 13706

1712930396
0.0 0.01 0.17 3070

1712930397
0.0 0.01 0.16 3179

1712930398
0.0 0.01 0.16 3043

1712930399
0.0 0.01 0.16 1813

1712930400
0.0 0.01 0.16 25084

1712930401
0.36 0.07 0.18 23583

1712930402
0.36 0.07 0.18 4436

1712930403
0.29 0.07 0.17 2857

1712930404
0.29 0.07 0.17 3989

1712930405
0.24 0.07 0.17 2367

1712930406
0.24 0.07 0.17 5325

1712930407
0.19 0.07 0.17 1558

1712930408
0.19 0.07 0.17 4309

1712930409
0.16 0.06 0.17 2397

1712930410
0.16 0.06 0.17 3624

1712930411
0.13 0.06 0.17 4614

1712930412
0.13 0.06 0.17 2900

1712930413
0.1 0.06 0.17 712

1712930414
0.1 0.06 0.17 3875

1712930415
0.08 0.06 0.16 2925

1712930416
0.08 0.06 0.16 9877

1712930417
0.07 0.05 0.16 7471

1712930418
0.07 0.05 0.16 2383

1712930419
0.05 0.05 0.16 5977

1712930420
0.05 0.05 0.16 0

1712930421
0.04 0.05 0.16 1825

1712930422
0.04 0.05 0.16 676

1712930423
0.03 0.05 0.16 7755

1712930424
0.03 0.05 0.16 0

1712930425
0.03 0.05 0.16 5681

1712930426
0.03 0.05 0.16 3614

1712930427
0.02 0.04 0.16 8193

1712930428
0.02 0.04 0.16 0

1712930429
0.02 0.04 0.15 3022

1712930431
0.01 0.04 0.15 15137

1712930432
0.01 0.04 0.15 0

1712930433
0.01 0.04 0.15 3535

1712930434
0.01 0.04 0.15 1821

1712930435
0.01 0.04 0.15 6134

1712930436
0.01 0.04 0.15 19908

1712930437
0.19 0.07 0.16 4609

1712930438
0.19 0.07 0.16 1223

1712930439
0.15 0.07 0.15 2054

1712930440
0.15 0.07 0.15 3901

1712930441
0.12 0.06 0.15 6139

1712930442
0.12 0.06 0.15 0

1712930443
0.1 0.06 0.15 1278

1712930444
0.1 0.06 0.15 0

1712930445
0.08 0.06 0.15 10465

1712930446
0.08 0.06 0.15 9304

1712930447
0.25 0.09 0.16 4373

1712930448
0.25 0.09 0.16 2220

1712930449
0.2 0.09 0.15 2669

1712930450
0.2 0.09 0.15 1550

1712930451
0.16 0.08 0.15 1276

1712930452
0.16 0.08 0.15 5729

1712930453
0.13 0.08 0.15 3028

1712930454
0.13 0.08 0.15 1914

1712930455
0.11 0.08 0.15 2288

1712930456
0.11 0.08 0.15 1289

1712930457
0.09 0.07 0.15 3970

1712930458
0.09 0.07 0.15 1103

1712930459
0.07 0.07 0.15 1388

1712930460
0.07 0.07 0.15 10921

1712930461
0.06 0.07 0.15 3048

1712930462
0.06 0.07 0.15 536

1712930463
0.04 0.07 0.14 3031

1712930464
0.04 0.07 0.14 1653

1712930465
0.04 0.06 0.14 2458

1712930466
0.04 0.06 0.14 2324

1712930467
0.03 0.06 0.14 4743

1712930468
0.03 0.06 0.14 1401

1712930469
0.02 0.06 0.14 2411

1712930470
0.02 0.06 0.14 499

1712930471
0.02 0.06 0.14 1270

1712930472
0.02 0.06 0.14 923

1712930473
0.01 0.05 0.14 2630

1712930474
0.01 0.05 0.14 1455

1712930475
0.01 0.05 0.14 1745

1712930476
0.01 0.05 0.14 1780

1712930477
0.01 0.05 0.14 4662

1712930478
0.01 0.05 0.14 0

1712930479
0.0 0.05 0.13 1272

1712930480
0.0 0.05 0.13 0

1712930481
0.0 0.05 0.13 1800

1712930482
0.0 0.05 0.13 2679

1712930483
0.0 0.04 0.13 2825

1712930484
0.0 0.04 0.13 0

1712930485
0.0 0.04 0.13 2733

1712930486
0.0 0.04 0.13 1864

1712930487
0.0 0.04 0.13 3471

1712930488
0.0 0.04 0.13 1229

1712930489
0.0 0.04 0.13 1266

1712930490
0.0 0.04 0.13 1512

1712930491
0.0 0.04 0.13 4203

1712930492
0.0 0.04 0.13 3279

1712930493
0.0 0.04 0.13 2927

1712930494
0.0 0.04 0.13 9158

1712930495
0.0 0.03 0.13 4481

1712930496
0.0 0.03 0.13 0

1712930497
0.0 0.03 0.13 2491

1712930498
0.0 0.03 0.13 23576

1712930499
0.18 0.06 0.13 31265

1712930500
0.18 0.06 0.13 41931

1712930501
0.69 0.16 0.15 17991

1712930502
0.69 0.16 0.15 3983

1712930503
0.56 0.15 0.15 3427

1712930504
0.56 0.15 0.15 0

1712930505
0.46 0.15 0.15 3549

1712930506
0.46 0.15 0.15 144457

1712930507
1.64 0.37 0.2 2608

1712930508
1.64 0.37 0.2 4760

1712930509
1.34 0.36 0.19 6574

1712930510
1.34 0.36 0.19 1298

1712930511
1.1 0.35 0.19 5464

1712930512
1.1 0.35 0.19 3732

1712930513
0.9 0.34 0.19 10094

1712930514
0.9 0.34 0.19 10440

1712930515
0.92 0.36 0.2 14468

1712930516
0.92 0.36 0.2 504

1712930517
0.75 0.35 0.2 5298

1712930518
0.75 0.35 0.2 63161

1712930519
1.16 0.43 0.22 17792

1712930520
1.16 0.43 0.22 24017

1712930521
1.31 0.48 0.23 38398

1712930522
1.31 0.48 0.23 139932

1712930523
2.52 0.73 0.28 15355

1712930524
2.52 0.73 0.28 2825

1712930525
2.06 0.71 0.28 4931

1712930526
2.06 0.71 0.28 470

1712930527
1.69 0.68 0.28 1826

1712930528
1.69 0.68 0.28 4315

1712930529
1.38 0.66 0.27 4901

1712930530
1.38 0.66 0.27 4788

1712930531
1.13 0.64 0.27 3357

1712930532
1.13 0.64 0.27 2914

1712930533
0.92 0.62 0.27 7483

1712930534
0.92 0.62 0.27 3502

1712930535
0.76 0.6 0.27 2617

1712930536
0.76 0.6 0.27 2403

1712930537
0.62 0.58 0.27 2725

1712930538
0.62 0.58 0.27 1318

1712930539
0.5 0.56 0.27 4553

1712930540
0.5 0.56 0.27 1098

1712930541
0.41 0.54 0.26 4078

1712930542
0.41 0.54 0.26 0

1712930543
0.34 0.52 0.26 5850

1712930544
0.34 0.52 0.26 2050

1712930545
0.27 0.5 0.26 3948

1712930546
0.27 0.5 0.26 3681

1712930547
0.22 0.49 0.26 2188

1712930548
0.22 0.49 0.26 2583

1712930549
0.18 0.47 0.26 1618

1712930550
0.18 0.47 0.26 3268

1712930551
0.15 0.45 0.25 1611

1712930552
0.15 0.45 0.25 3833

1712930553
0.12 0.44 0.25 3159

1712930554
0.12 0.44 0.25 2984

1712930555
0.1 0.42 0.25 18

1712930556
0.1 0.42 0.25 3017

1712930557
0.08 0.41 0.25 2907

1712930558
0.08 0.41 0.25 3896

1712930559
0.06 0.4 0.25 1459

1712930560
0.06 0.4 0.25 2709

1712930561
0.05 0.38 0.24 1147

1712930562
0.05 0.38 0.24 2815

1712930563
0.04 0.37 0.24 2439

1712930564
0.04 0.37 0.24 2730

1712930565
0.03 0.36 0.24 1053

1712930566
0.03 0.36 0.24 4679

1712930567
0.03 0.35 0.24 1310

1712930568
0.03 0.35 0.24 1837

1712930569
0.02 0.33 0.24 2326

1712930570
0.02 0.33 0.24 3414

1712930571
0.01 0.32 0.23 1152

1712930572
0.01 0.32 0.23 3968

1712930573
0.01 0.31 0.23 8048

1712930574
0.01 0.31 0.23 12522

1712930575
0.01 0.3 0.23 581

1712930576
0.01 0.3 0.23 1685

1712930577
0.01 0.29 0.23 2358

1712930578
0.01 0.29 0.23 12211

1712930579
0.0 0.28 0.23 3818

1712930580
0.0 0.28 0.23 2492

1712930581
0.0 0.27 0.22 3079

1712930582
0.0 0.27 0.22 2201

1712930583
0.0 0.26 0.22 2821

1712930584
0.0 0.26 0.22 2157

1712930585
0.0 0.25 0.22 1866

1712930586
0.0 0.25 0.22 4154

1712930587
0.0 0.24 0.22 3696

1712930588
0.0 0.24 0.22 4645

1712930589
0.0 0.24 0.22 2000

1712930590
0.0 0.24 0.22 3669

1712930591
0.0 0.23 0.21 0

1712930592
0.0 0.23 0.21 2884

1712930593
0.0 0.22 0.21 3717

1712930594
0.0 0.22 0.21 3027

1712930595
0.0 0.21 0.21 11083

1712930596
0.0 0.21 0.21 2802

1712930597
0.0 0.2 0.21 3451

1712930598
0.0 0.2 0.21 2310

1712930599
0.0 0.2 0.21 1063

1712930600
0.0 0.2 0.21 3111

1712930601
0.0 0.19 0.21 2162

1712930602
0.0 0.19 0.21 2886

1712930603
0.0 0.18 0.2 3541

1712930604
0.0 0.18 0.2 19272

1712930605
0.18 0.21 0.21 2477

1712930606
0.18 0.21 0.21 4014

1712930607
0.14 0.2 0.21 958

1712930608
0.14 0.2 0.21 12952

1712930609
0.12 0.2 0.21 2626

1712930610
0.12 0.2 0.21 6027

1712930611
0.09 0.19 0.2 2066

1712930612
0.09 0.19 0.2 2738

1712930613
0.08 0.18 0.2 4756

1712930614
0.08 0.18 0.2 1812

1712930615
0.06 0.18 0.2 3341

1712930616
0.06 0.18 0.2 5694

1712930617
0.05 0.17 0.2 2464

1712930618
0.05 0.17 0.2 3921

1712930619
0.04 0.16 0.2 7038

1712930620
0.04 0.16 0.2 5538

1712930621
0.03 0.16 0.2 0

1712930622
0.03 0.16 0.2 3761

1712930623
0.02 0.15 0.2 3364

1712930624
0.02 0.15 0.2 6096

1712930625
0.02 0.15 0.19 3512

1712930626
0.02 0.15 0.19 3647

1712930627
0.01 0.14 0.19 2793

1712930628
0.01 0.14 0.19 1974

1712930629
0.01 0.14 0.19 14636

1712930630
0.01 0.14 0.19 7378

1712930631
0.01 0.13 0.19 1412

1712930632
0.01 0.13 0.19 3199

1712930633
0.0 0.13 0.19 2576

1712930634
0.0 0.13 0.19 5059

1712930635
0.0 0.12 0.19 2102

1712930636
0.0 0.12 0.19 2447

1712930637
0.0 0.12 0.19 2161

1712930638
0.0 0.12 0.19 22130

1712930639
0.18 0.15 0.19 2269

1712930640
0.18 0.15 0.19 6678

1712930641
0.15 0.14 0.19 2015

1712930642
0.15 0.14 0.19 2817

1712930643
0.12 0.14 0.19 1588

1712930644
0.12 0.14 0.19 4331

1712930645
0.1 0.13 0.19 760

1712930646
0.1 0.13 0.19 2363

1712930647
0.08 0.13 0.19 2188

1712930648
0.08 0.13 0.19 4458

1712930649
0.06 0.12 0.18 4510

1712930650
0.06 0.12 0.18 3089

1712930651
1.14 0.32 0.22 174846

1712930652
1.14 0.32 0.22 125332

1712930653
2.38 0.57 0.28 1089

1712930654
2.38 0.57 0.28 3186

1712930655
1.95 0.55 0.28 1536

1712930656
1.95 0.55 0.28 4790

1712930657
1.59 0.53 0.27 4462

1712930658
1.59 0.53 0.27 1378

1712930659
1.3 0.51 0.27 3693

1712930660
1.3 0.51 0.27 2873

1712930661
1.07 0.49 0.27 3034

1712930662
1.07 0.49 0.27 3800

1712930663
0.87 0.48 0.27 2723

1712930664
0.87 0.48 0.27 2402

1712930665
0.89 0.5 0.27 28656

1712930666
0.89 0.5 0.27 2695

1712930667
0.91 0.51 0.28 35535

1712930668
0.91 0.51 0.28 56379

1712930669
1.47 0.63 0.3 26396

1712930670
1.47 0.63 0.3 4707

1712930671
1.2 0.6 0.3 11405

1712930672
1.2 0.6 0.3 11063

1712930673
0.99 0.58 0.3 1876

1712930674
0.99 0.58 0.3 1020

1712930675
0.81 0.57 0.3 2628

1712930676
0.81 0.57 0.3 834

1712930677
0.66 0.55 0.29 4126

1712930678
0.66 0.55 0.29 3565

1712930679
0.54 0.53 0.29 2765

1712930680
0.54 0.53 0.29 1994

1712930681
0.44 0.51 0.29 3027

1712930682
0.44 0.51 0.29 1212

1712930683
0.36 0.49 0.29 2301

1712930684
0.36 0.49 0.29 1052

1712930685
0.29 0.48 0.29 3669

1712930686
0.29 0.48 0.29 3643

1712930687
0.24 0.46 0.28 2160

1712930688
0.24 0.46 0.28 14058

1712930689
0.19 0.45 0.28 1265

1712930690
0.19 0.45 0.28 522

1712930691
0.16 0.43 0.28 4241

1712930692
0.16 0.43 0.28 2310

1712930693
0.13 0.42 0.28 3199

1712930694
0.13 0.42 0.28 4504

1712930695
0.1 0.4 0.27 2445

1712930696
0.1 0.4 0.27 29

1712930697
0.08 0.39 0.27 14889

1712930698
0.08 0.39 0.27 3149

1712930699
0.07 0.37 0.27 2520

1712930700
0.07 0.37 0.27 2813

1712930701
0.05 0.36 0.27 4211

1712930702
0.05 0.36 0.27 1607

1712930703
0.04 0.35 0.27 8357

1712930704
0.04 0.35 0.27 0

1712930705
0.03 0.34 0.26 3717

1712930706
0.03 0.34 0.26 1723

1712930707
0.03 0.33 0.26 3366

1712930708
0.03 0.33 0.26 1906

1712930709
0.02 0.32 0.26 3335

1712930710
0.02 0.32 0.26 0

1712930711
0.02 0.3 0.26 1854

1712930712
0.02 0.3 0.26 2341

1712930713
0.01 0.29 0.26 3452

1712930714
0.01 0.29 0.26 2728

1712930715
0.01 0.28 0.25 1734

1712930716
0.01 0.28 0.25 852

1712930717
0.01 0.27 0.25 2017

1712930718
0.01 0.27 0.25 19716

1712930719
0.19 0.3 0.26 10165

1712930720
0.19 0.3 0.26 1308

1712930721
0.15 0.29 0.26 3322

1712930722
0.15 0.29 0.26 1908

1712930723
0.12 0.28 0.25 3751

1712930724
0.12 0.28 0.25 483

1712930725
0.1 0.27 0.25 5928

1712930726
0.1 0.27 0.25 0

1712930727
0.08 0.26 0.25 1977

1712930728
0.08 0.26 0.25 5454

1712930729
0.06 0.25 0.25 3158

1712930730
0.06 0.25 0.25 957

1712930731
0.05 0.24 0.25 2793

1712930732
0.05 0.24 0.25 8898

1712930733
0.04 0.23 0.24 4456

1712930734
0.04 0.23 0.24 0

1712930735
0.03 0.23 0.24 4486

1712930736
0.03 0.23 0.24 1099

1712930737
0.03 0.22 0.24 1938

1712930738
0.03 0.22 0.24 747

1712930739
0.02 0.21 0.24 2872

1712930740
0.02 0.21 0.24 0

1712930741
0.01 0.2 0.24 1270

1712930742
0.01 0.2 0.24 2611

1712930743
0.01 0.2 0.23 5489

1712930744
0.01 0.2 0.23 368

1712930745
0.01 0.19 0.23 1275

1712930746
0.01 0.19 0.23 2549

1712930747
0.01 0.18 0.23 1331

1712930748
0.01 0.18 0.23 714

1712930749
0.0 0.18 0.23 11786

1712930750
0.0 0.18 0.23 192

1712930751
0.0 0.17 0.23 13487

1712930752
0.0 0.17 0.23 1236

1712930753
0.0 0.16 0.22 2970

1712930754
0.0 0.16 0.22 0

1712930755
0.0 0.16 0.22 11643

1712930756
0.0 0.16 0.22 3423

1712930757
0.0 0.15 0.22 2090

1712930758
0.0 0.15 0.22 2015

1712930759
0.0 0.15 0.22 1641

1712930760
0.0 0.15 0.22 0

1712930761
0.0 0.14 0.22 4028

1712930762
0.0 0.14 0.22 4450

1712930763
0.0 0.14 0.22 4159

1712930764
0.0 0.14 0.22 293

1712930765
0.0 0.13 0.21 2585

1712930766
0.0 0.13 0.21 0

1712930767
0.0 0.13 0.21 1860

1712930768
0.0 0.13 0.21 5454

1712930769
0.0 0.12 0.21 2661

1712930770
0.0 0.12 0.21 850

1712930771
0.0 0.12 0.21 3643

1712930772
0.0 0.12 0.21 1111

1712930773
0.0 0.11 0.21 1283

1712930774
0.0 0.11 0.21 3244

1712930775
0.0 0.11 0.2 3334

1712930776
0.0 0.11 0.2 2992

1712930777
0.0 0.11 0.2 9736

1712930778
0.0 0.11 0.2 3610

1712930779
0.0 0.1 0.2 1765

1712930780
0.0 0.1 0.2 609

1712930781
0.0 0.1 0.2 3063

1712930782
0.0 0.1 0.2 3444

1712930783
0.0 0.1 0.2 2406

1712930784
0.0 0.1 0.2 12911

1712930785
0.18 0.12 0.2 10013

1712930786
0.18 0.12 0.2 5644

1712930787
0.14 0.12 0.2 8547

1712930788
0.14 0.12 0.2 18826

1712930789
0.3 0.15 0.21 3871

1712930790
0.3 0.15 0.21 3299

1712930791
0.24 0.14 0.21 2612

1712930792
0.24 0.14 0.21 0

1712930793
0.2 0.14 0.21 2971

1712930794
0.2 0.14 0.21 3482

1712930795
0.16 0.13 0.2 4700

1712930796
0.16 0.13 0.2 5435

1712930797
0.13 0.13 0.2 3073

1712930798
0.13 0.13 0.2 2498

1712930799
0.11 0.12 0.2 1659

1712930800
0.11 0.12 0.2 3318

1712930801
0.09 0.12 0.2 1045

1712930802
0.09 0.12 0.2 2812

1712930803
0.07 0.12 0.2 2908

1712930804
0.07 0.12 0.2 3534

1712930805
0.07 0.12 0.2 1912

1712930806
0.06 0.11 0.2 1989

1712930807
0.06 0.11 0.2 1088

1712930808
0.04 0.11 0.2 2378

1712930809
0.04 0.11 0.2 12313

1712930810
0.03 0.1 0.19 11380

1712930811
0.03 0.1 0.19 6855

1712930812
0.03 0.1 0.19 14735

1712930813
0.03 0.1 0.19 2171

1712930814
0.02 0.1 0.19 5019

1712930815
0.02 0.1 0.19 9513

1712930816
0.02 0.09 0.19 1950

1712930817
0.02 0.09 0.19 3262

1712930818
0.01 0.09 0.19 2861

1712930819
0.01 0.09 0.19 1235

1712930820
0.01 0.09 0.19 3309

1712930821
0.01 0.09 0.19 0

1712930822
0.01 0.08 0.19 1265

1712930823
0.01 0.08 0.19 1357

1712930824
0.0 0.08 0.18 5625

1712930825
0.0 0.08 0.18 1770

1712930826
0.0 0.08 0.18 2652

1712930827
0.0 0.08 0.18 1685

1712930828
0.0 0.07 0.18 3132

1712930829
0.0 0.07 0.18 2502

1712930830
0.0 0.07 0.18 11811

1712930831
0.0 0.07 0.18 1543

1712930832
0.0 0.07 0.18 3303

1712930833
0.0 0.07 0.18 889

1712930834
0.0 0.07 0.18 3148

1712930835
0.0 0.07 0.18 3858

1712930836
0.0 0.06 0.18 2911

1712930837
0.0 0.06 0.18 1433

1712930838
0.0 0.06 0.17 3576

1712930839
0.0 0.06 0.17 1989

1712930840
0.0 0.06 0.17 8756

1712930841
0.0 0.06 0.17 1424

1712930842
0.0 0.06 0.17 2792

1712930843
0.0 0.06 0.17 1324

1712930844
0.0 0.05 0.17 4730

1712930845
0.0 0.05 0.17 1997

1712930846
0.0 0.05 0.17 3377

1712930847
0.0 0.05 0.17 854

1712930848
0.0 0.05 0.17 2581

1712930849
0.0 0.05 0.17 1073

1712930850
0.0 0.05 0.16 3599

1712930851
0.0 0.05 0.16 1546

1712930852
0.0 0.05 0.16 3289

1712930853
0.0 0.05 0.16 1459

1712930854
0.0 0.04 0.16 2604

1712930855
0.0 0.04 0.16 2489

1712930856
0.0 0.04 0.16 2568

1712930857
0.0 0.04 0.16 1478

1712930858
0.0 0.04 0.16 2752

1712930859
0.0 0.04 0.16 1284

1712930860
0.0 0.04 0.16 3825

1712930861
0.0 0.04 0.16 9100

1712930862
0.0 0.04 0.16 4556

1712930863
0.0 0.04 0.16 1021

1712930864
0.0 0.04 0.15 11672

1712930865
0.0 0.04 0.15 3231

1712930866
0.0 0.03 0.15 3287

1712930867
0.0 0.03 0.15 9521

1712930868
0.0 0.03 0.15 2964

1712930869
0.0 0.03 0.15 1401

1712930870
0.0 0.03 0.15 2763

1712930871
0.0 0.03 0.15 3478

1712930872
0.0 0.03 0.15 4077

1712930873
0.0 0.03 0.15 1508

1712930874
0.0 0.03 0.15 2577

1712930875
0.0 0.03 0.15 2292

1712930876
0.0 0.03 0.15 3008

1712930877
0.0 0.03 0.15 1158

1712930878
0.0 0.02 0.14 3522

1712930879
0.0 0.02 0.14 1350

1712930880
0.0 0.02 0.14 3364

1712930881
0.0 0.02 0.14 1316

1712930882
0.0 0.02 0.14 2513

1712930883
0.0 0.02 0.14 2132

1712930884
0.0 0.02 0.14 8671

1712930885
0.0 0.02 0.14 989

1712930886
0.0 0.02 0.14 3227

1712930887
0.0 0.02 0.14 1128

1712930888
0.0 0.02 0.14 3458

1712930889
0.0 0.02 0.14 1952

1712930890
0.0 0.02 0.14 2561

1712930891
0.0 0.02 0.14 1332

1712930892
0.0 0.02 0.14 2484

1712930893
0.0 0.02 0.14 2628

1712930894
0.0 0.02 0.13 3266

1712930895
0.0 0.02 0.13 2727

1712930896
0.0 0.02 0.13 2820

1712930897
0.0 0.02 0.13 1238

1712930898
0.0 0.02 0.13 3256

1712930899
0.0 0.02 0.13 1345

1712930900
0.0 0.01 0.13 2578

1712930901
0.0 0.01 0.13 9166

1712930902
0.0 0.01 0.13 4392

1712930903
0.0 0.01 0.13 1858

1712930904
0.0 0.01 0.13 3609

1712930905
0.0 0.01 0.13 1721

1712930906
0.0 0.01 0.13 6154

1712930907
0.0 0.01 0.13 1157

1712930908
0.0 0.01 0.13 2608

1712930909
0.0 0.01 0.13 1562

1712930910
0.0 0.01 0.13 2759

1712930911
0.0 0.01 0.13 2219

1712930912
0.0 0.01 0.13 2412

1712930913
0.0 0.01 0.13 1184

1712930914
0.0 0.01 0.12 2509

1712930915
0.0 0.01 0.12 1267

1712930916
0.0 0.01 0.12 3580

1712930917
0.0 0.01 0.12 25477

1712930918
0.18 0.04 0.13 3895

1712930919
0.18 0.04 0.13 1344

1712930920
0.14 0.04 0.13 5571

1712930921
0.14 0.04 0.13 11100

1712930922
0.12 0.04 0.13 2218

1712930923
0.12 0.04 0.13 1809

1712930924
0.09 0.04 0.13 1290

1712930925
0.09 0.04 0.13 4611

1712930926
0.26 0.07 0.13 37914

1712930927
0.26 0.07 0.13 20105

1712930928
0.39 0.1 0.14 5018

1712930929
0.39 0.1 0.14 1931

1712930930
0.32 0.09 0.14 1779

1712930931
0.32 0.09 0.14 2677

1712930932
0.26 0.09 0.14 100

1712930933
0.26 0.09 0.14 3072

1712930934
0.21 0.09 0.14 575

1712930935
0.21 0.09 0.14 2813

1712930936
0.17 0.08 0.13 559

1712930937
0.17 0.08 0.13 2557

1712930938
0.14 0.08 0.13 549

1712930939
0.14 0.08 0.13 1442

1712930940
0.11 0.08 0.13 1695

1712930941
0.11 0.08 0.13 1759

1712930942
0.09 0.08 0.13 3384

1712930943
0.09 0.08 0.13 2014

1712930944
0.07 0.07 0.13 605

1712930945
0.07 0.07 0.13 1862

1712930946
0.06 0.07 0.13 556

1712930947
0.06 0.07 0.13 9008

1712930948
0.05 0.07 0.13 1095

1712930949
0.05 0.07 0.13 1384

1712930950
0.04 0.06 0.13 158

1712930951
0.04 0.06 0.13 1471

1712930952
0.03 0.06 0.13 2157

1712930953
0.03 0.06 0.13 1784

1712930954
0.02 0.06 0.13 52

1712930955
0.02 0.06 0.13 2312

1712930956
0.02 0.06 0.12 26

1712930957
0.02 0.06 0.12 3120

1712930958
0.01 0.05 0.12 92

1712930959
0.01 0.05 0.12 3594

1712930960
0.01 0.05 0.12 530

1712930961
0.01 0.05 0.12 5151

1712930962
0.01 0.05 0.12 77

1712930963
0.01 0.05 0.12 2340

1712930964
0.0 0.05 0.12 629

1712930965
0.0 0.05 0.12 1642

1712930966
0.0 0.05 0.12 1261

1712930967
0.0 0.05 0.12 1508

1712930968
0.0 0.04 0.12 674

1712930969
0.0 0.04 0.12 1853

1712930970
0.0 0.04 0.12 171

1712930971
0.0 0.04 0.12 3930

1712930972
0.0 0.04 0.12 7249

1712930973
0.0 0.04 0.12 8488

1712930974
0.0 0.04 0.12 19397

1712930975
0.0 0.04 0.12 82487

1712930976
0.9 0.2 0.15 29539

1712930977
0.9 0.2 0.15 92854

1712930978
1.64 0.36 0.18 0

1712930979
1.64 0.36 0.18 74357

1712930980
2.07 0.48 0.21 40754

1712930981
2.07 0.48 0.21 67584

1712930982
2.42 0.59 0.24 22050

1712930983
2.42 0.59 0.24 3744

1712930984
2.16 0.61 0.24 14432

1712930985
2.16 0.61 0.24 8006

1712930986
1.77 0.59 0.24 4067

1712930987
1.77 0.59 0.24 2260

1712930988
1.45 0.57 0.24 14

1712930989
1.45 0.57 0.24 10922

1712930990
1.18 0.55 0.23 1539

1712930991
1.18 0.55 0.23 8594

1712930992
0.97 0.53 0.23 15689

1712930993
0.97 0.53 0.23 191

1712930994
0.97 0.54 0.24 33434

1712930995
0.97 0.54 0.24 14694

1712930996
1.16 0.59 0.25 12296

1712930997
1.16 0.59 0.25 4623

1712930998
0.95 0.57 0.25 0

1712930999
0.95 0.57 0.25 31

1712931000
0.77 0.55 0.25 901

1712931001
0.77 0.55 0.25 3102

1712931002
0.63 0.54 0.24 7664

1712931003
0.63 0.54 0.24 8180

1712931004
0.7 0.55 0.25 24213

1712931005
0.7 0.55 0.25 37663

1712931006
0.93 0.6 0.26 11842

1712931007
0.93 0.6 0.26 2258

1712931008
0.76 0.58 0.26 0

1712931009
0.76 0.58 0.26 1210

1712931010
0.62 0.56 0.26 105358

1712931011
0.62 0.56 0.26 8838

1712931012
1.23 0.67 0.28 0

1712931013
1.23 0.67 0.28 1349

1712931014
1.01 0.65 0.28 65

1712931015
1.01 0.65 0.28 4076

1712931016
0.83 0.63 0.28 19519

1712931017
0.83 0.63 0.28 51217

1712931018
1.22 0.7 0.3 16906

1712931019
1.22 0.7 0.3 21567

1712931020
1.18 0.71 0.3 193

1712931021
1.18 0.71 0.3 1781

1712931022
0.96 0.69 0.3 172

1712931023
0.96 0.69 0.3 7898

1712931024
0.79 0.67 0.3 1998

1712931025
0.79 0.67 0.3 11281

1712931026
0.64 0.64 0.3 62991

1712931027
0.64 0.64 0.3 169980

1712931028
3.24 1.11 0.4 107576

1712931029
3.24 1.11 0.4 86587

1712931030
3.56 1.24 0.43 2639

1712931031
3.56 1.24 0.43 3971

1712931032
2.91 1.2 0.42 5655

1712931033
2.91 1.2 0.42 2984

1712931034
2.39 1.16 0.42 3271

1712931035
2.39 1.16 0.42 11520

1712931036
1.95 1.12 0.42 768

1712931037
1.95 1.12 0.42 27250

1712931038
1.96 1.15 0.43 57085

1712931040
2.33 1.24 0.45 78363

