1712928504
0.28 0.73 0.47 0

1712928506
0.23 0.71 0.46 1317

1712928507
0.19 0.69 0.46 29131

1712928508
0.19 0.69 0.46 77879

1712928509
1.06 0.83 0.49 16075

1712928510
1.06 0.83 0.49 0

1712928511
0.87 0.8 0.49 0

1712928512
0.87 0.8 0.49 16232

1712928513
0.71 0.77 0.48 286

1712928514
0.71 0.77 0.48 2722

1712928515
0.58 0.75 0.48 0

1712928516
0.58 0.75 0.48 0

1712928517
0.47 0.72 0.48 202

1712928518
0.47 0.72 0.48 27

1712928519
0.39 0.7 0.47 0

1712928520
0.39 0.7 0.47 0

1712928521
0.31 0.68 0.47 0

1712928522
0.31 0.68 0.47 0

1712928523
0.26 0.65 0.47 0

1712928524
0.26 0.65 0.47 2

1712928525
0.21 0.63 0.46 3

1712928526
0.21 0.63 0.46 5

1712928527
0.17 0.61 0.46 109

1712928528
0.17 0.61 0.46 0

1712928529
0.14 0.59 0.46 0

1712928530
0.14 0.59 0.46 0

1712928531
0.11 0.57 0.45 1164

1712928532
0.11 0.57 0.45 0

1712928533
0.09 0.55 0.45 13681

1712928534
0.09 0.55 0.45 11232

1712928535
0.25 0.57 0.45 0

1712928536
0.25 0.57 0.45 0

1712928537
0.21 0.55 0.45 0

1712928538
0.21 0.55 0.45 33334

1712928539
0.35 0.56 0.45 0

1712928540
0.35 0.56 0.45 166

1712928541
0.29 0.54 0.45 29064

1712928542
0.29 0.54 0.45 12130

1712928543
0.41 0.56 0.46 12263

1712928544
0.41 0.56 0.46 12915

1712928545
0.52 0.57 0.46 18679

1712928546
0.52 0.57 0.46 24814

1712928547
0.61 0.59 0.46 0

1712928548
0.61 0.59 0.46 0

1712928549
0.5 0.57 0.46 0

1712928550
0.5 0.57 0.46 0

1712928551
0.4 0.55 0.46 0

1712928552
0.4 0.55 0.46 22225

1712928553
0.51 0.56 0.46 7858

1712928554
0.51 0.56 0.46 4432

1712928555
0.42 0.54 0.46 1370

1712928556
0.42 0.54 0.46 51

1712928557
0.52 0.56 0.46 20528

1712928558
0.52 0.56 0.46 0

1712928559
0.43 0.54 0.46 0

1712928560
0.43 0.54 0.46 0

1712928561
0.35 0.52 0.45 0

1712928562
0.35 0.52 0.45 0

1712928563
0.28 0.51 0.45 204188

1712928564
0.28 0.51 0.45 67365

1712928565
2.59 0.91 0.54 4680

1712928566
2.59 0.91 0.54 0

1712928567
2.12 0.88 0.53 0

1712928568
2.12 0.88 0.53 2574

1712928569
1.73 0.85 0.53 0

1712928570
1.73 0.85 0.53 0

1712928571
1.42 0.83 0.52 0

1712928572
1.42 0.83 0.52 0

1712928573
1.16 0.8 0.52 0

1712928574
1.16 0.8 0.52 0

1712928575
0.95 0.77 0.52 1

1712928576
0.95 0.77 0.52 0

1712928577
0.78 0.75 0.51 0

1712928578
0.78 0.75 0.51 23144

1712928579
0.82 0.75 0.52 0

1712928580
0.82 0.75 0.52 0

1712928581
0.67 0.73 0.51 0

1712928582
0.67 0.73 0.51 0

1712928583
0.54 0.71 0.51 0

1712928584
0.54 0.71 0.51 0

1712928585
0.44 0.68 0.5 0

1712928586
0.44 0.68 0.5 130

1712928587
0.36 0.66 0.5 0

1712928588
0.36 0.66 0.5 0

1712928589
0.3 0.64 0.5 0

1712928590
0.3 0.64 0.5 0

1712928591
0.24 0.62 0.49 13252

1712928592
0.24 0.62 0.49 0

1712928593
0.2 0.6 0.49 971

1712928594
0.2 0.6 0.49 4061

1712928595
0.16 0.58 0.49 0

1712928596
0.16 0.58 0.49 0

1712928597
0.13 0.56 0.48 0

1712928598
0.13 0.56 0.48 0

1712928599
0.29 0.57 0.49 43190

1712928600
0.29 0.57 0.49 2482

1712928601
0.42 0.58 0.49 0

1712928602
0.42 0.58 0.49 19185

1712928603
0.34 0.57 0.49 0

1712928604
0.34 0.57 0.49 0

1712928605
0.28 0.55 0.48 0

1712928606
0.28 0.55 0.48 11879

1712928607
0.23 0.53 0.48 0

1712928608
0.23 0.53 0.48 0

1712928609
0.18 0.51 0.48 0

1712928610
0.18 0.51 0.48 0

1712928611
0.15 0.49 0.47 0

1712928612
0.15 0.49 0.47 13307

1712928613
0.12 0.48 0.47 0

1712928614
0.12 0.48 0.47 0

1712928615
0.1 0.46 0.47 0

1712928616
0.1 0.46 0.47 0

1712928617
0.08 0.45 0.46 0

1712928618
0.08 0.45 0.46 0

1712928619
0.06 0.43 0.46 0

1712928620
0.06 0.43 0.46 0

1712928621
0.05 0.42 0.46 0

1712928622
0.05 0.42 0.46 140

1712928623
0.04 0.4 0.45 630

1712928624
0.04 0.4 0.45 12056

1712928625
0.03 0.39 0.45 0

1712928626
0.03 0.39 0.45 0

1712928627
0.03 0.37 0.45 0

1712928628
0.03 0.37 0.45 318

1712928630
0.02 0.36 0.44 12474

1712928631
0.01 0.35 0.44 12981

1712928632
0.01 0.35 0.44 11562

1712928633
0.19 0.37 0.44 13806

1712928634
0.19 0.37 0.44 0

1712928635
0.16 0.36 0.44 1622

1712928636
0.16 0.36 0.44 5661

1712928637
0.13 0.35 0.44 1890

1712928638
0.13 0.35 0.44 16758

1712928639
0.1 0.33 0.43 7

1712928640
0.1 0.33 0.43 811

1712928641
0.08 0.32 0.43 1

1712928642
0.08 0.32 0.43 49

1712928643
0.07 0.31 0.43 0

1712928644
0.07 0.31 0.43 0

1712928645
0.05 0.3 0.42 15073

1712928646
0.05 0.3 0.42 0

1712928647
0.22 0.32 0.43 15503

1712928648
0.22 0.32 0.43 38

1712928649
0.36 0.35 0.43 36507

1712928650
0.36 0.35 0.43 296

1712928651
0.3 0.33 0.43 0

1712928652
0.3 0.33 0.43 0

1712928653
0.24 0.32 0.42 0

1712928654
0.24 0.32 0.42 65

1712928655
0.2 0.31 0.42 0

1712928656
0.2 0.31 0.42 0

1712928657
0.16 0.3 0.42 0

1712928658
0.16 0.3 0.42 0

1712928659
0.13 0.29 0.41 0

1712928660
0.13 0.29 0.41 0

1712928661
0.11 0.28 0.41 0

1712928662
0.11 0.28 0.41 0

1712928663
0.09 0.27 0.41 0

1712928664
0.09 0.27 0.41 0

1712928665
0.07 0.26 0.41 2292

1712928666
0.07 0.26 0.41 0

1712928667
0.96 0.42 0.44 116357

1712928669
0.79 0.4 0.43 0

1712928670
0.79 0.4 0.43 0

1712928671
0.64 0.39 0.43 0

1712928672
0.64 0.39 0.43 1541

1712928673
0.52 0.38 0.43 519

1712928674
0.52 0.38 0.43 0

1712928676
0.43 0.36 0.42 534

1712928677
0.35 0.35 0.42 87

1712928678
0.35 0.35 0.42 0

1712928679
0.29 0.34 0.42 0

1712928680
0.29 0.34 0.42 0

1712928681
0.23 0.33 0.41 0

1712928682
0.23 0.33 0.41 0

1712928683
0.19 0.32 0.41 0

1712928684
0.19 0.32 0.41 0

1712928685
0.15 0.31 0.41 39

1712928686
0.15 0.31 0.41 0

1712928687
0.12 0.3 0.41 0

1712928688
0.12 0.3 0.41 0

1712928689
0.1 0.29 0.4 0

1712928690
0.1 0.29 0.4 632

1712928691
0.08 0.28 0.4 582

1712928692
0.08 0.28 0.4 2428

1712928693
0.07 0.27 0.4 0

1712928694
0.07 0.27 0.4 286

1712928695
0.05 0.26 0.39 0

1712928696
0.05 0.26 0.39 0

1712928697
0.04 0.25 0.39 1062

1712928698
0.04 0.25 0.39 0

1712928699
0.03 0.24 0.39 0

1712928700
0.03 0.24 0.39 0

1712928701
0.03 0.23 0.39 0

1712928702
0.03 0.23 0.39 0

1712928703
0.02 0.22 0.38 0

1712928704
0.02 0.22 0.38 0

1712928705
0.02 0.22 0.38 0

1712928706
0.02 0.22 0.38 35

1712928707
0.01 0.21 0.38 0

1712928708
0.01 0.21 0.38 0

1712928709
0.01 0.2 0.37 0

1712928710
0.01 0.2 0.37 0

1712928711
0.01 0.19 0.37 0

1712928712
0.01 0.19 0.37 3057

1712928713
0.0 0.19 0.37 0

1712928714
0.0 0.19 0.37 22876

1712928715
0.36 0.25 0.38 20892

1712928716
0.36 0.25 0.38 0

1712928717
0.3 0.24 0.38 921

1712928718
0.3 0.24 0.38 0

1712928719
0.24 0.23 0.37 0

1712928720
0.24 0.23 0.37 545

1712928721
0.2 0.22 0.37 0

1712928722
0.2 0.22 0.37 0

1712928723
0.16 0.22 0.37 1021

1712928724
0.16 0.22 0.37 0

1712928725
0.13 0.21 0.36 0

1712928726
0.13 0.21 0.36 0

1712928727
0.11 0.2 0.36 0

1712928728
0.11 0.2 0.36 0

1712928729
0.09 0.19 0.36 0

1712928730
0.09 0.19 0.36 0

1712928731
0.07 0.19 0.36 0

1712928732
0.07 0.19 0.36 0

1712928733
0.06 0.18 0.35 0

1712928734
0.06 0.18 0.35 0

1712928735
0.04 0.17 0.35 0

1712928736
0.04 0.17 0.35 0

1712928737
0.03 0.17 0.35 0

1712928738
0.03 0.17 0.35 523

1712928739
0.03 0.16 0.35 0

1712928740
0.03 0.16 0.35 0

1712928741
0.02 0.16 0.34 0

1712928742
0.02 0.16 0.34 0

1712928743
0.02 0.15 0.34 1

1712928744
0.02 0.15 0.34 0

1712928745
0.01 0.15 0.34 0

1712928746
0.01 0.15 0.34 150

1712928747
0.01 0.14 0.34 4335

1712928748
0.01 0.14 0.34 2297

1712928749
0.37 0.2 0.35 48406

1712928750
0.37 0.2 0.35 32300

1712928751
0.48 0.23 0.35 78

1712928752
0.48 0.23 0.35 0

1712928753
0.39 0.22 0.35 54

1712928754
0.39 0.22 0.35 42694

1712928755
0.87 0.31 0.37 27063

1712928756
0.87 0.31 0.37 0

1712928757
0.71 0.3 0.37 37

1712928758
0.71 0.3 0.37 0

1712928759
0.76 0.32 0.37 20727

1712928760
0.76 0.32 0.37 0

1712928761
0.62 0.31 0.37 2803

1712928762
0.62 0.31 0.37 0

1712928763
0.51 0.3 0.36 0

1712928764
0.51 0.3 0.36 0

1712928765
0.41 0.29 0.36 0

1712928766
0.41 0.29 0.36 0

1712928767
0.34 0.28 0.36 0

1712928768
0.34 0.28 0.36 18888

1712928769
0.28 0.27 0.35 0

1712928770
0.28 0.27 0.35 0

1712928771
0.59 0.33 0.37 40413

1712928772
0.59 0.33 0.37 538

1712928773
0.48 0.32 0.36 0

1712928774
0.48 0.32 0.36 0

1712928775
0.39 0.31 0.36 0

1712928776
0.39 0.31 0.36 510

1712928777
0.32 0.3 0.36 0

1712928778
0.32 0.3 0.36 0

1712928779
0.44 0.32 0.36 22344

1712928780
0.44 0.32 0.36 28241

1712928781
0.72 0.37 0.37 32028

1712928782
0.72 0.37 0.37 28768

1712928783
0.95 0.43 0.38 11662

1712928784
0.95 0.43 0.38 36061

1712928785
0.96 0.45 0.39 0

1712928786
0.96 0.45 0.39 22357

1712928787
0.97 0.46 0.39 17430

1712928788
0.97 0.46 0.39 39697

1712928789
0.97 0.48 0.4 0

1712928790
0.97 0.48 0.4 12183

1712928791
1.34 0.56 0.42 51851

1712928792
1.34 0.56 0.42 0

1712928793
1.1 0.55 0.41 0

1712928794
1.1 0.55 0.41 0

1712928795
0.9 0.53 0.41 0

1712928796
0.9 0.53 0.41 31

1712928797
0.73 0.51 0.41 0

1712928798
0.73 0.51 0.41 4

1712928799
0.6 0.49 0.4 0

1712928800
0.6 0.49 0.4 0

1712928801
0.6 0.49 0.4 0

1712928802
0.49 0.48 0.4 0

1712928803
0.49 0.48 0.4 2502

1712928804
0.4 0.46 0.4 9920

1712928805
0.4 0.46 0.4 789

1712928806
0.33 0.44 0.39 2797

1712928807
0.33 0.44 0.39 0

1712928808
0.27 0.43 0.39 0

1712928809
0.27 0.43 0.39 0

1712928810
0.22 0.41 0.39 0

1712928811
0.22 0.41 0.39 0

1712928812
0.18 0.4 0.39 0

1712928813
0.18 0.4 0.39 854

1712928814
0.14 0.39 0.38 0

1712928815
0.14 0.39 0.38 0

1712928816
0.12 0.37 0.38 0

1712928817
0.12 0.37 0.38 0

1712928818
0.09 0.36 0.38 550

1712928819
0.09 0.36 0.38 0

1712928820
0.08 0.35 0.37 0

1712928821
0.08 0.35 0.37 0

1712928822
0.06 0.34 0.37 0

1712928823
0.06 0.34 0.37 0

1712928824
0.05 0.33 0.37 0

1712928825
0.05 0.33 0.37 0

1712928826
0.04 0.31 0.37 0

1712928827
0.04 0.31 0.37 0

1712928828
0.03 0.3 0.36 0

1712928829
0.03 0.3 0.36 1704

1712928830
0.02 0.29 0.36 626

1712928831
0.02 0.29 0.36 122

1712928832
0.02 0.28 0.36 0

1712928833
0.02 0.28 0.36 0

1712928834
0.01 0.27 0.35 0

1712928835
0.01 0.27 0.35 0

1712928836
0.01 0.26 0.35 0

1712928837
0.01 0.26 0.35 0

1712928838
0.01 0.26 0.35 0

1712928839
0.01 0.26 0.35 0

1712928840
0.0 0.25 0.35 0

1712928841
0.0 0.25 0.35 178

1712928842
0.0 0.24 0.34 0

1712928843
0.0 0.24 0.34 631

1712928844
0.0 0.23 0.34 0

1712928845
0.0 0.23 0.34 520

1712928846
0.0 0.22 0.34 10

1712928847
0.0 0.22 0.34 0

1712928848
0.0 0.21 0.34 0

1712928849
0.0 0.21 0.34 710

1712928850
0.0 0.21 0.33 31

1712928851
0.0 0.21 0.33 0

1712928852
0.0 0.2 0.33 0

1712928853
0.0 0.2 0.33 0

1712928854
0.0 0.19 0.33 0

1712928855
0.0 0.19 0.33 660

1712928856
0.0 0.19 0.33 772

1712928857
0.0 0.19 0.33 672

1712928858
0.0 0.18 0.32 0

1712928860
0.0 0.17 0.32 1598

1712928861
0.0 0.17 0.32 0

1712928862
0.0 0.17 0.32 0

1712928863
0.0 0.17 0.32 27

1712928864
0.0 0.16 0.32 0

1712928865
0.0 0.16 0.32 427

1712928866
0.0 0.16 0.31 28

1712928867
0.0 0.16 0.31 0

1712928868
0.0 0.15 0.31 0

1712928869
0.0 0.15 0.31 0

1712928870
0.0 0.14 0.31 1

1712928871
0.0 0.14 0.31 0

1712928872
0.0 0.14 0.31 505

1712928873
0.0 0.14 0.31 0

1712928874
0.0 0.13 0.3 0

1712928875
0.0 0.13 0.3 0

1712928876
0.0 0.13 0.3 0

1712928877
0.0 0.13 0.3 0

1712928878
0.0 0.12 0.3 0

1712928879
0.0 0.12 0.3 0

1712928880
0.0 0.12 0.3 0

1712928881
0.0 0.12 0.3 0

1712928882
0.0 0.12 0.29 0

1712928883
0.0 0.12 0.29 0

1712928884
0.0 0.11 0.29 0

1712928885
0.0 0.11 0.29 0

1712928886
0.0 0.11 0.29 0

1712928887
0.0 0.11 0.29 1631

1712928888
0.0 0.1 0.29 0

1712928889
0.0 0.1 0.29 0

1712928890
0.0 0.1 0.29 0

1712928891
0.0 0.1 0.29 726

1712928892
0.0 0.1 0.28 0

1712928893
0.0 0.1 0.28 0

1712928894
0.0 0.09 0.28 0

1712928895
0.0 0.09 0.28 0

1712928896
0.0 0.09 0.28 0

1712928897
0.0 0.09 0.28 0

1712928898
0.0 0.09 0.28 0

1712928899
0.0 0.09 0.28 0

1712928900
0.0 0.08 0.27 0

1712928901
0.0 0.08 0.27 0

1712928902
0.0 0.08 0.27 0

1712928903
0.0 0.08 0.27 0

1712928904
0.0 0.08 0.27 0

1712928905
0.0 0.08 0.27 0

1712928906
0.0 0.07 0.27 0

1712928907
0.0 0.07 0.27 0

1712928908
0.0 0.07 0.27 0

1712928909
0.0 0.07 0.27 0

1712928910
0.0 0.07 0.26 0

1712928911
0.0 0.07 0.26 0

1712928912
0.0 0.07 0.26 0

1712928913
0.0 0.07 0.26 0

1712928914
0.0 0.06 0.26 0

1712928915
0.0 0.06 0.26 0

1712928916
0.0 0.06 0.26 64

1712928917
0.0 0.06 0.26 0

1712928918
0.0 0.06 0.26 0

1712928919
0.0 0.06 0.26 776

1712928920
0.0 0.06 0.25 37616

1712928921
0.0 0.06 0.25 24646

1712928922
0.54 0.15 0.27 12

1712928923
0.54 0.15 0.27 0

1712928924
0.44 0.15 0.27 0

1712928925
0.44 0.15 0.27 0

1712928926
0.36 0.14 0.27 0

1712928927
0.36 0.14 0.27 31867

1712928928
0.66 0.2 0.28 48295

1712928929
0.66 0.2 0.28 17426

1712928930
0.9 0.26 0.29 30363

1712928931
0.9 0.26 0.29 29234

1712928932
1.1 0.32 0.31 13172

1712928933
1.1 0.32 0.31 0

1712928934
0.9 0.31 0.3 9610

1712928935
0.9 0.31 0.3 0

1712928936
0.73 0.3 0.3 0

1712928937
0.73 0.3 0.3 0

1712928938
0.6 0.29 0.3 0

1712928939
0.6 0.29 0.3 0

1712928940
0.49 0.28 0.3 0

1712928941
0.49 0.28 0.3 0

1712928942
0.4 0.27 0.29 0

1712928943
0.4 0.27 0.29 7059

1712928944
0.33 0.26 0.29 6457

1712928945
0.33 0.26 0.29 9315

1712928946
0.27 0.25 0.29 3310

1712928947
0.27 0.25 0.29 55

1712928948
0.22 0.24 0.29 0

1712928949
0.22 0.24 0.29 3008

1712928950
0.18 0.23 0.28 924

1712928951
0.18 0.23 0.28 2066

1712928952
0.14 0.22 0.28 2903

1712928953
0.14 0.22 0.28 2458

1712928954
0.12 0.22 0.28 0

1712928955
0.12 0.22 0.28 2892

1712928956
0.09 0.21 0.28 4467

1712928957
0.09 0.21 0.28 5263

1712928958
0.08 0.2 0.27 52511

1712928959
0.08 0.2 0.27 23402

1712928960
0.6 0.29 0.29 5888

1712928961
0.6 0.29 0.29 1530

1712928962
0.49 0.28 0.29 32

1712928963
0.49 0.28 0.29 0

1712928964
0.4 0.27 0.29 20877

1712928965
0.4 0.27 0.29 0

1712928966
0.33 0.27 0.29 0

1712928967
0.33 0.27 0.29 3736

1712928968
0.27 0.26 0.28 4620

1712928969
0.27 0.26 0.28 38

1712928970
0.22 0.25 0.28 14808

1712928971
0.22 0.25 0.28 5481

1712928972
0.18 0.24 0.28 0

1712928973
0.18 0.24 0.28 0

1712928974
0.14 0.23 0.28 0

1712928975
0.14 0.23 0.28 0

1712928976
0.66 0.32 0.3 78749

1712928977
0.66 0.32 0.3 226

1712928978
1.99 0.57 0.35 194449

1712928979
1.99 0.57 0.35 7250

1712928980
1.99 0.62 0.36 0

1712928981
1.99 0.62 0.36 4

1712928982
1.63 0.6 0.36 0

1712928983
1.63 0.6 0.36 56827

1712928985
1.7 0.64 0.37 220

1712928986
1.39 0.62 0.37 2205

1712928987
1.39 0.62 0.37 0

1712928988
1.14 0.6 0.36 0

1712928989
1.14 0.6 0.36 0

1712928990
0.93 0.58 0.36 0

1712928991
0.93 0.58 0.36 0

1712928992
0.76 0.56 0.36 0

1712928993
0.76 0.56 0.36 0

1712928994
0.62 0.54 0.35 0

1712928995
0.62 0.54 0.35 0

1712928996
0.51 0.53 0.35 0

1712928997
0.51 0.53 0.35 28956

1712928998
0.6 0.54 0.36 0

1712928999
0.6 0.54 0.36 0

1712929000
0.49 0.52 0.35 0

1712929001
0.49 0.52 0.35 208

1712929002
0.4 0.51 0.35 17263

1712929003
0.4 0.51 0.35 517

1712929004
0.32 0.49 0.35 1603

1712929005
0.32 0.49 0.35 0

1712929006
0.26 0.47 0.35 35

1712929007
0.26 0.47 0.35 6

1712929008
0.22 0.46 0.34 0

1712929009
0.22 0.46 0.34 0

1712929010
0.18 0.44 0.34 0

1712929011
0.18 0.44 0.34 42324

1712929012
0.51 0.49 0.35 0

1712929013
0.51 0.49 0.35 52

1712929014
0.41 0.48 0.35 3523

1712929015
0.41 0.48 0.35 0

1712929016
0.34 0.46 0.35 0

1712929017
0.34 0.46 0.35 0

1712929018
0.27 0.44 0.34 0

1712929019
0.27 0.44 0.34 0

1712929020
0.22 0.43 0.34 4722

1712929021
0.22 0.43 0.34 0

1712929022
0.18 0.41 0.34 6870

1712929023
0.18 0.41 0.34 0

1712929024
0.15 0.4 0.34 0

1712929025
0.15 0.4 0.34 0

1712929026
0.12 0.39 0.33 0

1712929027
0.12 0.39 0.33 0

1712929028
0.1 0.37 0.33 0

1712929029
0.1 0.37 0.33 0

1712929030
0.08 0.36 0.33 0

1712929031
0.08 0.36 0.33 0

1712929032
0.06 0.35 0.33 0

1712929033
0.06 0.35 0.33 0

1712929034
0.05 0.34 0.33 0

1712929035
0.05 0.34 0.33 25330

1712929036
0.4 0.39 0.34 29704

1712929037
0.4 0.39 0.34 6580

1712929038
0.51 0.41 0.34 19589

1712929039
0.51 0.41 0.34 11285

1712929040
0.42 0.4 0.34 0

1712929041
0.42 0.4 0.34 0

1712929042
0.34 0.38 0.34 9

1712929043
0.34 0.38 0.34 0

1712929044
0.28 0.37 0.33 0

1712929045
0.28 0.37 0.33 0

1712929046
0.23 0.36 0.33 0

1712929047
0.23 0.36 0.33 3667

1712929048
0.18 0.35 0.33 0

1712929049
0.18 0.35 0.33 0

1712929050
0.15 0.33 0.33 1965

1712929051
0.15 0.33 0.33 0

1712929052
0.12 0.32 0.32 0

1712929053
0.12 0.32 0.32 0

1712929054
0.1 0.31 0.32 18753

1712929055
0.1 0.31 0.32 0

1712929056
0.26 0.33 0.33 9988

1712929057
0.26 0.33 0.33 494

1712929058
0.21 0.32 0.32 41

1712929059
0.21 0.32 0.32 936

1712929060
0.17 0.31 0.32 3

1712929061
0.17 0.31 0.32 0

1712929062
0.14 0.3 0.32 0

1712929063
0.14 0.3 0.32 99

1712929064
0.11 0.29 0.32 0

1712929065
0.11 0.29 0.32 0

1712929066
0.09 0.28 0.31 0

1712929067
0.09 0.28 0.31 0

1712929068
0.07 0.27 0.31 0

1712929069
0.07 0.27 0.31 0

1712929070
0.06 0.26 0.31 590

1712929071
0.06 0.26 0.31 493

1712929072
0.05 0.25 0.31 1036

1712929073
0.05 0.25 0.31 0

1712929074
0.04 0.25 0.31 0

1712929075
0.04 0.25 0.31 0

1712929076
0.03 0.24 0.3 0

1712929077
0.03 0.24 0.3 0

1712929078
0.02 0.23 0.3 0

1712929079
0.02 0.23 0.3 716

1712929080
0.02 0.22 0.3 0

1712929081
0.02 0.22 0.3 0

1712929082
0.01 0.21 0.3 14464

1712929083
0.01 0.21 0.3 0

1712929084
0.01 0.21 0.29 573

1712929085
0.01 0.21 0.29 0

1712929086
0.01 0.2 0.29 28008

1712929087
0.01 0.2 0.29 10614

1712929088
0.37 0.26 0.3 26565

1712929089
0.37 0.26 0.3 564

1712929090
0.3 0.25 0.3 0

1712929091
0.3 0.25 0.3 0

1712929092
0.24 0.24 0.3 0

1712929093
0.24 0.24 0.3 0

1712929094
0.2 0.23 0.29 0

1712929095
0.2 0.23 0.29 0

1712929096
0.16 0.22 0.29 0

1712929097
0.16 0.22 0.29 0

1712929098
0.13 0.22 0.29 0

1712929099
0.13 0.22 0.29 533

1712929100
0.11 0.21 0.29 0

1712929101
0.11 0.21 0.29 0

1712929102
0.09 0.2 0.29 0

1712929103
0.09 0.2 0.29 0

1712929104
0.07 0.19 0.28 0

1712929105
0.07 0.19 0.28 0

1712929106
0.06 0.19 0.28 0

1712929107
0.06 0.19 0.28 141

1712929108
0.04 0.18 0.28 0

1712929109
0.04 0.18 0.28 632

1712929110
0.04 0.18 0.28 0

1712929111
0.04 0.18 0.28 879

1712929112
0.03 0.17 0.27 0

1712929113
0.03 0.17 0.27 0

1712929114
0.02 0.16 0.27 96

1712929115
0.02 0.16 0.27 185

1712929116
0.02 0.16 0.27 0

1712929117
0.02 0.16 0.27 30

1712929118
0.01 0.15 0.27 0

1712929119
0.01 0.15 0.27 0

1712929120
0.01 0.15 0.27 0

1712929121
0.01 0.15 0.27 0

1712929122
0.01 0.14 0.26 0

1712929123
0.01 0.14 0.26 0

1712929124
0.0 0.14 0.26 0

1712929125
0.0 0.14 0.26 601

1712929126
0.0 0.13 0.26 164

1712929127
0.0 0.13 0.26 571

1712929128
0.0 0.13 0.26 0

1712929129
0.0 0.13 0.26 13725

1712929130
0.18 0.16 0.26 6590

1712929131
0.18 0.16 0.26 16141

1712929132
0.15 0.15 0.26 0

1712929133
0.15 0.15 0.26 0

1712929134
0.12 0.14 0.26 0

1712929135
0.12 0.14 0.26 0

1712929136
0.1 0.14 0.26 0

1712929137
0.1 0.14 0.26 0

1712929138
0.08 0.13 0.26 0

1712929139
0.08 0.13 0.26 0

1712929140
0.06 0.13 0.25 950

1712929141
0.06 0.13 0.25 0

1712929142
0.05 0.12 0.25 693

1712929143
0.05 0.12 0.25 655

1712929144
0.04 0.12 0.25 58

1712929145
0.04 0.12 0.25 11

1712929146
0.03 0.12 0.25 0

1712929147
0.03 0.12 0.25 0

1712929148
0.02 0.11 0.25 0

1712929149
0.02 0.11 0.25 969

1712929150
0.02 0.11 0.24 0

1712929151
0.02 0.11 0.24 0

1712929152
0.01 0.1 0.24 0

1712929153
0.01 0.1 0.24 149

1712929154
0.01 0.1 0.24 0

1712929155
0.01 0.1 0.24 8649

1712929156
0.01 0.1 0.24 0

1712929157
0.01 0.1 0.24 455

1712929158
0.01 0.09 0.24 0

1712929159
0.01 0.09 0.24 0

1712929160
0.0 0.09 0.23 0

1712929161
0.0 0.09 0.23 0

1712929162
0.0 0.09 0.23 0

1712929163
0.0 0.09 0.23 0

1712929164
0.0 0.08 0.23 6285

1712929165
0.0 0.08 0.23 0

1712929166
0.0 0.08 0.23 0

1712929167
0.0 0.08 0.23 0

1712929168
0.0 0.08 0.23 0

1712929169
0.0 0.08 0.23 0

1712929170
0.0 0.07 0.22 0

1712929171
0.0 0.07 0.22 0

1712929172
0.0 0.07 0.22 0

1712929173
0.0 0.07 0.22 0

1712929174
0.0 0.07 0.22 0

1712929175
0.0 0.07 0.22 0

1712929176
0.0 0.07 0.22 0

1712929177
0.0 0.07 0.22 0

1712929178
0.0 0.06 0.22 0

1712929179
0.0 0.06 0.22 99

1712929180
0.0 0.06 0.22 26

1712929181
0.0 0.06 0.22 0

1712929182
0.0 0.06 0.21 0

1712929183
0.0 0.06 0.21 0

1712929184
0.0 0.06 0.21 0

1712929185
0.0 0.06 0.21 0

1712929186
0.0 0.05 0.21 0

1712929187
0.0 0.05 0.21 0

1712929188
0.0 0.05 0.21 0

1712929189
0.0 0.05 0.21 90

1712929190
0.0 0.05 0.21 0

1712929191
0.0 0.05 0.21 0

1712929192
0.0 0.05 0.2 0

1712929193
0.0 0.05 0.2 0

1712929194
0.0 0.05 0.2 0

1712929195
0.0 0.05 0.2 0

1712929196
0.0 0.04 0.2 111

1712929197
0.0 0.04 0.2 0

1712929198
0.0 0.04 0.2 0

1712929199
0.0 0.04 0.2 0

1712929200
0.0 0.04 0.2 0

1712929201
0.0 0.04 0.2 0

1712929202
0.0 0.04 0.2 0

1712929203
0.0 0.04 0.2 0

1712929204
0.0 0.04 0.2 0

1712929205
0.0 0.04 0.2 0

1712929206
0.0 0.04 0.19 0

1712929207
0.0 0.04 0.19 0

1712929208
0.0 0.03 0.19 0

1712929209
0.0 0.03 0.19 0

1712929210
0.0 0.03 0.19 0

1712929211
0.0 0.03 0.19 0

1712929212
0.0 0.03 0.19 0

1712929213
0.0 0.03 0.19 0

1712929214
0.0 0.03 0.19 3

1712929215
0.0 0.03 0.19 0

1712929216
0.0 0.03 0.19 0

1712929217
0.0 0.03 0.19 0

1712929218
0.0 0.03 0.19 0

1712929219
0.0 0.03 0.19 0

1712929220
0.0 0.02 0.18 0

1712929221
0.0 0.02 0.18 0

1712929222
0.0 0.02 0.18 0

1712929223
0.0 0.02 0.18 0

1712929224
0.0 0.02 0.18 0

1712929225
0.0 0.02 0.18 0

1712929226
0.0 0.02 0.18 0

1712929227
0.0 0.02 0.18 0

1712929228
0.0 0.02 0.18 0

1712929229
0.0 0.02 0.18 0

1712929230
0.0 0.02 0.18 0

1712929231
0.0 0.02 0.18 0

1712929232
0.0 0.02 0.18 0

1712929233
0.0 0.02 0.18 0

1712929234
0.0 0.02 0.17 0

1712929235
0.0 0.02 0.17 0

1712929236
0.0 0.02 0.17 0

1712929237
0.0 0.02 0.17 0

1712929238
0.0 0.02 0.17 0

1712929239
0.0 0.02 0.17 0

1712929240
0.0 0.02 0.17 0

1712929241
0.0 0.02 0.17 0

1712929242
0.0 0.01 0.17 0

1712929243
0.0 0.01 0.17 0

1712929244
0.0 0.01 0.17 0

1712929245
0.0 0.01 0.17 0

1712929246
0.0 0.01 0.16 0

1712929247
0.0 0.01 0.16 0

1712929248
0.0 0.01 0.16 0

1712929249
0.0 0.01 0.16 0

1712929250
0.0 0.01 0.16 0

1712929251
0.0 0.01 0.16 0

1712929252
0.0 0.01 0.16 0

1712929253
0.0 0.01 0.16 15363

1712929254
0.0 0.01 0.16 0

1712929255
0.0 0.01 0.16 0

1712929256
0.0 0.01 0.16 0

1712929257
0.0 0.01 0.16 19246

1712929258
0.0 0.01 0.16 0

1712929259
0.0 0.01 0.16 9545

1712929260
0.0 0.01 0.15 0

1712929261
0.0 0.01 0.15 0

1712929262
0.0 0.01 0.15 0

1712929263
0.0 0.01 0.15 15681

1712929264
0.0 0.01 0.15 61

1712929265
0.0 0.01 0.15 0

1712929266
0.0 0.01 0.15 0

1712929267
0.0 0.01 0.15 0

1712929268
0.0 0.01 0.15 0

1712929269
0.0 0.01 0.15 0

1712929270
0.0 0.0 0.15 0

1712929271
0.0 0.0 0.15 0

1712929272
0.0 0.0 0.15 0

1712929273
0.0 0.0 0.15 0

1712929274
0.0 0.0 0.14 0

1712929275
0.0 0.0 0.14 0

1712929276
0.0 0.0 0.14 0

1712929277
0.0 0.0 0.14 3132

1712929278
0.0 0.0 0.14 1478

1712929279
0.0 0.0 0.14 72116

1712929280
0.54 0.1 0.16 0

1712929281
0.54 0.1 0.16 0

1712929282
0.44 0.1 0.16 0

1712929283
0.44 0.1 0.16 0

1712929284
0.36 0.09 0.16 0

1712929285
0.36 0.09 0.16 0

1712929286
0.29 0.09 0.16 0

1712929287
0.29 0.09 0.16 0

1712929288
0.24 0.09 0.16 0

1712929289
0.24 0.09 0.16 0

1712929290
0.19 0.08 0.15 0

1712929291
0.19 0.08 0.15 0

1712929292
0.16 0.08 0.15 0

1712929293
0.16 0.08 0.15 0

1712929294
0.13 0.08 0.15 0

1712929295
0.13 0.08 0.15 0

1712929296
0.1 0.07 0.15 73

1712929297
0.1 0.07 0.15 0

1712929298
0.08 0.07 0.15 0

1712929299
0.08 0.07 0.15 0

1712929300
0.07 0.07 0.15 0

1712929301
0.07 0.07 0.15 1084

1712929302
0.07 0.07 0.15 0

1712929303
0.05 0.07 0.14 0

1712929304
0.05 0.07 0.14 9880

1712929305
0.04 0.06 0.14 3246

1712929306
0.04 0.06 0.14 0

1712929307
0.03 0.06 0.14 0

1712929308
0.03 0.06 0.14 0

1712929309
0.03 0.06 0.14 228

1712929310
0.03 0.06 0.14 0

1712929311
0.02 0.06 0.14 0

1712929312
0.02 0.06 0.14 0

1712929313
0.02 0.05 0.14 0

1712929314
0.02 0.05 0.14 236

1712929315
0.01 0.05 0.14 4323

1712929316
0.01 0.05 0.14 0

1712929317
0.01 0.05 0.14 57853

1712929318
0.01 0.05 0.14 0

1712929319
0.37 0.11 0.15 0

1712929320
0.37 0.11 0.15 0

1712929321
0.3 0.11 0.15 10526

1712929322
0.3 0.11 0.15 24178

1712929324
0.43 0.14 0.15 960

1712929325
0.35 0.13 0.15 0

1712929326
0.35 0.13 0.15 200

1712929327
0.28 0.13 0.15 622

1712929328
0.28 0.13 0.15 0

1712929329
0.23 0.12 0.15 0

1712929330
0.23 0.12 0.15 0

1712929331
0.19 0.12 0.15 0

1712929332
0.19 0.12 0.15 0

1712929333
0.15 0.12 0.15 0

1712929334
0.15 0.12 0.15 0

1712929335
0.12 0.11 0.14 0

1712929336
0.12 0.11 0.14 0

1712929337
0.1 0.11 0.14 0

1712929338
0.1 0.11 0.14 0

1712929339
0.08 0.1 0.14 11859

1712929340
0.08 0.1 0.14 0

1712929341
0.07 0.1 0.14 0

1712929342
0.07 0.1 0.14 0

1712929343
0.05 0.1 0.14 1

1712929344
0.05 0.1 0.14 0

1712929345
0.04 0.09 0.14 0

1712929346
0.04 0.09 0.14 0

1712929347
0.03 0.09 0.14 0

1712929348
0.03 0.09 0.14 0

1712929349
0.03 0.09 0.14 0

1712929350
0.03 0.09 0.14 0

1712929351
0.02 0.08 0.13 0

1712929352
0.02 0.08 0.13 0

1712929353
0.02 0.08 0.13 0

1712929354
0.02 0.08 0.13 0

1712929355
0.01 0.08 0.13 127

1712929356
0.01 0.08 0.13 26

1712929357
0.01 0.07 0.13 0

1712929358
0.01 0.07 0.13 0

1712929359
0.01 0.07 0.13 9824

1712929360
0.01 0.07 0.13 0

1712929361
0.0 0.07 0.13 0

1712929362
0.0 0.07 0.13 0

1712929363
0.0 0.07 0.13 0

1712929364
0.0 0.07 0.13 0

1712929365
0.0 0.06 0.13 0

1712929366
0.0 0.06 0.13 0

1712929367
0.0 0.06 0.13 0

1712929368
0.0 0.06 0.13 0

1712929369
0.0 0.06 0.13 0

1712929370
0.0 0.06 0.13 0

1712929371
0.0 0.06 0.12 0

1712929372
0.0 0.06 0.12 0

1712929373
0.0 0.05 0.12 10764

1712929374
0.0 0.05 0.12 0

1712929375
0.0 0.05 0.12 0

1712929376
0.0 0.05 0.12 12701

1712929377
0.0 0.05 0.12 0

1712929378
0.0 0.05 0.12 0

1712929379
0.0 0.05 0.12 73

1712929380
0.0 0.05 0.12 3475

1712929381
0.0 0.05 0.12 0

1712929382
0.0 0.05 0.12 0

1712929383
0.0 0.04 0.12 26

1712929384
0.0 0.04 0.12 10962

1712929385
0.0 0.04 0.12 0

1712929386
0.0 0.04 0.12 0

1712929387
0.0 0.04 0.12 0

1712929388
0.0 0.04 0.12 2717

1712929389
0.0 0.04 0.12 0

1712929390
0.0 0.04 0.12 0

1712929391
0.0 0.04 0.11 0

1712929392
0.0 0.04 0.11 0

1712929393
0.0 0.04 0.11 0

1712929394
0.0 0.04 0.11 2353

1712929395
0.0 0.03 0.11 0

1712929396
0.0 0.03 0.11 344

1712929397
0.0 0.03 0.11 0

1712929398
0.0 0.03 0.11 3066

1712929399
0.0 0.03 0.11 0

1712929400
0.0 0.03 0.11 3839

1712929401
0.0 0.03 0.11 3619

1712929402
0.0 0.03 0.11 0

1712929403
0.0 0.03 0.11 0

1712929404
0.0 0.03 0.11 0

1712929405
0.0 0.03 0.11 0

1712929406
0.0 0.03 0.11 3631

1712929407
0.0 0.02 0.11 0

1712929408
0.0 0.02 0.11 0

1712929409
0.0 0.02 0.11 0

1712929410
0.0 0.02 0.11 0

1712929411
0.0 0.02 0.1 56536

1712929412
0.0 0.02 0.1 96173

1712929413
1.81 0.35 0.17 154678

1712929414
1.81 0.35 0.17 355385

1712929415
5.28 1.03 0.32 28

1712929416
5.28 1.03 0.32 17

1712929417
4.32 0.99 0.31 3

1712929418
4.32 0.99 0.31 0

1712929419
3.54 0.96 0.31 0

1712929420
3.54 0.96 0.31 714

1712929421
2.9 0.93 0.31 0

1712929422
2.9 0.93 0.31 0

1712929423
2.37 0.9 0.31 0

1712929424
2.37 0.9 0.31 0

1712929425
1.94 0.87 0.3 0

1712929426
1.94 0.87 0.3 56

1712929427
1.59 0.84 0.3 0

1712929428
1.59 0.84 0.3 0

1712929429
1.3 0.81 0.3 0

1712929430
1.3 0.81 0.3 0

1712929431
1.06 0.78 0.3 2264

1712929432
1.06 0.78 0.3 0

1712929433
0.87 0.76 0.29 0

1712929434
0.87 0.76 0.29 0

1712929435
0.71 0.73 0.29 0

1712929436
0.71 0.73 0.29 156

1712929437
0.58 0.71 0.29 0

1712929438
0.58 0.71 0.29 1

1712929439
0.47 0.68 0.29 0

1712929440
0.47 0.68 0.29 0

1712929441
0.39 0.66 0.28 0

1712929442
0.39 0.66 0.28 517

1712929443
0.32 0.64 0.28 0

1712929444
0.32 0.64 0.28 0

1712929445
0.26 0.62 0.28 15324

1712929446
0.26 0.62 0.28 0

1712929447
0.21 0.6 0.28 0

1712929448
0.21 0.6 0.28 0

1712929449
0.17 0.58 0.27 636

1712929450
0.17 0.58 0.27 0

1712929451
0.14 0.56 0.27 0

1712929452
0.14 0.56 0.27 0

1712929453
0.11 0.54 0.27 986

1712929454
0.11 0.54 0.27 0

1712929455
0.09 0.52 0.27 167

1712929456
0.09 0.52 0.27 0

1712929457
0.07 0.5 0.27 0

1712929458
0.07 0.5 0.27 0

1712929459
0.06 0.49 0.27 0

1712929460
0.06 0.49 0.27 0

1712929461
0.05 0.47 0.26 0

1712929462
0.05 0.47 0.26 0

1712929463
0.04 0.45 0.26 0

1712929464
0.04 0.45 0.26 0

1712929465
0.03 0.44 0.26 0

1712929466
0.03 0.44 0.26 0

1712929467
0.02 0.42 0.26 3249

1712929468
0.02 0.42 0.26 24839

1712929469
0.38 0.48 0.27 15999

1712929470
0.38 0.48 0.27 15282

1712929471
0.31 0.46 0.27 1513

1712929472
0.31 0.46 0.27 12945

1712929473
0.25 0.44 0.27 1190

1712929474
0.25 0.44 0.27 0

1712929475
0.21 0.43 0.26 0

1712929476
0.21 0.43 0.26 0

1712929477
0.17 0.41 0.26 0

1712929478
0.17 0.41 0.26 0

1712929479
0.14 0.4 0.26 27

1712929480
0.14 0.4 0.26 0

1712929481
0.11 0.39 0.26 0

1712929482
0.11 0.39 0.26 0

1712929483
0.09 0.37 0.26 1169

1712929484
0.09 0.37 0.26 10782

1712929485
0.07 0.36 0.25 0

1712929486
0.07 0.36 0.25 0

1712929487
0.06 0.35 0.25 0

1712929488
0.06 0.35 0.25 0

1712929489
0.05 0.34 0.25 0

1712929490
0.05 0.34 0.25 0

1712929491
0.04 0.33 0.25 18219

1712929492
0.04 0.33 0.25 7015

1712929493
0.21 0.35 0.25 0

1712929494
0.21 0.35 0.25 9649

1712929495
0.17 0.34 0.25 0

1712929496
0.17 0.34 0.25 10801

1712929497
0.14 0.33 0.25 0

1712929498
0.14 0.33 0.25 2797

1712929499
0.11 0.31 0.25 39

1712929500
0.11 0.31 0.25 0

1712929501
0.09 0.3 0.25 0

1712929502
0.09 0.3 0.25 0

1712929503
0.07 0.29 0.24 0

1712929504
0.07 0.29 0.24 0

1712929505
0.06 0.28 0.24 238

1712929506
0.06 0.28 0.24 50223

1712929507
0.95 0.44 0.27 67628

1712929508
0.95 0.44 0.27 19324

1712929509
0.78 0.42 0.27 0

1712929510
0.78 0.42 0.27 0

1712929511
0.64 0.41 0.27 0

1712929512
0.64 0.41 0.27 11475

1712929513
0.52 0.39 0.27 0

1712929514
0.52 0.39 0.27 0

1712929515
0.43 0.38 0.27 10208

1712929516
0.43 0.38 0.27 0

1712929517
0.35 0.37 0.26 0

1712929518
0.35 0.37 0.26 0

1712929519
0.28 0.36 0.26 9403

1712929520
0.28 0.36 0.26 0

1712929521
0.23 0.34 0.26 0

1712929522
0.23 0.34 0.26 79042

1712929523
0.73 0.43 0.28 0

1712929524
0.73 0.43 0.28 16822

1712929525
0.6 0.42 0.28 602

1712929526
0.6 0.42 0.28 0

1712929527
0.49 0.4 0.28 11939

1712929528
0.49 0.4 0.28 0

1712929529
0.94 0.49 0.29 60575

1712929530
0.94 0.49 0.29 0

1712929531
0.77 0.47 0.29 0

1712929532
0.77 0.47 0.29 0

1712929533
0.63 0.46 0.29 0

1712929534
0.63 0.46 0.29 0

1712929535
0.52 0.44 0.29 0

1712929536
0.52 0.44 0.29 0

1712929537
0.42 0.43 0.29 0

1712929538
0.42 0.43 0.29 0

1712929539
0.34 0.41 0.28 0

1712929540
0.34 0.41 0.28 0

1712929541
0.28 0.4 0.28 0

1712929542
0.28 0.4 0.28 0

1712929543
0.23 0.38 0.28 0

1712929544
0.23 0.38 0.28 0

1712929545
0.19 0.37 0.28 2

1712929546
0.19 0.37 0.28 15579

1712929547
0.15 0.36 0.27 514

1712929548
0.15 0.36 0.27 0

1712929549
0.12 0.35 0.27 0

1712929550
0.12 0.35 0.27 0

1712929551
0.1 0.33 0.27 0

1712929552
0.1 0.33 0.27 0

1712929553
0.08 0.32 0.27 13901

1712929554
0.08 0.32 0.27 0

1712929555
0.06 0.31 0.27 0

1712929556
0.06 0.31 0.27 0

1712929557
0.05 0.3 0.26 0

1712929558
0.05 0.3 0.26 0

1712929559
0.04 0.29 0.26 0

1712929560
0.04 0.29 0.26 0

1712929561
0.03 0.28 0.26 313

1712929562
0.03 0.28 0.26 0

1712929563
0.03 0.27 0.26 37

1712929564
0.03 0.27 0.26 0

1712929565
0.02 0.26 0.26 9350

1712929566
0.02 0.26 0.26 0

1712929567
0.02 0.25 0.25 0

1712929568
0.02 0.25 0.25 0

1712929569
0.01 0.25 0.25 0

1712929570
0.01 0.25 0.25 0

1712929571
0.01 0.24 0.25 28

1712929572
0.01 0.24 0.25 0

1712929573
0.01 0.23 0.25 0

1712929574
0.01 0.23 0.25 0

1712929575
0.0 0.22 0.25 0

1712929576
0.0 0.22 0.25 0

1712929577
0.0 0.21 0.25 0

1712929578
0.0 0.21 0.25 0

1712929579
0.0 0.21 0.24 0

1712929580
0.0 0.21 0.24 0

1712929581
0.0 0.2 0.24 0

1712929582
0.0 0.2 0.24 0

1712929583
0.0 0.19 0.24 0

1712929584
0.0 0.19 0.24 0

1712929585
0.0 0.18 0.24 0

1712929586
0.0 0.18 0.24 2

1712929587
0.0 0.18 0.24 7

1712929588
0.0 0.18 0.24 4

1712929589
0.0 0.17 0.23 6678

1712929590
0.0 0.17 0.23 0

1712929591
0.0 0.17 0.23 0

1712929592
0.0 0.17 0.23 0

1712929593
0.0 0.16 0.23 0

1712929594
0.0 0.16 0.23 0

1712929595
0.0 0.15 0.23 0

1712929596
0.0 0.15 0.23 0

1712929597
0.0 0.15 0.23 0

1712929598
0.0 0.15 0.23 0

1712929599
0.0 0.14 0.22 0

1712929600
0.0 0.14 0.22 0

1712929601
0.0 0.14 0.22 0

1712929602
0.0 0.14 0.22 0

1712929603
0.0 0.13 0.22 0

1712929604
0.0 0.13 0.22 0

1712929605
0.0 0.13 0.22 4672

1712929606
0.0 0.13 0.22 0

1712929607
0.0 0.12 0.22 0

1712929608
0.0 0.12 0.22 0

1712929609
0.0 0.12 0.21 0

1712929610
0.0 0.12 0.21 0

1712929611
0.0 0.12 0.21 0

1712929612
0.0 0.12 0.21 0

1712929613
0.0 0.11 0.21 0

1712929614
0.0 0.11 0.21 0

1712929615
0.0 0.11 0.21 0

1712929616
0.0 0.11 0.21 95

1712929617
0.0 0.1 0.21 0

1712929618
0.0 0.1 0.21 0

1712929619
0.0 0.1 0.2 0

1712929620
0.0 0.1 0.2 2296

1712929621
0.0 0.1 0.2 663

1712929622
0.0 0.1 0.2 3166

1712929623
0.0 0.09 0.2 6264

1712929624
0.0 0.09 0.2 0

1712929625
0.0 0.09 0.2 0

1712929626
0.0 0.09 0.2 0

1712929627
0.0 0.09 0.2 0

1712929628
0.0 0.09 0.2 0

1712929629
0.0 0.08 0.2 0

1712929630
0.0 0.08 0.2 0

1712929631
0.0 0.08 0.2 0

1712929632
0.0 0.08 0.2 0

1712929633
0.0 0.08 0.19 2685

1712929634
0.0 0.08 0.19 0

1712929635
0.0 0.07 0.19 0

1712929636
0.0 0.07 0.19 0

1712929637
0.0 0.07 0.19 0

1712929638
0.0 0.07 0.19 0

1712929639
0.0 0.07 0.19 0

1712929640
0.0 0.07 0.19 0

1712929641
0.0 0.06 0.19 0

1712929642
0.0 0.06 0.19 15963

1712929643
0.18 0.1 0.19 14748

1712929644
0.18 0.1 0.19 0

1712929645
0.14 0.09 0.19 0

1712929646
0.14 0.09 0.19 0

1712929647
0.12 0.09 0.19 0

1712929648
0.12 0.09 0.19 0

1712929649
0.09 0.09 0.19 0

1712929650
0.09 0.09 0.19 4935

1712929651
0.08 0.08 0.19 9227

1712929652
0.08 0.08 0.19 6470

1712929653
0.24 0.11 0.19 17650

1712929654
0.24 0.11 0.19 7434

1712929655
0.2 0.11 0.19 0

1712929656
0.2 0.11 0.19 14

1712929657
0.16 0.1 0.19 2

1712929658
0.16 0.1 0.19 0

1712929659
0.13 0.1 0.19 0

1712929660
0.13 0.1 0.19 0

1712929661
0.11 0.1 0.19 0

1712929662
0.11 0.1 0.19 12979

1712929663
0.09 0.09 0.19 0

1712929664
0.09 0.09 0.19 9404

1712929665
0.07 0.09 0.19 3106

1712929666
0.07 0.09 0.19 4767

1712929667
0.06 0.09 0.18 456

1712929668
0.06 0.09 0.18 6457

1712929669
0.04 0.08 0.18 0

1712929670
0.04 0.08 0.18 0

1712929671
0.03 0.08 0.18 0

1712929672
0.03 0.08 0.18 0

1712929673
0.03 0.08 0.18 0

1712929674
0.03 0.08 0.18 0

1712929675
0.02 0.07 0.18 0

1712929676
0.02 0.07 0.18 0

1712929677
0.02 0.07 0.18 0

1712929678
0.02 0.07 0.18 0

1712929679
0.01 0.07 0.18 0

1712929680
0.01 0.07 0.18 0

1712929681
0.01 0.07 0.17 0

1712929682
0.01 0.07 0.17 0

1712929683
0.01 0.06 0.17 0

1712929684
0.01 0.06 0.17 0

1712929685
0.0 0.06 0.17 0

1712929686
0.0 0.06 0.17 0

1712929687
0.0 0.06 0.17 0

1712929688
0.0 0.06 0.17 0

1712929689
0.0 0.06 0.17 0

1712929690
0.0 0.06 0.17 103

1712929691
0.0 0.05 0.17 0

1712929692
0.0 0.05 0.17 0

1712929693
0.0 0.05 0.17 0

1712929694
0.0 0.05 0.17 0

1712929695
0.0 0.05 0.16 0

1712929696
0.0 0.05 0.16 0

1712929697
0.0 0.05 0.16 0

1712929698
0.0 0.05 0.16 0

1712929699
0.0 0.05 0.16 0

1712929700
0.0 0.05 0.16 0

1712929701
0.0 0.04 0.16 0

1712929702
0.0 0.04 0.16 0

1712929703
0.0 0.04 0.16 0

1712929704
0.0 0.04 0.16 0

1712929705
0.0 0.04 0.16 0

1712929706
0.0 0.04 0.16 0

1712929707
0.0 0.04 0.16 0

1712929708
0.0 0.04 0.16 0

1712929709
0.0 0.04 0.15 0

1712929710
0.0 0.04 0.15 0

1712929711
0.0 0.04 0.15 0

1712929712
0.0 0.04 0.15 0

1712929713
0.0 0.03 0.15 0

1712929714
0.0 0.03 0.15 0

1712929715
0.0 0.03 0.15 0

1712929716
0.0 0.03 0.15 0

1712929717
0.0 0.03 0.15 0

1712929718
0.0 0.03 0.15 0

1712929719
0.0 0.03 0.15 0

1712929720
0.0 0.03 0.15 910

1712929721
0.0 0.03 0.14 0

1712929722
0.0 0.03 0.14 0

1712929723
0.0 0.03 0.14 0

1712929724
0.0 0.03 0.14 0

1712929725
0.0 0.02 0.14 0

1712929726
0.0 0.02 0.14 0

1712929727
0.0 0.02 0.14 0

1712929728
0.0 0.02 0.14 0

1712929729
0.0 0.02 0.14 0

1712929730
0.0 0.02 0.14 0

1712929731
0.0 0.02 0.14 1

1712929732
0.0 0.02 0.14 1475

1712929733
0.0 0.02 0.14 0

1712929734
0.0 0.02 0.14 0

1712929735
0.0 0.02 0.14 0

1712929736
0.0 0.02 0.14 0

1712929737
0.0 0.02 0.13 0

1712929738
0.0 0.02 0.13 0

1712929739
0.0 0.02 0.13 0

1712929740
0.0 0.02 0.13 0

1712929741
0.0 0.02 0.13 0

1712929742
0.0 0.02 0.13 0

1712929743
0.0 0.02 0.13 0

1712929744
0.0 0.02 0.13 0

1712929745
0.0 0.02 0.13 0

1712929746
0.0 0.02 0.13 0

1712929747
0.0 0.01 0.13 0

1712929748
0.0 0.01 0.13 0

1712929749
0.0 0.01 0.13 0

1712929750
0.0 0.01 0.13 37

1712929751
0.0 0.01 0.13 0

1712929752
0.0 0.01 0.13 0

1712929753
0.0 0.01 0.13 0

1712929754
0.0 0.01 0.13 0

1712929755
0.0 0.01 0.13 0

1712929756
0.0 0.01 0.13 36

1712929757
0.0 0.01 0.12 0

1712929758
0.0 0.01 0.12 0

1712929759
0.0 0.01 0.12 0

1712929760
0.0 0.01 0.12 3

1712929761
0.0 0.01 0.12 0

1712929762
0.0 0.01 0.12 0

1712929763
0.0 0.01 0.12 0

1712929764
0.0 0.01 0.12 0

1712929765
0.0 0.01 0.12 11

1712929766
0.0 0.01 0.12 0

1712929767
0.0 0.01 0.12 0

1712929768
0.0 0.01 0.12 0

1712929769
0.0 0.01 0.12 0

1712929770
0.0 0.01 0.12 0

1712929771
0.0 0.01 0.12 0

1712929772
0.0 0.01 0.12 0

1712929773
0.0 0.01 0.12 0

1712929774
0.0 0.01 0.12 523

1712929775
0.0 0.0 0.12 0

1712929776
0.0 0.0 0.12 0

1712929777
0.0 0.0 0.12 0

1712929778
0.0 0.0 0.12 0

1712929779
0.0 0.0 0.11 0

1712929780
0.0 0.0 0.11 1768

1712929781
0.0 0.0 0.11 0

1712929782
0.0 0.0 0.11 0

1712929783
0.0 0.0 0.11 0

1712929784
0.0 0.0 0.11 0

1712929785
0.0 0.0 0.11 0

1712929786
0.0 0.0 0.11 0

1712929787
0.0 0.0 0.11 0

1712929788
0.0 0.0 0.11 0

1712929789
0.0 0.0 0.11 0

1712929790
0.0 0.0 0.11 0

1712929791
0.0 0.0 0.11 0

1712929792
0.0 0.0 0.11 0

1712929793
0.0 0.0 0.11 0

1712929794
0.0 0.0 0.11 0

1712929795
0.0 0.0 0.11 1

1712929796
0.0 0.0 0.11 0

1712929797
0.0 0.0 0.11 0

1712929798
0.0 0.0 0.11 1941

1712929799
0.0 0.0 0.1 0

1712929800
0.0 0.0 0.1 0

1712929801
0.0 0.0 0.1 0

1712929802
0.0 0.0 0.1 0

1712929803
0.0 0.0 0.1 0

1712929804
0.0 0.0 0.1 0

1712929805
0.0 0.0 0.1 0

1712929806
0.0 0.0 0.1 0

1712929807
0.0 0.0 0.1 0

1712929808
0.0 0.0 0.1 0

1712929809
0.0 0.0 0.1 0

1712929810
0.0 0.0 0.1 0

1712929811
0.0 0.0 0.1 24

1712929812
0.0 0.0 0.1 0

1712929813
0.0 0.0 0.1 11

1712929814
0.0 0.0 0.1 27

1712929816
0.0 0.0 0.1 146

1712929817
0.0 0.0 0.1 0

1712929818
0.0 0.0 0.1 0

1712929819
0.0 0.0 0.1 0

1712929820
0.0 0.0 0.09 0

1712929821
0.0 0.0 0.09 0

1712929822
0.0 0.0 0.09 0

1712929823
0.0 0.0 0.09 0

1712929824
0.0 0.0 0.09 0

1712929825
0.0 0.0 0.09 0

1712929826
0.0 0.0 0.09 0

1712929827
0.0 0.0 0.09 0

1712929828
0.0 0.0 0.09 0

1712929829
0.0 0.0 0.09 0

1712929830
0.0 0.0 0.09 0

1712929831
0.0 0.0 0.09 0

1712929832
0.0 0.0 0.09 0

1712929833
0.0 0.0 0.09 0

1712929834
0.0 0.0 0.09 0

1712929835
0.0 0.0 0.09 0

1712929836
0.0 0.0 0.09 0

1712929837
0.0 0.0 0.09 0

1712929838
0.0 0.0 0.09 0

1712929839
0.0 0.0 0.09 0

1712929840
0.0 0.0 0.08 0

1712929841
0.0 0.0 0.08 0

1712929842
0.0 0.0 0.08 0

1712929843
0.0 0.0 0.08 0

1712929844
0.0 0.0 0.08 0

1712929845
0.0 0.0 0.08 0

1712929846
0.0 0.0 0.08 0

1712929847
0.0 0.0 0.08 0

1712929848
0.0 0.0 0.08 0

1712929849
0.0 0.0 0.08 0

1712929850
0.0 0.0 0.08 0

1712929851
0.0 0.0 0.08 0

1712929852
0.0 0.0 0.08 0

1712929853
0.0 0.0 0.08 0

1712929854
0.0 0.0 0.08 0

1712929855
0.0 0.0 0.08 0

1712929856
0.0 0.0 0.08 0

1712929857
0.0 0.0 0.08 0

1712929858
0.0 0.0 0.08 0

1712929859
0.0 0.0 0.08 0

1712929860
0.0 0.0 0.08 0

1712929861
0.0 0.0 0.08 0

1712929862
0.0 0.0 0.07 0

1712929863
0.0 0.0 0.07 37

1712929864
0.0 0.0 0.07 0

1712929865
0.0 0.0 0.07 0

1712929866
0.0 0.0 0.07 0

1712929867
0.0 0.0 0.07 0

1712929868
0.0 0.0 0.07 0

1712929869
0.0 0.0 0.07 0

1712929870
0.0 0.0 0.07 0

1712929871
0.0 0.0 0.07 0

1712929872
0.0 0.0 0.07 0

1712929873
0.0 0.0 0.07 0

1712929874
0.0 0.0 0.07 0

1712929875
0.0 0.0 0.07 0

1712929876
0.0 0.0 0.07 0

1712929877
0.0 0.0 0.07 69909

1712929878
0.54 0.09 0.09 4241

1712929879
0.54 0.09 0.09 5653

1712929880
0.44 0.09 0.09 9205

1712929881
0.44 0.09 0.09 0

1712929882
0.36 0.09 0.09 0

1712929883
0.36 0.09 0.09 10389

1712929884
0.29 0.08 0.08 0

1712929885
0.29 0.08 0.08 11701

1712929886
0.24 0.08 0.08 0

1712929887
0.24 0.08 0.08 12622

1712929888
0.19 0.08 0.08 0

1712929889
0.19 0.08 0.08 0

1712929890
0.16 0.07 0.08 0

1712929891
0.16 0.07 0.08 0

1712929892
0.13 0.07 0.08 11987

1712929893
0.13 0.07 0.08 0

1712929894
0.1 0.07 0.08 0

1712929895
0.1 0.07 0.08 0

1712929896
0.08 0.07 0.08 0

1712929897
0.08 0.07 0.08 0

1712929898
0.07 0.06 0.08 0

1712929899
0.07 0.06 0.08 0

1712929900
0.05 0.06 0.08 0

1712929901
0.05 0.06 0.08 0

1712929902
0.04 0.06 0.08 11198

1712929903
0.04 0.06 0.08 0

1712929904
0.03 0.06 0.07 0

1712929905
0.03 0.06 0.07 0

1712929906
0.03 0.05 0.07 0

1712929907
0.03 0.05 0.07 0

1712929908
0.02 0.05 0.07 0

1712929909
0.02 0.05 0.07 0

1712929910
0.02 0.05 0.07 0

1712929911
0.02 0.05 0.07 0

1712929912
0.01 0.05 0.07 26396

1712929913
0.01 0.05 0.07 0

1712929914
0.19 0.08 0.08 0

1712929915
0.19 0.08 0.08 295

1712929916
0.16 0.08 0.08 0

1712929917
0.16 0.08 0.08 0

1712929918
0.13 0.07 0.08 0

1712929919
0.13 0.07 0.08 0

1712929920
0.1 0.07 0.07 0

1712929921
0.1 0.07 0.07 9584

1712929922
0.08 0.07 0.07 0

1712929923
0.08 0.07 0.07 0

1712929924
0.07 0.06 0.07 0

1712929925
0.07 0.06 0.07 0

1712929926
0.05 0.06 0.07 0

1712929927
0.05 0.06 0.07 0

1712929928
0.04 0.06 0.07 1679

1712929929
0.04 0.06 0.07 0

1712929930
0.03 0.06 0.07 0

1712929931
0.03 0.06 0.07 0

1712929932
0.03 0.06 0.07 0

1712929933
0.03 0.06 0.07 0

1712929934
0.02 0.05 0.07 0

1712929935
0.02 0.05 0.07 0

1712929936
0.02 0.05 0.07 0

1712929937
0.02 0.05 0.07 0

1712929938
0.01 0.05 0.07 0

1712929939
0.01 0.05 0.07 0

1712929940
0.01 0.05 0.07 0

1712929941
0.01 0.05 0.07 0

1712929942
0.01 0.04 0.06 0

1712929943
0.01 0.04 0.06 0

1712929944
0.0 0.04 0.06 0

1712929945
0.0 0.04 0.06 0

1712929946
0.0 0.04 0.06 0

1712929947
0.0 0.04 0.06 8994

1712929948
0.0 0.04 0.06 497

1712929949
0.0 0.04 0.06 3503

1712929950
0.0 0.04 0.06 1715

1712929951
0.0 0.04 0.06 0

1712929952
0.0 0.04 0.06 0

1712929953
0.0 0.04 0.06 0

1712929954
0.0 0.03 0.06 0

1712929955
0.0 0.03 0.06 0

1712929956
0.0 0.03 0.06 0

1712929957
0.0 0.03 0.06 0

1712929958
0.0 0.03 0.06 0

1712929959
0.0 0.03 0.06 0

1712929960
0.0 0.03 0.06 44

1712929961
0.0 0.03 0.06 0

1712929962
0.0 0.03 0.06 492

1712929963
0.0 0.03 0.06 0

1712929964
0.0 0.03 0.06 3505

1712929965
0.0 0.03 0.06 0

1712929966
0.0 0.03 0.06 0

1712929967
0.0 0.03 0.06 0

1712929968
0.0 0.02 0.06 0

1712929969
0.0 0.02 0.06 0

1712929970
0.0 0.02 0.06 0

1712929971
0.0 0.02 0.06 616

1712929972
0.0 0.02 0.06 0

1712929973
0.0 0.02 0.06 0

1712929974
0.0 0.02 0.06 0

1712929975
0.0 0.02 0.06 10

1712929976
0.0 0.02 0.06 0

1712929977
0.0 0.02 0.06 491

1712929978
0.0 0.02 0.06 0

1712929979
0.0 0.02 0.06 0

1712929980
0.0 0.02 0.06 0

1712929981
0.0 0.02 0.06 0

1712929982
0.0 0.02 0.06 0

1712929983
0.0 0.02 0.06 0

1712929984
0.0 0.02 0.05 0

1712929985
0.0 0.02 0.05 0

1712929986
0.0 0.02 0.05 11

1712929987
0.0 0.02 0.05 433

1712929988
0.0 0.01 0.05 0

1712929989
0.0 0.01 0.05 0

1712929990
0.0 0.01 0.05 0

1712929991
0.0 0.01 0.05 0

1712929992
0.0 0.01 0.05 0

1712929993
0.0 0.01 0.05 0

1712929994
0.0 0.01 0.05 178

1712929995
0.0 0.01 0.05 22

1712929996
0.0 0.01 0.05 0

1712929997
0.0 0.01 0.05 0

1712929998
0.0 0.01 0.05 1668

1712929999
0.0 0.01 0.05 0

1712930000
0.0 0.01 0.05 0

1712930001
0.0 0.01 0.05 0

1712930002
0.0 0.01 0.05 1

1712930003
0.0 0.01 0.05 0

1712930004
0.0 0.01 0.05 0

1712930005
0.0 0.01 0.05 29

1712930006
0.0 0.01 0.05 0

1712930007
0.0 0.01 0.05 0

1712930008
0.0 0.01 0.05 0

1712930009
0.0 0.01 0.05 0

1712930010
0.0 0.01 0.05 446

1712930011
0.0 0.01 0.05 0

1712930012
0.0 0.01 0.05 0

1712930013
0.0 0.01 0.05 0

1712930014
0.0 0.01 0.05 0

1712930015
0.0 0.01 0.05 0

1712930016
0.0 0.01 0.05 0

1712930017
0.0 0.01 0.05 0

1712930018
0.0 0.0 0.05 0

1712930019
0.0 0.0 0.05 0

1712930020
0.0 0.0 0.05 0

1712930021
0.0 0.0 0.05 0

1712930022
0.0 0.0 0.05 0

1712930023
0.0 0.0 0.05 0

1712930024
0.0 0.0 0.04 0

1712930025
0.0 0.0 0.04 0

1712930026
0.0 0.0 0.04 0

1712930027
0.0 0.0 0.04 0

1712930028
0.0 0.0 0.04 1

1712930029
0.0 0.0 0.04 0

1712930030
0.0 0.0 0.04 0

1712930031
0.0 0.0 0.04 0

1712930032
0.0 0.0 0.04 0

1712930033
0.0 0.0 0.04 0

1712930034
0.0 0.0 0.04 0

1712930035
0.0 0.0 0.04 0

1712930036
0.0 0.0 0.04 0

1712930037
0.0 0.0 0.04 146

1712930038
0.0 0.0 0.04 0

1712930039
0.0 0.0 0.04 0

1712930040
0.0 0.0 0.04 0

1712930041
0.0 0.0 0.04 0

1712930042
0.0 0.0 0.04 0

1712930043
0.0 0.0 0.04 0

1712930044
0.0 0.0 0.04 0

1712930045
0.0 0.0 0.04 0

1712930046
0.0 0.0 0.04 0

1712930047
0.0 0.0 0.04 0

1712930048
0.0 0.0 0.04 0

1712930049
0.0 0.0 0.04 0

1712930050
0.0 0.0 0.04 0

1712930051
0.0 0.0 0.04 0

1712930052
0.0 0.0 0.04 4609

1712930053
0.0 0.0 0.04 6611

1712930054
0.0 0.0 0.04 0

1712930055
0.0 0.0 0.04 0

1712930056
0.0 0.0 0.04 0

1712930057
0.0 0.0 0.04 0

1712930058
0.0 0.0 0.04 0

1712930059
0.0 0.0 0.04 0

1712930060
0.0 0.0 0.04 0

1712930061
0.0 0.0 0.04 0

1712930062
0.0 0.0 0.04 0

1712930063
0.0 0.0 0.04 0

1712930064
0.0 0.0 0.04 0

1712930065
0.0 0.0 0.04 0

1712930066
0.0 0.0 0.03 0

1712930067
0.0 0.0 0.03 0

1712930068
0.0 0.0 0.03 0

1712930069
0.0 0.0 0.03 1553

1712930071
0.0 0.0 0.03 0

1712930072
0.0 0.0 0.03 0

1712930073
0.0 0.0 0.03 0

1712930074
0.0 0.0 0.03 0

1712930075
0.0 0.0 0.03 0

1712930076
0.0 0.0 0.03 0

1712930077
0.0 0.0 0.03 0

1712930078
0.0 0.0 0.03 0

1712930079
0.0 0.0 0.03 0

1712930080
0.0 0.0 0.03 0

1712930081
0.0 0.0 0.03 0

1712930082
0.0 0.0 0.03 0

1712930083
0.0 0.0 0.03 0

1712930084
0.0 0.0 0.03 0

1712930085
0.0 0.0 0.03 0

1712930086
0.0 0.0 0.03 0

1712930087
0.0 0.0 0.03 0

1712930088
0.0 0.0 0.03 0

1712930089
0.0 0.0 0.03 0

1712930090
0.0 0.0 0.03 0

1712930091
0.0 0.0 0.03 0

1712930092
0.0 0.0 0.03 495

1712930093
0.0 0.0 0.03 0

1712930094
0.0 0.0 0.03 7446

1712930095
0.0 0.0 0.03 0

1712930096
0.0 0.0 0.03 0

1712930097
0.0 0.0 0.03 2711

1712930098
0.0 0.0 0.03 0

1712930099
0.0 0.0 0.03 0

1712930100
0.0 0.0 0.03 0

1712930101
0.0 0.0 0.03 10960

1712930102
0.0 0.0 0.03 0

1712930103
0.0 0.0 0.03 0

1712930104
0.0 0.0 0.03 517

1712930105
0.0 0.0 0.03 2064

1712930106
0.0 0.0 0.02 0

1712930107
0.0 0.0 0.02 0

1712930108
0.0 0.0 0.02 0

1712930109
0.0 0.0 0.02 235

1712930110
0.0 0.0 0.02 1195

1712930111
0.0 0.0 0.02 33

1712930112
0.0 0.0 0.02 0

1712930113
0.0 0.0 0.02 0

1712930114
0.0 0.0 0.02 0

1712930115
0.0 0.0 0.02 31

1712930116
0.0 0.0 0.02 588

1712930117
0.0 0.0 0.02 0

1712930118
0.0 0.0 0.02 0

1712930119
0.0 0.0 0.02 2820

1712930120
0.0 0.0 0.02 0

1712930121
0.0 0.0 0.02 0

1712930122
0.0 0.0 0.02 1

1712930123
0.0 0.0 0.02 0

1712930124
0.0 0.0 0.02 0

1712930126
0.0 0.0 0.02 0

1712930127
0.0 0.0 0.02 0

1712930128
0.0 0.0 0.02 0

1712930129
0.0 0.0 0.02 50

1712930130
0.0 0.0 0.02 0

1712930131
0.0 0.0 0.02 0

1712930132
0.0 0.0 0.02 0

1712930133
0.0 0.0 0.02 0

1712930134
0.0 0.0 0.02 0

1712930135
0.0 0.0 0.02 0

1712930136
0.0 0.0 0.02 0

1712930137
0.0 0.0 0.02 0

1712930138
0.0 0.0 0.02 36

1712930139
0.0 0.0 0.02 0

1712930140
0.0 0.0 0.02 0

1712930141
0.0 0.0 0.02 0

1712930142
0.0 0.0 0.02 0

1712930143
0.0 0.0 0.02 0

1712930144
0.0 0.0 0.02 28387

1712930145
0.0 0.0 0.02 0

1712930146
0.0 0.0 0.02 10572

1712930147
0.0 0.0 0.02 0

1712930148
0.0 0.0 0.01 0

1712930149
0.0 0.0 0.01 0

1712930150
0.0 0.0 0.01 3

1712930151
0.0 0.0 0.01 0

1712930152
0.0 0.0 0.01 0

1712930153
0.0 0.0 0.01 0

1712930154
0.0 0.0 0.01 0

1712930155
0.0 0.0 0.01 0

1712930156
0.0 0.0 0.01 126

1712930157
0.0 0.0 0.01 53

1712930158
0.0 0.0 0.01 0

1712930159
0.0 0.0 0.01 0

1712930160
0.0 0.0 0.01 0

1712930161
0.0 0.0 0.01 0

1712930162
0.0 0.0 0.01 0

1712930163
0.0 0.0 0.01 0

1712930164
0.0 0.0 0.01 0

1712930165
0.0 0.0 0.01 0

1712930166
0.0 0.0 0.01 0

1712930167
0.0 0.0 0.01 0

1712930168
0.0 0.0 0.01 0

1712930169
0.0 0.0 0.01 0

1712930170
0.0 0.0 0.01 0

1712930171
0.0 0.0 0.01 10607

1712930172
0.0 0.0 0.01 0

1712930173
0.0 0.0 0.01 0

1712930174
0.0 0.0 0.01 0

1712930175
0.0 0.0 0.01 0

1712930176
0.0 0.0 0.01 11182

1712930177
0.0 0.0 0.01 0

1712930178
0.0 0.0 0.01 0

1712930179
0.0 0.0 0.01 0

1712930180
0.0 0.0 0.01 9405

1712930181
0.0 0.0 0.01 10786

1712930182
0.0 0.0 0.01 11009

1712930183
0.0 0.0 0.01 0

1712930184
0.0 0.0 0.01 0

1712930185
0.0 0.0 0.01 0

1712930186
0.0 0.0 0.01 0

1712930187
0.0 0.0 0.01 0

1712930188
0.0 0.0 0.0 0

1712930189
0.0 0.0 0.0 0

1712930190
0.0 0.0 0.0 9990

1712930191
0.0 0.0 0.0 0

1712930192
0.0 0.0 0.0 0

1712930193
0.0 0.0 0.0 11432

1712930194
0.0 0.0 0.0 0

1712930195
0.0 0.0 0.0 0

1712930196
0.0 0.0 0.0 0

1712930197
0.0 0.0 0.0 0

1712930198
0.0 0.0 0.0 10347

1712930199
0.0 0.0 0.0 0

1712930200
0.0 0.0 0.0 0

1712930201
0.0 0.0 0.0 0

1712930202
0.0 0.0 0.0 0

1712930203
0.0 0.0 0.0 0

1712930204
0.0 0.0 0.0 0

1712930205
0.0 0.0 0.0 0

1712930206
0.0 0.0 0.0 10360

1712930207
0.0 0.0 0.0 0

1712930208
0.0 0.0 0.0 0

1712930209
0.0 0.0 0.0 0

1712930210
0.0 0.0 0.0 11807

1712930211
0.0 0.0 0.0 0

1712930212
0.0 0.0 0.0 0

1712930213
0.0 0.0 0.0 0

1712930214
0.0 0.0 0.0 0

1712930215
0.0 0.0 0.0 0

1712930216
0.0 0.0 0.0 0

1712930217
0.0 0.0 0.0 0

1712930218
0.0 0.0 0.0 0

1712930219
0.0 0.0 0.0 4734

1712930220
0.0 0.0 0.0 8179

1712930221
0.0 0.0 0.0 0

1712930222
0.0 0.0 0.0 0

1712930223
0.0 0.0 0.0 0

1712930224
0.0 0.0 0.0 0

1712930225
0.0 0.0 0.0 0

1712930226
0.36 0.06 0.01 41380

1712930227
0.36 0.06 0.01 0

1712930228
0.29 0.06 0.01 0

1712930229
0.29 0.06 0.01 0

1712930230
0.24 0.06 0.01 0

1712930231
0.24 0.06 0.01 0

1712930232
0.19 0.05 0.01 0

1712930233
0.19 0.05 0.01 0

1712930234
0.16 0.05 0.01 0

1712930235
0.16 0.05 0.01 0

1712930236
0.13 0.05 0.01 0

1712930237
0.13 0.05 0.01 0

1712930238
0.1 0.05 0.01 0

1712930239
0.1 0.05 0.01 0

1712930240
0.08 0.05 0.01 0

1712930241
0.08 0.05 0.01 0

1712930242
0.07 0.04 0.01 0

1712930243
0.07 0.04 0.01 0

1712930244
0.05 0.04 0.01 0

1712930245
0.05 0.04 0.01 0

1712930246
0.04 0.04 0.0 0

1712930247
0.04 0.04 0.0 0

1712930248
0.03 0.04 0.0 0

1712930249
0.03 0.04 0.0 0

1712930250
0.03 0.04 0.0 0

1712930251
0.03 0.04 0.0 0

1712930252
0.02 0.04 0.0 0

1712930253
0.02 0.04 0.0 0

1712930254
0.02 0.03 0.0 0

1712930255
0.02 0.03 0.0 0

1712930256
0.01 0.03 0.0 0

1712930257
0.01 0.03 0.0 0

1712930258
0.01 0.03 0.0 0

1712930259
0.01 0.03 0.0 0

1712930260
0.01 0.03 0.0 0

1712930261
0.01 0.03 0.0 0

1712930262
0.0 0.03 0.0 0

1712930263
0.0 0.03 0.0 0

1712930264
0.0 0.03 0.0 0

1712930265
0.0 0.03 0.0 0

1712930266
0.0 0.02 0.0 0

1712930267
0.0 0.02 0.0 0

1712930268
0.0 0.02 0.0 0

1712930269
0.0 0.02 0.0 0

1712930270
0.0 0.02 0.0 0

1712930271
0.0 0.02 0.0 0

1712930272
0.0 0.02 0.0 0

1712930273
0.0 0.02 0.0 0

1712930274
0.0 0.02 0.0 0

1712930275
0.0 0.02 0.0 0

1712930276
0.0 0.02 0.0 0

1712930277
0.0 0.02 0.0 0

1712930278
0.0 0.02 0.0 0

1712930279
0.0 0.02 0.0 0

1712930280
0.0 0.02 0.0 0

1712930281
0.0 0.02 0.0 0

1712930282
0.0 0.02 0.0 0

1712930283
0.0 0.02 0.0 0

1712930284
0.0 0.02 0.0 0

1712930285
0.0 0.02 0.0 0

1712930286
0.0 0.02 0.0 0

1712930287
0.0 0.02 0.0 0

1712930288
0.0 0.01 0.0 0

1712930289
0.0 0.01 0.0 0

1712930290
0.0 0.01 0.0 59

1712930291
0.0 0.01 0.0 0

1712930292
0.0 0.01 0.0 0

1712930293
0.0 0.01 0.0 0

1712930294
0.0 0.01 0.0 0

1712930295
0.0 0.01 0.0 14

1712930296
0.0 0.01 0.0 0

1712930297
0.0 0.01 0.0 0

1712930298
0.0 0.01 0.0 1072

1712930299
0.0 0.01 0.0 71

1712930300
0.0 0.01 0.0 0

1712930301
0.0 0.01 0.0 0

1712930302
0.0 0.01 0.0 0

1712930303
0.0 0.01 0.0 0

1712930304
0.0 0.01 0.0 0

1712930305
0.0 0.01 0.0 34

1712930306
0.0 0.01 0.0 0

1712930307
0.0 0.01 0.0 0

1712930308
0.0 0.01 0.0 0

1712930309
0.0 0.01 0.0 9

1712930310
0.0 0.01 0.0 13

1712930311
0.0 0.01 0.0 0

1712930312
0.0 0.01 0.0 0

1712930313
0.0 0.01 0.0 0

1712930314
0.0 0.01 0.0 0

1712930315
0.0 0.01 0.0 0

1712930316
0.0 0.01 0.0 0

1712930317
0.0 0.0 0.0 0

1712930318
0.0 0.0 0.0 0

1712930319
0.0 0.0 0.0 0

1712930320
0.0 0.0 0.0 0

1712930321
0.0 0.0 0.0 0

1712930322
0.0 0.0 0.0 0

1712930323
0.0 0.0 0.0 0

1712930324
0.0 0.0 0.0 0

1712930325
0.0 0.0 0.0 0

1712930326
0.0 0.0 0.0 0

1712930327
0.0 0.0 0.0 0

1712930328
0.0 0.0 0.0 0

1712930329
0.0 0.0 0.0 0

1712930330
0.0 0.0 0.0 0

1712930331
0.0 0.0 0.0 0

1712930332
0.0 0.0 0.0 0

1712930333
0.0 0.0 0.0 0

1712930334
0.0 0.0 0.0 0

1712930335
0.0 0.0 0.0 0

1712930336
0.0 0.0 0.0 0

1712930337
0.0 0.0 0.0 0

1712930338
0.0 0.0 0.0 0

1712930339
0.0 0.0 0.0 0

1712930340
0.0 0.0 0.0 0

1712930341
0.0 0.0 0.0 0

1712930342
0.0 0.0 0.0 0

1712930343
0.0 0.0 0.0 0

1712930344
0.0 0.0 0.0 0

1712930345
0.0 0.0 0.0 0

1712930346
0.0 0.0 0.0 0

1712930347
0.0 0.0 0.0 0

1712930348
0.0 0.0 0.0 0

1712930349
0.0 0.0 0.0 0

1712930350
0.0 0.0 0.0 0

1712930351
0.0 0.0 0.0 0

1712930352
0.0 0.0 0.0 0

1712930353
0.0 0.0 0.0 0

1712930354
0.0 0.0 0.0 0

1712930355
0.0 0.0 0.0 0

1712930356
0.0 0.0 0.0 0

1712930357
0.0 0.0 0.0 0

1712930358
0.0 0.0 0.0 0

1712930359
0.0 0.0 0.0 0

1712930360
0.0 0.0 0.0 0

1712930361
0.0 0.0 0.0 0

1712930362
0.0 0.0 0.0 0

1712930363
0.0 0.0 0.0 0

1712930364
0.0 0.0 0.0 0

1712930365
0.0 0.0 0.0 0

1712930366
0.0 0.0 0.0 0

1712930367
0.0 0.0 0.0 0

1712930368
0.0 0.0 0.0 0

1712930369
0.0 0.0 0.0 0

1712930370
0.0 0.0 0.0 0

1712930371
0.0 0.0 0.0 0

1712930372
0.0 0.0 0.0 0

1712930373
0.0 0.0 0.0 0

1712930374
0.0 0.0 0.0 0

1712930375
0.0 0.0 0.0 6592

1712930376
0.0 0.0 0.0 0

1712930377
0.0 0.0 0.0 0

1712930378
0.0 0.0 0.0 0

1712930379
0.0 0.0 0.0 0

1712930380
0.0 0.0 0.0 0

1712930381
0.0 0.0 0.0 0

1712930382
0.0 0.0 0.0 0

1712930383
0.0 0.0 0.0 0

1712930384
0.0 0.0 0.0 0

1712930385
0.0 0.0 0.0 5796

1712930386
0.0 0.0 0.0 198

1712930387
0.0 0.0 0.0 0

1712930388
0.0 0.0 0.0 0

1712930389
0.0 0.0 0.0 0

1712930390
0.0 0.0 0.0 0

1712930391
0.0 0.0 0.0 0

1712930392
0.0 0.0 0.0 0

1712930393
0.0 0.0 0.0 0

1712930394
0.0 0.0 0.0 72

1712930395
0.0 0.0 0.0 0

1712930396
0.0 0.0 0.0 0

1712930397
0.0 0.0 0.0 0

1712930398
0.0 0.0 0.0 0

1712930399
0.0 0.0 0.0 0

1712930400
0.0 0.0 0.0 0

1712930401
0.0 0.0 0.0 241

1712930402
0.0 0.0 0.0 673

1712930403
0.0 0.0 0.0 0

1712930404
0.0 0.0 0.0 0

1712930405
0.0 0.0 0.0 0

1712930406
0.0 0.0 0.0 0

1712930407
0.0 0.0 0.0 0

1712930408
0.0 0.0 0.0 0

1712930409
0.0 0.0 0.0 1

1712930410
0.0 0.0 0.0 0

1712930411
0.0 0.0 0.0 0

1712930412
0.0 0.0 0.0 0

1712930413
0.0 0.0 0.0 0

1712930414
0.0 0.0 0.0 0

1712930415
0.0 0.0 0.0 0

1712930416
0.0 0.0 0.0 0

1712930417
0.0 0.0 0.0 0

1712930418
0.0 0.0 0.0 0

1712930419
0.0 0.0 0.0 0

1712930420
0.0 0.0 0.0 0

1712930421
0.0 0.0 0.0 0

1712930422
0.0 0.0 0.0 0

1712930423
0.0 0.0 0.0 31293

1712930424
0.0 0.0 0.0 0

1712930425
0.18 0.03 0.0 6

1712930426
0.18 0.03 0.0 0

1712930427
0.14 0.03 0.0 0

1712930428
0.14 0.03 0.0 0

1712930429
0.12 0.02 0.0 23326

1712930431
0.28 0.06 0.01 0

1712930432
0.28 0.06 0.01 0

1712930433
0.22 0.05 0.01 0

1712930434
0.22 0.05 0.01 0

1712930435
0.18 0.05 0.01 0

1712930436
0.18 0.05 0.01 31493

1712930437
0.33 0.08 0.01 0

1712930438
0.33 0.08 0.01 14701

1712930439
0.27 0.08 0.01 0

1712930440
0.27 0.08 0.01 373

1712930441
0.22 0.08 0.01 11195

1712930442
0.22 0.08 0.01 0

1712930443
0.18 0.08 0.01 0

1712930444
0.18 0.08 0.01 11157

1712930445
0.14 0.07 0.01 0

1712930446
0.14 0.07 0.01 0

1712930447
0.12 0.07 0.01 0

1712930448
0.12 0.07 0.01 0

1712930449
0.1 0.07 0.01 0

1712930450
0.1 0.07 0.01 0

1712930451
0.08 0.06 0.01 0

1712930452
0.08 0.06 0.01 0

1712930453
0.06 0.06 0.01 0

1712930454
0.06 0.06 0.01 0

1712930455
0.05 0.06 0.01 0

1712930456
0.05 0.06 0.01 0

1712930457
0.04 0.06 0.01 38

1712930458
0.04 0.06 0.01 0

1712930459
0.03 0.05 0.01 0

1712930460
0.03 0.05 0.01 22

1712930461
0.02 0.05 0.01 4

1712930462
0.02 0.05 0.01 0

1712930463
0.02 0.05 0.01 0

1712930464
0.02 0.05 0.01 0

1712930465
0.01 0.05 0.01 0

1712930466
0.01 0.05 0.01 0

1712930467
0.01 0.05 0.01 0

1712930468
0.01 0.05 0.01 0

1712930469
0.01 0.04 0.01 0

1712930470
0.01 0.04 0.01 0

1712930471
0.0 0.04 0.01 0

1712930472
0.0 0.04 0.01 0

1712930473
0.0 0.04 0.0 0

1712930474
0.0 0.04 0.0 0

1712930475
0.0 0.04 0.0 0

1712930476
0.0 0.04 0.0 0

1712930477
0.0 0.04 0.0 0

1712930478
0.0 0.04 0.0 0

1712930479
0.0 0.04 0.0 0

1712930480
0.0 0.04 0.0 0

1712930481
0.0 0.03 0.0 0

1712930482
0.0 0.03 0.0 0

1712930483
0.0 0.03 0.0 0

1712930484
0.0 0.03 0.0 0

1712930485
0.0 0.03 0.0 0

1712930486
0.0 0.03 0.0 19

1712930487
0.0 0.03 0.0 0

1712930488
0.0 0.03 0.0 0

1712930489
0.0 0.03 0.0 0

1712930490
0.0 0.03 0.0 0

1712930491
0.0 0.03 0.0 0

1712930492
0.0 0.03 0.0 0

1712930493
0.0 0.03 0.0 0

1712930494
0.0 0.03 0.0 0

1712930495
0.0 0.02 0.0 0

1712930496
0.0 0.02 0.0 0

1712930497
0.0 0.02 0.0 0

1712930498
0.0 0.02 0.0 0

1712930499
0.0 0.02 0.0 0

1712930500
0.0 0.02 0.0 0

1712930501
0.0 0.02 0.0 0

1712930502
0.0 0.02 0.0 0

1712930503
0.0 0.02 0.0 0

1712930504
0.0 0.02 0.0 0

1712930505
0.0 0.02 0.0 0

1712930506
0.0 0.02 0.0 0

1712930507
0.0 0.02 0.0 0

1712930508
0.0 0.02 0.0 0

1712930509
0.0 0.02 0.0 0

1712930510
0.0 0.02 0.0 0

1712930511
0.0 0.02 0.0 0

1712930512
0.0 0.02 0.0 0

1712930513
0.0 0.02 0.0 0

1712930514
0.0 0.02 0.0 0

1712930515
0.0 0.01 0.0 0

1712930516
0.0 0.01 0.0 0

1712930517
0.0 0.01 0.0 0

1712930518
0.0 0.01 0.0 20410

1712930519
0.18 0.05 0.0 1

1712930520
0.18 0.05 0.0 15676

1712930521
0.14 0.04 0.0 10273

1712930522
0.14 0.04 0.0 17095

1712930523
0.3 0.08 0.01 0

1712930524
0.3 0.08 0.01 0

1712930525
0.24 0.07 0.01 0

1712930526
0.24 0.07 0.01 504

1712930527
0.2 0.07 0.01 0

1712930528
0.2 0.07 0.01 0

1712930529
0.16 0.07 0.01 0

1712930530
0.16 0.07 0.01 0

1712930531
0.13 0.06 0.01 0

1712930532
0.13 0.06 0.01 0

1712930533
0.11 0.06 0.01 0

1712930534
0.11 0.06 0.01 0

1712930535
0.09 0.06 0.01 0

1712930536
0.09 0.06 0.01 0

1712930537
0.07 0.06 0.0 0

1712930538
0.07 0.06 0.0 0

1712930539
0.06 0.05 0.0 0

1712930540
0.06 0.05 0.0 0

1712930541
0.04 0.05 0.0 0

1712930542
0.04 0.05 0.0 0

1712930543
0.03 0.05 0.0 0

1712930544
0.03 0.05 0.0 0

1712930545
0.03 0.05 0.0 0

1712930546
0.03 0.05 0.0 9

1712930547
0.02 0.05 0.0 0

1712930548
0.02 0.05 0.0 0

1712930549
0.02 0.04 0.0 0

1712930550
0.02 0.04 0.0 0

1712930551
0.01 0.04 0.0 0

1712930552
0.01 0.04 0.0 0

1712930553
0.01 0.04 0.0 0

1712930554
0.01 0.04 0.0 446

1712930555
0.01 0.04 0.0 0

1712930556
0.01 0.04 0.0 0

1712930557
0.0 0.04 0.0 0

1712930558
0.0 0.04 0.0 0

1712930559
0.0 0.04 0.0 0

1712930560
0.0 0.04 0.0 0

1712930561
0.0 0.03 0.0 0

1712930562
0.0 0.03 0.0 0

1712930563
0.0 0.03 0.0 0

1712930564
0.0 0.03 0.0 0

1712930565
0.0 0.03 0.0 0

1712930566
0.0 0.03 0.0 0

1712930567
0.0 0.03 0.0 0

1712930568
0.0 0.03 0.0 0

1712930569
0.0 0.03 0.0 0

1712930570
0.0 0.03 0.0 0

1712930571
0.0 0.03 0.0 0

1712930572
0.0 0.03 0.0 0

1712930573
0.0 0.03 0.0 821

1712930574
0.0 0.03 0.0 0

1712930575
0.0 0.02 0.0 0

1712930576
0.0 0.02 0.0 0

1712930577
0.0 0.02 0.0 0

1712930578
0.0 0.02 0.0 0

1712930579
0.0 0.02 0.0 98

1712930580
0.0 0.02 0.0 0

1712930581
0.0 0.02 0.0 0

1712930582
0.0 0.02 0.0 0

1712930583
0.0 0.02 0.0 0

1712930584
0.0 0.02 0.0 0

1712930585
1.08 0.22 0.04 235884

1712930586
1.08 0.22 0.04 249977

1712930587
5.23 0.99 0.2 249952

1712930588
5.23 0.99 0.2 249961

1712930589
8.63 1.75 0.36 249949

1712930590
8.63 1.75 0.36 249948

1712930591
11.41 2.48 0.52 249951

1712930592
11.41 2.48 0.52 250005

1712930593
13.69 3.18 0.69 249963

1712930594
13.69 3.18 0.69 220521

1712930595
14.11 3.6 0.79 0

1712930596
14.11 3.6 0.79 0

1712930597
11.55 3.48 0.78 0

1712930598
11.55 3.48 0.78 0

1712930599
9.46 3.37 0.78 0

1712930600
9.46 3.37 0.78 0

1712930601
7.74 3.26 0.77 0

1712930602
7.74 3.26 0.77 0

1712930603
6.34 3.15 0.77 0

1712930604
6.34 3.15 0.77 0

1712930605
5.19 3.05 0.76 0

1712930606
5.19 3.05 0.76 0

1712930607
4.25 2.95 0.76 0

1712930608
4.25 2.95 0.76 0

1712930609
3.48 2.85 0.75 0

1712930610
3.48 2.85 0.75 0

1712930611
2.85 2.76 0.75 0

1712930612
2.85 2.76 0.75 0

1712930613
2.33 2.66 0.74 0

1712930614
2.33 2.66 0.74 526

1712930615
1.91 2.58 0.74 0

1712930616
1.91 2.58 0.74 0

1712930617
1.56 2.49 0.73 0

1712930618
1.56 2.49 0.73 0

1712930619
1.28 2.41 0.72 0

1712930620
1.28 2.41 0.72 0

1712930621
1.04 2.33 0.72 0

1712930622
1.04 2.33 0.72 0

1712930623
0.85 2.25 0.71 0

1712930624
0.85 2.25 0.71 0

1712930625
0.7 2.18 0.71 0

1712930626
0.7 2.18 0.71 0

1712930627
0.57 2.11 0.7 0

1712930628
0.57 2.11 0.7 0

1712930629
0.47 2.04 0.7 11072

1712930630
0.47 2.04 0.7 0

1712930631
0.38 1.97 0.69 0

1712930632
0.38 1.97 0.69 0

1712930633
0.31 1.91 0.69 0

1712930634
0.31 1.91 0.69 0

1712930635
0.25 1.84 0.68 0

1712930636
0.25 1.84 0.68 0

1712930637
0.21 1.78 0.68 0

1712930638
0.21 1.78 0.68 0

1712930639
0.17 1.73 0.67 12266

1712930640
0.17 1.73 0.67 0

1712930641
0.14 1.67 0.67 0

1712930642
0.14 1.67 0.67 0

1712930643
0.11 1.61 0.66 0

1712930644
0.11 1.61 0.66 0

1712930645
0.09 1.56 0.66 0

1712930646
0.09 1.56 0.66 0

1712930647
0.07 1.51 0.66 87

1712930648
0.07 1.51 0.66 0

1712930649
0.06 1.46 0.65 166

1712930650
0.06 1.46 0.65 0

1712930651
0.05 1.41 0.65 16566

1712930652
0.05 1.41 0.65 161999

1712930653
1.49 1.63 0.7 0

1712930654
1.49 1.63 0.7 0

1712930655
1.22 1.57 0.69 0

1712930656
1.22 1.57 0.69 0

1712930657
0.99 1.52 0.69 0

1712930658
0.99 1.52 0.69 0

1712930659
0.81 1.47 0.68 0

1712930660
0.81 1.47 0.68 0

1712930661
0.66 1.42 0.68 0

1712930662
0.66 1.42 0.68 0

1712930663
0.54 1.38 0.67 0

1712930664
0.54 1.38 0.67 0

1712930665
0.44 1.33 0.67 258

1712930666
0.44 1.33 0.67 0

1712930667
0.36 1.29 0.66 0

1712930668
0.36 1.29 0.66 0

1712930669
0.3 1.24 0.66 4

1712930670
0.3 1.24 0.66 0

1712930671
0.24 1.2 0.65 0

1712930672
0.24 1.2 0.65 0

1712930673
0.2 1.16 0.65 0

1712930674
0.2 1.16 0.65 0

1712930675
0.16 1.12 0.64 1086

1712930676
0.16 1.12 0.64 0

1712930677
0.13 1.09 0.64 0

1712930678
0.13 1.09 0.64 0

1712930679
0.1 1.05 0.63 0

1712930680
0.1 1.05 0.63 0

1712930681
0.08 1.02 0.63 0

1712930682
0.08 1.02 0.63 0

1712930683
0.07 0.98 0.62 4306

1712930684
0.07 0.98 0.62 5298

1712930685
0.05 0.95 0.62 0

1712930686
0.05 0.95 0.62 0

1712930687
0.04 0.92 0.62 0

1712930688
0.04 0.92 0.62 0

1712930689
0.03 0.89 0.61 0

1712930690
0.03 0.89 0.61 0

1712930691
0.03 0.86 0.61 0

1712930692
0.03 0.86 0.61 0

1712930693
0.02 0.83 0.6 0

1712930694
0.02 0.83 0.6 0

1712930695
0.02 0.8 0.6 0

1712930696
0.02 0.8 0.6 0

1712930697
0.01 0.78 0.59 0

1712930698
0.01 0.78 0.59 0

1712930699
0.01 0.75 0.59 0

1712930700
0.01 0.75 0.59 0

1712930701
0.01 0.73 0.58 0

1712930702
0.01 0.73 0.58 0

1712930703
0.0 0.7 0.58 0

1712930704
0.0 0.7 0.58 12033

1712930705
0.0 0.68 0.58 0

1712930706
0.0 0.68 0.58 0

1712930707
0.0 0.66 0.57 0

1712930708
0.0 0.66 0.57 0

1712930709
0.0 0.63 0.57 0

1712930710
0.0 0.63 0.57 0

1712930711
0.0 0.61 0.56 0

1712930712
0.0 0.61 0.56 0

1712930713
0.0 0.59 0.56 0

1712930714
0.0 0.59 0.56 0

1712930715
0.0 0.57 0.55 0

1712930716
0.0 0.57 0.55 0

1712930717
0.0 0.55 0.55 0

1712930718
0.0 0.55 0.55 119

1712930719
0.0 0.53 0.55 185

1712930720
0.0 0.53 0.55 0

1712930721
0.0 0.52 0.54 0

1712930722
0.0 0.52 0.54 0

1712930723
0.0 0.5 0.54 0

1712930724
0.0 0.5 0.54 0

1712930725
0.18 0.52 0.54 32792

1712930726
0.18 0.52 0.54 0

1712930727
0.14 0.5 0.54 0

1712930728
0.14 0.5 0.54 0

1712930729
0.12 0.48 0.53 0

1712930730
0.12 0.48 0.53 0

1712930731
0.09 0.47 0.53 0

1712930732
0.09 0.47 0.53 0

1712930733
0.08 0.45 0.53 0

1712930734
0.08 0.45 0.53 0

1712930735
0.06 0.44 0.52 0

1712930736
0.06 0.44 0.52 0

1712930737
0.05 0.42 0.52 0

1712930738
0.05 0.42 0.52 0

1712930739
0.04 0.41 0.52 0

1712930740
0.04 0.41 0.52 0

1712930741
0.03 0.39 0.51 0

1712930742
0.03 0.39 0.51 0

1712930743
0.02 0.38 0.51 0

1712930744
0.02 0.38 0.51 0

1712930745
0.02 0.37 0.5 0

1712930746
0.02 0.37 0.5 0

1712930747
0.01 0.35 0.5 0

1712930748
0.01 0.35 0.5 0

1712930749
0.01 0.34 0.5 0

1712930750
0.01 0.34 0.5 0

1712930751
0.01 0.33 0.49 0

1712930752
0.01 0.33 0.49 0

1712930753
0.0 0.32 0.49 0

1712930754
0.0 0.32 0.49 10863

1712930755
0.0 0.31 0.48 0

1712930756
0.0 0.31 0.48 0

1712930757
0.0 0.3 0.48 0

1712930758
0.0 0.3 0.48 0

1712930759
0.0 0.29 0.48 0

1712930760
0.0 0.29 0.48 0

1712930761
0.0 0.28 0.47 0

1712930762
0.0 0.28 0.47 0

1712930763
0.0 0.27 0.47 0

1712930764
0.0 0.27 0.47 0

1712930765
0.0 0.26 0.47 0

1712930766
0.0 0.26 0.47 0

1712930767
0.0 0.25 0.46 0

1712930768
0.0 0.25 0.46 28

1712930769
0.0 0.24 0.46 0

1712930770
0.0 0.24 0.46 0

1712930771
0.0 0.23 0.46 0

1712930772
0.0 0.23 0.46 0

1712930773
0.0 0.23 0.45 0

1712930774
0.0 0.23 0.45 0

1712930775
0.0 0.22 0.45 0

1712930776
0.0 0.22 0.45 477

1712930777
0.0 0.21 0.45 9707

1712930778
0.0 0.21 0.45 0

1712930779
0.0 0.2 0.44 0

1712930780
0.0 0.2 0.44 0

1712930781
0.0 0.2 0.44 0

1712930782
0.0 0.2 0.44 0

1712930783
0.0 0.19 0.44 0

1712930784
0.0 0.19 0.44 16159

1712930785
0.36 0.25 0.45 39410

1712930786
0.36 0.25 0.45 6767

1712930787
0.47 0.27 0.45 25209

1712930788
0.47 0.27 0.45 11465

1712930789
0.39 0.26 0.45 0

1712930790
0.39 0.26 0.45 0

1712930791
0.31 0.25 0.44 0

1712930792
0.31 0.25 0.44 0

1712930793
0.26 0.25 0.44 0

1712930794
0.26 0.25 0.44 0

1712930795
0.21 0.24 0.44 0

1712930796
0.21 0.24 0.44 0

1712930797
0.17 0.23 0.43 0

1712930798
0.17 0.23 0.43 0

1712930799
0.14 0.22 0.43 0

1712930800
0.14 0.22 0.43 0

1712930801
0.11 0.21 0.43 0

1712930802
0.11 0.21 0.43 0

1712930803
0.09 0.21 0.42 0

1712930804
0.09 0.21 0.42 0

1712930805
0.09 0.21 0.42 0

1712930806
0.07 0.2 0.42 0

1712930807
0.07 0.2 0.42 0

1712930808
0.06 0.19 0.42 0

1712930809
0.06 0.19 0.42 0

1712930810
0.05 0.19 0.41 0

1712930811
0.05 0.19 0.41 0

1712930812
0.04 0.18 0.41 0

1712930813
0.04 0.18 0.41 0

1712930814
0.03 0.17 0.41 0

1712930815
0.03 0.17 0.41 16728

1712930816
0.02 0.17 0.41 0

1712930817
0.02 0.17 0.41 0

1712930818
0.02 0.16 0.4 0

1712930819
0.02 0.16 0.4 0

1712930820
0.01 0.16 0.4 0

1712930821
0.01 0.16 0.4 0

1712930822
0.01 0.15 0.4 0

1712930823
0.01 0.15 0.4 0

1712930824
0.01 0.14 0.39 0

1712930825
0.01 0.14 0.39 0

1712930826
0.0 0.14 0.39 0

1712930827
0.0 0.14 0.39 0

1712930828
0.0 0.13 0.39 0

1712930829
0.0 0.13 0.39 0

1712930830
0.0 0.13 0.39 0

1712930831
0.0 0.13 0.39 0

1712930832
0.0 0.12 0.38 0

1712930833
0.0 0.12 0.38 1

1712930834
0.0 0.12 0.38 0

1712930835
0.0 0.12 0.38 0

1712930836
0.0 0.12 0.38 0

1712930837
0.0 0.12 0.38 0

1712930838
0.0 0.11 0.37 0

1712930839
0.0 0.11 0.37 0

1712930840
0.0 0.11 0.37 0

1712930841
0.0 0.11 0.37 0

1712930842
0.0 0.1 0.37 0

1712930843
0.0 0.1 0.37 0

1712930844
0.0 0.1 0.37 0

1712930845
0.0 0.1 0.37 0

1712930846
0.0 0.1 0.36 0

1712930847
0.0 0.1 0.36 0

1712930848
0.0 0.09 0.36 0

1712930849
0.0 0.09 0.36 0

1712930850
0.0 0.09 0.36 0

1712930851
0.0 0.09 0.36 0

1712930852
0.0 0.09 0.35 0

1712930853
0.0 0.09 0.35 0

1712930854
0.0 0.08 0.35 0

1712930855
0.0 0.08 0.35 0

1712930856
0.0 0.08 0.35 0

1712930857
0.0 0.08 0.35 0

1712930858
0.0 0.08 0.35 0

1712930859
0.0 0.08 0.35 0

1712930860
0.0 0.07 0.34 0

1712930861
0.0 0.07 0.34 0

1712930862
0.0 0.07 0.34 0

1712930863
0.0 0.07 0.34 0

1712930864
0.0 0.07 0.34 0

1712930865
0.0 0.07 0.34 0

1712930866
0.0 0.07 0.34 0

1712930867
0.0 0.07 0.34 0

1712930868
0.0 0.06 0.33 0

1712930869
0.0 0.06 0.33 0

1712930870
0.0 0.06 0.33 0

1712930871
0.0 0.06 0.33 0

1712930872
0.0 0.06 0.33 0

1712930873
0.0 0.06 0.33 0

1712930874
0.0 0.06 0.33 1

1712930875
0.0 0.06 0.33 0

1712930876
0.0 0.05 0.32 0

1712930877
0.0 0.05 0.32 0

1712930878
0.0 0.05 0.32 0

1712930879
0.0 0.05 0.32 0

1712930880
0.0 0.05 0.32 0

1712930881
0.0 0.05 0.32 0

1712930882
0.0 0.05 0.32 0

1712930883
0.0 0.05 0.32 0

1712930884
0.0 0.05 0.31 0

1712930885
0.0 0.05 0.31 0

1712930886
0.0 0.04 0.31 0

1712930887
0.0 0.04 0.31 0

1712930888
0.0 0.04 0.31 0

1712930889
0.0 0.04 0.31 0

1712930890
0.0 0.04 0.31 0

1712930891
0.0 0.04 0.31 0

1712930892
0.0 0.04 0.3 0

1712930893
0.0 0.04 0.3 0

1712930894
0.0 0.04 0.3 0

1712930895
0.0 0.04 0.3 10942

1712930896
0.0 0.04 0.3 0

1712930897
0.0 0.04 0.3 0

1712930898
0.0 0.03 0.3 0

1712930899
0.0 0.03 0.3 0

1712930900
0.0 0.03 0.29 0

1712930901
0.0 0.03 0.29 0

1712930902
0.0 0.03 0.29 0

1712930903
0.0 0.03 0.29 0

1712930904
0.0 0.03 0.29 0

1712930905
0.0 0.03 0.29 0

1712930906
0.0 0.03 0.29 0

1712930907
0.0 0.03 0.29 0

1712930908
0.0 0.03 0.28 0

1712930909
0.0 0.03 0.28 0

1712930910
0.0 0.02 0.28 0

1712930911
0.0 0.02 0.28 0

1712930912
0.0 0.02 0.28 0

1712930913
0.0 0.02 0.28 0

1712930914
0.0 0.02 0.28 0

1712930915
0.0 0.02 0.28 0

1712930916
0.0 0.02 0.28 0

1712930917
0.0 0.02 0.28 0

1712930918
0.0 0.02 0.27 0

1712930919
0.0 0.02 0.27 0

1712930920
0.0 0.02 0.27 0

1712930921
0.0 0.02 0.27 0

1712930922
0.0 0.02 0.27 0

1712930923
0.0 0.02 0.27 0

1712930924
0.0 0.02 0.27 0

1712930925
0.0 0.02 0.27 0

1712930926
0.36 0.08 0.28 56818

1712930927
0.36 0.08 0.28 0

1712930928
0.29 0.08 0.28 8690

1712930929
0.29 0.08 0.28 0

1712930930
0.24 0.08 0.28 0

1712930931
0.24 0.08 0.28 0

1712930932
0.19 0.07 0.27 0

1712930933
0.19 0.07 0.27 0

1712930934
0.16 0.07 0.27 0

1712930935
0.16 0.07 0.27 0

1712930936
0.13 0.07 0.27 0

1712930937
0.13 0.07 0.27 0

1712930938
0.1 0.07 0.27 0

1712930939
0.1 0.07 0.27 0

1712930940
0.08 0.06 0.27 1

1712930941
0.08 0.06 0.27 0

1712930942
0.07 0.06 0.26 0

1712930943
0.07 0.06 0.26 1

1712930944
0.05 0.06 0.26 0

1712930945
0.05 0.06 0.26 0

1712930946
0.04 0.06 0.26 0

1712930947
0.04 0.06 0.26 0

1712930948
0.03 0.05 0.26 0

1712930949
0.03 0.05 0.26 0

1712930950
0.03 0.05 0.26 0

1712930951
0.03 0.05 0.26 0

1712930952
0.02 0.05 0.25 0

1712930953
0.02 0.05 0.25 0

1712930954
0.02 0.05 0.25 0

1712930955
0.02 0.05 0.25 0

1712930956
0.01 0.05 0.25 0

1712930957
0.01 0.05 0.25 62

1712930958
0.01 0.04 0.25 0

1712930959
0.01 0.04 0.25 0

1712930960
0.01 0.04 0.25 0

1712930961
0.01 0.04 0.25 0

1712930962
0.0 0.04 0.25 0

1712930963
0.0 0.04 0.25 0

1712930964
0.0 0.04 0.24 0

1712930965
0.0 0.04 0.24 0

1712930966
0.0 0.04 0.24 0

1712930967
0.0 0.04 0.24 1

1712930968
0.0 0.04 0.24 0

1712930969
0.0 0.04 0.24 0

1712930970
0.0 0.03 0.24 0

1712930971
0.0 0.03 0.24 0

1712930972
0.0 0.03 0.24 32

1712930973
0.0 0.03 0.24 0

1712930974
0.0 0.03 0.23 66

1712930975
0.0 0.03 0.23 0

1712930976
0.0 0.03 0.23 877

1712930977
0.0 0.03 0.23 0

1712930978
0.0 0.03 0.23 0

1712930979
0.0 0.03 0.23 331

1712930980
0.0 0.03 0.23 530

1712930981
0.0 0.03 0.23 0

1712930982
0.0 0.02 0.23 4377

1712930983
0.0 0.02 0.23 0

1712930984
0.0 0.02 0.22 0

1712930985
0.0 0.02 0.22 0

1712930986
0.0 0.02 0.22 0

1712930987
0.0 0.02 0.22 0

1712930988
0.0 0.02 0.22 1141

1712930989
0.0 0.02 0.22 0

1712930990
0.0 0.02 0.22 11929

1712930991
0.0 0.02 0.22 736

1712930992
0.18 0.05 0.22 17919

1712930993
0.18 0.05 0.22 0

1712930994
0.14 0.05 0.22 5989

1712930995
0.14 0.05 0.22 1517

1712930996
0.12 0.05 0.22 5425

1712930997
0.12 0.05 0.22 6325

1712930998
0.09 0.05 0.22 0

1712930999
0.09 0.05 0.22 0

1712931000
0.08 0.05 0.22 0

1712931001
0.08 0.05 0.22 2440

1712931002
0.06 0.04 0.21 9375

1712931003
0.06 0.04 0.21 3

1712931004
0.05 0.04 0.21 6128

1712931005
0.05 0.04 0.21 1939

1712931006
0.04 0.04 0.21 649

1712931007
0.04 0.04 0.21 0

1712931008
0.03 0.04 0.21 4775

1712931009
0.03 0.04 0.21 2297

1712931010
0.02 0.04 0.21 32337

1712931011
0.02 0.04 0.21 1

1712931012
0.2 0.07 0.21 0

1712931013
0.2 0.07 0.21 0

1712931014
0.16 0.07 0.21 81

1712931015
0.16 0.07 0.21 0

1712931016
0.13 0.06 0.21 13100

1712931017
0.13 0.06 0.21 45069

1712931018
0.65 0.16 0.23 44711

1712931019
0.65 0.16 0.23 1472

1712931020
0.71 0.19 0.23 366

1712931021
0.71 0.19 0.23 0

1712931022
0.58 0.18 0.23 0

1712931023
0.58 0.18 0.23 0

1712931024
0.48 0.17 0.23 0

1712931025
0.48 0.17 0.23 0

1712931026
0.39 0.17 0.23 0

1712931027
0.39 0.17 0.23 292

1712931028
0.32 0.16 0.22 494

1712931029
0.32 0.16 0.22 541

1712931030
0.26 0.16 0.22 28

1712931031
0.26 0.16 0.22 0

1712931032
0.21 0.15 0.22 0

1712931033
0.21 0.15 0.22 0

1712931034
0.17 0.15 0.22 0

1712931035
0.17 0.15 0.22 0

1712931036
0.14 0.14 0.22 0

1712931037
0.14 0.14 0.22 0

1712931038
0.11 0.14 0.22 0

1712931040
0.09 0.13 0.21 295

