1735397350
3.52 1.12 1.31 199065

1735397351
3.52 1.12 1.31 48885

1735397352
3.42 1.18 1.32 1086

1735397353
3.42 1.18 1.32 1001

1735397354
2.8 1.15 1.31 680

1735397355
2.8 1.15 1.31 2809

1735397356
2.29 1.11 1.31 4325

1735397357
2.29 1.11 1.31 2592

1735397358
1.88 1.07 1.3 2409

1735397359
1.88 1.07 1.3 1432

1735397360
1.54 1.04 1.29 1494

1735397361
1.54 1.04 1.29 1043

1735397362
1.26 1.0 1.28 1765

1735397363
1.26 1.0 1.28 2794

1735397364
1.03 0.97 1.27 962

1735397365
1.03 0.97 1.27 1690

1735397366
0.84 0.94 1.26 3419

1735397367
0.84 0.94 1.26 982

1735397368
0.69 0.9 1.25 1474

1735397369
0.69 0.9 1.25 1054

1735397370
0.56 0.87 1.24 1326

1735397371
0.56 0.87 1.24 883

1735397372
0.46 0.85 1.23 740

1735397373
0.46 0.85 1.23 883

1735397374
0.37 0.82 1.22 689

1735397375
0.37 0.82 1.22 926

1735397376
0.31 0.79 1.22 1014

1735397377
0.31 0.79 1.22 843

1735397378
0.25 0.76 1.21 1175

1735397379
0.25 0.76 1.21 1390

1735397380
0.2 0.74 1.2 731

1735397381
0.2 0.74 1.2 620

1735397382
0.16 0.71 1.19 738

1735397383
0.16 0.71 1.19 804

1735397384
0.13 0.69 1.18 693

1735397385
0.13 0.69 1.18 551

1735397386
0.11 0.67 1.17 647

1735397387
0.11 0.67 1.17 482

1735397388
0.09 0.64 1.17 1098

1735397389
0.09 0.64 1.17 565

1735397390
0.07 0.62 1.16 2472

1735397391
0.07 0.62 1.16 881

1735397392
0.06 0.6 1.15 1105

1735397393
0.06 0.6 1.15 1112

1735397394
0.05 0.58 1.14 1893

1735397395
0.05 0.58 1.14 1518

1735397396
0.04 0.56 1.13 910

1735397397
0.04 0.56 1.13 658

1735397398
0.03 0.54 1.12 1126

1735397399
0.03 0.54 1.12 732

1735397400
0.02 0.53 1.12 920

1735397401
0.02 0.53 1.12 959

1735397402
0.02 0.51 1.11 833

1735397403
0.02 0.51 1.11 707

1735397404
0.01 0.49 1.1 684

1735397405
0.01 0.49 1.1 662

1735397406
0.01 0.47 1.09 766

1735397407
0.01 0.47 1.09 2438

1735397408
0.01 0.46 1.09 2219

1735397409
0.01 0.46 1.09 1465

1735397410
0.0 0.44 1.08 25781

1735397411
0.0 0.44 1.08 5076

1735397412
0.18 0.46 1.08 4345

1735397413
0.18 0.46 1.08 2574

1735397414
0.15 0.45 1.07 1593

1735397415
0.15 0.45 1.07 542

1735397416
0.12 0.43 1.06 947

1735397417
0.12 0.43 1.06 711

1735397418
0.1 0.42 1.05 813

1735397419
0.1 0.42 1.05 1194

1735397420
0.08 0.4 1.05 763

1735397421
0.08 0.4 1.05 735

1735397422
0.06 0.39 1.04 633

1735397423
0.06 0.39 1.04 1366

1735397424
0.05 0.37 1.03 1412

1735397425
0.05 0.37 1.03 1042

1735397427
0.04 0.36 1.02 7069

