1735397350
0.1 0.2 3.84 13287

1735397351
0.1 0.2 3.84 4187

1735397352
0.08 0.19 3.82 2397

1735397353
0.08 0.19 3.82 2966

1735397354
0.06 0.18 3.79 3204

1735397355
0.06 0.18 3.79 0

1735397356
0.05 0.18 3.76 1995

1735397357
0.05 0.18 3.76 189

1735397358
0.04 0.17 3.74 6354

1735397359
0.04 0.17 3.74 565

1735397360
0.03 0.17 3.71 4220

1735397361
0.03 0.17 3.71 94

1735397362
0.03 0.16 3.69 2028

1735397363
0.03 0.16 3.69 2464

1735397364
0.02 0.15 3.66 1981

1735397365
0.02 0.15 3.66 65

1735397366
0.01 0.15 3.63 1970

1735397367
0.01 0.15 3.63 154

1735397368
0.01 0.14 3.61 3640

1735397369
0.01 0.14 3.61 0

1735397370
0.01 0.14 3.58 1696

1735397371
0.01 0.14 3.58 0

1735397372
0.01 0.13 3.56 2253

1735397373
0.01 0.13 3.56 473

1735397374
0.0 0.13 3.54 6841

1735397375
0.0 0.13 3.54 629

1735397376
0.18 0.16 3.52 35310

1735397377
0.18 0.16 3.52 208

1735397378
0.15 0.15 3.49 3557

1735397379
0.15 0.15 3.49 1044

1735397380
0.12 0.15 3.47 0

1735397381
0.12 0.15 3.47 3910

1735397382
0.1 0.14 3.45 0

1735397383
0.1 0.14 3.45 3414

1735397384
0.08 0.14 3.42 4906

1735397385
0.08 0.14 3.42 1859

1735397386
0.06 0.13 3.4 0

1735397387
0.06 0.13 3.4 1662

1735397388
0.05 0.13 3.37 1467

1735397389
0.05 0.13 3.37 4067

1735397390
0.04 0.12 3.35 15836

1735397391
0.04 0.12 3.35 1325

1735397392
0.03 0.12 3.33 0

1735397393
0.03 0.12 3.33 2848

1735397394
0.03 0.11 3.31 1021

1735397395
0.03 0.11 3.31 1129

1735397396
0.02 0.11 3.28 0

1735397397
0.02 0.11 3.28 1499

1735397398
0.01 0.11 3.26 1260

1735397399
0.01 0.11 3.26 2173

1735397400
0.01 0.1 3.24 234

1735397401
0.01 0.1 3.24 1365

1735397402
0.01 0.1 3.21 0

1735397403
0.01 0.1 3.21 1702

1735397404
0.01 0.1 3.19 2093

1735397405
0.01 0.1 3.19 1188

1735397406
0.0 0.09 3.17 0

1735397407
0.0 0.09 3.17 2778

1735397408
0.0 0.09 3.15 2266

1735397409
0.0 0.09 3.15 3857

1735397410
0.0 0.08 3.13 1569

1735397411
0.0 0.08 3.13 5132

1735397412
0.0 0.08 3.1 1683

1735397413
0.0 0.08 3.1 3879

1735397414
0.0 0.08 3.08 2171

1735397415
0.0 0.08 3.08 1128

1735397416
0.0 0.08 3.06 0

1735397417
0.0 0.08 3.06 1545

1735397418
0.0 0.07 3.04 1682

1735397419
0.0 0.07 3.04 4248

1735397420
0.0 0.07 3.02 44

1735397421
0.0 0.07 3.02 1216

1735397422
0.0 0.07 3.0 0

1735397423
0.0 0.07 3.0 1398

1735397424
0.0 0.06 2.98 2956

1735397425
0.0 0.06 2.98 0

1735397427
0.0 0.06 2.96 4948

