1735397349
/dev/sda2: 55089348608
overlay: 55089348608

1735397350
/dev/sda2: 55090102272
overlay: 55090102272

1735397351
/dev/sda2: 55092903936
overlay: 55092903936

1735397352
/dev/sda2: 55092903936
overlay: 55092903936

1735397353
/dev/sda2: 55092908032
overlay: 55092908032

1735397354
/dev/sda2: 55092912128
overlay: 55092912128

1735397355
/dev/sda2: 55092912128
overlay: 55092912128

1735397356
/dev/sda2: 55092916224
overlay: 55092916224

1735397357
/dev/sda2: 55092920320
overlay: 55092920320

1735397358
/dev/sda2: 55092924416
overlay: 55092924416

1735397359
/dev/sda2: 55092924416
overlay: 55092924416

1735397360
/dev/sda2: 55092928512
overlay: 55092928512

1735397361
/dev/sda2: 55092932608
overlay: 55092932608

1735397362
/dev/sda2: 55092932608
overlay: 55092932608

1735397363
/dev/sda2: 55092936704
overlay: 55092936704

1735397364
/dev/sda2: 55092940800
overlay: 55092940800

1735397365
/dev/sda2: 55092940800
overlay: 55092940800

1735397366
/dev/sda2: 55092944896
overlay: 55092944896

1735397367
/dev/sda2: 55092948992
overlay: 55092948992

1735397368
/dev/sda2: 55092862976
overlay: 55092862976

1735397369
/dev/sda2: 55092867072
overlay: 55092867072

1735397370
/dev/sda2: 55092875264
overlay: 55092875264

1735397371
/dev/sda2: 55092879360
overlay: 55092879360

1735397372
/dev/sda2: 55092879360
overlay: 55092879360

1735397373
/dev/sda2: 55092883456
overlay: 55092883456

1735397374
/dev/sda2: 55092887552
overlay: 55092887552

1735397375
/dev/sda2: 55092887552
overlay: 55092887552

1735397376
/dev/sda2: 55092891648
overlay: 55092891648

1735397377
/dev/sda2: 55092895744
overlay: 55092895744

1735397378
/dev/sda2: 55092895744
overlay: 55092895744

1735397379
/dev/sda2: 55092899840
overlay: 55092899840

1735397380
/dev/sda2: 55092903936
overlay: 55092903936

1735397381
/dev/sda2: 55092903936
overlay: 55092903936

1735397382
/dev/sda2: 55092908032
overlay: 55092908032

1735397383
/dev/sda2: 55092912128
overlay: 55092912128

1735397384
/dev/sda2: 55092912128
overlay: 55092912128

1735397385
/dev/sda2: 55092916224
overlay: 55092916224

1735397386
/dev/sda2: 55092920320
overlay: 55092920320

1735397387
/dev/sda2: 55092920320
overlay: 55092920320

1735397388
/dev/sda2: 55092924416
overlay: 55092924416

1735397389
/dev/sda2: 55092928512
overlay: 55092928512

1735397390
/dev/sda2: 55093055488
overlay: 55093055488

1735397391
/dev/sda2: 55093055488
overlay: 55093055488

1735397392
/dev/sda2: 55093059584
overlay: 55093059584

1735397393
/dev/sda2: 55093063680
overlay: 55093063680

1735397394
/dev/sda2: 55093063680
overlay: 55093063680

1735397395
/dev/sda2: 55093067776
overlay: 55093067776

1735397396
/dev/sda2: 55093071872
overlay: 55093071872

1735397397
/dev/sda2: 55093071872
overlay: 55093071872

1735397398
/dev/sda2: 55093080064
overlay: 55093080064

1735397399
/dev/sda2: 55093084160
overlay: 55093084160

1735397400
/dev/sda2: 55093084160
overlay: 55093084160

1735397401
/dev/sda2: 55093088256
overlay: 55093088256

1735397402
/dev/sda2: 55093092352
overlay: 55093092352

1735397403
/dev/sda2: 55093092352
overlay: 55093092352

1735397404
/dev/sda2: 55093096448
overlay: 55093096448

1735397405
/dev/sda2: 55093100544
overlay: 55093100544

1735397406
/dev/sda2: 55093100544
overlay: 55093100544

1735397407
/dev/sda2: 55093108736
overlay: 55093108736

1735397408
/dev/sda2: 55093112832
overlay: 55093112832

1735397409
/dev/sda2: 55093112832
overlay: 55093112832

1735397410
/dev/sda2: 55093452800
overlay: 55093452800

1735397411
/dev/sda2: 55093456896
overlay: 55093456896

1735397412
/dev/sda2: 55093456896
overlay: 55093456896

1735397413
/dev/sda2: 55093460992
overlay: 55093460992

1735397414
/dev/sda2: 55093465088
overlay: 55093465088

1735397415
/dev/sda2: 55093465088
overlay: 55093465088

1735397416
/dev/sda2: 55093469184
overlay: 55093469184

1735397417
/dev/sda2: 55093473280
overlay: 55093473280

1735397418
/dev/sda2: 55093473280
overlay: 55093473280

1735397419
/dev/sda2: 55093481472
overlay: 55093481472

1735397420
/dev/sda2: 55093485568
overlay: 55093485568

1735397421
/dev/sda2: 55093485568
overlay: 55093485568

1735397422
/dev/sda2: 55093489664
overlay: 55093489664

1735397423
/dev/sda2: 55093497856
overlay: 55093497856

1735397424
/dev/sda2: 55093501952
overlay: 55093501952

1735397425
/dev/sda2: 55093506048
overlay: 55093506048

