1735397350
0.8173719376391982 0.13808463251670378 0.004454342984409799

1735397351
0.2867383512544803 0.05017921146953405 0.0017921146953405018

1735397352
0.005012531328320802 0.002506265664160401 0.0

1735397353
0.005025125628140704 0.005025125628140704 0.002512562814070352

1735397354
0.005012531328320802 0.0 0.002506265664160401

1735397355
0.02 0.01 0.0

1735397356
0.040100250626566414 0.012531328320802004 0.002506265664160401

1735397357
0.02 0.015 0.0

1735397358
0.02506265664160401 0.017543859649122806 0.005012531328320802

1735397359
0.012594458438287154 0.0025188916876574307 0.0

1735397360
0.010025062656641603 0.002506265664160401 0.002506265664160401

1735397361
0.007518796992481203 0.005012531328320802 0.0

1735397362
0.012531328320802004 0.005012531328320802 0.0

1735397363
0.017632241813602016 0.005037783375314861 0.0025188916876574307

1735397364
0.005025125628140704 0.0 0.002512562814070352

1735397365
0.017543859649122806 0.005012531328320802 0.0

1735397366
0.020151133501259445 0.020151133501259445 0.0

1735397367
0.012531328320802004 0.002506265664160401 0.0

1735397368
0.012468827930174564 0.004987531172069825 0.004987531172069825

1735397369
0.005012531328320802 0.002506265664160401 0.0

1735397370
0.01256281407035176 0.005025125628140704 0.0

1735397371
0.005012531328320802 0.002506265664160401 0.0

1735397372
0.005 0.0 0.0025

1735397373
0.0075 0.005 0.0

1735397374
0.005025125628140704 0.0 0.005025125628140704

1735397375
0.010025062656641603 0.005012531328320802 0.0

1735397376
0.010050251256281407 0.005025125628140704 0.01256281407035176

1735397377
0.0075 0.005 0.0

1735397378
0.007537688442211055 0.002512562814070352 0.002512562814070352

1735397379
0.0075 0.0025 0.0

1735397380
0.0025188916876574307 0.0 0.0

1735397381
0.007481296758104738 0.004987531172069825 0.0024937655860349127

1735397382
0.002506265664160401 0.002506265664160401 0.0

1735397383
0.0075 0.0025 0.0025

1735397384
0.005037783375314861 0.0 0.0025188916876574307

1735397385
0.004987531172069825 0.0024937655860349127 0.0024937655860349127

1735397386
0.005012531328320802 0.0 0.0

1735397387
0.005 0.0025 0.0025

1735397388
0.0075 0.0025 0.0

1735397389
0.005012531328320802 0.002506265664160401 0.002506265664160401

1735397390
0.017543859649122806 0.017543859649122806 0.012531328320802004

1735397391
0.01 0.0025 0.0025

1735397392
0.0075 0.0025 0.0

1735397393
0.007518796992481203 0.002506265664160401 0.002506265664160401

1735397394
0.007575757575757576 0.0 0.0

1735397395
0.0075 0.0025 0.0025

1735397396
0.007518796992481203 0.002506265664160401 0.0

1735397397
0.005037783375314861 0.0 0.0

1735397398
0.012468827930174564 0.004987531172069825 0.0024937655860349127

1735397399
0.007518796992481203 0.002506265664160401 0.002506265664160401

1735397400
0.005037783375314861 0.0025188916876574307 0.0

1735397401
0.0075 0.0 0.0

1735397402
0.005012531328320802 0.002506265664160401 0.0

1735397403
0.0075 0.0025 0.0025

1735397404
0.005 0.0025 0.0025

1735397405
0.005 0.0025 0.0

1735397406
0.005025125628140704 0.0 0.0

1735397407
0.02506265664160401 0.012531328320802004 0.002506265664160401

1735397408
0.022443890274314215 0.012468827930174564 0.004987531172069825

1735397409
0.005037783375314861 0.0025188916876574307 0.0025188916876574307

1735397410
0.19035532994923857 0.03553299492385787 0.0

1735397411
0.10526315789473684 0.022556390977443608 0.010025062656641603

1735397412
0.05063291139240506 0.015189873417721518 0.002531645569620253

1735397413
0.024875621890547265 0.007462686567164179 0.004975124378109453

1735397414
0.010101010101010102 0.005050505050505051 0.0

1735397415
0.005 0.0025 0.0025

1735397416
0.005012531328320802 0.0 0.0

1735397417
0.007518796992481203 0.002506265664160401 0.0

1735397418
0.007481296758104738 0.0024937655860349127 0.0024937655860349127

1735397419
0.007537688442211055 0.0 0.002512562814070352

1735397420
0.0075 0.005 0.0

1735397421
0.005025125628140704 0.0 0.0

1735397422
0.005 0.0025 0.0

1735397423
0.005 0.0025 0.0025

1735397424
0.005012531328320802 0.002506265664160401 0.002506265664160401

1735397425
0.005012531328320802 0.002506265664160401 0.0

1735397427
0.1531413612565445 0.02617801047120419 0.0013089005235602095

