1735397349
0.0 0.0 0.0

1735397350
0.0 0.0 0.0

1735397351
0.0 0.0 0.0

1735397352
0.0 0.0 0.0

1735397353
0.0 0.0 0.0

1735397354
0.0 0.0 0.0

1735397355
0.0 0.0 0.0

1735397356
0.0 0.0 0.0

1735397357
0.0 0.0 0.0

1735397358
0.0 0.0 0.0

1735397359
0.0 0.0 0.0

1735397360
0.0 0.0 0.0

1735397361
0.0 0.0 0.0

1735397362
0.0 0.0 0.0

1735397363
0.0 0.0 0.0

1735397364
0.0 0.0 0.0

1735397365
0.0 0.0 0.0

1735397366
0.0 0.0 0.0

1735397367
0.0 0.0 0.0

1735397368
0.0 0.0 0.0

1735397369
0.0 0.0 0.0

1735397370
0.0 0.0 0.0

1735397371
0.0 0.0 0.0

1735397372
0.0 0.0 0.0

1735397373
0.0 0.0 0.0

1735397374
0.0 0.0 0.0

1735397375
0.0 0.0 0.0

1735397376
0.0 0.0 0.0

1735397377
0.0 0.0 0.0

1735397378
0.0 0.0 0.0

1735397379
0.0 0.0 0.0

1735397380
0.0 0.0 0.0

1735397381
0.0 0.0 0.0

1735397382
0.0 0.0 0.0

1735397383
0.0 0.0 0.0

1735397384
0.0 0.0 0.0

1735397385
0.0 0.0 0.0

1735397386
0.0 0.0 0.0

1735397387
0.0 0.0 0.0

1735397388
0.0 0.0 0.0

1735397389
0.0 0.0 0.0

1735397390
0.0 0.0 0.0

1735397391
0.0 0.0 0.0

1735397392
0.0 0.0 0.0

1735397393
0.0 0.0 0.0

1735397394
0.0 0.0 0.0

1735397395
0.0 0.0 0.0

1735397396
0.0 0.0 0.0

1735397397
0.0 0.0 0.0

1735397398
0.0 0.0 0.0

1735397399
0.0 0.0 0.0

1735397400
0.0 0.0 0.0

1735397401
0.0 0.0 0.0

1735397402
0.0 0.0 0.0

1735397403
0.0 0.0 0.0

1735397404
0.0 0.0 0.0

1735397405
0.0 0.0 0.0

1735397406
0.0 0.0 0.0

1735397407
0.0 0.0 0.0

1735397408
0.0 0.0 0.0

1735397409
0.0 0.0 0.0

1735397410
0.0 0.0 0.0

1735397411
0.0 0.0 0.0

1735397412
0.0 0.0 0.0

1735397413
0.0 0.0 0.0

1735397414
0.0 0.0 0.0

1735397415
0.0 0.0 0.0

1735397416
0.0 0.0 0.0

1735397417
0.0 0.0 0.0

1735397418
0.0 0.0 0.0

1735397419
0.0 0.0 0.0

1735397420
0.0 0.0 0.0

1735397421
0.0 0.0 0.0

1735397422
0.0 0.0 0.0

1735397423
0.0 0.0 0.0

1735397424
0.0 0.0 0.0

1735397425
0.0 0.0 0.0

