1735397349
5950804 435396 559672 3504844 2097148 2092284

1735397350
5950804 333856 560036 3512572 2097148 2092284

1735397351
5950804 336584 560164 3515844 2097148 2092284

1735397352
5950804 337916 560164 3515844 2097148 2092284

1735397353
5950804 337392 560176 3515688 2097148 2092284

1735397354
5950804 345084 560176 3515692 2097148 2092284

1735397355
5950804 353560 560176 3515964 2097148 2092284

1735397356
5950804 362464 560176 3514516 2097148 2092284

1735397357
5950804 369724 560176 3514144 2097148 2092284

1735397358
5950804 371460 560184 3515876 2097148 2092284

1735397359
5950804 374068 560184 3515880 2097148 2092284

1735397360
5950804 378964 560184 3515876 2097148 2092284

1735397361
5950804 380860 560184 3515904 2097148 2092284

1735397362
5950804 381740 560184 3515980 2097148 2092284

1735397363
5950804 382740 560192 3515916 2097148 2092284

1735397364
5950804 382784 560192 3515916 2097148 2092284

1735397365
5950804 382536 560192 3514096 2097148 2092284

1735397366
5950804 382404 560192 3514132 2097148 2092284

1735397367
5950804 382552 560192 3515924 2097148 2092284

1735397368
5950804 382664 560204 3515540 2097148 2092284

1735397369
5950804 382664 560204 3515544 2097148 2092284

1735397370
5950804 382500 560204 3515520 2097148 2092284

1735397371
5950804 382500 560204 3515520 2097148 2092284

1735397372
5950804 382648 560204 3515524 2097148 2092284

1735397373
5950804 382752 560212 3515528 2097148 2092284

1735397374
5950804 382500 560212 3515528 2097148 2092284

1735397375
5950804 382248 560212 3515532 2097148 2092284

1735397376
5950804 382248 560212 3515536 2097148 2092284

1735397377
5950804 382248 560212 3515536 2097148 2092284

1735397378
5950804 382248 560212 3515540 2097148 2092284

1735397379
5950804 382248 560220 3515544 2097148 2092284

1735397380
5950804 382248 560220 3515544 2097148 2092284

1735397381
5950804 390572 560220 3515548 2097148 2092284

1735397382
5950804 390572 560220 3515552 2097148 2092284

1735397383
5950804 390320 560224 3515548 2097148 2092284

1735397384
5950804 390320 560228 3515556 2097148 2092284

1735397385
5950804 390320 560228 3515560 2097148 2092284

1735397386
5950804 390320 560228 3515560 2097148 2092284

1735397387
5950804 390320 560228 3515564 2097148 2092284

1735397388
5950804 390320 560228 3515568 2097148 2092284

1735397389
5950804 390320 560236 3515572 2097148 2092284

1735397390
5950804 388176 560316 3525444 2097148 2092284

1735397391
5950804 388176 560316 3525444 2097148 2092284

1735397392
5950804 388176 560316 3525448 2097148 2092284

1735397393
5950804 388176 560320 3525444 2097148 2092284

1735397394
5950804 388176 560324 3525452 2097148 2092284

1735397395
5950804 388176 560324 3525456 2097148 2092284

1735397396
5950804 388176 560324 3525460 2097148 2092284

1735397397
5950804 388176 560324 3525460 2097148 2092284

1735397398
5950804 388176 560328 3525464 2097148 2092284

1735397399
5950804 388176 560332 3525468 2097148 2092284

1735397400
5950804 388176 560332 3523788 2097148 2092284

1735397401
5950804 388176 560332 3523696 2097148 2092284

1735397402
5950804 388176 560332 3523700 2097148 2092284

1735397403
5950804 386412 560336 3525472 2097148 2092284

1735397404
5950804 386412 560340 3525488 2097148 2092284

1735397405
5950804 386412 560340 3525492 2097148 2092284

1735397406
5950804 386412 560340 3525492 2097148 2092284

1735397407
5950804 386412 560344 3525496 2097148 2092284

1735397408
5950804 386412 560348 3525496 2097148 2092284

1735397409
5950804 386412 560352 3525500 2097148 2092284

1735397410
5950804 385656 560352 3526096 2097148 2092284

1735397411
5950804 385656 560352 3526212 2097148 2092284

1735397412
5950804 383636 560352 3526284 2097148 2092284

1735397413
5950804 383384 560352 3526384 2097148 2092284

1735397414
5950804 384552 560364 3524576 2097148 2092284

1735397415
5950804 384680 560364 3524556 2097148 2092284

1735397416
5950804 384680 560364 3524532 2097148 2092284

1735397417
5950804 384680 560364 3524528 2097148 2092284

1735397418
5950804 384680 560368 3526304 2097148 2092284

1735397419
5950804 384680 560372 3526328 2097148 2092284

1735397420
5950804 386464 560372 3524544 2097148 2092284

1735397421
5950804 386464 560372 3524544 2097148 2092284

1735397422
5950804 386464 560372 3524548 2097148 2092284

1735397423
5950804 386464 560376 3526176 2097148 2092284

1735397424
5950804 386464 560380 3526252 2097148 2092284

1735397425
5950804 386464 560380 3526260 2097148 2092284

1735397427
5950804 468956 560380 3526868 2097148 2092284

