1712928232
/dev/sda3: 212483989504
overlay: 212483989504

1712928233
/dev/sda3: 212484915200
overlay: 212484915200

1712928234
/dev/sda3: 212485844992
overlay: 212485844992

1712928235
/dev/sda3: 212488007680
overlay: 212488007680

1712928236
/dev/sda3: 212497076224
overlay: 212497076224

1712928237
/dev/sda3: 212512194560
overlay: 212512194560

1712928238
/dev/sda3: 212514435072
overlay: 212514435072

1712928239
/dev/sda3: 212515422208
overlay: 212515422208

1712928240
/dev/sda3: 212516548608
overlay: 212516548608

1712928241
/dev/sda3: 212517466112
overlay: 212517466112

1712928242
/dev/sda3: 212518678528
overlay: 212518678528

1712928243
/dev/sda3: 212519620608
overlay: 212519620608

1712928244
/dev/sda3: 212520763392
overlay: 212520763392

1712928245
/dev/sda3: 212522160128
overlay: 212522160128

1712928246
/dev/sda3: 212524032000
overlay: 212524032000

1712928247
/dev/sda3: 212525981696
overlay: 212525981696

1712928248
/dev/sda3: 212527403008
overlay: 212527403008

1712928249
/dev/sda3: 212529594368
overlay: 212529594368

1712928250
/dev/sda3: 212531236864
overlay: 212531236864

1712928251
/dev/sda3: 212532531200
overlay: 212532531200

1712928252
/dev/sda3: 212533653504
overlay: 212533653504

1712928253
/dev/sda3: 212534706176
overlay: 212534706176

1712928254
/dev/sda3: 212537774080
overlay: 212537774080

1712928255
/dev/sda3: 212546527232
overlay: 212546527232

1712928256
/dev/sda3: 212556775424
overlay: 212556775424

1712928257
/dev/sda3: 212675043328
overlay: 212675043328

1712928258
/dev/sda3: 212813869056
overlay: 212813869056

1712928259
/dev/sda3: 213004357632
overlay: 213004357632

1712928260
/dev/sda3: 213045587968
overlay: 213045587968

1712928261
/dev/sda3: 213032300544
overlay: 213032304640

1712928262
/dev/sda3: 213047902208
overlay: 213047902208

1712928263
/dev/sda3: 213049860096
overlay: 213049860096

1712928264
/dev/sda3: 213053362176
overlay: 213053362176

1712928265
/dev/sda3: 213056356352
overlay: 213056356352

1712928266
/dev/sda3: 213057736704
overlay: 213057736704

1712928267
/dev/sda3: 213058404352
overlay: 213058404352

1712928268
/dev/sda3: 213059170304
overlay: 213059170304

1712928269
/dev/sda3: 213060567040
overlay: 213060567040

1712928270
/dev/sda3: 213062283264
overlay: 213062283264

1712928271
/dev/sda3: 213064110080
overlay: 213064110080

1712928272
/dev/sda3: 213065125888
overlay: 213065125888

1712928273
/dev/sda3: 213067198464
overlay: 213067198464

1712928274
/dev/sda3: 213068443648
overlay: 213068443648

1712928275
/dev/sda3: 213069578240
overlay: 213069578240

1712928276
/dev/sda3: 213070540800
overlay: 213070540800

1712928277
/dev/sda3: 213071568896
overlay: 213071568896

1712928278
/dev/sda3: 213160108032
overlay: 213160108032

1712928279
/dev/sda3: 213287587840
overlay: 213287596032

1712928280
/dev/sda3: 213315280896
overlay: 213315280896

1712928281
/dev/sda3: 213333741568
overlay: 213333741568

1712928282
/dev/sda3: 213342879744
overlay: 213342879744

1712928283
/dev/sda3: 213344583680
overlay: 213344583680

1712928284
/dev/sda3: 213370769408
overlay: 213370769408

1712928285
/dev/sda3: 213383962624
overlay: 213383962624

1712928286
/dev/sda3: 213394927616
overlay: 213394927616

1712928287
/dev/sda3: 213405970432
overlay: 213405970432

1712928288
/dev/sda3: 213421129728
overlay: 213421129728

1712928289
/dev/sda3: 213425385472
overlay: 213425385472

1712928290
/dev/sda3: 213426470912
overlay: 213426470912

1712928291
/dev/sda3: 213427818496
overlay: 213427818496

1712928292
/dev/sda3: 213429432320
overlay: 213429432320

1712928293
/dev/sda3: 213440700416
overlay: 213440700416

1712928294
/dev/sda3: 213473968128
overlay: 213473968128

1712928295
/dev/sda3: 213475106816
overlay: 213475106816

1712928296
/dev/sda3: 213487091712
overlay: 213487091712

1712928298
/dev/sda3: 213491273728
overlay: 213491273728

1712928299
/dev/sda3: 213497126912
overlay: 213497126912

1712928300
/dev/sda3: 213501722624
overlay: 213501722624

1712928301
/dev/sda3: 213502668800
overlay: 213502668800

1712928302
/dev/sda3: 213504835584
overlay: 213504835584

1712928303
/dev/sda3: 213510262784
overlay: 213510262784

1712928304
/dev/sda3: 213511053312
overlay: 213511053312

1712928305
/dev/sda3: 213512511488
overlay: 213512511488

1712928306
/dev/sda3: 213513404416
overlay: 213513404416

1712928307
/dev/sda3: 213514092544
overlay: 213514092544

1712928308
/dev/sda3: 213514952704
overlay: 213514952704

1712928309
/dev/sda3: 213515665408
overlay: 213515665408

1712928310
/dev/sda3: 213516464128
overlay: 213516464128

1712928311
/dev/sda3: 213517324288
overlay: 213517324288

1712928312
/dev/sda3: 213518082048
overlay: 213518082048

1712928314
/dev/sda3: 213519654912
overlay: 213519654912

1712928315
/dev/sda3: 213520334848
overlay: 213520334848

1712928317
/dev/sda3: 213521965056
overlay: 213521965056

1712928318
/dev/sda3: 213551640576
overlay: 213551640576

1712928319
/dev/sda3: 213558747136
overlay: 213558747136

1712928320
/dev/sda3: 213634113536
overlay: 213634113536

1712928321
/dev/sda3: 213754421248
overlay: 213754421248

1712928322
/dev/sda3: 213849485312
overlay: 213849485312

1712928323
/dev/sda3: 213938245632
overlay: 213938245632

1712928324
/dev/sda3: 214011359232
overlay: 214011359232

1712928325
/dev/sda3: 214096637952
overlay: 214096637952

1712928326
/dev/sda3: 214189572096
overlay: 214189572096

1712928327
/dev/sda3: 214290272256
overlay: 214290272256

1712928328
/dev/sda3: 214404861952
overlay: 214404861952

1712928329
/dev/sda3: 214524620800
overlay: 214524620800

1712928330
/dev/sda3: 214690390016
overlay: 214690394112

1712928331
/dev/sda3: 214863785984
overlay: 214863785984

1712928332
/dev/sda3: 214959321088
overlay: 214959325184

1712928333
/dev/sda3: 215104069632
overlay: 215104073728

1712928334
/dev/sda3: 215182622720
overlay: 215182622720

1712928335
/dev/sda3: 215317831680
overlay: 215317831680

1712928336
/dev/sda3: 215435681792
overlay: 215435685888

1712928337
/dev/sda3: 215617826816
overlay: 215617826816

1712928338
/dev/sda3: 215809511424
overlay: 215809511424

1712928339
/dev/sda3: 215974158336
overlay: 215974162432

1712928340
/dev/sda3: 216116961280
overlay: 216116961280

1712928341
/dev/sda3: 216259244032
overlay: 216259244032

1712928343
/dev/sda3: 216596066304
overlay: 216596066304

1712928344
/dev/sda3: 216602615808
overlay: 216602615808

1712928345
/dev/sda3: 216611356672
overlay: 216611356672

1712928346
/dev/sda3: 216613920768
overlay: 216613920768

1712928347
/dev/sda3: 216644853760
overlay: 216644853760

1712928348
/dev/sda3: 216685981696
overlay: 216685981696

1712928349
/dev/sda3: 216707944448
overlay: 216707944448

1712928350
/dev/sda3: 216742633472
overlay: 216742633472

1712928351
/dev/sda3: 216883793920
overlay: 216883798016

1712928352
/dev/sda3: 216990760960
overlay: 216990760960

1712928353
/dev/sda3: 217044070400
overlay: 217044070400

1712928354
/dev/sda3: 217123074048
overlay: 217123074048

1712928355
/dev/sda3: 217150373888
overlay: 217150373888

1712928356
/dev/sda3: 217178025984
overlay: 217178030080

1712928357
/dev/sda3: 217222799360
overlay: 217222799360

1712928358
/dev/sda3: 217263788032
overlay: 217263788032

1712928359
/dev/sda3: 217306906624
overlay: 217306906624

1712928360
/dev/sda3: 217325772800
overlay: 217325772800

1712928361
/dev/sda3: 217331970048
overlay: 217331970048

1712928362
/dev/sda3: 217337511936
overlay: 217337511936

1712928363
/dev/sda3: 217341714432
overlay: 217341714432

1712928364
/dev/sda3: 217353641984
overlay: 217353641984

1712928365
/dev/sda3: 217369088000
overlay: 217369088000

1712928366
/dev/sda3: 217381224448
overlay: 217381224448

1712928367
/dev/sda3: 217384849408
overlay: 217384849408

1712928368
/dev/sda3: 217391550464
overlay: 217391550464

1712928369
/dev/sda3: 217401962496
overlay: 217401962496

1712928370
/dev/sda3: 217404452864
overlay: 217404452864

1712928371
/dev/sda3: 217413210112
overlay: 217413210112

1712928372
/dev/sda3: 217420169216
overlay: 217420169216

1712928373
/dev/sda3: 217428279296
overlay: 217428279296

1712928374
/dev/sda3: 217438846976
overlay: 217438846976

1712928375
/dev/sda3: 217445601280
overlay: 217445601280

1712928376
/dev/sda3: 217454768128
overlay: 217454768128

1712928377
/dev/sda3: 217468846080
overlay: 217468846080

1712928378
/dev/sda3: 217479487488
overlay: 217479487488

1712928379
/dev/sda3: 217482924032
overlay: 217482924032

1712928380
/dev/sda3: 217488830464
overlay: 217488830464

1712928381
/dev/sda3: 217507586048
overlay: 217507586048

1712928382
/dev/sda3: 217508777984
overlay: 217508777984

1712928383
/dev/sda3: 217558536192
overlay: 217558536192

1712928384
/dev/sda3: 217632833536
overlay: 217632833536

1712928385
/dev/sda3: 217699438592
overlay: 217699442688

1712928386
/dev/sda3: 217750302720
overlay: 217750302720

1712928387
/dev/sda3: 217803796480
overlay: 217803796480

1712928389
/dev/sda3: 217992478720
overlay: 217992478720

1712928390
/dev/sda3: 218151563264
overlay: 218151563264

1712928391
/dev/sda3: 218320605184
overlay: 218320605184

1712928392
/dev/sda3: 218465931264
overlay: 218465935360

1712928393
/dev/sda3: 218523435008
overlay: 218523435008

1712928394
/dev/sda3: 218539704320
overlay: 218539704320

1712928395
/dev/sda3: 218570199040
overlay: 218570199040

1712928396
/dev/sda3: 218590261248
overlay: 218590261248

1712928397
/dev/sda3: 218612858880
overlay: 218612858880

1712928398
/dev/sda3: 218627928064
overlay: 218627928064

1712928399
/dev/sda3: 218663587840
overlay: 218663587840

1712928400
/dev/sda3: 218669260800
overlay: 218669260800

1712928401
/dev/sda3: 218688577536
overlay: 218688577536

1712928402
/dev/sda3: 218812551168
overlay: 218812551168

1712928403
/dev/sda3: 218842689536
overlay: 218842689536

1712928404
/dev/sda3: 218884976640
overlay: 218884976640

1712928405
/dev/sda3: 219029733376
overlay: 219029733376

1712928407
/dev/sda3: 219368603648
overlay: 219368603648

1712928409
/dev/sda3: 219664330752
overlay: 219664330752

1712928410
/dev/sda3: 219814125568
overlay: 219814125568

1712928411
/dev/sda3: 219972169728
overlay: 219972169728

1712928412
/dev/sda3: 220144369664
overlay: 220144373760

1712928413
/dev/sda3: 220274839552
overlay: 220274839552

1712928414
/dev/sda3: 220398403584
overlay: 220398403584

1712928416
/dev/sda3: 220700950528
overlay: 220700950528

1712928417
/dev/sda3: 220701556736
overlay: 220701556736

