1712928231
5941920 417008 368476 1907132 2097148 1106428

1712928232
5941920 352044 368724 1908200 2097148 1106428

1712928233
5941920 357448 368940 1912372 2097148 1106428

1712928234
5941920 368064 369248 1909680 2097148 1106428

1712928235
5941920 390492 369764 1915092 2097148 1106428

1712928236
5941920 374788 369788 1923616 2097148 1106428

1712928237
5941920 355968 376616 1924664 2097148 1106428

1712928238
5941920 379064 377468 1925972 2097148 1106428

1712928239
5941920 371188 377772 1923148 2097148 1106428

1712928240
5941920 370204 378124 1923772 2097148 1106428

1712928241
5941920 360924 378452 1927924 2097148 1106428

1712928242
5941920 355468 378588 1929068 2097148 1106428

1712928243
5941920 360728 378668 1929744 2097148 1106428

1712928244
5941920 347200 378924 1930624 2097148 1106428

1712928245
5941920 346788 379112 1931908 2097148 1106428

1712928246
5941920 333496 379560 1933140 2097148 1106428

1712928247
5941920 341652 380216 1934380 2097148 1106428

1712928248
5941920 342160 380612 1935544 2097148 1106428

1712928249
5941920 361508 381168 1937164 2097148 1106428

1712928250
5941920 347708 381392 1935068 2097148 1106428

1712928251
5941920 318940 381684 1939700 2097148 1106428

1712928252
5941920 330756 381960 1937220 2097148 1106428

1712928253
5941920 337996 382224 1942492 2097148 1106428

1712928254
5941920 335320 382540 1944592 2097148 1106428

1712928255
5941920 349380 388344 1947128 2097148 1106428

1712928256
5941920 319344 389056 1953520 2097148 1106428

1712928257
5941920 119588 389356 2085972 2097148 1106428

1712928258
5941920 160616 384456 2153296 2097148 987900

1712928259
5941920 158112 374052 2192308 2097148 983292

1712928260
5941920 167396 374460 2212564 2097148 983292

1712928261
5941920 182500 374684 2222488 2097148 983292

1712928262
5941920 155248 375264 2249028 2097148 985084

1712928263
5941920 167120 375848 2250504 2097148 985084

1712928264
5941920 161272 377096 2250848 2097148 985084

1712928265
5941920 135948 378012 2252592 2097148 985084

1712928266
5941920 164748 378380 2250044 2097148 985084

1712928267
5941920 142924 378572 2250600 2097148 985084

1712928268
5941920 140412 378796 2247024 2097148 985084

1712928269
5941920 163080 379128 2248064 2097148 985084

1712928270
5941920 149868 379492 2253128 2097148 985084

1712928271
5941920 144608 380136 2254092 2097148 985084

1712928272
5941920 149656 380440 2255000 2097148 985084

1712928273
5941920 155128 380700 2256808 2097148 985084

1712928274
5941920 142572 380936 2257848 2097148 985084

1712928275
5941920 153048 381228 2258740 2097148 985084

1712928276
5941920 153012 381456 2259376 2097148 985084

1712928277
5941920 162732 381784 2256552 2097148 985084

1712928278
5941920 159436 318520 2275964 2097148 957948

1712928279
5941920 173100 206468 2428936 2097148 951548

1712928280
5941920 140408 211420 2455280 2097148 951548

1712928281
5941920 142648 216244 2471256 2097148 951548

1712928282
5941920 143008 218652 2477956 2097148 951548

1712928283
5941920 145028 219124 2479320 2097148 951548

1712928284
5941920 163476 135156 2489368 2097148 950780

1712928285
5941920 173492 147752 2491220 2097148 950780

1712928286
5941920 157688 151204 2496328 2097148 950780

1712928287
5941920 125488 155048 2508352 2097148 950780

1712928288
5941920 229980 145436 2430048 2097148 950268

1712928289
5941920 215688 148852 2431204 2097148 950268

1712928290
5941920 215676 149424 2435580 2097148 950268

1712928291
5941920 206996 150004 2436660 2097148 950268

1712928292
5941920 214272 150704 2437804 2097148 950268

1712928293
5941920 181248 151456 2445684 2097148 950268

1712928294
5941920 156604 152276 2478532 2097148 950268

1712928295
5941920 150100 152648 2484096 2097148 950268

1712928296
5941920 153448 154044 2494512 2097148 950268

1712928297
5941920 142756 154600 2497708 2097148 950268

1712928298
5941920 234112 154240 2400180 2097148 932604

1712928299
5941920 234984 154696 2405388 2097148 932604

1712928300
5941920 241432 155592 2409732 2097148 932604

1712928301
5941920 242416 156352 2410392 2097148 932604

1712928302
5941920 240640 156904 2412420 2097148 932604

1712928303
5941920 223836 157444 2418100 2097148 932604

1712928304
5941920 242576 158072 2418736 2097148 932604

1712928305
5941920 223228 158604 2416544 2097148 932604

1712928306
5941920 240992 158948 2420692 2097148 932604

1712928307
5941920 231340 159316 2421308 2097148 932604

1712928308
5941920 232924 159648 2418572 2097148 932604

1712928309
5941920 218352 159924 2422524 2097148 932604

1712928310
5941920 211832 160284 2422984 2097148 932604

1712928311
5941920 226228 160648 2423948 2097148 932604

1712928312
5941920 232592 160980 2424568 2097148 932604

1712928313
5941920 215420 161348 2424968 2097148 932604

1712928314
5941920 218744 161692 2422380 2097148 932604

1712928315
5941920 200720 161944 2426108 2097148 932604

1712928317
5941920 206080 162796 2432208 2097148 932604

1712928318
5941920 179236 160756 2374968 2097148 919292

1712928319
5941920 194696 161976 2384924 2097148 919292

1712928320
5941920 139932 162588 2293200 2097148 918780

1712928321
5941920 176820 153064 2275772 2097148 892156

1712928322
5941920 172328 154276 2310200 2097148 862716

1712928323
5941920 176768 155360 2310100 2097148 862204

1712928324
5941920 192056 156396 2297500 2097148 861692

1712928325
5941920 191396 157748 2298848 2097148 860924

1712928326
5941920 132756 159348 2409212 2097148 860924

1712928327
5941920 210748 160340 2362048 2097148 828668

1712928328
5941920 130180 161496 2397464 2097148 816636

1712928329
5941920 180404 162436 2305868 2097148 781564

1712928330
5941920 127756 163116 2429668 2097148 755452

1712928331
5941920 143988 164696 2481400 2097148 690684

1712928332
5941920 112268 166232 2465968 2097148 625404

1712928333
5941920 221232 168512 2448644 2097148 594428

1712928334
5941920 113440 180700 2537688 2097148 594428

1712928335
5941920 122460 185576 2554440 2097148 537084

1712928336
5941920 128420 191052 2530600 2097148 523004

1712928337
5941920 143372 194408 2575752 2097148 480764

1712928338
5941920 191644 198368 2547820 2097148 447484

1712928339
5941920 114600 205148 2572264 2097148 422652

1712928340
5941920 195320 212240 2551896 2097148 422652

1712928341
5941920 166428 216752 2573320 2097148 422652

1712928342
5941920 195900 220252 2601892 2097148 375036

1712928343
5941920 204988 224076 2598376 2097148 351740

1712928344
5941920 182052 228528 2601068 2097148 351740

1712928345
5941920 194288 232832 2605220 2097148 351740

1712928346
5941920 214628 235180 2604052 2097148 351740

1712928347
5941920 155544 237072 2643624 2097148 351740

1712928348
5941920 132816 238612 2693240 2097148 351740

1712928349
5941920 121372 241144 2711444 2097148 351740

1712928350
5941920 149340 242996 2669068 2097148 347388

1712928351
5941920 157232 244972 2636664 2097148 347388

1712928352
5941920 129196 246816 2663320 2097148 343292

1712928353
5941920 194584 248760 2632784 2097148 343036

1712928354
5941920 207496 250972 2614224 2097148 343036

1712928355
5941920 153888 253812 2639192 2097148 343036

1712928356
5941920 183392 256900 2577852 2097148 314620

1712928357
5941920 162976 265752 2625060 2097148 314620

1712928358
5941920 127100 269916 2669220 2097148 314620

1712928359
5941920 123092 272840 2715340 2097148 314620

1712928360
5941920 237112 273772 2639196 2097148 306684

1712928361
5941920 242172 278892 2644344 2097148 306684

1712928362
5941920 220800 282380 2646920 2097148 306684

1712928363
5941920 233912 286304 2643784 2097148 306684

1712928364
5941920 186252 288196 2662160 2097148 306684

1712928365
5941920 164844 291812 2674360 2097148 306684

1712928366
5941920 171788 295356 2684484 2097148 306684

1712928367
5941920 169380 297112 2686716 2097148 306684

1712928368
5941920 166716 298648 2693332 2097148 306684

1712928369
5941920 131332 300244 2704780 2097148 306684

1712928370
5941920 140308 301880 2702616 2097148 306684

1712928371
5941920 250788 304016 2607820 2097148 306684

1712928372
5941920 206316 307088 2612832 2097148 306684

1712928373
5941920 196188 309076 2623844 2097148 306684

1712928374
5941920 164104 311804 2631668 2097148 306684

1712928375
5941920 156296 314900 2635628 2097148 306684

1712928376
5941920 132108 320672 2639784 2097148 306940

1712928377
5941920 223096 324644 2542796 2097148 306940

1712928378
5941920 267436 325948 2552700 2097148 306940

1712928379
5941920 269856 326824 2555888 2097148 306940

1712928380
5941920 298444 327732 2557800 2097148 306940

1712928381
5941920 281196 328356 2576844 2097148 306940

1712928382
5941920 277056 328796 2581372 2097148 306940

1712928383
5941920 216984 329872 2557608 2097148 304636

1712928384
5941920 229764 330328 2559344 2097148 304636

1712928385
5941920 152276 330496 2647848 2097148 304636

1712928386
5941920 161696 330700 2611756 2097148 304636

1712928387
5941920 195036 332208 2581216 2097148 304124

1712928389
5941920 187120 333468 2601820 2097148 303356

1712928390
5941920 180696 334868 2595416 2097148 302844

1712928391
5941920 148252 336272 2629836 2097148 302844

1712928392
5941920 161276 337332 2620516 2097148 303100

1712928393
5941920 162016 340668 2622328 2097148 303100

1712928394
5941920 183432 346000 2555576 2097148 303100

1712928395
5941920 119340 352000 2573100 2097148 303100

1712928396
5941920 207380 357704 2482436 2097148 303100

1712928397
5941920 160396 362588 2502268 2097148 303100

1712928398
5941920 136252 364940 2515572 2097148 303100

1712928399
5941920 200880 367412 2558156 2097148 303356

1712928400
5941920 207908 367728 2560228 2097148 303356

1712928401
5941920 168816 368416 2588464 2097148 303356

1712928402
5941920 283760 369116 2517880 2097148 303356

1712928403
5941920 138520 370348 2564000 2097148 303356

1712928404
5941920 166432 372344 2517384 2097148 302844

1712928405
5941920 142932 373580 2599844 2097148 302588

1712928406
5941920 124608 375108 2605660 2097148 302588

1712928407
5941920 152152 375884 2597176 2097148 302588

1712928408
5941920 225596 377496 2528644 2097148 302588

1712928409
5941920 223248 377792 2539756 2097148 302588

1712928410
5941920 216740 378020 2532624 2097148 302588

1712928411
5941920 196700 378812 2538336 2097148 302588

1712928412
5941920 129784 379548 2562820 2097148 302588

1712928413
5941920 202272 380796 2526936 2097148 302588

1712928414
5941920 138724 381596 2592748 2097148 302588

1712928415
5941920 163152 382300 2621364 2097148 302844

1712928416
5941920 112928 383088 2671496 2097148 302844

1712928417
5941920 148232 383568 2641296 2097148 302844

1712928419
5941920 406496 384160 2572044 2097148 302844

