1712928231
0.0 0.0 0.0

1712928232
0.0 0.0 0.0

1712928233
0.0 0.0 0.0

1712928234
0.0 0.0 0.0

1712928235
0.0 0.0 0.0

1712928236
0.0 0.0 0.0

1712928237
0.0 0.0 0.0

1712928238
0.0 0.0 0.0

1712928239
0.0 0.0 0.0

1712928240
0.0 0.0 0.0

1712928241
0.0 0.0 0.0

1712928242
0.0 0.0 0.0

1712928243
0.0 0.0 0.0

1712928244
0.0 0.0 0.0

1712928245
0.0 0.0 0.0

1712928246
0.0 0.0 0.0

1712928247
0.0 0.0 0.0

1712928248
0.0 0.0 0.0

1712928249
0.0 0.0 0.0

1712928250
0.0 0.0 0.0

1712928251
0.0 0.0 0.0

1712928252
0.0 0.0 0.0

1712928253
0.0 0.0 0.0

1712928254
0.0 0.0 0.0

1712928255
0.0 0.0 0.0

1712928256
0.0 0.0 0.0

1712928257
0.0 0.0 0.0

1712928258
0.0 0.0 0.0

1712928259
0.0 0.0 0.0

1712928260
0.0 0.0 0.0

1712928261
0.0 0.0 0.0

1712928262
0.0 0.0 0.0

1712928263
0.0 0.0 0.0

1712928264
0.0 0.0 0.0

1712928265
0.0 0.0 0.0

1712928266
0.0 0.0 0.0

1712928267
0.0 0.0 0.0

1712928268
0.0 0.0 0.0

1712928269
0.0 0.0 0.0

1712928270
0.0 0.0 0.0

1712928271
0.0 0.0 0.0

1712928272
0.0 0.0 0.0

1712928273
0.0 0.0 0.0

1712928274
0.0 0.0 0.0

1712928275
0.0 0.0 0.0

1712928276
0.0 0.0 0.0

1712928277
0.0 0.0 0.0

1712928278
0.0 0.0 0.0

1712928279
0.0 0.0 0.0

1712928280
0.0 0.0 0.0

1712928281
0.0 0.0 0.0

1712928282
0.0 0.0 0.0

1712928283
0.0 0.0 0.0

1712928284
0.0 0.0 0.0

1712928285
0.0 0.0 0.0

1712928286
0.0 0.0 0.0

1712928287
0.0 0.0 0.0

1712928288
0.0 0.0 0.0

1712928289
0.0 0.0 0.0

1712928290
0.0 0.0 0.0

1712928291
0.0 0.0 0.0

1712928292
0.0 0.0 0.0

1712928293
0.0 0.0 0.0

1712928294
0.0 0.0 0.0

1712928295
0.0 0.0 0.0

1712928296
0.0 0.0 0.0

1712928297
0.0 0.0 0.0

1712928298
0.0 0.0 0.0

1712928299
0.0 0.0 0.0

1712928300
0.0 0.0 0.0

1712928301
0.0 0.0 0.0

1712928302
0.0 0.0 0.0

1712928303
0.0 0.0 0.0

1712928304
0.0 0.0 0.0

1712928305
0.0 0.0 0.0

1712928306
0.0 0.0 0.0

1712928307
0.0 0.0 0.0

1712928308
0.0 0.0 0.0

1712928309
0.0 0.0 0.0

1712928310
0.0 0.0 0.0

1712928311
0.0 0.0 0.0

1712928312
0.0 0.0 0.0

1712928313
0.0 0.0 0.0

1712928314
0.0 0.0 0.0

1712928315
0.0 0.0 0.0

1712928317
0.0 0.0 0.0

1712928318
0.0 0.0 0.0

1712928319
0.0 0.0 0.0

1712928320
0.0 0.0 0.0

1712928321
0.0 0.0 0.0

1712928322
0.0 0.0 0.0

1712928323
0.0 0.0 0.0

1712928324
0.0 0.0 0.0

1712928325
0.0 0.0 0.0

1712928326
0.0 0.0 0.0

1712928327
0.0 0.0 0.0

1712928328
0.0 0.0 0.0

1712928329
0.0 0.0 0.0

1712928330
0.0 0.0 0.0

1712928331
0.0 0.0 0.0

1712928332
0.0 0.0 0.0

1712928333
0.0 0.0 0.0

1712928334
0.0 0.0 0.0

1712928335
0.0 0.0 0.0

1712928336
0.0 0.0 0.0

1712928337
0.0 0.0 0.0

1712928338
0.0 0.0 0.0

1712928339
0.0 0.0 0.0

1712928340
0.0 0.0 0.0

1712928341
0.0 0.0 0.0

1712928342
0.0 0.0 0.0

1712928343
0.0 0.0 0.0

1712928344
0.0 0.0 0.0

1712928345
0.0 0.0 0.0

1712928346
0.0 0.0 0.0

1712928347
0.0 0.0 0.0

1712928348
0.0 0.0 0.0

1712928349
0.0 0.0 0.0

1712928350
0.0 0.0 0.0

1712928351
0.0 0.0 0.0

1712928352
0.0 0.0 0.0

1712928353
0.0 0.0 0.0

1712928354
0.0 0.0 0.0

1712928355
0.0 0.0 0.0

1712928356
0.0 0.0 0.0

1712928357
0.0 0.0 0.0

1712928358
0.0 0.0 0.0

1712928359
0.0 0.0 0.0

1712928360
0.0 0.0 0.0

1712928361
0.0 0.0 0.0

1712928362
0.0 0.0 0.0

1712928363
0.0 0.0 0.0

1712928364
0.0 0.0 0.0

1712928365
0.0 0.0 0.0

1712928366
0.0 0.0 0.0

1712928367
0.0 0.0 0.0

1712928368
0.0 0.0 0.0

1712928369
0.0 0.0 0.0

1712928370
0.0 0.0 0.0

1712928371
0.0 0.0 0.0

1712928372
0.0 0.0 0.0

1712928373
0.0 0.0 0.0

1712928374
0.0 0.0 0.0

1712928375
0.0 0.0 0.0

1712928376
0.0 0.0 0.0

1712928377
0.0 0.0 0.0

1712928378
0.0 0.0 0.0

1712928379
0.0 0.0 0.0

1712928380
0.0 0.0 0.0

1712928381
0.0 0.0 0.0

1712928382
0.0 0.0 0.0

1712928383
0.0 0.0 0.0

1712928384
0.0 0.0 0.0

1712928385
0.0 0.0 0.0

1712928386
0.0 0.0 0.0

1712928387
0.0 0.0 0.0

1712928389
0.0 0.0 0.0

1712928390
0.0 0.0 0.0

1712928391
0.0 0.0 0.0

1712928392
0.0 0.0 0.0

1712928393
0.0 0.0 0.0

1712928394
0.0 0.0 0.0

1712928395
0.0 0.0 0.0

1712928396
0.0 0.0 0.0

1712928397
0.0 0.0 0.0

1712928398
0.0 0.0 0.0

1712928399
0.0 0.0 0.0

1712928400
0.0 0.0 0.0

1712928401
0.0 0.0 0.0

1712928402
0.0 0.0 0.0

1712928403
0.0 0.0 0.0

1712928404
0.0 0.0 0.0

1712928405
0.0 0.0 0.0

1712928406
0.0 0.0 0.0

1712928407
0.0 0.0 0.0

1712928408
0.0 0.0 0.0

1712928409
0.0 0.0 0.0

1712928410
0.0 0.0 0.0

1712928411
0.0 0.0 0.0

1712928412
0.0 0.0 0.0

1712928413
0.0 0.0 0.0

1712928414
0.0 0.0 0.0

1712928415
0.0 0.0 0.0

1712928416
0.0 0.0 0.0

1712928417
0.0 0.0 0.0

