1712928232
0.7563451776649747 0.11928934010152284 0.08629441624365482

1712928233
0.8275 0.17 0.0

1712928234
0.8395989974937343 0.15789473684210525 0.002506265664160401

1712928235
0.815 0.1825 0.0

1712928236
0.7965260545905707 0.19851116625310175 0.0024813895781637717

1712928237
0.6893939393939394 0.30808080808080807 0.0025252525252525255

1712928238
0.7669172932330827 0.23057644110275688 0.0

1712928239
0.8204488778054863 0.1745635910224439 0.0024937655860349127

1712928240
0.8229426433915212 0.1770573566084788 0.0

1712928241
0.8337531486146096 0.15869017632241814 0.005037783375314861

1712928242
0.8270676691729323 0.16791979949874686 0.002506265664160401

1712928243
0.84 0.16 0.0

1712928244
0.8354114713216958 0.1596009975062344 0.0024937655860349127

1712928245
0.8425 0.1575 0.0

1712928246
0.827930174563591 0.16708229426433915 0.0024937655860349127

1712928247
0.8325 0.16 0.0025

1712928248
0.8220551378446115 0.17794486215538846 0.0

1712928249
0.8179551122194514 0.1770573566084788 0.0024937655860349127

1712928250
0.8421052631578947 0.15538847117794485 0.0

1712928251
0.835 0.16 0.0025

1712928252
0.8270676691729323 0.17293233082706766 0.0

1712928253
0.82 0.1775 0.0025

1712928254
0.830423940149626 0.16209476309226933 0.0

1712928255
0.7468671679197995 0.24812030075187969 0.002506265664160401

1712928256
0.785 0.2075 0.005

1712928257
0.71 0.285 0.0025

1712928258
0.5789473684210527 0.40601503759398494 0.012531328320802004

1712928259
0.62 0.38 0.0

1712928260
0.6675062972292192 0.30730478589420657 0.012594458438287154

1712928261
0.6683417085427136 0.2914572864321608 0.02512562814070352

1712928262
0.8025 0.19 0.005

1712928263
0.8170426065162907 0.17794486215538846 0.002506265664160401

1712928264
0.8015075376884422 0.1934673366834171 0.002512562814070352

1712928265
0.8208955223880597 0.17661691542288557 0.0024875621890547263

1712928266
0.8258706467661692 0.17164179104477612 0.0

1712928267
0.9022556390977443 0.09774436090225563 0.0

1712928268
0.8571428571428571 0.14285714285714285 0.0

1712928269
0.8503740648379052 0.14713216957605985 0.0024937655860349127

1712928270
0.8190954773869347 0.18090452261306533 0.0

1712928271
0.8204488778054863 0.17206982543640897 0.0024937655860349127

1712928272
0.7975 0.195 0.005

1712928273
0.8129675810473815 0.18204488778054864 0.0024937655860349127

1712928274
0.8225 0.175 0.0025

1712928275
0.8075 0.185 0.0025

1712928276
0.8204488778054863 0.17206982543640897 0.0024937655860349127

1712928277
0.8446115288220551 0.15037593984962405 0.002506265664160401

1712928278
0.67 0.3275 0.0025

1712928279
0.628140703517588 0.37185929648241206 0.0

1712928280
0.7135678391959799 0.27889447236180903 0.002512562814070352

1712928281
0.7206982543640897 0.2743142144638404 0.0024937655860349127

1712928282
0.755 0.2375 0.0

1712928283
0.82 0.175 0.0025

1712928284
0.7336683417085427 0.2638190954773869 0.0

1712928285
0.5732009925558312 0.4218362282878412 0.0

1712928286
0.6532663316582915 0.3417085427135678 0.005025125628140704

1712928287
0.7286432160804021 0.2663316582914573 0.002512562814070352

1712928288
0.6825 0.315 0.0

1712928289
0.7261306532663316 0.2537688442211055 0.01507537688442211

1712928290
0.8375 0.1575 0.0025

1712928291
0.81 0.1825 0.0025

1712928292
0.8308457711442786 0.16417910447761194 0.0024875621890547263

1712928293
0.8257575757575758 0.16666666666666666 0.005050505050505051

1712928294
0.770573566084788 0.22194513715710723 0.0024937655860349127

1712928295
0.8421052631578947 0.15789473684210525 0.0

1712928296
0.7713567839195979 0.2236180904522613 0.002512562814070352

1712928297
0.8233830845771144 0.17412935323383086 0.0

1712928298
0.8154613466334164 0.18204488778054864 0.0024937655860349127

1712928299
0.7925 0.2 0.005

1712928300
0.8190954773869347 0.17336683417085427 0.002512562814070352

1712928301
0.8229426433915212 0.16957605985037408 0.004987531172069825

1712928302
0.8403990024937655 0.1546134663341646 0.0024937655860349127

1712928303
0.8425 0.1525 0.0025

1712928304
0.8370927318295739 0.15538847117794485 0.002506265664160401

1712928305
0.8503740648379052 0.14463840399002495 0.0024937655860349127

1712928306
0.8712121212121212 0.12626262626262627 0.0

1712928307
0.8721804511278195 0.12531328320802004 0.0

1712928308
0.8469135802469135 0.14320987654320988 0.0024691358024691358

1712928309
0.8621553884711779 0.13283208020050125 0.002506265664160401

1712928310
0.8625 0.135 0.0

1712928311
0.8366834170854272 0.15577889447236182 0.0

1712928312
0.8421052631578947 0.15288220551378445 0.002506265664160401

1712928313
0.8525 0.1425 0.0

1712928314
0.8546365914786967 0.14285714285714285 0.002506265664160401

1712928315
0.8542713567839196 0.1457286432160804 0.0

1712928317
0.5513888888888889 0.14583333333333334 0.006944444444444444

1712928318
0.6527196652719666 0.3179916317991632 0.006276150627615063

1712928319
0.681704260651629 0.3182957393483709 0.0

1712928320
0.5839598997493735 0.40601503759398494 0.0

1712928321
0.5112781954887218 0.47869674185463656 0.005012531328320802

1712928322
0.6541353383458647 0.3433583959899749 0.0

1712928323
0.6265664160401002 0.37343358395989973 0.0

1712928324
0.6666666666666666 0.3308457711442786 0.0

1712928325
0.568922305764411 0.42857142857142855 0.002506265664160401

1712928326
0.5301507537688442 0.45979899497487436 0.005025125628140704

1712928327
0.675 0.3175 0.0025

1712928328
0.6325 0.3575 0.0

1712928329
0.5112219451371571 0.486284289276808 0.0

1712928330
0.45226130653266333 0.5402010050251256 0.002512562814070352

1712928331
0.5012531328320802 0.48621553884711777 0.005012531328320802

1712928332
0.5050505050505051 0.4823232323232323 0.005050505050505051

1712928333
0.39097744360902253 0.5664160401002506 0.02756892230576441

1712928334
0.4595959595959596 0.49242424242424243 0.020202020202020204

1712928335
0.445 0.5425 0.005

1712928336
0.42 0.58 0.0

1712928337
0.44221105527638194 0.5402010050251256 0.010050251256281407

1712928338
0.4427860696517413 0.5522388059701493 0.0

1712928339
0.3904282115869018 0.5793450881612091 0.022670025188916875

1712928340
0.42857142857142855 0.5338345864661654 0.03007518796992481

1712928341
0.4601990049751244 0.5323383084577115 0.0

1712928342
0.44191919191919193 0.5454545454545454 0.005050505050505051

1712928343
0.5112781954887218 0.48621553884711777 0.0

1712928344
0.5725 0.42 0.005

1712928345
0.565 0.435 0.0

1712928346
0.6005025125628141 0.3693467336683417 0.005025125628140704

1712928347
0.5411471321695761 0.4538653366583541 0.0024937655860349127

1712928348
0.49370277078085645 0.4760705289672544 0.007556675062972292

1712928349
0.5885286783042394 0.40399002493765584 0.0

1712928350
0.5525 0.435 0.005

1712928351
0.41309823677581864 0.5692695214105793 0.0

1712928352
0.39141414141414144 0.5732323232323232 0.010101010101010102

1712928353
0.4601990049751244 0.5074626865671642 0.004975124378109453

1712928354
0.5392405063291139 0.43291139240506327 0.007594936708860759

1712928355
0.5835411471321695 0.40399002493765584 0.004987531172069825

1712928356
0.4430379746835443 0.5265822784810127 0.005063291139240506

1712928357
0.4137055837563452 0.5583756345177665 0.0

1712928358
0.555 0.4225 0.0075

1712928359
0.5675 0.4225 0.0

1712928360
0.5012531328320802 0.48872180451127817 0.005012531328320802

1712928361
0.6340852130325815 0.3483709273182957 0.002506265664160401

1712928362
0.6625 0.3325 0.0

1712928363
0.715 0.28 0.0025

1712928364
0.62 0.3775 0.0

1712928365
0.49 0.5 0.005

1712928366
0.49624060150375937 0.49122807017543857 0.010025062656641603

1712928367
0.6482412060301508 0.3417085427135678 0.002512562814070352

1712928368
0.6775818639798489 0.30730478589420657 0.0025188916876574307

1712928369
0.6115288220551378 0.37844611528822053 0.002506265664160401

1712928370
0.6365914786967418 0.3583959899749373 0.0

1712928371
0.64 0.345 0.0075

1712928372
0.606516290726817 0.38345864661654133 0.007518796992481203

1712928373
0.6372795969773299 0.35768261964735515 0.0

1712928374
0.5061728395061729 0.48148148148148145 0.0049382716049382715

1712928375
0.5833333333333334 0.4116161616161616 0.0025252525252525255

1712928376
0.5639097744360902 0.40100250626566414 0.010025062656641603

1712928377
0.4371859296482412 0.5527638190954773 0.002512562814070352

1712928378
0.4648241206030151 0.5276381909547738 0.002512562814070352

1712928379
0.41012658227848103 0.5620253164556962 0.0

1712928380
0.630272952853598 0.3523573200992556 0.0024813895781637717

1712928381
0.7989949748743719 0.1934673366834171 0.002512562814070352

1712928382
0.8275 0.17 0.0025

1712928383
0.6674937965260546 0.33002481389578164 0.0

1712928384
0.6407035175879398 0.35678391959798994 0.002512562814070352

1712928385
0.7331670822942643 0.26683291770573564 0.0

1712928386
0.7236180904522613 0.27638190954773867 0.0

1712928387
0.5555555555555556 0.4444444444444444 0.0

1712928389
0.5936842105263158 0.40210526315789474 0.002105263157894737

1712928390
0.6447638603696099 0.3408624229979466 0.008213552361396304

1712928391
0.5494505494505495 0.44175824175824174 0.004395604395604396

1712928392
0.649895178197065 0.33962264150943394 0.0041928721174004195

1712928393
0.635036496350365 0.35523114355231145 0.0

1712928394
0.6729166666666667 0.32083333333333336 0.0020833333333333333

1712928395
0.5552763819095478 0.41959798994974873 0.005025125628140704

1712928396
0.5488721804511278 0.43609022556390975 0.002506265664160401

1712928397
0.48614609571788414 0.5062972292191436 0.005037783375314861

1712928398
0.4396984924623116 0.5527638190954773 0.002512562814070352

1712928399
0.4760705289672544 0.49370277078085645 0.0025188916876574307

1712928400
0.7052896725440806 0.29219143576826195 0.0

1712928401
0.6725 0.3225 0.0025

1712928402
0.5764411027568922 0.41604010025062654 0.002506265664160401

1712928403
0.6059850374064838 0.3915211970074813 0.0

1712928404
0.5251256281407035 0.44974874371859297 0.002512562814070352

1712928405
0.5398009950248757 0.4527363184079602 0.0024875621890547263

1712928406
0.5743073047858942 0.42317380352644834 0.0

1712928407
0.6119402985074627 0.373134328358209 0.009950248756218905

1712928408
0.5989974937343359 0.39348370927318294 0.007518796992481203

1712928409
0.6616541353383458 0.3383458646616541 0.0

1712928410
0.683291770573566 0.3092269326683292 0.0024937655860349127

1712928411
0.6287128712871287 0.36633663366336633 0.0024752475247524753

1712928412
0.5645569620253165 0.43037974683544306 0.002531645569620253

1712928413
0.5037406483790524 0.48877805486284287 0.0

1712928414
0.6231155778894473 0.36683417085427134 0.005025125628140704

1712928415
0.3444730077120823 0.37532133676092544 0.09511568123393316

1712928416
0.14728682170542637 0.2868217054263566 0.08527131782945736

1712928417
0.08376963350785341 0.2356020942408377 0.020942408376963352

1712928419
0.16955941255006676 0.1375166889185581 0.01335113484646195

