1735422644
/dev/sda2: 65757171712
overlay: 65757171712

1735422645
/dev/sda2: 65757241344
overlay: 65757241344

1735422646
/dev/sda2: 65757245440
overlay: 65757245440

1735422647
/dev/sda2: 65757298688
overlay: 65757298688

1735422648
/dev/sda2: 65757429760
overlay: 65757429760

1735422649
/dev/sda2: 65757630464
overlay: 65757630464

1735422650
/dev/sda2: 65757995008
overlay: 65757995008

1735422651
/dev/sda2: 65758605312
overlay: 65758605312

1735422652
/dev/sda2: 65759637504
overlay: 65759637504

1735422653
/dev/sda2: 65761050624
overlay: 65761050624

1735422654
/dev/sda2: 65762660352
overlay: 65762660352

1735422655
/dev/sda2: 65764896768
overlay: 65764896768

1735422656
/dev/sda2: 65767047168
overlay: 65767047168

1735422657
/dev/sda2: 65769902080
overlay: 65769902080

1735422658
/dev/sda2: 65773182976
overlay: 65773182976

1735422659
/dev/sda2: 65776435200
overlay: 65776435200

1735422660
/dev/sda2: 65780027392
overlay: 65780027392

1735422661
/dev/sda2: 65784225792
overlay: 65784225792

1735422662
/dev/sda2: 65787559936
overlay: 65787559936

1735422663
/dev/sda2: 65791873024
overlay: 65791873024

1735422664
/dev/sda2: 65795305472
overlay: 65795305472

1735422665
/dev/sda2: 65797701632
overlay: 65797701632

1735422666
/dev/sda2: 65801048064
overlay: 65801048064

1735422667
/dev/sda2: 65804115968
overlay: 65804115968

1735422668
/dev/sda2: 65807450112
overlay: 65807450112

1735422669
/dev/sda2: 65810862080
overlay: 65810862080

1735422670
/dev/sda2: 65814880256
overlay: 65814884352

1735422671
/dev/sda2: 65818640384
overlay: 65818640384

1735422672
/dev/sda2: 65822576640
overlay: 65822576640

1735422673
/dev/sda2: 65826222080
overlay: 65826222080

1735422674
/dev/sda2: 65829535744
overlay: 65829535744

