1735422644
5950804 203716 623884 3689688 2097148 2096636

1735422645
5950804 168332 624208 3646076 2097148 2096636

1735422646
5950804 173472 624240 3644052 2097148 2096636

1735422647
5950804 179620 624240 3644108 2097148 2096636

1735422648
5950804 183768 624252 3646020 2097148 2096636

1735422649
5950804 192760 624252 3646224 2097148 2096636

1735422650
5950804 195560 624252 3646580 2097148 2096636

1735422651
5950804 197068 624252 3647172 2097148 2096636

1735422652
5950804 198556 624252 3648448 2097148 2096636

1735422653
5950804 198296 624260 3649740 2097148 2096636

1735422654
5950804 199772 624260 3651408 2097148 2096636

1735422655
5950804 200548 624260 3653748 2097148 2096636

1735422656
5950804 198336 624260 3655848 2097148 2096636

1735422657
5950804 196320 624260 3658404 2097148 2096636

1735422658
5950804 191620 624268 3661604 2097148 2096636

1735422659
5950804 191144 624268 3664840 2097148 2096636

1735422660
5950804 188804 624268 3668508 2097148 2096636

1735422661
5950804 187880 624268 3672508 2097148 2096636

1735422662
5950804 186368 624268 3675732 2097148 2096636

1735422663
5950804 184604 624276 3679872 2097148 2096636

1735422664
5950804 193344 624276 3683172 2097148 2096636

1735422665
5950804 194776 624276 3685636 2097148 2096636

1735422666
5950804 191500 624276 3689552 2097148 2096636

1735422667
5950804 189036 624280 3692868 2097148 2096636

1735422668
5950804 184248 624292 3696128 2097148 2096636

1735422669
5950804 183240 624292 3699512 2097148 2096636

1735422670
5950804 178452 624292 3703180 2097148 2096636

1735422671
5950804 176436 624292 3707020 2097148 2096636

1735422672
5950804 172404 624292 3710856 2097148 2096636

1735422673
5950804 167112 624300 3714500 2097148 2096636

1735422674
5950804 169256 624300 3718096 2097148 2096636

1735422675
5950804 206684 624300 3718844 2097148 2096636

