1735422645
0.27980132450331124 0.05132450331125828 0.004966887417218543

1735422646
0.012626262626262626 0.0025252525252525255 0.0

1735422647
0.01 0.0025 0.0

1735422648
0.01 0.0075 0.005

1735422649
0.010101010101010102 0.005050505050505051 0.0

1735422650
0.010101010101010102 0.0025252525252525255 0.0025252525252525255

1735422651
0.015113350125944584 0.010075566750629723 0.0

1735422652
0.027918781725888325 0.02284263959390863 0.0025380710659898475

1735422653
0.03324808184143223 0.030690537084398978 0.0025575447570332483

1735422654
0.028350515463917526 0.015463917525773196 0.0

1735422655
0.03076923076923077 0.028205128205128206 0.002564102564102564

1735422656
0.03655352480417755 0.018276762402088774 0.0

1735422657
0.033854166666666664 0.026041666666666668 0.0026041666666666665

1735422658
0.04935064935064935 0.033766233766233764 0.0025974025974025974

1735422659
0.05426356589147287 0.03875968992248062 0.002583979328165375

1735422660
0.06299212598425197 0.03412073490813648 0.0

1735422661
0.06315789473684211 0.04473684210526316 0.002631578947368421

1735422662
0.04699738903394256 0.033942558746736295 0.0026109660574412533

1735422663
0.06824146981627296 0.03937007874015748 0.0026246719160104987

1735422664
0.04450261780104712 0.02356020942408377 0.002617801047120419

1735422665
0.03333333333333333 0.023076923076923078 0.0

1735422666
0.056847545219638244 0.03617571059431524 0.002583979328165375

1735422667
0.044386422976501305 0.02610966057441253 0.0

1735422668
0.04699738903394256 0.033942558746736295 0.005221932114882507

1735422669
0.04935064935064935 0.033766233766233764 0.0025974025974025974

1735422670
0.06036745406824147 0.03674540682414698 0.0

1735422671
0.046753246753246755 0.033766233766233764 0.0025974025974025974

1735422672
0.05511811023622047 0.03412073490813648 0.0

1735422673
0.05426356589147287 0.031007751937984496 0.00516795865633075

1735422674
0.04909560723514212 0.04392764857881137 0.03617571059431524

1735422675
0.21888412017167383 0.04291845493562232 0.002145922746781116

