1735422644
0.0 0.0 0.0

1735422645
0.0 0.0 0.0

1735422646
0.0 0.0 0.0

1735422647
0.0 0.0 0.0

1735422648
0.0 0.0 0.0

1735422649
0.0 0.0 0.0

1735422650
0.0 0.0 0.0

1735422651
0.0 0.0 0.0

1735422652
0.0 0.0 0.0

1735422653
0.0 0.0 0.0

1735422654
0.0 0.0 0.0

1735422655
0.0 0.0 0.0

1735422656
0.0 0.0 0.0

1735422657
0.0 0.0 0.0

1735422658
0.0 0.0 0.0

1735422659
0.0 0.0 0.0

1735422660
0.0 0.0 0.0

1735422661
0.0 0.0 0.0

1735422662
0.0 0.0 0.0

1735422663
0.0 0.0 0.0

1735422664
0.0 0.0 0.0

1735422665
0.0 0.0 0.0

1735422666
0.0 0.0 0.0

1735422667
0.0 0.0 0.0

1735422668
0.0 0.0 0.0

1735422669
0.0 0.0 0.0

1735422670
0.0 0.0 0.0

1735422671
0.0 0.0 0.0

1735422672
0.0 0.0 0.0

1735422673
0.0 0.0 0.0

1735422674
0.0 0.0 0.0

