1712928503
0.0 0.0 0.0

1712928504
0.0 0.0 0.0

1712928506
0.0 0.0 0.0

1712928507
0.0 0.0 0.0

1712928508
0.0 0.0 0.0

1712928509
0.0 0.0 0.0

1712928510
0.0 0.0 0.0

1712928511
0.0 0.0 0.0

1712928512
0.0 0.0 0.0

1712928513
0.0 0.0 0.0

1712928514
0.0 0.0 0.0

1712928515
0.0 0.0 0.0

1712928516
0.0 0.0 0.0

1712928517
0.0 0.0 0.0

1712928518
0.0 0.0 0.0

1712928519
0.0 0.0 0.0

1712928520
0.0 0.0 0.0

1712928521
0.0 0.0 0.0

1712928522
0.0 0.0 0.0

1712928523
0.0 0.0 0.0

1712928524
0.0 0.0 0.0

1712928525
0.0 0.0 0.0

1712928526
0.0 0.0 0.0

1712928527
0.0 0.0 0.0

1712928528
0.0 0.0 0.0

1712928529
0.0 0.0 0.0

1712928530
0.0 0.0 0.0

1712928531
0.0 0.0 0.0

1712928532
0.0 0.0 0.0

1712928533
0.0 0.0 0.0

1712928534
0.0 0.0 0.0

1712928535
0.0 0.0 0.0

1712928536
0.0 0.0 0.0

1712928537
0.0 0.0 0.0

1712928538
0.0 0.0 0.0

1712928539
0.0 0.0 0.0

1712928540
0.0 0.0 0.0

1712928541
0.0 0.0 0.0

1712928542
0.0 0.0 0.0

1712928543
0.0 0.0 0.0

1712928544
0.0 0.0 0.0

1712928545
0.0 0.0 0.0

1712928546
0.0 0.0 0.0

1712928547
0.0 0.0 0.0

1712928548
0.0 0.0 0.0

1712928549
0.0 0.0 0.0

1712928550
0.0 0.0 0.0

1712928551
0.0 0.0 0.0

1712928552
0.0 0.0 0.0

1712928553
0.0 0.0 0.0

1712928554
0.0 0.0 0.0

1712928555
0.0 0.0 0.0

1712928556
0.0 0.0 0.0

1712928557
0.0 0.0 0.0

1712928558
0.0 0.0 0.0

1712928559
0.0 0.0 0.0

1712928560
0.0 0.0 0.0

1712928561
0.0 0.0 0.0

1712928562
0.0 0.0 0.0

1712928563
0.0 0.0 0.0

1712928564
0.0 0.0 0.0

1712928565
0.0 0.0 0.0

1712928566
0.0 0.0 0.0

1712928567
0.0 0.0 0.0

1712928568
0.0 0.0 0.0

1712928569
0.0 0.0 0.0

1712928570
0.0 0.0 0.0

1712928571
0.0 0.0 0.0

1712928572
0.0 0.0 0.0

1712928573
0.0 0.0 0.0

1712928574
0.0 0.0 0.0

1712928575
0.0 0.0 0.0

1712928576
0.0 0.0 0.0

1712928577
0.0 0.0 0.0

1712928578
0.0 0.0 0.0

1712928579
0.0 0.0 0.0

1712928580
0.0 0.0 0.0

1712928581
0.0 0.0 0.0

1712928582
0.0 0.0 0.0

1712928583
0.0 0.0 0.0

1712928584
0.0 0.0 0.0

1712928585
0.0 0.0 0.0

1712928586
0.0 0.0 0.0

1712928587
0.0 0.0 0.0

1712928588
0.0 0.0 0.0

1712928589
0.0 0.0 0.0

1712928590
0.0 0.0 0.0

1712928591
0.0 0.0 0.0

1712928592
0.0 0.0 0.0

1712928593
0.0 0.0 0.0

1712928594
0.0 0.0 0.0

1712928595
0.0 0.0 0.0

1712928596
0.0 0.0 0.0

1712928597
0.0 0.0 0.0

1712928598
0.0 0.0 0.0

1712928599
0.0 0.0 0.0

1712928600
0.0 0.0 0.0

1712928601
0.0 0.0 0.0

1712928602
0.0 0.0 0.0

1712928603
0.0 0.0 0.0

1712928604
0.0 0.0 0.0

1712928605
0.0 0.0 0.0

1712928606
0.0 0.0 0.0

1712928607
0.0 0.0 0.0

1712928608
0.0 0.0 0.0

1712928609
0.0 0.0 0.0

1712928610
0.0 0.0 0.0

1712928611
0.0 0.0 0.0

1712928612
0.0 0.0 0.0

1712928613
0.0 0.0 0.0

1712928614
0.0 0.0 0.0

1712928615
0.0 0.0 0.0

1712928616
0.0 0.0 0.0

1712928617
0.0 0.0 0.0

1712928618
0.0 0.0 0.0

1712928619
0.0 0.0 0.0

1712928620
0.0 0.0 0.0

1712928621
0.0 0.0 0.0

1712928622
0.0 0.0 0.0

1712928623
0.0 0.0 0.0

1712928624
0.0 0.0 0.0

1712928625
0.0 0.0 0.0

1712928626
0.0 0.0 0.0

1712928627
0.0 0.0 0.0

1712928628
0.0 0.0 0.0

1712928630
0.0 0.0 0.0

1712928631
0.0 0.0 0.0

1712928632
0.0 0.0 0.0

1712928633
0.0 0.0 0.0

1712928634
0.0 0.0 0.0

1712928635
0.0 0.0 0.0

1712928636
0.0 0.0 0.0

1712928637
0.0 0.0 0.0

1712928638
0.0 0.0 0.0

1712928639
0.0 0.0 0.0

1712928640
0.0 0.0 0.0

1712928641
0.0 0.0 0.0

1712928642
0.0 0.0 0.0

1712928643
0.0 0.0 0.0

1712928644
0.0 0.0 0.0

1712928645
0.0 0.0 0.0

1712928646
0.0 0.0 0.0

1712928647
0.0 0.0 0.0

1712928648
0.0 0.0 0.0

1712928649
0.0 0.0 0.0

1712928650
0.0 0.0 0.0

1712928651
0.0 0.0 0.0

1712928652
0.0 0.0 0.0

1712928653
0.0 0.0 0.0

1712928654
0.0 0.0 0.0

1712928655
0.0 0.0 0.0

1712928656
0.0 0.0 0.0

1712928657
0.0 0.0 0.0

1712928658
0.0 0.0 0.0

1712928659
0.0 0.0 0.0

1712928660
0.0 0.0 0.0

1712928661
0.0 0.0 0.0

1712928662
0.0 0.0 0.0

1712928663
0.0 0.0 0.0

1712928664
0.0 0.0 0.0

1712928665
0.0 0.0 0.0

1712928666
0.0 0.0 0.0

1712928667
0.0 0.0 0.0

1712928669
0.0 0.0 0.0

1712928670
0.0 0.0 0.0

1712928671
0.0 0.0 0.0

1712928672
0.0 0.0 0.0

1712928673
0.0 0.0 0.0

1712928674
0.0 0.0 0.0

1712928676
0.0 0.0 0.0

1712928677
0.0 0.0 0.0

1712928678
0.0 0.0 0.0

1712928679
0.0 0.0 0.0

1712928680
0.0 0.0 0.0

1712928681
0.0 0.0 0.0

1712928682
0.0 0.0 0.0

1712928683
0.0 0.0 0.0

1712928684
0.0 0.0 0.0

1712928685
0.0 0.0 0.0

1712928686
0.0 0.0 0.0

1712928687
0.0 0.0 0.0

1712928688
0.0 0.0 0.0

1712928689
0.0 0.0 0.0

1712928690
0.0 0.0 0.0

1712928691
0.0 0.0 0.0

1712928692
0.0 0.0 0.0

1712928693
0.0 0.0 0.0

1712928694
0.0 0.0 0.0

1712928695
0.0 0.0 0.0

1712928696
0.0 0.0 0.0

1712928697
0.0 0.0 0.0

1712928698
0.0 0.0 0.0

1712928699
0.0 0.0 0.0

1712928700
0.0 0.0 0.0

1712928701
0.0 0.0 0.0

1712928702
0.0 0.0 0.0

1712928703
0.0 0.0 0.0

1712928704
0.0 0.0 0.0

1712928705
0.0 0.0 0.0

1712928706
0.0 0.0 0.0

1712928707
0.0 0.0 0.0

1712928708
0.0 0.0 0.0

1712928709
0.0 0.0 0.0

1712928710
0.0 0.0 0.0

1712928711
0.0 0.0 0.0

1712928712
0.0 0.0 0.0

1712928713
0.0 0.0 0.0

1712928714
0.0 0.0 0.0

1712928715
0.0 0.0 0.0

1712928716
0.0 0.0 0.0

1712928717
0.0 0.0 0.0

1712928718
0.0 0.0 0.0

1712928719
0.0 0.0 0.0

1712928720
0.0 0.0 0.0

1712928721
0.0 0.0 0.0

1712928722
0.0 0.0 0.0

1712928723
0.0 0.0 0.0

1712928724
0.0 0.0 0.0

1712928725
0.0 0.0 0.0

1712928726
0.0 0.0 0.0

1712928727
0.0 0.0 0.0

1712928728
0.0 0.0 0.0

1712928729
0.0 0.0 0.0

1712928730
0.0 0.0 0.0

1712928731
0.0 0.0 0.0

1712928732
0.0 0.0 0.0

1712928733
0.0 0.0 0.0

1712928734
0.0 0.0 0.0

1712928735
0.0 0.0 0.0

1712928736
0.0 0.0 0.0

1712928737
0.0 0.0 0.0

1712928738
0.0 0.0 0.0

1712928739
0.0 0.0 0.0

1712928740
0.0 0.0 0.0

1712928741
0.0 0.0 0.0

1712928742
0.0 0.0 0.0

1712928743
0.0 0.0 0.0

1712928744
0.0 0.0 0.0

1712928745
0.0 0.0 0.0

1712928746
0.0 0.0 0.0

1712928747
0.0 0.0 0.0

1712928748
0.0 0.0 0.0

1712928749
0.0 0.0 0.0

1712928750
0.0 0.0 0.0

1712928751
0.0 0.0 0.0

1712928752
0.0 0.0 0.0

1712928753
0.0 0.0 0.0

1712928754
0.0 0.0 0.0

1712928755
0.0 0.0 0.0

1712928756
0.0 0.0 0.0

1712928757
0.0 0.0 0.0

1712928758
0.0 0.0 0.0

1712928759
0.0 0.0 0.0

1712928760
0.0 0.0 0.0

1712928761
0.0 0.0 0.0

1712928762
0.0 0.0 0.0

1712928763
0.0 0.0 0.0

1712928764
0.0 0.0 0.0

1712928765
0.0 0.0 0.0

1712928766
0.0 0.0 0.0

1712928767
0.0 0.0 0.0

1712928768
0.0 0.0 0.0

1712928769
0.0 0.0 0.0

1712928770
0.0 0.0 0.0

1712928771
0.0 0.0 0.0

1712928772
0.0 0.0 0.0

1712928773
0.0 0.0 0.0

1712928774
0.0 0.0 0.0

1712928775
0.0 0.0 0.0

1712928776
0.0 0.0 0.0

1712928777
0.0 0.0 0.0

1712928778
0.0 0.0 0.0

1712928779
0.0 0.0 0.0

1712928780
0.0 0.0 0.0

1712928781
0.0 0.0 0.0

1712928782
0.0 0.0 0.0

1712928783
0.0 0.0 0.0

1712928784
0.0 0.0 0.0

1712928785
0.0 0.0 0.0

1712928786
0.0 0.0 0.0

1712928787
0.0 0.0 0.0

1712928788
0.0 0.0 0.0

1712928789
0.0 0.0 0.0

1712928790
0.0 0.0 0.0

1712928791
0.0 0.0 0.0

1712928792
0.0 0.0 0.0

1712928793
0.0 0.0 0.0

1712928794
0.0 0.0 0.0

1712928795
0.0 0.0 0.0

1712928796
0.0 0.0 0.0

1712928797
0.0 0.0 0.0

1712928798
0.0 0.0 0.0

1712928799
0.0 0.0 0.0

1712928800
0.0 0.0 0.0

1712928801
0.0 0.0 0.0

1712928802
0.0 0.0 0.0

1712928803
0.0 0.0 0.0

1712928804
0.0 0.0 0.0

1712928805
0.0 0.0 0.0

1712928806
0.0 0.0 0.0

1712928807
0.0 0.0 0.0

1712928808
0.0 0.0 0.0

1712928809
0.0 0.0 0.0

1712928810
0.0 0.0 0.0

1712928811
0.0 0.0 0.0

1712928812
0.0 0.0 0.0

1712928813
0.0 0.0 0.0

1712928814
0.0 0.0 0.0

1712928815
0.0 0.0 0.0

1712928816
0.0 0.0 0.0

1712928817
0.0 0.0 0.0

1712928818
0.0 0.0 0.0

1712928819
0.0 0.0 0.0

1712928820
0.0 0.0 0.0

1712928821
0.0 0.0 0.0

1712928822
0.0 0.0 0.0

1712928823
0.0 0.0 0.0

1712928824
0.0 0.0 0.0

1712928825
0.0 0.0 0.0

1712928826
0.0 0.0 0.0

1712928827
0.0 0.0 0.0

1712928828
0.0 0.0 0.0

1712928829
0.0 0.0 0.0

1712928830
0.0 0.0 0.0

1712928831
0.0 0.0 0.0

1712928832
0.0 0.0 0.0

1712928833
0.0 0.0 0.0

1712928834
0.0 0.0 0.0

1712928835
0.0 0.0 0.0

1712928836
0.0 0.0 0.0

1712928837
0.0 0.0 0.0

1712928838
0.0 0.0 0.0

1712928839
0.0 0.0 0.0

1712928840
0.0 0.0 0.0

1712928841
0.0 0.0 0.0

1712928842
0.0 0.0 0.0

1712928843
0.0 0.0 0.0

1712928844
0.0 0.0 0.0

1712928845
0.0 0.0 0.0

1712928846
0.0 0.0 0.0

1712928847
0.0 0.0 0.0

1712928848
0.0 0.0 0.0

1712928849
0.0 0.0 0.0

1712928850
0.0 0.0 0.0

1712928851
0.0 0.0 0.0

1712928852
0.0 0.0 0.0

1712928853
0.0 0.0 0.0

1712928854
0.0 0.0 0.0

1712928855
0.0 0.0 0.0

1712928856
0.0 0.0 0.0

1712928857
0.0 0.0 0.0

1712928858
0.0 0.0 0.0

1712928860
0.0 0.0 0.0

1712928861
0.0 0.0 0.0

1712928862
0.0 0.0 0.0

1712928863
0.0 0.0 0.0

1712928864
0.0 0.0 0.0

1712928865
0.0 0.0 0.0

1712928866
0.0 0.0 0.0

1712928867
0.0 0.0 0.0

1712928868
0.0 0.0 0.0

1712928869
0.0 0.0 0.0

1712928870
0.0 0.0 0.0

1712928871
0.0 0.0 0.0

1712928872
0.0 0.0 0.0

1712928873
0.0 0.0 0.0

1712928874
0.0 0.0 0.0

1712928875
0.0 0.0 0.0

1712928876
0.0 0.0 0.0

1712928877
0.0 0.0 0.0

1712928878
0.0 0.0 0.0

1712928879
0.0 0.0 0.0

1712928880
0.0 0.0 0.0

1712928881
0.0 0.0 0.0

1712928882
0.0 0.0 0.0

1712928883
0.0 0.0 0.0

1712928884
0.0 0.0 0.0

1712928885
0.0 0.0 0.0

1712928886
0.0 0.0 0.0

1712928887
0.0 0.0 0.0

1712928888
0.0 0.0 0.0

1712928889
0.0 0.0 0.0

1712928890
0.0 0.0 0.0

1712928891
0.0 0.0 0.0

1712928892
0.0 0.0 0.0

1712928893
0.0 0.0 0.0

1712928894
0.0 0.0 0.0

1712928895
0.0 0.0 0.0

1712928896
0.0 0.0 0.0

1712928897
0.0 0.0 0.0

1712928898
0.0 0.0 0.0

1712928899
0.0 0.0 0.0

1712928900
0.0 0.0 0.0

1712928901
0.0 0.0 0.0

1712928902
0.0 0.0 0.0

1712928903
0.0 0.0 0.0

1712928904
0.0 0.0 0.0

1712928905
0.0 0.0 0.0

1712928906
0.0 0.0 0.0

1712928907
0.0 0.0 0.0

1712928908
0.0 0.0 0.0

1712928909
0.0 0.0 0.0

1712928910
0.0 0.0 0.0

1712928911
0.0 0.0 0.0

1712928912
0.0 0.0 0.0

1712928913
0.0 0.0 0.0

1712928914
0.0 0.0 0.0

1712928915
0.0 0.0 0.0

1712928916
0.0 0.0 0.0

1712928917
0.0 0.0 0.0

1712928918
0.0 0.0 0.0

1712928919
0.0 0.0 0.0

1712928920
0.0 0.0 0.0

1712928921
0.0 0.0 0.0

1712928922
0.0 0.0 0.0

1712928923
0.0 0.0 0.0

1712928924
0.0 0.0 0.0

1712928925
0.0 0.0 0.0

1712928926
0.0 0.0 0.0

1712928927
0.0 0.0 0.0

1712928928
0.0 0.0 0.0

1712928929
0.0 0.0 0.0

1712928930
0.0 0.0 0.0

1712928931
0.0 0.0 0.0

1712928932
0.0 0.0 0.0

1712928933
0.0 0.0 0.0

1712928934
0.0 0.0 0.0

1712928935
0.0 0.0 0.0

1712928936
0.0 0.0 0.0

1712928937
0.0 0.0 0.0

1712928938
0.0 0.0 0.0

1712928939
0.0 0.0 0.0

1712928940
0.0 0.0 0.0

1712928941
0.0 0.0 0.0

1712928942
0.0 0.0 0.0

1712928943
0.0 0.0 0.0

1712928944
0.0 0.0 0.0

1712928945
0.0 0.0 0.0

1712928946
0.0 0.0 0.0

1712928947
0.0 0.0 0.0

1712928948
0.0 0.0 0.0

1712928949
0.0 0.0 0.0

1712928950
0.0 0.0 0.0

1712928951
0.0 0.0 0.0

1712928952
0.0 0.0 0.0

1712928953
0.0 0.0 0.0

1712928954
0.0 0.0 0.0

1712928955
0.0 0.0 0.0

1712928956
0.0 0.0 0.0

1712928957
0.0 0.0 0.0

1712928958
0.0 0.0 0.0

1712928959
0.0 0.0 0.0

1712928960
0.0 0.0 0.0

1712928961
0.0 0.0 0.0

1712928962
0.0 0.0 0.0

1712928963
0.0 0.0 0.0

1712928964
0.0 0.0 0.0

1712928965
0.0 0.0 0.0

1712928966
0.0 0.0 0.0

1712928967
0.0 0.0 0.0

1712928968
0.0 0.0 0.0

1712928969
0.0 0.0 0.0

1712928970
0.0 0.0 0.0

1712928971
0.0 0.0 0.0

1712928972
0.0 0.0 0.0

1712928973
0.0 0.0 0.0

1712928974
0.0 0.0 0.0

1712928975
0.0 0.0 0.0

1712928976
0.0 0.0 0.0

1712928977
0.0 0.0 0.0

1712928978
0.0 0.0 0.0

1712928979
0.0 0.0 0.0

1712928980
0.0 0.0 0.0

1712928981
0.0 0.0 0.0

1712928982
0.0 0.0 0.0

1712928983
0.0 0.0 0.0

1712928985
0.0 0.0 0.0

1712928986
0.0 0.0 0.0

1712928987
0.0 0.0 0.0

1712928988
0.0 0.0 0.0

1712928989
0.0 0.0 0.0

1712928990
0.0 0.0 0.0

1712928991
0.0 0.0 0.0

1712928992
0.0 0.0 0.0

1712928993
0.0 0.0 0.0

1712928994
0.0 0.0 0.0

1712928995
0.0 0.0 0.0

1712928996
0.0 0.0 0.0

1712928997
0.0 0.0 0.0

1712928998
0.0 0.0 0.0

1712928999
0.0 0.0 0.0

1712929000
0.0 0.0 0.0

1712929001
0.0 0.0 0.0

1712929002
0.0 0.0 0.0

1712929003
0.0 0.0 0.0

1712929004
0.0 0.0 0.0

1712929005
0.0 0.0 0.0

1712929006
0.0 0.0 0.0

1712929007
0.0 0.0 0.0

1712929008
0.0 0.0 0.0

1712929009
0.0 0.0 0.0

1712929010
0.0 0.0 0.0

1712929011
0.0 0.0 0.0

1712929012
0.0 0.0 0.0

1712929013
0.0 0.0 0.0

1712929014
0.0 0.0 0.0

1712929015
0.0 0.0 0.0

1712929016
0.0 0.0 0.0

1712929017
0.0 0.0 0.0

1712929018
0.0 0.0 0.0

1712929019
0.0 0.0 0.0

1712929020
0.0 0.0 0.0

1712929021
0.0 0.0 0.0

1712929022
0.0 0.0 0.0

1712929023
0.0 0.0 0.0

1712929024
0.0 0.0 0.0

1712929025
0.0 0.0 0.0

1712929026
0.0 0.0 0.0

1712929027
0.0 0.0 0.0

1712929028
0.0 0.0 0.0

1712929029
0.0 0.0 0.0

1712929030
0.0 0.0 0.0

1712929031
0.0 0.0 0.0

1712929032
0.0 0.0 0.0

1712929033
0.0 0.0 0.0

1712929034
0.0 0.0 0.0

1712929035
0.0 0.0 0.0

1712929036
0.0 0.0 0.0

1712929037
0.0 0.0 0.0

1712929038
0.0 0.0 0.0

1712929039
0.0 0.0 0.0

1712929040
0.0 0.0 0.0

1712929041
0.0 0.0 0.0

1712929042
0.0 0.0 0.0

1712929043
0.0 0.0 0.0

1712929044
0.0 0.0 0.0

1712929045
0.0 0.0 0.0

1712929046
0.0 0.0 0.0

1712929047
0.0 0.0 0.0

1712929048
0.0 0.0 0.0

1712929049
0.0 0.0 0.0

1712929050
0.0 0.0 0.0

1712929051
0.0 0.0 0.0

1712929052
0.0 0.0 0.0

1712929053
0.0 0.0 0.0

1712929054
0.0 0.0 0.0

1712929055
0.0 0.0 0.0

1712929056
0.0 0.0 0.0

1712929057
0.0 0.0 0.0

1712929058
0.0 0.0 0.0

1712929059
0.0 0.0 0.0

1712929060
0.0 0.0 0.0

1712929061
0.0 0.0 0.0

1712929062
0.0 0.0 0.0

1712929063
0.0 0.0 0.0

1712929064
0.0 0.0 0.0

1712929065
0.0 0.0 0.0

1712929066
0.0 0.0 0.0

1712929067
0.0 0.0 0.0

1712929068
0.0 0.0 0.0

1712929069
0.0 0.0 0.0

1712929070
0.0 0.0 0.0

1712929071
0.0 0.0 0.0

1712929072
0.0 0.0 0.0

1712929073
0.0 0.0 0.0

1712929074
0.0 0.0 0.0

1712929075
0.0 0.0 0.0

1712929076
0.0 0.0 0.0

1712929077
0.0 0.0 0.0

1712929078
0.0 0.0 0.0

1712929079
0.0 0.0 0.0

1712929080
0.0 0.0 0.0

1712929081
0.0 0.0 0.0

1712929082
0.0 0.0 0.0

1712929083
0.0 0.0 0.0

1712929084
0.0 0.0 0.0

1712929085
0.0 0.0 0.0

1712929086
0.0 0.0 0.0

1712929087
0.0 0.0 0.0

1712929088
0.0 0.0 0.0

1712929089
0.0 0.0 0.0

1712929090
0.0 0.0 0.0

1712929091
0.0 0.0 0.0

1712929092
0.0 0.0 0.0

1712929093
0.0 0.0 0.0

1712929094
0.0 0.0 0.0

1712929095
0.0 0.0 0.0

1712929096
0.0 0.0 0.0

1712929097
0.0 0.0 0.0

1712929098
0.0 0.0 0.0

1712929099
0.0 0.0 0.0

1712929100
0.0 0.0 0.0

1712929101
0.0 0.0 0.0

1712929102
0.0 0.0 0.0

1712929103
0.0 0.0 0.0

1712929104
0.0 0.0 0.0

1712929105
0.0 0.0 0.0

1712929106
0.0 0.0 0.0

1712929107
0.0 0.0 0.0

1712929108
0.0 0.0 0.0

1712929109
0.0 0.0 0.0

1712929110
0.0 0.0 0.0

1712929111
0.0 0.0 0.0

1712929112
0.0 0.0 0.0

1712929113
0.0 0.0 0.0

1712929114
0.0 0.0 0.0

1712929115
0.0 0.0 0.0

1712929116
0.0 0.0 0.0

1712929117
0.0 0.0 0.0

1712929118
0.0 0.0 0.0

1712929119
0.0 0.0 0.0

1712929120
0.0 0.0 0.0

1712929121
0.0 0.0 0.0

1712929122
0.0 0.0 0.0

1712929123
0.0 0.0 0.0

1712929124
0.0 0.0 0.0

1712929125
0.0 0.0 0.0

1712929126
0.0 0.0 0.0

1712929127
0.0 0.0 0.0

1712929128
0.0 0.0 0.0

1712929129
0.0 0.0 0.0

1712929130
0.0 0.0 0.0

1712929131
0.0 0.0 0.0

1712929132
0.0 0.0 0.0

1712929133
0.0 0.0 0.0

1712929134
0.0 0.0 0.0

1712929135
0.0 0.0 0.0

1712929136
0.0 0.0 0.0

1712929137
0.0 0.0 0.0

1712929138
0.0 0.0 0.0

1712929139
0.0 0.0 0.0

1712929140
0.0 0.0 0.0

1712929141
0.0 0.0 0.0

1712929142
0.0 0.0 0.0

1712929143
0.0 0.0 0.0

1712929144
0.0 0.0 0.0

1712929145
0.0 0.0 0.0

1712929146
0.0 0.0 0.0

1712929147
0.0 0.0 0.0

1712929148
0.0 0.0 0.0

1712929149
0.0 0.0 0.0

1712929150
0.0 0.0 0.0

1712929151
0.0 0.0 0.0

1712929152
0.0 0.0 0.0

1712929153
0.0 0.0 0.0

1712929154
0.0 0.0 0.0

1712929155
0.0 0.0 0.0

1712929156
0.0 0.0 0.0

1712929157
0.0 0.0 0.0

1712929158
0.0 0.0 0.0

1712929159
0.0 0.0 0.0

1712929160
0.0 0.0 0.0

1712929161
0.0 0.0 0.0

1712929162
0.0 0.0 0.0

1712929163
0.0 0.0 0.0

1712929164
0.0 0.0 0.0

1712929165
0.0 0.0 0.0

1712929166
0.0 0.0 0.0

1712929167
0.0 0.0 0.0

1712929168
0.0 0.0 0.0

1712929169
0.0 0.0 0.0

1712929170
0.0 0.0 0.0

1712929171
0.0 0.0 0.0

1712929172
0.0 0.0 0.0

1712929173
0.0 0.0 0.0

1712929174
0.0 0.0 0.0

1712929175
0.0 0.0 0.0

1712929176
0.0 0.0 0.0

1712929177
0.0 0.0 0.0

1712929178
0.0 0.0 0.0

1712929179
0.0 0.0 0.0

1712929180
0.0 0.0 0.0

1712929181
0.0 0.0 0.0

1712929182
0.0 0.0 0.0

1712929183
0.0 0.0 0.0

1712929184
0.0 0.0 0.0

1712929185
0.0 0.0 0.0

1712929186
0.0 0.0 0.0

1712929187
0.0 0.0 0.0

1712929188
0.0 0.0 0.0

1712929189
0.0 0.0 0.0

1712929190
0.0 0.0 0.0

1712929191
0.0 0.0 0.0

1712929192
0.0 0.0 0.0

1712929193
0.0 0.0 0.0

1712929194
0.0 0.0 0.0

1712929195
0.0 0.0 0.0

1712929196
0.0 0.0 0.0

1712929197
0.0 0.0 0.0

1712929198
0.0 0.0 0.0

1712929199
0.0 0.0 0.0

1712929200
0.0 0.0 0.0

1712929201
0.0 0.0 0.0

1712929202
0.0 0.0 0.0

1712929203
0.0 0.0 0.0

1712929204
0.0 0.0 0.0

1712929205
0.0 0.0 0.0

1712929206
0.0 0.0 0.0

1712929207
0.0 0.0 0.0

1712929208
0.0 0.0 0.0

1712929209
0.0 0.0 0.0

1712929210
0.0 0.0 0.0

1712929211
0.0 0.0 0.0

1712929212
0.0 0.0 0.0

1712929213
0.0 0.0 0.0

1712929214
0.0 0.0 0.0

1712929215
0.0 0.0 0.0

1712929216
0.0 0.0 0.0

1712929217
0.0 0.0 0.0

1712929218
0.0 0.0 0.0

1712929219
0.0 0.0 0.0

1712929220
0.0 0.0 0.0

1712929221
0.0 0.0 0.0

1712929222
0.0 0.0 0.0

1712929223
0.0 0.0 0.0

1712929224
0.0 0.0 0.0

1712929225
0.0 0.0 0.0

1712929226
0.0 0.0 0.0

1712929227
0.0 0.0 0.0

1712929228
0.0 0.0 0.0

1712929229
0.0 0.0 0.0

1712929230
0.0 0.0 0.0

1712929231
0.0 0.0 0.0

1712929232
0.0 0.0 0.0

1712929233
0.0 0.0 0.0

1712929234
0.0 0.0 0.0

1712929235
0.0 0.0 0.0

1712929236
0.0 0.0 0.0

1712929237
0.0 0.0 0.0

1712929238
0.0 0.0 0.0

1712929239
0.0 0.0 0.0

1712929240
0.0 0.0 0.0

1712929241
0.0 0.0 0.0

1712929242
0.0 0.0 0.0

1712929243
0.0 0.0 0.0

1712929244
0.0 0.0 0.0

1712929245
0.0 0.0 0.0

1712929246
0.0 0.0 0.0

1712929247
0.0 0.0 0.0

1712929248
0.0 0.0 0.0

1712929249
0.0 0.0 0.0

1712929250
0.0 0.0 0.0

1712929251
0.0 0.0 0.0

1712929252
0.0 0.0 0.0

1712929253
0.0 0.0 0.0

1712929254
0.0 0.0 0.0

1712929255
0.0 0.0 0.0

1712929256
0.0 0.0 0.0

1712929257
0.0 0.0 0.0

1712929258
0.0 0.0 0.0

1712929259
0.0 0.0 0.0

1712929260
0.0 0.0 0.0

1712929261
0.0 0.0 0.0

1712929262
0.0 0.0 0.0

1712929263
0.0 0.0 0.0

1712929264
0.0 0.0 0.0

1712929265
0.0 0.0 0.0

1712929266
0.0 0.0 0.0

1712929267
0.0 0.0 0.0

1712929268
0.0 0.0 0.0

1712929269
0.0 0.0 0.0

1712929270
0.0 0.0 0.0

1712929271
0.0 0.0 0.0

1712929272
0.0 0.0 0.0

1712929273
0.0 0.0 0.0

1712929274
0.0 0.0 0.0

1712929275
0.0 0.0 0.0

1712929276
0.0 0.0 0.0

1712929277
0.0 0.0 0.0

1712929278
0.0 0.0 0.0

1712929279
0.0 0.0 0.0

1712929280
0.0 0.0 0.0

1712929281
0.0 0.0 0.0

1712929282
0.0 0.0 0.0

1712929283
0.0 0.0 0.0

1712929284
0.0 0.0 0.0

1712929285
0.0 0.0 0.0

1712929286
0.0 0.0 0.0

1712929287
0.0 0.0 0.0

1712929288
0.0 0.0 0.0

1712929289
0.0 0.0 0.0

1712929290
0.0 0.0 0.0

1712929291
0.0 0.0 0.0

1712929292
0.0 0.0 0.0

1712929293
0.0 0.0 0.0

1712929294
0.0 0.0 0.0

1712929295
0.0 0.0 0.0

1712929296
0.0 0.0 0.0

1712929297
0.0 0.0 0.0

1712929298
0.0 0.0 0.0

1712929299
0.0 0.0 0.0

1712929300
0.0 0.0 0.0

1712929301
0.0 0.0 0.0

1712929302
0.0 0.0 0.0

1712929303
0.0 0.0 0.0

1712929304
0.0 0.0 0.0

1712929305
0.0 0.0 0.0

1712929306
0.0 0.0 0.0

1712929307
0.0 0.0 0.0

1712929308
0.0 0.0 0.0

1712929309
0.0 0.0 0.0

1712929310
0.0 0.0 0.0

1712929311
0.0 0.0 0.0

1712929312
0.0 0.0 0.0

1712929313
0.0 0.0 0.0

1712929314
0.0 0.0 0.0

1712929315
0.0 0.0 0.0

1712929316
0.0 0.0 0.0

1712929317
0.0 0.0 0.0

1712929318
0.0 0.0 0.0

1712929319
0.0 0.0 0.0

1712929320
0.0 0.0 0.0

1712929321
0.0 0.0 0.0

1712929322
0.0 0.0 0.0

1712929324
0.0 0.0 0.0

1712929325
0.0 0.0 0.0

1712929326
0.0 0.0 0.0

1712929327
0.0 0.0 0.0

1712929328
0.0 0.0 0.0

1712929329
0.0 0.0 0.0

1712929330
0.0 0.0 0.0

1712929331
0.0 0.0 0.0

1712929332
0.0 0.0 0.0

1712929333
0.0 0.0 0.0

1712929334
0.0 0.0 0.0

1712929335
0.0 0.0 0.0

1712929336
0.0 0.0 0.0

1712929337
0.0 0.0 0.0

1712929338
0.0 0.0 0.0

1712929339
0.0 0.0 0.0

1712929340
0.0 0.0 0.0

1712929341
0.0 0.0 0.0

1712929342
0.0 0.0 0.0

1712929343
0.0 0.0 0.0

1712929344
0.0 0.0 0.0

1712929345
0.0 0.0 0.0

1712929346
0.0 0.0 0.0

1712929347
0.0 0.0 0.0

1712929348
0.0 0.0 0.0

1712929349
0.0 0.0 0.0

1712929350
0.0 0.0 0.0

1712929351
0.0 0.0 0.0

1712929352
0.0 0.0 0.0

1712929353
0.0 0.0 0.0

1712929354
0.0 0.0 0.0

1712929355
0.0 0.0 0.0

1712929356
0.0 0.0 0.0

1712929357
0.0 0.0 0.0

1712929358
0.0 0.0 0.0

1712929359
0.0 0.0 0.0

1712929360
0.0 0.0 0.0

1712929361
0.0 0.0 0.0

1712929362
0.0 0.0 0.0

1712929363
0.0 0.0 0.0

1712929364
0.0 0.0 0.0

1712929365
0.0 0.0 0.0

1712929366
0.0 0.0 0.0

1712929367
0.0 0.0 0.0

1712929368
0.0 0.0 0.0

1712929369
0.0 0.0 0.0

1712929370
0.0 0.0 0.0

1712929371
0.0 0.0 0.0

1712929372
0.0 0.0 0.0

1712929373
0.0 0.0 0.0

1712929374
0.0 0.0 0.0

1712929375
0.0 0.0 0.0

1712929376
0.0 0.0 0.0

1712929377
0.0 0.0 0.0

1712929378
0.0 0.0 0.0

1712929379
0.0 0.0 0.0

1712929380
0.0 0.0 0.0

1712929381
0.0 0.0 0.0

1712929382
0.0 0.0 0.0

1712929383
0.0 0.0 0.0

1712929384
0.0 0.0 0.0

1712929385
0.0 0.0 0.0

1712929386
0.0 0.0 0.0

1712929387
0.0 0.0 0.0

1712929388
0.0 0.0 0.0

1712929389
0.0 0.0 0.0

1712929390
0.0 0.0 0.0

1712929391
0.0 0.0 0.0

1712929392
0.0 0.0 0.0

1712929393
0.0 0.0 0.0

1712929394
0.0 0.0 0.0

1712929395
0.0 0.0 0.0

1712929396
0.0 0.0 0.0

1712929397
0.0 0.0 0.0

1712929398
0.0 0.0 0.0

1712929399
0.0 0.0 0.0

1712929400
0.0 0.0 0.0

1712929401
0.0 0.0 0.0

1712929402
0.0 0.0 0.0

1712929403
0.0 0.0 0.0

1712929404
0.0 0.0 0.0

1712929405
0.0 0.0 0.0

1712929406
0.0 0.0 0.0

1712929407
0.0 0.0 0.0

1712929408
0.0 0.0 0.0

1712929409
0.0 0.0 0.0

1712929410
0.0 0.0 0.0

1712929411
0.0 0.0 0.0

1712929412
0.0 0.0 0.0

1712929413
0.0 0.0 0.0

1712929414
0.0 0.0 0.0

1712929415
0.0 0.0 0.0

1712929416
0.0 0.0 0.0

1712929417
0.0 0.0 0.0

1712929418
0.0 0.0 0.0

1712929419
0.0 0.0 0.0

1712929420
0.0 0.0 0.0

1712929421
0.0 0.0 0.0

1712929422
0.0 0.0 0.0

1712929423
0.0 0.0 0.0

1712929424
0.0 0.0 0.0

1712929425
0.0 0.0 0.0

1712929426
0.0 0.0 0.0

1712929427
0.0 0.0 0.0

1712929428
0.0 0.0 0.0

1712929429
0.0 0.0 0.0

1712929430
0.0 0.0 0.0

1712929431
0.0 0.0 0.0

1712929432
0.0 0.0 0.0

1712929433
0.0 0.0 0.0

1712929434
0.0 0.0 0.0

1712929435
0.0 0.0 0.0

1712929436
0.0 0.0 0.0

1712929437
0.0 0.0 0.0

1712929438
0.0 0.0 0.0

1712929439
0.0 0.0 0.0

1712929440
0.0 0.0 0.0

1712929441
0.0 0.0 0.0

1712929442
0.0 0.0 0.0

1712929443
0.0 0.0 0.0

1712929444
0.0 0.0 0.0

1712929445
0.0 0.0 0.0

1712929446
0.0 0.0 0.0

1712929447
0.0 0.0 0.0

1712929448
0.0 0.0 0.0

1712929449
0.0 0.0 0.0

1712929450
0.0 0.0 0.0

1712929451
0.0 0.0 0.0

1712929452
0.0 0.0 0.0

1712929453
0.0 0.0 0.0

1712929454
0.0 0.0 0.0

1712929455
0.0 0.0 0.0

1712929456
0.0 0.0 0.0

1712929457
0.0 0.0 0.0

1712929458
0.0 0.0 0.0

1712929459
0.0 0.0 0.0

1712929460
0.0 0.0 0.0

1712929461
0.0 0.0 0.0

1712929462
0.0 0.0 0.0

1712929463
0.0 0.0 0.0

1712929464
0.0 0.0 0.0

1712929465
0.0 0.0 0.0

1712929466
0.0 0.0 0.0

1712929467
0.0 0.0 0.0

1712929468
0.0 0.0 0.0

1712929469
0.0 0.0 0.0

1712929470
0.0 0.0 0.0

1712929471
0.0 0.0 0.0

1712929472
0.0 0.0 0.0

1712929473
0.0 0.0 0.0

1712929474
0.0 0.0 0.0

1712929475
0.0 0.0 0.0

1712929476
0.0 0.0 0.0

1712929477
0.0 0.0 0.0

1712929478
0.0 0.0 0.0

1712929479
0.0 0.0 0.0

1712929480
0.0 0.0 0.0

1712929481
0.0 0.0 0.0

1712929482
0.0 0.0 0.0

1712929483
0.0 0.0 0.0

1712929484
0.0 0.0 0.0

1712929485
0.0 0.0 0.0

1712929486
0.0 0.0 0.0

1712929487
0.0 0.0 0.0

1712929488
0.0 0.0 0.0

1712929489
0.0 0.0 0.0

1712929490
0.0 0.0 0.0

1712929491
0.0 0.0 0.0

1712929492
0.0 0.0 0.0

1712929493
0.0 0.0 0.0

1712929494
0.0 0.0 0.0

1712929495
0.0 0.0 0.0

1712929496
0.0 0.0 0.0

1712929497
0.0 0.0 0.0

1712929498
0.0 0.0 0.0

1712929499
0.0 0.0 0.0

1712929500
0.0 0.0 0.0

1712929501
0.0 0.0 0.0

1712929502
0.0 0.0 0.0

1712929503
0.0 0.0 0.0

1712929504
0.0 0.0 0.0

1712929505
0.0 0.0 0.0

1712929506
0.0 0.0 0.0

1712929507
0.0 0.0 0.0

1712929508
0.0 0.0 0.0

1712929509
0.0 0.0 0.0

1712929510
0.0 0.0 0.0

1712929511
0.0 0.0 0.0

1712929512
0.0 0.0 0.0

1712929513
0.0 0.0 0.0

1712929514
0.0 0.0 0.0

1712929515
0.0 0.0 0.0

1712929516
0.0 0.0 0.0

1712929517
0.0 0.0 0.0

1712929518
0.0 0.0 0.0

1712929519
0.0 0.0 0.0

1712929520
0.0 0.0 0.0

1712929521
0.0 0.0 0.0

1712929522
0.0 0.0 0.0

1712929523
0.0 0.0 0.0

1712929524
0.0 0.0 0.0

1712929525
0.0 0.0 0.0

1712929526
0.0 0.0 0.0

1712929527
0.0 0.0 0.0

1712929528
0.0 0.0 0.0

1712929529
0.0 0.0 0.0

1712929530
0.0 0.0 0.0

1712929531
0.0 0.0 0.0

1712929532
0.0 0.0 0.0

1712929533
0.0 0.0 0.0

1712929534
0.0 0.0 0.0

1712929535
0.0 0.0 0.0

1712929536
0.0 0.0 0.0

1712929537
0.0 0.0 0.0

1712929538
0.0 0.0 0.0

1712929539
0.0 0.0 0.0

1712929540
0.0 0.0 0.0

1712929541
0.0 0.0 0.0

1712929542
0.0 0.0 0.0

1712929543
0.0 0.0 0.0

1712929544
0.0 0.0 0.0

1712929545
0.0 0.0 0.0

1712929546
0.0 0.0 0.0

1712929547
0.0 0.0 0.0

1712929548
0.0 0.0 0.0

1712929549
0.0 0.0 0.0

1712929550
0.0 0.0 0.0

1712929551
0.0 0.0 0.0

1712929552
0.0 0.0 0.0

1712929553
0.0 0.0 0.0

1712929554
0.0 0.0 0.0

1712929555
0.0 0.0 0.0

1712929556
0.0 0.0 0.0

1712929557
0.0 0.0 0.0

1712929558
0.0 0.0 0.0

1712929559
0.0 0.0 0.0

1712929560
0.0 0.0 0.0

1712929561
0.0 0.0 0.0

1712929562
0.0 0.0 0.0

1712929563
0.0 0.0 0.0

1712929564
0.0 0.0 0.0

1712929565
0.0 0.0 0.0

1712929566
0.0 0.0 0.0

1712929567
0.0 0.0 0.0

1712929568
0.0 0.0 0.0

1712929569
0.0 0.0 0.0

1712929570
0.0 0.0 0.0

1712929571
0.0 0.0 0.0

1712929572
0.0 0.0 0.0

1712929573
0.0 0.0 0.0

1712929574
0.0 0.0 0.0

1712929575
0.0 0.0 0.0

1712929576
0.0 0.0 0.0

1712929577
0.0 0.0 0.0

1712929578
0.0 0.0 0.0

1712929579
0.0 0.0 0.0

1712929580
0.0 0.0 0.0

1712929581
0.0 0.0 0.0

1712929582
0.0 0.0 0.0

1712929583
0.0 0.0 0.0

1712929584
0.0 0.0 0.0

1712929585
0.0 0.0 0.0

1712929586
0.0 0.0 0.0

1712929587
0.0 0.0 0.0

1712929588
0.0 0.0 0.0

1712929589
0.0 0.0 0.0

1712929590
0.0 0.0 0.0

1712929591
0.0 0.0 0.0

1712929592
0.0 0.0 0.0

1712929593
0.0 0.0 0.0

1712929594
0.0 0.0 0.0

1712929595
0.0 0.0 0.0

1712929596
0.0 0.0 0.0

1712929597
0.0 0.0 0.0

1712929598
0.0 0.0 0.0

1712929599
0.0 0.0 0.0

1712929600
0.0 0.0 0.0

1712929601
0.0 0.0 0.0

1712929602
0.0 0.0 0.0

1712929603
0.0 0.0 0.0

1712929604
0.0 0.0 0.0

1712929605
0.0 0.0 0.0

1712929606
0.0 0.0 0.0

1712929607
0.0 0.0 0.0

1712929608
0.0 0.0 0.0

1712929609
0.0 0.0 0.0

1712929610
0.0 0.0 0.0

1712929611
0.0 0.0 0.0

1712929612
0.0 0.0 0.0

1712929613
0.0 0.0 0.0

1712929614
0.0 0.0 0.0

1712929615
0.0 0.0 0.0

1712929616
0.0 0.0 0.0

1712929617
0.0 0.0 0.0

1712929618
0.0 0.0 0.0

1712929619
0.0 0.0 0.0

1712929620
0.0 0.0 0.0

1712929621
0.0 0.0 0.0

1712929622
0.0 0.0 0.0

1712929623
0.0 0.0 0.0

1712929624
0.0 0.0 0.0

1712929625
0.0 0.0 0.0

1712929626
0.0 0.0 0.0

1712929627
0.0 0.0 0.0

1712929628
0.0 0.0 0.0

1712929629
0.0 0.0 0.0

1712929630
0.0 0.0 0.0

1712929631
0.0 0.0 0.0

1712929632
0.0 0.0 0.0

1712929633
0.0 0.0 0.0

1712929634
0.0 0.0 0.0

1712929635
0.0 0.0 0.0

1712929636
0.0 0.0 0.0

1712929637
0.0 0.0 0.0

1712929638
0.0 0.0 0.0

1712929639
0.0 0.0 0.0

1712929640
0.0 0.0 0.0

1712929641
0.0 0.0 0.0

1712929642
0.0 0.0 0.0

1712929643
0.0 0.0 0.0

1712929644
0.0 0.0 0.0

1712929645
0.0 0.0 0.0

1712929646
0.0 0.0 0.0

1712929647
0.0 0.0 0.0

1712929648
0.0 0.0 0.0

1712929649
0.0 0.0 0.0

1712929650
0.0 0.0 0.0

1712929651
0.0 0.0 0.0

1712929652
0.0 0.0 0.0

1712929653
0.0 0.0 0.0

1712929654
0.0 0.0 0.0

1712929655
0.0 0.0 0.0

1712929656
0.0 0.0 0.0

1712929657
0.0 0.0 0.0

1712929658
0.0 0.0 0.0

1712929659
0.0 0.0 0.0

1712929660
0.0 0.0 0.0

1712929661
0.0 0.0 0.0

1712929662
0.0 0.0 0.0

1712929663
0.0 0.0 0.0

1712929664
0.0 0.0 0.0

1712929665
0.0 0.0 0.0

1712929666
0.0 0.0 0.0

1712929667
0.0 0.0 0.0

1712929668
0.0 0.0 0.0

1712929669
0.0 0.0 0.0

1712929670
0.0 0.0 0.0

1712929671
0.0 0.0 0.0

1712929672
0.0 0.0 0.0

1712929673
0.0 0.0 0.0

1712929674
0.0 0.0 0.0

1712929675
0.0 0.0 0.0

1712929676
0.0 0.0 0.0

1712929677
0.0 0.0 0.0

1712929678
0.0 0.0 0.0

1712929679
0.0 0.0 0.0

1712929680
0.0 0.0 0.0

1712929681
0.0 0.0 0.0

1712929682
0.0 0.0 0.0

1712929683
0.0 0.0 0.0

1712929684
0.0 0.0 0.0

1712929685
0.0 0.0 0.0

1712929686
0.0 0.0 0.0

1712929687
0.0 0.0 0.0

1712929688
0.0 0.0 0.0

1712929689
0.0 0.0 0.0

1712929690
0.0 0.0 0.0

1712929691
0.0 0.0 0.0

1712929692
0.0 0.0 0.0

1712929693
0.0 0.0 0.0

1712929694
0.0 0.0 0.0

1712929695
0.0 0.0 0.0

1712929696
0.0 0.0 0.0

1712929697
0.0 0.0 0.0

1712929698
0.0 0.0 0.0

1712929699
0.0 0.0 0.0

1712929700
0.0 0.0 0.0

1712929701
0.0 0.0 0.0

1712929702
0.0 0.0 0.0

1712929703
0.0 0.0 0.0

1712929704
0.0 0.0 0.0

1712929705
0.0 0.0 0.0

1712929706
0.0 0.0 0.0

1712929707
0.0 0.0 0.0

1712929708
0.0 0.0 0.0

1712929709
0.0 0.0 0.0

1712929710
0.0 0.0 0.0

1712929711
0.0 0.0 0.0

1712929712
0.0 0.0 0.0

1712929713
0.0 0.0 0.0

1712929714
0.0 0.0 0.0

1712929715
0.0 0.0 0.0

1712929716
0.0 0.0 0.0

1712929717
0.0 0.0 0.0

1712929718
0.0 0.0 0.0

1712929719
0.0 0.0 0.0

1712929720
0.0 0.0 0.0

1712929721
0.0 0.0 0.0

1712929722
0.0 0.0 0.0

1712929723
0.0 0.0 0.0

1712929724
0.0 0.0 0.0

1712929725
0.0 0.0 0.0

1712929726
0.0 0.0 0.0

1712929727
0.0 0.0 0.0

1712929728
0.0 0.0 0.0

1712929729
0.0 0.0 0.0

1712929730
0.0 0.0 0.0

1712929731
0.0 0.0 0.0

1712929732
0.0 0.0 0.0

1712929733
0.0 0.0 0.0

1712929734
0.0 0.0 0.0

1712929735
0.0 0.0 0.0

1712929736
0.0 0.0 0.0

1712929737
0.0 0.0 0.0

1712929738
0.0 0.0 0.0

1712929739
0.0 0.0 0.0

1712929740
0.0 0.0 0.0

1712929741
0.0 0.0 0.0

1712929742
0.0 0.0 0.0

1712929743
0.0 0.0 0.0

1712929744
0.0 0.0 0.0

1712929745
0.0 0.0 0.0

1712929746
0.0 0.0 0.0

1712929747
0.0 0.0 0.0

1712929748
0.0 0.0 0.0

1712929749
0.0 0.0 0.0

1712929750
0.0 0.0 0.0

1712929751
0.0 0.0 0.0

1712929752
0.0 0.0 0.0

1712929753
0.0 0.0 0.0

1712929754
0.0 0.0 0.0

1712929755
0.0 0.0 0.0

1712929756
0.0 0.0 0.0

1712929757
0.0 0.0 0.0

1712929758
0.0 0.0 0.0

1712929759
0.0 0.0 0.0

1712929760
0.0 0.0 0.0

1712929761
0.0 0.0 0.0

1712929762
0.0 0.0 0.0

1712929763
0.0 0.0 0.0

1712929764
0.0 0.0 0.0

1712929765
0.0 0.0 0.0

1712929766
0.0 0.0 0.0

1712929767
0.0 0.0 0.0

1712929768
0.0 0.0 0.0

1712929769
0.0 0.0 0.0

1712929770
0.0 0.0 0.0

1712929771
0.0 0.0 0.0

1712929772
0.0 0.0 0.0

1712929773
0.0 0.0 0.0

1712929774
0.0 0.0 0.0

1712929775
0.0 0.0 0.0

1712929776
0.0 0.0 0.0

1712929777
0.0 0.0 0.0

1712929778
0.0 0.0 0.0

1712929779
0.0 0.0 0.0

1712929780
0.0 0.0 0.0

1712929781
0.0 0.0 0.0

1712929782
0.0 0.0 0.0

1712929783
0.0 0.0 0.0

1712929784
0.0 0.0 0.0

1712929785
0.0 0.0 0.0

1712929786
0.0 0.0 0.0

1712929787
0.0 0.0 0.0

1712929788
0.0 0.0 0.0

1712929789
0.0 0.0 0.0

1712929790
0.0 0.0 0.0

1712929791
0.0 0.0 0.0

1712929792
0.0 0.0 0.0

1712929793
0.0 0.0 0.0

1712929794
0.0 0.0 0.0

1712929795
0.0 0.0 0.0

1712929796
0.0 0.0 0.0

1712929797
0.0 0.0 0.0

1712929798
0.0 0.0 0.0

1712929799
0.0 0.0 0.0

1712929800
0.0 0.0 0.0

1712929801
0.0 0.0 0.0

1712929802
0.0 0.0 0.0

1712929803
0.0 0.0 0.0

1712929804
0.0 0.0 0.0

1712929805
0.0 0.0 0.0

1712929806
0.0 0.0 0.0

1712929807
0.0 0.0 0.0

1712929808
0.0 0.0 0.0

1712929809
0.0 0.0 0.0

1712929810
0.0 0.0 0.0

1712929811
0.0 0.0 0.0

1712929812
0.0 0.0 0.0

1712929813
0.0 0.0 0.0

1712929814
0.0 0.0 0.0

1712929816
0.0 0.0 0.0

1712929817
0.0 0.0 0.0

1712929818
0.0 0.0 0.0

1712929819
0.0 0.0 0.0

1712929820
0.0 0.0 0.0

1712929821
0.0 0.0 0.0

1712929822
0.0 0.0 0.0

1712929823
0.0 0.0 0.0

1712929824
0.0 0.0 0.0

1712929825
0.0 0.0 0.0

1712929826
0.0 0.0 0.0

1712929827
0.0 0.0 0.0

1712929828
0.0 0.0 0.0

1712929829
0.0 0.0 0.0

1712929830
0.0 0.0 0.0

1712929831
0.0 0.0 0.0

1712929832
0.0 0.0 0.0

1712929833
0.0 0.0 0.0

1712929834
0.0 0.0 0.0

1712929835
0.0 0.0 0.0

1712929836
0.0 0.0 0.0

1712929837
0.0 0.0 0.0

1712929838
0.0 0.0 0.0

1712929839
0.0 0.0 0.0

1712929840
0.0 0.0 0.0

1712929841
0.0 0.0 0.0

1712929842
0.0 0.0 0.0

1712929843
0.0 0.0 0.0

1712929844
0.0 0.0 0.0

1712929845
0.0 0.0 0.0

1712929846
0.0 0.0 0.0

1712929847
0.0 0.0 0.0

1712929848
0.0 0.0 0.0

1712929849
0.0 0.0 0.0

1712929850
0.0 0.0 0.0

1712929851
0.0 0.0 0.0

1712929852
0.0 0.0 0.0

1712929853
0.0 0.0 0.0

1712929854
0.0 0.0 0.0

1712929855
0.0 0.0 0.0

1712929856
0.0 0.0 0.0

1712929857
0.0 0.0 0.0

1712929858
0.0 0.0 0.0

1712929859
0.0 0.0 0.0

1712929860
0.0 0.0 0.0

1712929861
0.0 0.0 0.0

1712929862
0.0 0.0 0.0

1712929863
0.0 0.0 0.0

1712929864
0.0 0.0 0.0

1712929865
0.0 0.0 0.0

1712929866
0.0 0.0 0.0

1712929867
0.0 0.0 0.0

1712929868
0.0 0.0 0.0

1712929869
0.0 0.0 0.0

1712929870
0.0 0.0 0.0

1712929871
0.0 0.0 0.0

1712929872
0.0 0.0 0.0

1712929873
0.0 0.0 0.0

1712929874
0.0 0.0 0.0

1712929875
0.0 0.0 0.0

1712929876
0.0 0.0 0.0

1712929877
0.0 0.0 0.0

1712929878
0.0 0.0 0.0

1712929879
0.0 0.0 0.0

1712929880
0.0 0.0 0.0

1712929881
0.0 0.0 0.0

1712929882
0.0 0.0 0.0

1712929883
0.0 0.0 0.0

1712929884
0.0 0.0 0.0

1712929885
0.0 0.0 0.0

1712929886
0.0 0.0 0.0

1712929887
0.0 0.0 0.0

1712929888
0.0 0.0 0.0

1712929889
0.0 0.0 0.0

1712929890
0.0 0.0 0.0

1712929891
0.0 0.0 0.0

1712929892
0.0 0.0 0.0

1712929893
0.0 0.0 0.0

1712929894
0.0 0.0 0.0

1712929895
0.0 0.0 0.0

1712929896
0.0 0.0 0.0

1712929897
0.0 0.0 0.0

1712929898
0.0 0.0 0.0

1712929899
0.0 0.0 0.0

1712929900
0.0 0.0 0.0

1712929901
0.0 0.0 0.0

1712929902
0.0 0.0 0.0

1712929903
0.0 0.0 0.0

1712929904
0.0 0.0 0.0

1712929905
0.0 0.0 0.0

1712929906
0.0 0.0 0.0

1712929907
0.0 0.0 0.0

1712929908
0.0 0.0 0.0

1712929909
0.0 0.0 0.0

1712929910
0.0 0.0 0.0

1712929911
0.0 0.0 0.0

1712929912
0.0 0.0 0.0

1712929913
0.0 0.0 0.0

1712929914
0.0 0.0 0.0

1712929915
0.0 0.0 0.0

1712929916
0.0 0.0 0.0

1712929917
0.0 0.0 0.0

1712929918
0.0 0.0 0.0

1712929919
0.0 0.0 0.0

1712929920
0.0 0.0 0.0

1712929921
0.0 0.0 0.0

1712929922
0.0 0.0 0.0

1712929923
0.0 0.0 0.0

1712929924
0.0 0.0 0.0

1712929925
0.0 0.0 0.0

1712929926
0.0 0.0 0.0

1712929927
0.0 0.0 0.0

1712929928
0.0 0.0 0.0

1712929929
0.0 0.0 0.0

1712929930
0.0 0.0 0.0

1712929931
0.0 0.0 0.0

1712929932
0.0 0.0 0.0

1712929933
0.0 0.0 0.0

1712929934
0.0 0.0 0.0

1712929935
0.0 0.0 0.0

1712929936
0.0 0.0 0.0

1712929937
0.0 0.0 0.0

1712929938
0.0 0.0 0.0

1712929939
0.0 0.0 0.0

1712929940
0.0 0.0 0.0

1712929941
0.0 0.0 0.0

1712929942
0.0 0.0 0.0

1712929943
0.0 0.0 0.0

1712929944
0.0 0.0 0.0

1712929945
0.0 0.0 0.0

1712929946
0.0 0.0 0.0

1712929947
0.0 0.0 0.0

1712929948
0.0 0.0 0.0

1712929949
0.0 0.0 0.0

1712929950
0.0 0.0 0.0

1712929951
0.0 0.0 0.0

1712929952
0.0 0.0 0.0

1712929953
0.0 0.0 0.0

1712929954
0.0 0.0 0.0

1712929955
0.0 0.0 0.0

1712929956
0.0 0.0 0.0

1712929957
0.0 0.0 0.0

1712929958
0.0 0.0 0.0

1712929959
0.0 0.0 0.0

1712929960
0.0 0.0 0.0

1712929961
0.0 0.0 0.0

1712929962
0.0 0.0 0.0

1712929963
0.0 0.0 0.0

1712929964
0.0 0.0 0.0

1712929965
0.0 0.0 0.0

1712929966
0.0 0.0 0.0

1712929967
0.0 0.0 0.0

1712929968
0.0 0.0 0.0

1712929969
0.0 0.0 0.0

1712929970
0.0 0.0 0.0

1712929971
0.0 0.0 0.0

1712929972
0.0 0.0 0.0

1712929973
0.0 0.0 0.0

1712929974
0.0 0.0 0.0

1712929975
0.0 0.0 0.0

1712929976
0.0 0.0 0.0

1712929977
0.0 0.0 0.0

1712929978
0.0 0.0 0.0

1712929979
0.0 0.0 0.0

1712929980
0.0 0.0 0.0

1712929981
0.0 0.0 0.0

1712929982
0.0 0.0 0.0

1712929983
0.0 0.0 0.0

1712929984
0.0 0.0 0.0

1712929985
0.0 0.0 0.0

1712929986
0.0 0.0 0.0

1712929987
0.0 0.0 0.0

1712929988
0.0 0.0 0.0

1712929989
0.0 0.0 0.0

1712929990
0.0 0.0 0.0

1712929991
0.0 0.0 0.0

1712929992
0.0 0.0 0.0

1712929993
0.0 0.0 0.0

1712929994
0.0 0.0 0.0

1712929995
0.0 0.0 0.0

1712929996
0.0 0.0 0.0

1712929997
0.0 0.0 0.0

1712929998
0.0 0.0 0.0

1712929999
0.0 0.0 0.0

1712930000
0.0 0.0 0.0

1712930001
0.0 0.0 0.0

1712930002
0.0 0.0 0.0

1712930003
0.0 0.0 0.0

1712930004
0.0 0.0 0.0

1712930005
0.0 0.0 0.0

1712930006
0.0 0.0 0.0

1712930007
0.0 0.0 0.0

1712930008
0.0 0.0 0.0

1712930009
0.0 0.0 0.0

1712930010
0.0 0.0 0.0

1712930011
0.0 0.0 0.0

1712930012
0.0 0.0 0.0

1712930013
0.0 0.0 0.0

1712930014
0.0 0.0 0.0

1712930015
0.0 0.0 0.0

1712930016
0.0 0.0 0.0

1712930017
0.0 0.0 0.0

1712930018
0.0 0.0 0.0

1712930019
0.0 0.0 0.0

1712930020
0.0 0.0 0.0

1712930021
0.0 0.0 0.0

1712930022
0.0 0.0 0.0

1712930023
0.0 0.0 0.0

1712930024
0.0 0.0 0.0

1712930025
0.0 0.0 0.0

1712930026
0.0 0.0 0.0

1712930027
0.0 0.0 0.0

1712930028
0.0 0.0 0.0

1712930029
0.0 0.0 0.0

1712930030
0.0 0.0 0.0

1712930031
0.0 0.0 0.0

1712930032
0.0 0.0 0.0

1712930033
0.0 0.0 0.0

1712930034
0.0 0.0 0.0

1712930035
0.0 0.0 0.0

1712930036
0.0 0.0 0.0

1712930037
0.0 0.0 0.0

1712930038
0.0 0.0 0.0

1712930039
0.0 0.0 0.0

1712930040
0.0 0.0 0.0

1712930041
0.0 0.0 0.0

1712930042
0.0 0.0 0.0

1712930043
0.0 0.0 0.0

1712930044
0.0 0.0 0.0

1712930045
0.0 0.0 0.0

1712930046
0.0 0.0 0.0

1712930047
0.0 0.0 0.0

1712930048
0.0 0.0 0.0

1712930049
0.0 0.0 0.0

1712930050
0.0 0.0 0.0

1712930051
0.0 0.0 0.0

1712930052
0.0 0.0 0.0

1712930053
0.0 0.0 0.0

1712930054
0.0 0.0 0.0

1712930055
0.0 0.0 0.0

1712930056
0.0 0.0 0.0

1712930057
0.0 0.0 0.0

1712930058
0.0 0.0 0.0

1712930059
0.0 0.0 0.0

1712930060
0.0 0.0 0.0

1712930061
0.0 0.0 0.0

1712930062
0.0 0.0 0.0

1712930063
0.0 0.0 0.0

1712930064
0.0 0.0 0.0

1712930065
0.0 0.0 0.0

1712930066
0.0 0.0 0.0

1712930067
0.0 0.0 0.0

1712930068
0.0 0.0 0.0

1712930069
0.0 0.0 0.0

1712930071
0.0 0.0 0.0

1712930072
0.0 0.0 0.0

1712930073
0.0 0.0 0.0

1712930074
0.0 0.0 0.0

1712930075
0.0 0.0 0.0

1712930076
0.0 0.0 0.0

1712930077
0.0 0.0 0.0

1712930078
0.0 0.0 0.0

1712930079
0.0 0.0 0.0

1712930080
0.0 0.0 0.0

1712930081
0.0 0.0 0.0

1712930082
0.0 0.0 0.0

1712930083
0.0 0.0 0.0

1712930084
0.0 0.0 0.0

1712930085
0.0 0.0 0.0

1712930086
0.0 0.0 0.0

1712930087
0.0 0.0 0.0

1712930088
0.0 0.0 0.0

1712930089
0.0 0.0 0.0

1712930090
0.0 0.0 0.0

1712930091
0.0 0.0 0.0

1712930092
0.0 0.0 0.0

1712930093
0.0 0.0 0.0

1712930094
0.0 0.0 0.0

1712930095
0.0 0.0 0.0

1712930096
0.0 0.0 0.0

1712930097
0.0 0.0 0.0

1712930098
0.0 0.0 0.0

1712930099
0.0 0.0 0.0

1712930100
0.0 0.0 0.0

1712930101
0.0 0.0 0.0

1712930102
0.0 0.0 0.0

1712930103
0.0 0.0 0.0

1712930104
0.0 0.0 0.0

1712930105
0.0 0.0 0.0

1712930106
0.0 0.0 0.0

1712930107
0.0 0.0 0.0

1712930108
0.0 0.0 0.0

1712930109
0.0 0.0 0.0

1712930110
0.0 0.0 0.0

1712930111
0.0 0.0 0.0

1712930112
0.0 0.0 0.0

1712930113
0.0 0.0 0.0

1712930114
0.0 0.0 0.0

1712930115
0.0 0.0 0.0

1712930116
0.0 0.0 0.0

1712930117
0.0 0.0 0.0

1712930118
0.0 0.0 0.0

1712930119
0.0 0.0 0.0

1712930120
0.0 0.0 0.0

1712930121
0.0 0.0 0.0

1712930122
0.0 0.0 0.0

1712930123
0.0 0.0 0.0

1712930124
0.0 0.0 0.0

1712930126
0.0 0.0 0.0

1712930127
0.0 0.0 0.0

1712930128
0.0 0.0 0.0

1712930129
0.0 0.0 0.0

1712930130
0.0 0.0 0.0

1712930131
0.0 0.0 0.0

1712930132
0.0 0.0 0.0

1712930133
0.0 0.0 0.0

1712930134
0.0 0.0 0.0

1712930135
0.0 0.0 0.0

1712930136
0.0 0.0 0.0

1712930137
0.0 0.0 0.0

1712930138
0.0 0.0 0.0

1712930139
0.0 0.0 0.0

1712930140
0.0 0.0 0.0

1712930141
0.0 0.0 0.0

1712930142
0.0 0.0 0.0

1712930143
0.0 0.0 0.0

1712930144
0.0 0.0 0.0

1712930145
0.0 0.0 0.0

1712930146
0.0 0.0 0.0

1712930147
0.0 0.0 0.0

1712930148
0.0 0.0 0.0

1712930149
0.0 0.0 0.0

1712930150
0.0 0.0 0.0

1712930151
0.0 0.0 0.0

1712930152
0.0 0.0 0.0

1712930153
0.0 0.0 0.0

1712930154
0.0 0.0 0.0

1712930155
0.0 0.0 0.0

1712930156
0.0 0.0 0.0

1712930157
0.0 0.0 0.0

1712930158
0.0 0.0 0.0

1712930159
0.0 0.0 0.0

1712930160
0.0 0.0 0.0

1712930161
0.0 0.0 0.0

1712930162
0.0 0.0 0.0

1712930163
0.0 0.0 0.0

1712930164
0.0 0.0 0.0

1712930165
0.0 0.0 0.0

1712930166
0.0 0.0 0.0

1712930167
0.0 0.0 0.0

1712930168
0.0 0.0 0.0

1712930169
0.0 0.0 0.0

1712930170
0.0 0.0 0.0

1712930171
0.0 0.0 0.0

1712930172
0.0 0.0 0.0

1712930173
0.0 0.0 0.0

1712930174
0.0 0.0 0.0

1712930175
0.0 0.0 0.0

1712930176
0.0 0.0 0.0

1712930177
0.0 0.0 0.0

1712930178
0.0 0.0 0.0

1712930179
0.0 0.0 0.0

1712930180
0.0 0.0 0.0

1712930181
0.0 0.0 0.0

1712930182
0.0 0.0 0.0

1712930183
0.0 0.0 0.0

1712930184
0.0 0.0 0.0

1712930185
0.0 0.0 0.0

1712930186
0.0 0.0 0.0

1712930187
0.0 0.0 0.0

1712930188
0.0 0.0 0.0

1712930189
0.0 0.0 0.0

1712930190
0.0 0.0 0.0

1712930191
0.0 0.0 0.0

1712930192
0.0 0.0 0.0

1712930193
0.0 0.0 0.0

1712930194
0.0 0.0 0.0

1712930195
0.0 0.0 0.0

1712930196
0.0 0.0 0.0

1712930197
0.0 0.0 0.0

1712930198
0.0 0.0 0.0

1712930199
0.0 0.0 0.0

1712930200
0.0 0.0 0.0

1712930201
0.0 0.0 0.0

1712930202
0.0 0.0 0.0

1712930203
0.0 0.0 0.0

1712930204
0.0 0.0 0.0

1712930205
0.0 0.0 0.0

1712930206
0.0 0.0 0.0

1712930207
0.0 0.0 0.0

1712930208
0.0 0.0 0.0

1712930209
0.0 0.0 0.0

1712930210
0.0 0.0 0.0

1712930211
0.0 0.0 0.0

1712930212
0.0 0.0 0.0

1712930213
0.0 0.0 0.0

1712930214
0.0 0.0 0.0

1712930215
0.0 0.0 0.0

1712930216
0.0 0.0 0.0

1712930217
0.0 0.0 0.0

1712930218
0.0 0.0 0.0

1712930219
0.0 0.0 0.0

1712930220
0.0 0.0 0.0

1712930221
0.0 0.0 0.0

1712930222
0.0 0.0 0.0

1712930223
0.0 0.0 0.0

1712930224
0.0 0.0 0.0

1712930225
0.0 0.0 0.0

1712930226
0.0 0.0 0.0

1712930227
0.0 0.0 0.0

1712930228
0.0 0.0 0.0

1712930229
0.0 0.0 0.0

1712930230
0.0 0.0 0.0

1712930231
0.0 0.0 0.0

1712930232
0.0 0.0 0.0

1712930233
0.0 0.0 0.0

1712930234
0.0 0.0 0.0

1712930235
0.0 0.0 0.0

1712930236
0.0 0.0 0.0

1712930237
0.0 0.0 0.0

1712930238
0.0 0.0 0.0

1712930239
0.0 0.0 0.0

1712930240
0.0 0.0 0.0

1712930241
0.0 0.0 0.0

1712930242
0.0 0.0 0.0

1712930243
0.0 0.0 0.0

1712930244
0.0 0.0 0.0

1712930245
0.0 0.0 0.0

1712930246
0.0 0.0 0.0

1712930247
0.0 0.0 0.0

1712930248
0.0 0.0 0.0

1712930249
0.0 0.0 0.0

1712930250
0.0 0.0 0.0

1712930251
0.0 0.0 0.0

1712930252
0.0 0.0 0.0

1712930253
0.0 0.0 0.0

1712930254
0.0 0.0 0.0

1712930255
0.0 0.0 0.0

1712930256
0.0 0.0 0.0

1712930257
0.0 0.0 0.0

1712930258
0.0 0.0 0.0

1712930259
0.0 0.0 0.0

1712930260
0.0 0.0 0.0

1712930261
0.0 0.0 0.0

1712930262
0.0 0.0 0.0

1712930263
0.0 0.0 0.0

1712930264
0.0 0.0 0.0

1712930265
0.0 0.0 0.0

1712930266
0.0 0.0 0.0

1712930267
0.0 0.0 0.0

1712930268
0.0 0.0 0.0

1712930269
0.0 0.0 0.0

1712930270
0.0 0.0 0.0

1712930271
0.0 0.0 0.0

1712930272
0.0 0.0 0.0

1712930273
0.0 0.0 0.0

1712930274
0.0 0.0 0.0

1712930275
0.0 0.0 0.0

1712930276
0.0 0.0 0.0

1712930277
0.0 0.0 0.0

1712930278
0.0 0.0 0.0

1712930279
0.0 0.0 0.0

1712930280
0.0 0.0 0.0

1712930281
0.0 0.0 0.0

1712930282
0.0 0.0 0.0

1712930283
0.0 0.0 0.0

1712930284
0.0 0.0 0.0

1712930285
0.0 0.0 0.0

1712930286
0.0 0.0 0.0

1712930287
0.0 0.0 0.0

1712930288
0.0 0.0 0.0

1712930289
0.0 0.0 0.0

1712930290
0.0 0.0 0.0

1712930291
0.0 0.0 0.0

1712930292
0.0 0.0 0.0

1712930293
0.0 0.0 0.0

1712930294
0.0 0.0 0.0

1712930295
0.0 0.0 0.0

1712930296
0.0 0.0 0.0

1712930297
0.0 0.0 0.0

1712930298
0.0 0.0 0.0

1712930299
0.0 0.0 0.0

1712930300
0.0 0.0 0.0

1712930301
0.0 0.0 0.0

1712930302
0.0 0.0 0.0

1712930303
0.0 0.0 0.0

1712930304
0.0 0.0 0.0

1712930305
0.0 0.0 0.0

1712930306
0.0 0.0 0.0

1712930307
0.0 0.0 0.0

1712930308
0.0 0.0 0.0

1712930309
0.0 0.0 0.0

1712930310
0.0 0.0 0.0

1712930311
0.0 0.0 0.0

1712930312
0.0 0.0 0.0

1712930313
0.0 0.0 0.0

1712930314
0.0 0.0 0.0

1712930315
0.0 0.0 0.0

1712930316
0.0 0.0 0.0

1712930317
0.0 0.0 0.0

1712930318
0.0 0.0 0.0

1712930319
0.0 0.0 0.0

1712930320
0.0 0.0 0.0

1712930321
0.0 0.0 0.0

1712930322
0.0 0.0 0.0

1712930323
0.0 0.0 0.0

1712930324
0.0 0.0 0.0

1712930325
0.0 0.0 0.0

1712930326
0.0 0.0 0.0

1712930327
0.0 0.0 0.0

1712930328
0.0 0.0 0.0

1712930329
0.0 0.0 0.0

1712930330
0.0 0.0 0.0

1712930331
0.0 0.0 0.0

1712930332
0.0 0.0 0.0

1712930333
0.0 0.0 0.0

1712930334
0.0 0.0 0.0

1712930335
0.0 0.0 0.0

1712930336
0.0 0.0 0.0

1712930337
0.0 0.0 0.0

1712930338
0.0 0.0 0.0

1712930339
0.0 0.0 0.0

1712930340
0.0 0.0 0.0

1712930341
0.0 0.0 0.0

1712930342
0.0 0.0 0.0

1712930343
0.0 0.0 0.0

1712930344
0.0 0.0 0.0

1712930345
0.0 0.0 0.0

1712930346
0.0 0.0 0.0

1712930347
0.0 0.0 0.0

1712930348
0.0 0.0 0.0

1712930349
0.0 0.0 0.0

1712930350
0.0 0.0 0.0

1712930351
0.0 0.0 0.0

1712930352
0.0 0.0 0.0

1712930353
0.0 0.0 0.0

1712930354
0.0 0.0 0.0

1712930355
0.0 0.0 0.0

1712930356
0.0 0.0 0.0

1712930357
0.0 0.0 0.0

1712930358
0.0 0.0 0.0

1712930359
0.0 0.0 0.0

1712930360
0.0 0.0 0.0

1712930361
0.0 0.0 0.0

1712930362
0.0 0.0 0.0

1712930363
0.0 0.0 0.0

1712930364
0.0 0.0 0.0

1712930365
0.0 0.0 0.0

1712930366
0.0 0.0 0.0

1712930367
0.0 0.0 0.0

1712930368
0.0 0.0 0.0

1712930369
0.0 0.0 0.0

1712930370
0.0 0.0 0.0

1712930371
0.0 0.0 0.0

1712930372
0.0 0.0 0.0

1712930373
0.0 0.0 0.0

1712930374
0.0 0.0 0.0

1712930375
0.0 0.0 0.0

1712930376
0.0 0.0 0.0

1712930377
0.0 0.0 0.0

1712930378
0.0 0.0 0.0

1712930379
0.0 0.0 0.0

1712930380
0.0 0.0 0.0

1712930381
0.0 0.0 0.0

1712930382
0.0 0.0 0.0

1712930383
0.0 0.0 0.0

1712930384
0.0 0.0 0.0

1712930385
0.0 0.0 0.0

1712930386
0.0 0.0 0.0

1712930387
0.0 0.0 0.0

1712930388
0.0 0.0 0.0

1712930389
0.0 0.0 0.0

1712930390
0.0 0.0 0.0

1712930391
0.0 0.0 0.0

1712930392
0.0 0.0 0.0

1712930393
0.0 0.0 0.0

1712930394
0.0 0.0 0.0

1712930395
0.0 0.0 0.0

1712930396
0.0 0.0 0.0

1712930397
0.0 0.0 0.0

1712930398
0.0 0.0 0.0

1712930399
0.0 0.0 0.0

1712930400
0.0 0.0 0.0

1712930401
0.0 0.0 0.0

1712930402
0.0 0.0 0.0

1712930403
0.0 0.0 0.0

1712930404
0.0 0.0 0.0

1712930405
0.0 0.0 0.0

1712930406
0.0 0.0 0.0

1712930407
0.0 0.0 0.0

1712930408
0.0 0.0 0.0

1712930409
0.0 0.0 0.0

1712930410
0.0 0.0 0.0

1712930411
0.0 0.0 0.0

1712930412
0.0 0.0 0.0

1712930413
0.0 0.0 0.0

1712930414
0.0 0.0 0.0

1712930415
0.0 0.0 0.0

1712930416
0.0 0.0 0.0

1712930417
0.0 0.0 0.0

1712930418
0.0 0.0 0.0

1712930419
0.0 0.0 0.0

1712930420
0.0 0.0 0.0

1712930421
0.0 0.0 0.0

1712930422
0.0 0.0 0.0

1712930423
0.0 0.0 0.0

1712930424
0.0 0.0 0.0

1712930425
0.0 0.0 0.0

1712930426
0.0 0.0 0.0

1712930427
0.0 0.0 0.0

1712930428
0.0 0.0 0.0

1712930429
0.0 0.0 0.0

1712930431
0.0 0.0 0.0

1712930432
0.0 0.0 0.0

1712930433
0.0 0.0 0.0

1712930434
0.0 0.0 0.0

1712930435
0.0 0.0 0.0

1712930436
0.0 0.0 0.0

1712930437
0.0 0.0 0.0

1712930438
0.0 0.0 0.0

1712930439
0.0 0.0 0.0

1712930440
0.0 0.0 0.0

1712930441
0.0 0.0 0.0

1712930442
0.0 0.0 0.0

1712930443
0.0 0.0 0.0

1712930444
0.0 0.0 0.0

1712930445
0.0 0.0 0.0

1712930446
0.0 0.0 0.0

1712930447
0.0 0.0 0.0

1712930448
0.0 0.0 0.0

1712930449
0.0 0.0 0.0

1712930450
0.0 0.0 0.0

1712930451
0.0 0.0 0.0

1712930452
0.0 0.0 0.0

1712930453
0.0 0.0 0.0

1712930454
0.0 0.0 0.0

1712930455
0.0 0.0 0.0

1712930456
0.0 0.0 0.0

1712930457
0.0 0.0 0.0

1712930458
0.0 0.0 0.0

1712930459
0.0 0.0 0.0

1712930460
0.0 0.0 0.0

1712930461
0.0 0.0 0.0

1712930462
0.0 0.0 0.0

1712930463
0.0 0.0 0.0

1712930464
0.0 0.0 0.0

1712930465
0.0 0.0 0.0

1712930466
0.0 0.0 0.0

1712930467
0.0 0.0 0.0

1712930468
0.0 0.0 0.0

1712930469
0.0 0.0 0.0

1712930470
0.0 0.0 0.0

1712930471
0.0 0.0 0.0

1712930472
0.0 0.0 0.0

1712930473
0.0 0.0 0.0

1712930474
0.0 0.0 0.0

1712930475
0.0 0.0 0.0

1712930476
0.0 0.0 0.0

1712930477
0.0 0.0 0.0

1712930478
0.0 0.0 0.0

1712930479
0.0 0.0 0.0

1712930480
0.0 0.0 0.0

1712930481
0.0 0.0 0.0

1712930482
0.0 0.0 0.0

1712930483
0.0 0.0 0.0

1712930484
0.0 0.0 0.0

1712930485
0.0 0.0 0.0

1712930486
0.0 0.0 0.0

1712930487
0.0 0.0 0.0

1712930488
0.0 0.0 0.0

1712930489
0.0 0.0 0.0

1712930490
0.0 0.0 0.0

1712930491
0.0 0.0 0.0

1712930492
0.0 0.0 0.0

1712930493
0.0 0.0 0.0

1712930494
0.0 0.0 0.0

1712930495
0.0 0.0 0.0

1712930496
0.0 0.0 0.0

1712930497
0.0 0.0 0.0

1712930498
0.0 0.0 0.0

1712930499
0.0 0.0 0.0

1712930500
0.0 0.0 0.0

1712930501
0.0 0.0 0.0

1712930502
0.0 0.0 0.0

1712930503
0.0 0.0 0.0

1712930504
0.0 0.0 0.0

1712930505
0.0 0.0 0.0

1712930506
0.0 0.0 0.0

1712930507
0.0 0.0 0.0

1712930508
0.0 0.0 0.0

1712930509
0.0 0.0 0.0

1712930510
0.0 0.0 0.0

1712930511
0.0 0.0 0.0

1712930512
0.0 0.0 0.0

1712930513
0.0 0.0 0.0

1712930514
0.0 0.0 0.0

1712930515
0.0 0.0 0.0

1712930516
0.0 0.0 0.0

1712930517
0.0 0.0 0.0

1712930518
0.0 0.0 0.0

1712930519
0.0 0.0 0.0

1712930520
0.0 0.0 0.0

1712930521
0.0 0.0 0.0

1712930522
0.0 0.0 0.0

1712930523
0.0 0.0 0.0

1712930524
0.0 0.0 0.0

1712930525
0.0 0.0 0.0

1712930526
0.0 0.0 0.0

1712930527
0.0 0.0 0.0

1712930528
0.0 0.0 0.0

1712930529
0.0 0.0 0.0

1712930530
0.0 0.0 0.0

1712930531
0.0 0.0 0.0

1712930532
0.0 0.0 0.0

1712930533
0.0 0.0 0.0

1712930534
0.0 0.0 0.0

1712930535
0.0 0.0 0.0

1712930536
0.0 0.0 0.0

1712930537
0.0 0.0 0.0

1712930538
0.0 0.0 0.0

1712930539
0.0 0.0 0.0

1712930540
0.0 0.0 0.0

1712930541
0.0 0.0 0.0

1712930542
0.0 0.0 0.0

1712930543
0.0 0.0 0.0

1712930544
0.0 0.0 0.0

1712930545
0.0 0.0 0.0

1712930546
0.0 0.0 0.0

1712930547
0.0 0.0 0.0

1712930548
0.0 0.0 0.0

1712930549
0.0 0.0 0.0

1712930550
0.0 0.0 0.0

1712930551
0.0 0.0 0.0

1712930552
0.0 0.0 0.0

1712930553
0.0 0.0 0.0

1712930554
0.0 0.0 0.0

1712930555
0.0 0.0 0.0

1712930556
0.0 0.0 0.0

1712930557
0.0 0.0 0.0

1712930558
0.0 0.0 0.0

1712930559
0.0 0.0 0.0

1712930560
0.0 0.0 0.0

1712930561
0.0 0.0 0.0

1712930562
0.0 0.0 0.0

1712930563
0.0 0.0 0.0

1712930564
0.0 0.0 0.0

1712930565
0.0 0.0 0.0

1712930566
0.0 0.0 0.0

1712930567
0.0 0.0 0.0

1712930568
0.0 0.0 0.0

1712930569
0.0 0.0 0.0

1712930570
0.0 0.0 0.0

1712930571
0.0 0.0 0.0

1712930572
0.0 0.0 0.0

1712930573
0.0 0.0 0.0

1712930574
0.0 0.0 0.0

1712930575
0.0 0.0 0.0

1712930576
0.0 0.0 0.0

1712930577
0.0 0.0 0.0

1712930578
0.0 0.0 0.0

1712930579
0.0 0.0 0.0

1712930580
0.0 0.0 0.0

1712930581
0.0 0.0 0.0

1712930582
0.0 0.0 0.0

1712930583
0.0 0.0 0.0

1712930584
0.0 0.0 0.0

1712930585
0.0 0.0 0.0

1712930586
0.0 0.0 0.0

1712930587
0.0 0.0 0.0

1712930588
0.0 0.0 0.0

1712930589
0.0 0.0 0.0

1712930590
0.0 0.0 0.0

1712930591
0.0 0.0 0.0

1712930592
0.0 0.0 0.0

1712930593
0.0 0.0 0.0

1712930594
0.0 0.0 0.0

1712930595
0.0 0.0 0.0

1712930596
0.0 0.0 0.0

1712930597
0.0 0.0 0.0

1712930598
0.0 0.0 0.0

1712930599
0.0 0.0 0.0

1712930600
0.0 0.0 0.0

1712930601
0.0 0.0 0.0

1712930602
0.0 0.0 0.0

1712930603
0.0 0.0 0.0

1712930604
0.0 0.0 0.0

1712930605
0.0 0.0 0.0

1712930606
0.0 0.0 0.0

1712930607
0.0 0.0 0.0

1712930608
0.0 0.0 0.0

1712930609
0.0 0.0 0.0

1712930610
0.0 0.0 0.0

1712930611
0.0 0.0 0.0

1712930612
0.0 0.0 0.0

1712930613
0.0 0.0 0.0

1712930614
0.0 0.0 0.0

1712930615
0.0 0.0 0.0

1712930616
0.0 0.0 0.0

1712930617
0.0 0.0 0.0

1712930618
0.0 0.0 0.0

1712930619
0.0 0.0 0.0

1712930620
0.0 0.0 0.0

1712930621
0.0 0.0 0.0

1712930622
0.0 0.0 0.0

1712930623
0.0 0.0 0.0

1712930624
0.0 0.0 0.0

1712930625
0.0 0.0 0.0

1712930626
0.0 0.0 0.0

1712930627
0.0 0.0 0.0

1712930628
0.0 0.0 0.0

1712930629
0.0 0.0 0.0

1712930630
0.0 0.0 0.0

1712930631
0.0 0.0 0.0

1712930632
0.0 0.0 0.0

1712930633
0.0 0.0 0.0

1712930634
0.0 0.0 0.0

1712930635
0.0 0.0 0.0

1712930636
0.0 0.0 0.0

1712930637
0.0 0.0 0.0

1712930638
0.0 0.0 0.0

1712930639
0.0 0.0 0.0

1712930640
0.0 0.0 0.0

1712930641
0.0 0.0 0.0

1712930642
0.0 0.0 0.0

1712930643
0.0 0.0 0.0

1712930644
0.0 0.0 0.0

1712930645
0.0 0.0 0.0

1712930646
0.0 0.0 0.0

1712930647
0.0 0.0 0.0

1712930648
0.0 0.0 0.0

1712930649
0.0 0.0 0.0

1712930650
0.0 0.0 0.0

1712930651
0.0 0.0 0.0

1712930652
0.0 0.0 0.0

1712930653
0.0 0.0 0.0

1712930654
0.0 0.0 0.0

1712930655
0.0 0.0 0.0

1712930656
0.0 0.0 0.0

1712930657
0.0 0.0 0.0

1712930658
0.0 0.0 0.0

1712930659
0.0 0.0 0.0

1712930660
0.0 0.0 0.0

1712930661
0.0 0.0 0.0

1712930662
0.0 0.0 0.0

1712930663
0.0 0.0 0.0

1712930664
0.0 0.0 0.0

1712930665
0.0 0.0 0.0

1712930666
0.0 0.0 0.0

1712930667
0.0 0.0 0.0

1712930668
0.0 0.0 0.0

1712930669
0.0 0.0 0.0

1712930670
0.0 0.0 0.0

1712930671
0.0 0.0 0.0

1712930672
0.0 0.0 0.0

1712930673
0.0 0.0 0.0

1712930674
0.0 0.0 0.0

1712930675
0.0 0.0 0.0

1712930676
0.0 0.0 0.0

1712930677
0.0 0.0 0.0

1712930678
0.0 0.0 0.0

1712930679
0.0 0.0 0.0

1712930680
0.0 0.0 0.0

1712930681
0.0 0.0 0.0

1712930682
0.0 0.0 0.0

1712930683
0.0 0.0 0.0

1712930684
0.0 0.0 0.0

1712930685
0.0 0.0 0.0

1712930686
0.0 0.0 0.0

1712930687
0.0 0.0 0.0

1712930688
0.0 0.0 0.0

1712930689
0.0 0.0 0.0

1712930690
0.0 0.0 0.0

1712930691
0.0 0.0 0.0

1712930692
0.0 0.0 0.0

1712930693
0.0 0.0 0.0

1712930694
0.0 0.0 0.0

1712930695
0.0 0.0 0.0

1712930696
0.0 0.0 0.0

1712930697
0.0 0.0 0.0

1712930698
0.0 0.0 0.0

1712930699
0.0 0.0 0.0

1712930700
0.0 0.0 0.0

1712930701
0.0 0.0 0.0

1712930702
0.0 0.0 0.0

1712930703
0.0 0.0 0.0

1712930704
0.0 0.0 0.0

1712930705
0.0 0.0 0.0

1712930706
0.0 0.0 0.0

1712930707
0.0 0.0 0.0

1712930708
0.0 0.0 0.0

1712930709
0.0 0.0 0.0

1712930710
0.0 0.0 0.0

1712930711
0.0 0.0 0.0

1712930712
0.0 0.0 0.0

1712930713
0.0 0.0 0.0

1712930714
0.0 0.0 0.0

1712930715
0.0 0.0 0.0

1712930716
0.0 0.0 0.0

1712930717
0.0 0.0 0.0

1712930718
0.0 0.0 0.0

1712930719
0.0 0.0 0.0

1712930720
0.0 0.0 0.0

1712930721
0.0 0.0 0.0

1712930722
0.0 0.0 0.0

1712930723
0.0 0.0 0.0

1712930724
0.0 0.0 0.0

1712930725
0.0 0.0 0.0

1712930726
0.0 0.0 0.0

1712930727
0.0 0.0 0.0

1712930728
0.0 0.0 0.0

1712930729
0.0 0.0 0.0

1712930730
0.0 0.0 0.0

1712930731
0.0 0.0 0.0

1712930732
0.0 0.0 0.0

1712930733
0.0 0.0 0.0

1712930734
0.0 0.0 0.0

1712930735
0.0 0.0 0.0

1712930736
0.0 0.0 0.0

1712930737
0.0 0.0 0.0

1712930738
0.0 0.0 0.0

1712930739
0.0 0.0 0.0

1712930740
0.0 0.0 0.0

1712930741
0.0 0.0 0.0

1712930742
0.0 0.0 0.0

1712930743
0.0 0.0 0.0

1712930744
0.0 0.0 0.0

1712930745
0.0 0.0 0.0

1712930746
0.0 0.0 0.0

1712930747
0.0 0.0 0.0

1712930748
0.0 0.0 0.0

1712930749
0.0 0.0 0.0

1712930750
0.0 0.0 0.0

1712930751
0.0 0.0 0.0

1712930752
0.0 0.0 0.0

1712930753
0.0 0.0 0.0

1712930754
0.0 0.0 0.0

1712930755
0.0 0.0 0.0

1712930756
0.0 0.0 0.0

1712930757
0.0 0.0 0.0

1712930758
0.0 0.0 0.0

1712930759
0.0 0.0 0.0

1712930760
0.0 0.0 0.0

1712930761
0.0 0.0 0.0

1712930762
0.0 0.0 0.0

1712930763
0.0 0.0 0.0

1712930764
0.0 0.0 0.0

1712930765
0.0 0.0 0.0

1712930766
0.0 0.0 0.0

1712930767
0.0 0.0 0.0

1712930768
0.0 0.0 0.0

1712930769
0.0 0.0 0.0

1712930770
0.0 0.0 0.0

1712930771
0.0 0.0 0.0

1712930772
0.0 0.0 0.0

1712930773
0.0 0.0 0.0

1712930774
0.0 0.0 0.0

1712930775
0.0 0.0 0.0

1712930776
0.0 0.0 0.0

1712930777
0.0 0.0 0.0

1712930778
0.0 0.0 0.0

1712930779
0.0 0.0 0.0

1712930780
0.0 0.0 0.0

1712930781
0.0 0.0 0.0

1712930782
0.0 0.0 0.0

1712930783
0.0 0.0 0.0

1712930784
0.0 0.0 0.0

1712930785
0.0 0.0 0.0

1712930786
0.0 0.0 0.0

1712930787
0.0 0.0 0.0

1712930788
0.0 0.0 0.0

1712930789
0.0 0.0 0.0

1712930790
0.0 0.0 0.0

1712930791
0.0 0.0 0.0

1712930792
0.0 0.0 0.0

1712930793
0.0 0.0 0.0

1712930794
0.0 0.0 0.0

1712930795
0.0 0.0 0.0

1712930796
0.0 0.0 0.0

1712930797
0.0 0.0 0.0

1712930798
0.0 0.0 0.0

1712930799
0.0 0.0 0.0

1712930800
0.0 0.0 0.0

1712930801
0.0 0.0 0.0

1712930802
0.0 0.0 0.0

1712930803
0.0 0.0 0.0

1712930804
0.0 0.0 0.0

1712930805
0.0 0.0 0.0

1712930806
0.0 0.0 0.0

1712930807
0.0 0.0 0.0

1712930808
0.0 0.0 0.0

1712930809
0.0 0.0 0.0

1712930810
0.0 0.0 0.0

1712930811
0.0 0.0 0.0

1712930812
0.0 0.0 0.0

1712930813
0.0 0.0 0.0

1712930814
0.0 0.0 0.0

1712930815
0.0 0.0 0.0

1712930816
0.0 0.0 0.0

1712930817
0.0 0.0 0.0

1712930818
0.0 0.0 0.0

1712930819
0.0 0.0 0.0

1712930820
0.0 0.0 0.0

1712930821
0.0 0.0 0.0

1712930822
0.0 0.0 0.0

1712930823
0.0 0.0 0.0

1712930824
0.0 0.0 0.0

1712930825
0.0 0.0 0.0

1712930826
0.0 0.0 0.0

1712930827
0.0 0.0 0.0

1712930828
0.0 0.0 0.0

1712930829
0.0 0.0 0.0

1712930830
0.0 0.0 0.0

1712930831
0.0 0.0 0.0

1712930832
0.0 0.0 0.0

1712930833
0.0 0.0 0.0

1712930834
0.0 0.0 0.0

1712930835
0.0 0.0 0.0

1712930836
0.0 0.0 0.0

1712930837
0.0 0.0 0.0

1712930838
0.0 0.0 0.0

1712930839
0.0 0.0 0.0

1712930840
0.0 0.0 0.0

1712930841
0.0 0.0 0.0

1712930842
0.0 0.0 0.0

1712930843
0.0 0.0 0.0

1712930844
0.0 0.0 0.0

1712930845
0.0 0.0 0.0

1712930846
0.0 0.0 0.0

1712930847
0.0 0.0 0.0

1712930848
0.0 0.0 0.0

1712930849
0.0 0.0 0.0

1712930850
0.0 0.0 0.0

1712930851
0.0 0.0 0.0

1712930852
0.0 0.0 0.0

1712930853
0.0 0.0 0.0

1712930854
0.0 0.0 0.0

1712930855
0.0 0.0 0.0

1712930856
0.0 0.0 0.0

1712930857
0.0 0.0 0.0

1712930858
0.0 0.0 0.0

1712930859
0.0 0.0 0.0

1712930860
0.0 0.0 0.0

1712930861
0.0 0.0 0.0

1712930862
0.0 0.0 0.0

1712930863
0.0 0.0 0.0

1712930864
0.0 0.0 0.0

1712930865
0.0 0.0 0.0

1712930866
0.0 0.0 0.0

1712930867
0.0 0.0 0.0

1712930868
0.0 0.0 0.0

1712930869
0.0 0.0 0.0

1712930870
0.0 0.0 0.0

1712930871
0.0 0.0 0.0

1712930872
0.0 0.0 0.0

1712930873
0.0 0.0 0.0

1712930874
0.0 0.0 0.0

1712930875
0.0 0.0 0.0

1712930876
0.0 0.0 0.0

1712930877
0.0 0.0 0.0

1712930878
0.0 0.0 0.0

1712930879
0.0 0.0 0.0

1712930880
0.0 0.0 0.0

1712930881
0.0 0.0 0.0

1712930882
0.0 0.0 0.0

1712930883
0.0 0.0 0.0

1712930884
0.0 0.0 0.0

1712930885
0.0 0.0 0.0

1712930886
0.0 0.0 0.0

1712930887
0.0 0.0 0.0

1712930888
0.0 0.0 0.0

1712930889
0.0 0.0 0.0

1712930890
0.0 0.0 0.0

1712930891
0.0 0.0 0.0

1712930892
0.0 0.0 0.0

1712930893
0.0 0.0 0.0

1712930894
0.0 0.0 0.0

1712930895
0.0 0.0 0.0

1712930896
0.0 0.0 0.0

1712930897
0.0 0.0 0.0

1712930898
0.0 0.0 0.0

1712930899
0.0 0.0 0.0

1712930900
0.0 0.0 0.0

1712930901
0.0 0.0 0.0

1712930902
0.0 0.0 0.0

1712930903
0.0 0.0 0.0

1712930904
0.0 0.0 0.0

1712930905
0.0 0.0 0.0

1712930906
0.0 0.0 0.0

1712930907
0.0 0.0 0.0

1712930908
0.0 0.0 0.0

1712930909
0.0 0.0 0.0

1712930910
0.0 0.0 0.0

1712930911
0.0 0.0 0.0

1712930912
0.0 0.0 0.0

1712930913
0.0 0.0 0.0

1712930914
0.0 0.0 0.0

1712930915
0.0 0.0 0.0

1712930916
0.0 0.0 0.0

1712930917
0.0 0.0 0.0

1712930918
0.0 0.0 0.0

1712930919
0.0 0.0 0.0

1712930920
0.0 0.0 0.0

1712930921
0.0 0.0 0.0

1712930922
0.0 0.0 0.0

1712930923
0.0 0.0 0.0

1712930924
0.0 0.0 0.0

1712930925
0.0 0.0 0.0

1712930926
0.0 0.0 0.0

1712930927
0.0 0.0 0.0

1712930928
0.0 0.0 0.0

1712930929
0.0 0.0 0.0

1712930930
0.0 0.0 0.0

1712930931
0.0 0.0 0.0

1712930932
0.0 0.0 0.0

1712930933
0.0 0.0 0.0

1712930934
0.0 0.0 0.0

1712930935
0.0 0.0 0.0

1712930936
0.0 0.0 0.0

1712930937
0.0 0.0 0.0

1712930938
0.0 0.0 0.0

1712930939
0.0 0.0 0.0

1712930940
0.0 0.0 0.0

1712930941
0.0 0.0 0.0

1712930942
0.0 0.0 0.0

1712930943
0.0 0.0 0.0

1712930944
0.0 0.0 0.0

1712930945
0.0 0.0 0.0

1712930946
0.0 0.0 0.0

1712930947
0.0 0.0 0.0

1712930948
0.0 0.0 0.0

1712930949
0.0 0.0 0.0

1712930950
0.0 0.0 0.0

1712930951
0.0 0.0 0.0

1712930952
0.0 0.0 0.0

1712930953
0.0 0.0 0.0

1712930954
0.0 0.0 0.0

1712930955
0.0 0.0 0.0

1712930956
0.0 0.0 0.0

1712930957
0.0 0.0 0.0

1712930958
0.0 0.0 0.0

1712930959
0.0 0.0 0.0

1712930960
0.0 0.0 0.0

1712930961
0.0 0.0 0.0

1712930962
0.0 0.0 0.0

1712930963
0.0 0.0 0.0

1712930964
0.0 0.0 0.0

1712930965
0.0 0.0 0.0

1712930966
0.0 0.0 0.0

1712930967
0.0 0.0 0.0

1712930968
0.0 0.0 0.0

1712930969
0.0 0.0 0.0

1712930970
0.0 0.0 0.0

1712930971
0.0 0.0 0.0

1712930972
0.0 0.0 0.0

1712930973
0.0 0.0 0.0

1712930974
0.0 0.0 0.0

1712930975
0.0 0.0 0.0

1712930976
0.0 0.0 0.0

1712930977
0.0 0.0 0.0

1712930978
0.0 0.0 0.0

1712930979
0.0 0.0 0.0

1712930980
0.0 0.0 0.0

1712930981
0.0 0.0 0.0

1712930982
0.0 0.0 0.0

1712930983
0.0 0.0 0.0

1712930984
0.0 0.0 0.0

1712930985
0.0 0.0 0.0

1712930986
0.0 0.0 0.0

1712930987
0.0 0.0 0.0

1712930988
0.0 0.0 0.0

1712930989
0.0 0.0 0.0

1712930990
0.0 0.0 0.0

1712930991
0.0 0.0 0.0

1712930992
0.0 0.0 0.0

1712930993
0.0 0.0 0.0

1712930994
0.0 0.0 0.0

1712930995
0.0 0.0 0.0

1712930996
0.0 0.0 0.0

1712930997
0.0 0.0 0.0

1712930998
0.0 0.0 0.0

1712930999
0.0 0.0 0.0

1712931000
0.0 0.0 0.0

1712931001
0.0 0.0 0.0

1712931002
0.0 0.0 0.0

1712931003
0.0 0.0 0.0

1712931004
0.0 0.0 0.0

1712931005
0.0 0.0 0.0

1712931006
0.0 0.0 0.0

1712931007
0.0 0.0 0.0

1712931008
0.0 0.0 0.0

1712931009
0.0 0.0 0.0

1712931010
0.0 0.0 0.0

1712931011
0.0 0.0 0.0

1712931012
0.0 0.0 0.0

1712931013
0.0 0.0 0.0

1712931014
0.0 0.0 0.0

1712931015
0.0 0.0 0.0

1712931016
0.0 0.0 0.0

1712931017
0.0 0.0 0.0

1712931018
0.0 0.0 0.0

1712931019
0.0 0.0 0.0

1712931020
0.0 0.0 0.0

1712931021
0.0 0.0 0.0

1712931022
0.0 0.0 0.0

1712931023
0.0 0.0 0.0

1712931024
0.0 0.0 0.0

1712931025
0.0 0.0 0.0

1712931026
0.0 0.0 0.0

1712931027
0.0 0.0 0.0

1712931028
0.0 0.0 0.0

1712931029
0.0 0.0 0.0

1712931030
0.0 0.0 0.0

1712931031
0.0 0.0 0.0

1712931032
0.0 0.0 0.0

1712931033
0.0 0.0 0.0

1712931034
0.0 0.0 0.0

1712931035
0.0 0.0 0.0

1712931036
0.0 0.0 0.0

1712931037
0.0 0.0 0.0

1712931038
0.0 0.0 0.0

