1712928232
4.82 2.26 1.25 108183

1712928233
4.82 2.26 1.25 160039

1712928234
6.67 2.68 1.35 177049

1712928235
6.67 2.68 1.35 183120

1712928236
8.54 3.15 1.46 207417

1712928237
8.54 3.15 1.46 193243

1712928238
10.43 3.66 1.58 173221

1712928239
10.43 3.66 1.58 160457

1712928240
11.44 4.07 1.67 175903

1712928241
11.44 4.07 1.67 181409

1712928242
12.63 4.52 1.79 184197

1712928243
12.63 4.52 1.79 185237

1712928244
13.6 4.96 1.9 191992

1712928245
13.6 4.96 1.9 173718

1712928246
14.4 5.39 2.01 180368

1712928247
14.4 5.39 2.01 167475

1712928248
14.69 5.74 2.1 178764

1712928249
14.69 5.74 2.1 180693

1712928250
15.11 6.11 2.2 162674

1712928251
15.11 6.11 2.2 159960

1712928252
15.27 6.43 2.3 192308

1712928253
15.27 6.43 2.3 179862

1712928254
15.76 6.81 2.41 174640

1712928255
15.76 6.81 2.41 167214

1712928256
15.99 7.14 2.51 193348

1712928257
15.99 7.14 2.51 249976

1712928258
17.8 7.76 2.67 376908

1712928259
17.8 7.76 2.67 502941

1712928260
21.46 8.75 2.91 153798

1712928261
21.46 8.75 2.91 157356

1712928262
20.47 8.99 3.0 250596

1712928263
20.47 8.99 3.0 220213

1712928264
20.93 9.45 3.14 177055

1712928265
20.93 9.45 3.14 161323

1712928266
20.58 9.76 3.25 354756

1712928267
20.58 9.76 3.25 349475

1712928268
23.55 10.65 3.48 363004

1712928269
23.55 10.65 3.48 521926

1712928270
26.17 11.54 3.71 199620

1712928271
26.17 11.54 3.71 180231

1712928272
24.87 11.79 3.82 191915

1712928273
24.87 11.79 3.82 181329

1712928274
23.62 11.99 3.91 177964

1712928275
23.62 11.99 3.91 169122

1712928276
22.42 12.16 4.0 189508

1712928277
22.42 12.16 4.0 157267

1712928278
21.08 12.25 4.08 283795

1712928279
21.08 12.25 4.08 365854

1712928280
23.78 13.03 4.3 206475

1712928281
23.78 13.03 4.3 218809

1712928282
22.91 13.22 4.4 206041

1712928283
22.91 13.22 4.4 169273

1712928284
21.84 13.34 4.48 252750

1712928285
21.84 13.34 4.48 249731

1712928286
22.59 13.76 4.63 204677

1712928287
22.59 13.76 4.63 231379

1712928288
22.48 14.03 4.75 212188

1712928289
22.48 14.03 4.75 192044

1712928290
21.67 14.16 4.84 189495

1712928291
21.67 14.16 4.84 176425

1712928292
21.01 14.28 4.93 189972

1712928293
21.01 14.28 4.93 158017

1712928294
20.28 14.37 5.01 203033

1712928295
20.28 14.37 5.01 270238

1712928296
20.77 14.66 5.14 198278

1712928297
20.77 14.66 5.14 166384

1712928298
20.27 14.76 5.23 167206

1712928299
20.27 14.76 5.23 191583

1712928300
19.67 14.84 5.31 191498

1712928301
19.67 14.84 5.31 169230

1712928302
19.19 14.91 5.39 162493

1712928303
19.19 14.91 5.39 156022

1712928304
18.43 14.91 5.45 177884

1712928305
18.43 14.91 5.45 152348

1712928306
17.99 14.95 5.52 170407

1712928307
17.99 14.95 5.52 154092

1712928308
17.63 14.98 5.6 169157

1712928309
17.63 14.98 5.6 136863

1712928310
16.97 14.95 5.65 142530

1712928311
16.97 14.95 5.65 161816

1712928312
16.61 14.95 5.72 169496

1712928313
16.61 14.95 5.72 157603

1712928314
16.5 14.99 5.79 148681

1712928315
16.5 14.99 5.79 162032

1712928317
16.77 15.08 5.87 204464

1712928318
16.09 15.02 5.92 341186

1712928319
16.09 15.02 5.92 268751

1712928320
19.51 15.67 6.12 482452

1712928321
19.51 15.67 6.12 482059

1712928322
24.85 16.76 6.41 538179

1712928323
24.85 16.76 6.41 537872

1712928324
29.41 17.85 6.71 467449

1712928325
29.41 17.85 6.71 391906

1712928326
31.69 18.64 6.95 444414

1712928327
31.69 18.64 6.95 337497

1712928328
32.47 19.2 7.15 417458

1712928329
32.47 19.2 7.15 573228

1712928330
36.55 20.38 7.48 543613

1712928331
36.55 20.38 7.48 487816

1712928332
38.44 21.25 7.75 475220

1712928333
38.44 21.25 7.75 485062

1712928334
40.17 22.12 8.02 421099

1712928335
40.17 22.12 8.02 528463

1712928336
42.5 23.13 8.33 620027

1712928337
42.5 23.13 8.33 521580

1712928338
44.94 24.21 8.66 564778

1712928339
44.94 24.21 8.66 612126

1712928340
47.31 25.31 9.0 575625

1712928341
47.31 25.31 9.0 572741

1712928342
48.7 26.28 9.31 532930

1712928343
48.7 26.28 9.31 560315

1712928344
49.66 27.19 9.62 466999

1712928345
49.66 27.19 9.62 486462

1712928346
50.81 28.13 9.93 661883

1712928347
50.81 28.13 9.93 465342

1712928348
49.93 28.72 10.18 438862

1712928349
49.93 28.72 10.18 345313

1712928350
47.41 28.96 10.36 465421

1712928351
47.41 28.96 10.36 513471

1712928352
48.6 29.78 10.66 490582

1712928353
48.6 29.78 10.66 441038

1712928354
47.22 30.14 10.86 373518

1712928355
47.22 30.14 10.86 367452

1712928356
45.73 30.43 11.06 434968

1712928357
45.73 30.43 11.06 442408

1712928358
44.69 30.75 11.25 351033

1712928359
44.69 30.75 11.25 342468

1712928360
43.12 30.92 11.42 399331

1712928361
43.12 30.92 11.42 251552

1712928362
40.2 30.79 11.53 237697

1712928363
40.2 30.79 11.53 238350

1712928364
37.44 30.6 11.62 334751

1712928365
37.44 30.6 11.62 341945

1712928366
37.0 30.74 11.78 356047

1712928367
37.0 30.74 11.78 264219

1712928368
35.37 30.65 11.89 269618

1712928369
35.37 30.65 11.89 299930

1712928370
33.85 30.53 12.0 271340

1712928371
33.85 30.53 12.0 277971

1712928372
32.61 30.42 12.1 276190

1712928373
32.61 30.42 12.1 268307

1712928374
32.13 30.4 12.22 384946

1712928375
32.13 30.4 12.22 325718

1712928376
32.29 30.49 12.36 305855

1712928377
32.29 30.49 12.36 435209

1712928378
33.87 30.83 12.56 406782

1712928379
33.87 30.83 12.56 368403

1712928380
33.89 30.93 12.71 263573

1712928381
33.89 30.93 12.71 200946

1712928382
31.01 30.51 12.74 172925

1712928383
31.01 30.51 12.74 387818

1712928384
31.37 30.59 12.88 373666

1712928385
31.37 30.59 12.88 460799

1712928386
33.84 31.06 13.1 450432

1712928387
33.84 31.06 13.1 454854

1712928389
35.14 31.39 13.29 459065

1712928390
35.14 31.39 13.29 501574

1712928391
36.38 31.74 13.49 536150

1712928392
37.4 32.07 13.68 464140

1712928393
37.4 32.07 13.68 327124

1712928394
35.69 31.94 13.78 316601

1712928395
35.69 31.94 13.78 386219

1712928396
35.75 32.07 13.93 371950

1712928397
35.75 32.07 13.93 388812

1712928398
36.7 32.36 14.12 419671

1712928399
36.7 32.36 14.12 387529

1712928400
36.03 32.38 14.25 259850

1712928401
36.03 32.38 14.25 361397

1712928402
35.84 32.47 14.39 357850

1712928403
35.84 32.47 14.39 426180

1712928404
36.59 32.72 14.57 434655

1712928405
36.59 32.72 14.57 517995

1712928406
39.02 33.28 14.81 491178

1712928407
39.02 33.28 14.81 557198

1712928408
41.55 33.93 15.07 492509

1712928409
41.55 33.93 15.07 554738

1712928410
43.44 34.52 15.32 505722

1712928411
43.44 34.52 15.32 514477

1712928412
45.18 35.12 15.58 553584

1712928413
45.18 35.12 15.58 470288

1712928414
45.32 35.48 15.79 455512

1712928415
45.32 35.48 15.79 154914

1712928416
39.47 34.74 15.77 54368

1712928417
39.47 34.74 15.77 19477

1712928419
32.5 33.64 15.67 14801

