1712928232
0.96 0.22 0.18 130072

1712928233
0.96 0.22 0.18 5362

1712928234
1.51 0.35 0.21 1147

1712928235
1.51 0.35 0.21 2857

1712928236
1.23 0.34 0.21 4266

1712928237
1.23 0.34 0.21 3001

1712928238
1.01 0.33 0.21 2013

1712928239
1.01 0.33 0.21 2416

1712928240
0.82 0.31 0.2 2034

1712928241
0.82 0.31 0.2 12171

1712928242
0.67 0.3 0.2 2057

1712928243
0.67 0.3 0.2 3298

1712928244
0.55 0.29 0.2 1593

1712928245
0.55 0.29 0.2 2653

1712928246
0.45 0.28 0.2 4945

1712928247
0.45 0.28 0.2 3010

1712928248
0.37 0.27 0.2 1636

1712928249
0.37 0.27 0.2 2507

1712928250
0.3 0.26 0.2 1253

1712928251
0.3 0.26 0.2 5241

1712928252
0.24 0.26 0.2 1197

1712928253
0.24 0.26 0.2 3346

1712928254
0.2 0.25 0.19 1664

1712928255
0.2 0.25 0.19 3237

1712928256
0.16 0.24 0.19 7796

1712928257
0.16 0.24 0.19 9394

1712928258
0.31 0.26 0.2 239133

1712928259
0.31 0.26 0.2 129412

1712928260
3.7 0.88 0.33 65920

1712928261
3.7 0.88 0.33 55317

1712928262
3.75 0.98 0.35 13979

1712928263
3.75 0.98 0.35 7556

1712928264
3.07 0.95 0.35 6046

1712928265
3.07 0.95 0.35 25971

1712928266
2.69 0.95 0.35 1812

1712928267
2.69 0.95 0.35 3090

1712928268
2.21 0.92 0.35 9369

1712928269
2.21 0.92 0.35 6198

1712928270
1.8 0.89 0.35 2055

1712928271
1.8 0.89 0.35 5334

1712928272
1.48 0.86 0.35 4930

1712928273
1.48 0.86 0.35 8624

1712928274
1.21 0.83 0.34 4266

1712928275
1.21 0.83 0.34 4425

1712928276
0.99 0.8 0.34 6577

1712928277
0.99 0.8 0.34 3499

1712928278
0.81 0.77 0.34 50315

1712928279
0.81 0.77 0.34 53471

1712928280
1.75 0.95 0.38 36013

1712928281
1.75 0.95 0.38 4964

1712928282
1.43 0.91 0.38 2338

1712928283
1.43 0.91 0.38 3715

1712928284
1.17 0.88 0.37 7290

1712928285
1.17 0.88 0.37 72936

1712928286
1.5 0.95 0.39 3547

1712928287
1.5 0.95 0.39 6959

1712928288
1.23 0.92 0.39 2598

1712928289
1.23 0.92 0.39 38171

1712928290
1.37 0.96 0.4 3598

1712928291
1.37 0.96 0.4 8032

1712928292
1.12 0.93 0.4 4542

1712928293
1.12 0.93 0.4 9922

1712928294
0.91 0.89 0.39 8071

1712928295
0.91 0.89 0.39 2821

1712928296
0.75 0.86 0.39 2003

1712928297
0.75 0.86 0.39 2839

1712928298
0.61 0.84 0.39 7447

1712928299
0.61 0.84 0.39 36490

1712928300
0.86 0.87 0.4 7297

1712928301
0.86 0.87 0.4 7269

1712928302
0.7 0.85 0.4 1636

1712928303
0.7 0.85 0.4 5340

1712928304
0.58 0.82 0.39 8157

1712928305
0.58 0.82 0.39 3609

1712928306
0.47 0.79 0.39 930

1712928307
0.47 0.79 0.39 3426

1712928308
0.38 0.76 0.39 1012

1712928309
0.38 0.76 0.39 5843

1712928310
0.31 0.74 0.38 1638

1712928311
0.31 0.74 0.38 12614

1712928312
0.26 0.71 0.38 3170

1712928313
0.26 0.71 0.38 3246

1712928314
0.21 0.69 0.38 1843

1712928315
0.21 0.69 0.38 2695

1712928317
0.53 0.73 0.39 53599

1712928318
0.62 0.74 0.39 16280

1712928319
0.62 0.74 0.39 2620

1712928320
0.5 0.72 0.39 14586

1712928321
0.5 0.72 0.39 172978

1712928322
2.04 0.99 0.45 10905

1712928323
2.04 0.99 0.45 50666

1712928324
2.21 1.05 0.47 45950

1712928325
2.21 1.05 0.47 39690

1712928326
2.72 1.18 0.5 132721

1712928327
2.72 1.18 0.5 25849

1712928328
3.31 1.34 0.54 69609

1712928329
3.31 1.34 0.54 107692

1712928330
4.7 1.66 0.61 145391

1712928331
4.7 1.66 0.61 216187

1712928332
6.57 2.09 0.71 121212

1712928333
6.57 2.09 0.71 119584

1712928334
7.73 2.45 0.79 95857

1712928335
7.73 2.45 0.79 130155

1712928336
8.32 2.73 0.86 109805

1712928337
8.32 2.73 0.86 346636

1712928338
10.44 3.29 0.99 99901

1712928339
10.44 3.29 0.99 256158

1712928340
13.26 4.04 1.16 250676

1712928341
13.26 4.04 1.16 119101

1712928342
13.75 4.43 1.27 249845

1712928343
13.75 4.43 1.27 100215

1712928344
12.89 4.58 1.32 19575

1712928345
12.89 4.58 1.32 19604

1712928346
10.92 4.49 1.32 8731

1712928347
10.92 4.49 1.32 5789

1712928348
10.02 4.54 1.36 111720

1712928349
10.02 4.54 1.36 15023

1712928350
8.39 4.43 1.35 14004

1712928351
8.39 4.43 1.35 89666

1712928352
8.68 4.61 1.41 118152

1712928353
8.68 4.61 1.41 38538

1712928354
7.47 4.52 1.42 51317

1712928355
7.47 4.52 1.42 27562

1712928356
6.84 4.51 1.43 32046

1712928357
6.84 4.51 1.43 29050

1712928358
6.14 4.46 1.44 37529

1712928359
6.14 4.46 1.44 13657

1712928360
5.39 4.38 1.45 41954

1712928361
5.39 4.38 1.45 15329

1712928362
4.59 4.26 1.45 4948

1712928363
4.59 4.26 1.45 2403

1712928364
3.76 4.12 1.43 6880

1712928365
3.76 4.12 1.43 6987

1712928366
3.26 4.02 1.43 33015

1712928367
3.26 4.02 1.43 5829

1712928368
2.67 3.89 1.42 5493

1712928369
2.67 3.89 1.42 11922

1712928370
2.18 3.76 1.41 3273

1712928371
2.18 3.76 1.41 15009

1712928372
1.97 3.67 1.41 19308

1712928373
1.97 3.67 1.41 1839

1712928374
2.15 3.65 1.42 105733

1712928375
2.15 3.65 1.42 15046

1712928376
2.49 3.66 1.44 27855

1712928377
2.49 3.66 1.44 19141

1712928378
2.22 3.57 1.43 4602

1712928379
2.22 3.57 1.43 2554

1712928380
1.81 3.46 1.42 4327

1712928381
1.81 3.46 1.42 15569

1712928382
1.48 3.34 1.41 3961

1712928383
1.48 3.34 1.41 16552

1712928384
1.4 3.27 1.41 21804

1712928385
1.4 3.27 1.41 28909

1712928386
1.69 3.26 1.42 39997

1712928387
1.69 3.26 1.42 77348

1712928389
2.1 3.28 1.44 62586

1712928390
2.1 3.28 1.44 111956

1712928391
3.72 3.53 1.51 290315

1712928392
6.3 4.01 1.62 132798

1712928393
6.3 4.01 1.62 30737

1712928394
5.34 3.91 1.61 4374

1712928395
5.34 3.91 1.61 49137

1712928396
4.92 3.88 1.62 17146

1712928397
4.92 3.88 1.62 44139

1712928398
4.93 3.91 1.65 58602

1712928399
4.93 3.91 1.65 6151

1712928400
4.04 3.79 1.64 6828

1712928401
4.04 3.79 1.64 6444

1712928402
3.3 3.66 1.62 12407

1712928403
3.3 3.66 1.62 37909

1712928404
3.07 3.61 1.63 17909

1712928405
3.07 3.61 1.63 108904

1712928406
4.14 3.78 1.68 91636

1712928407
4.14 3.78 1.68 178260

1712928408
6.65 4.25 1.79 232861

1712928409
6.65 4.25 1.79 71994

1712928410
7.44 4.47 1.85 119777

1712928411
7.44 4.47 1.85 146618

1712928412
8.81 4.81 1.94 182024

1712928413
8.81 4.81 1.94 119246

1712928414
9.57 5.08 2.02 104355

1712928415
9.57 5.08 2.02 190012

1712928416
10.55 5.41 2.11 109504

1712928417
10.55 5.41 2.11 16493

1712928419
9.0 5.3 2.11 32229

