1712928232
0.0 0.02 0.01 1

1712928233
0.0 0.02 0.01 0

1712928234
0.0 0.02 0.01 0

1712928235
0.0 0.02 0.01 0

1712928236
0.0 0.02 0.01 0

1712928237
0.0 0.02 0.01 0

1712928238
0.0 0.02 0.01 0

1712928239
0.0 0.02 0.01 0

1712928240
0.0 0.02 0.01 0

1712928241
0.0 0.02 0.01 0

1712928242
0.0 0.02 0.01 0

1712928243
0.0 0.02 0.01 0

1712928244
0.0 0.02 0.01 1

1712928245
0.0 0.02 0.01 0

1712928246
0.0 0.02 0.01 0

1712928247
0.0 0.02 0.01 0

1712928248
0.0 0.02 0.01 0

1712928249
0.0 0.02 0.01 0

1712928250
0.0 0.01 0.01 0

1712928251
0.0 0.01 0.01 0

1712928252
0.0 0.01 0.01 0

1712928253
0.0 0.01 0.01 0

1712928254
0.0 0.01 0.01 0

1712928255
0.0 0.01 0.01 0

1712928256
0.0 0.01 0.01 0

1712928257
0.0 0.01 0.01 145

1712928258
0.36 0.08 0.02 108436

1712928259
0.36 0.08 0.02 65391

1712928260
1.2 0.24 0.05 4

1712928261
1.2 0.24 0.05 5

1712928262
0.98 0.23 0.05 0

1712928263
0.98 0.23 0.05 0

1712928264
0.8 0.22 0.05 0

1712928265
0.8 0.22 0.05 0

1712928266
0.65 0.21 0.05 0

1712928267
0.65 0.21 0.05 0

1712928268
0.54 0.21 0.05 0

1712928269
0.54 0.21 0.05 0

1712928270
0.44 0.2 0.05 0

1712928271
0.44 0.2 0.05 0

1712928272
0.36 0.19 0.05 0

1712928273
0.36 0.19 0.05 0

1712928274
0.29 0.19 0.05 0

1712928275
0.29 0.19 0.05 0

1712928276
0.24 0.18 0.05 0

1712928277
0.24 0.18 0.05 0

1712928278
0.19 0.17 0.05 50482

1712928279
0.19 0.17 0.05 47993

1712928280
0.88 0.3 0.08 269

1712928281
0.88 0.3 0.08 0

1712928282
0.72 0.29 0.08 0

1712928283
0.72 0.29 0.08 0

1712928284
0.59 0.28 0.08 14660

1712928285
0.59 0.28 0.08 0

1712928286
0.48 0.27 0.07 0

1712928287
0.48 0.27 0.07 0

1712928288
0.39 0.26 0.07 13194

1712928289
0.39 0.26 0.07 0

1712928290
0.32 0.25 0.07 0

1712928291
0.32 0.25 0.07 0

1712928292
0.26 0.24 0.07 0

1712928293
0.26 0.24 0.07 0

1712928294
0.21 0.23 0.07 0

1712928295
0.21 0.23 0.07 0

1712928296
0.17 0.23 0.07 0

1712928297
0.17 0.23 0.07 0

1712928298
0.32 0.25 0.08 20576

1712928299
0.32 0.25 0.08 0

1712928300
0.26 0.24 0.07 0

1712928301
0.26 0.24 0.07 0

1712928302
0.21 0.23 0.07 0

1712928303
0.21 0.23 0.07 85

1712928304
0.17 0.23 0.07 0

1712928305
0.17 0.23 0.07 0

1712928306
0.14 0.22 0.07 0

1712928307
0.14 0.22 0.07 0

1712928308
0.11 0.21 0.07 0

1712928309
0.11 0.21 0.07 0

1712928310
0.09 0.2 0.07 0

1712928311
0.09 0.2 0.07 0

1712928312
0.07 0.2 0.07 0

1712928313
0.07 0.2 0.07 0

1712928314
0.06 0.19 0.07 0

1712928315
0.06 0.19 0.07 0

1712928317
0.05 0.18 0.07 879

1712928318
0.22 0.21 0.07 20376

1712928319
0.22 0.21 0.07 0

1712928320
0.18 0.2 0.07 22031

1712928321
0.18 0.2 0.07 51120

1712928322
0.69 0.29 0.09 26344

1712928323
0.69 0.29 0.09 11683

1712928324
0.74 0.32 0.1 13374

1712928325
0.74 0.32 0.1 14805

1712928326
0.79 0.34 0.1 0

1712928327
0.79 0.34 0.1 37608

1712928328
1.01 0.39 0.12 20486

1712928329
1.01 0.39 0.12 56999

1712928330
1.55 0.51 0.14 27746

1712928331
1.55 0.51 0.14 59188

1712928332
1.99 0.63 0.17 54739

1712928333
1.99 0.63 0.17 39510

1712928334
2.17 0.7 0.19 31

1712928335
2.17 0.7 0.19 43265

1712928336
2.32 0.78 0.21 27666

1712928337
2.32 0.78 0.21 70482

1712928338
2.81 0.92 0.24 46956

1712928339
2.81 0.92 0.24 34545

1712928340
2.84 0.99 0.26 23643

1712928341
2.84 0.99 0.26 22376

1712928342
2.87 1.05 0.28 60463

1712928343
2.87 1.05 0.28 36029

1712928344
2.71 1.08 0.29 0

1712928345
2.71 1.08 0.29 1428

1712928346
2.22 1.05 0.29 7114

1712928347
2.22 1.05 0.29 331

1712928348
1.82 1.01 0.29 1

1712928349
1.82 1.01 0.29 0

1712928350
1.67 1.01 0.29 21799

1712928351
1.67 1.01 0.29 23919

1712928352
1.73 1.04 0.3 19162

1712928353
1.73 1.04 0.3 11681

1712928354
1.59 1.04 0.31 11997

1712928355
1.59 1.04 0.31 0

1712928356
1.48 1.04 0.31 22160

1712928357
1.48 1.04 0.31 35

1712928358
1.21 1.01 0.31 0

1712928359
1.21 1.01 0.31 0

1712928360
0.99 0.97 0.31 17772

1712928361
0.99 0.97 0.31 0

1712928362
0.81 0.94 0.31 0

1712928363
0.81 0.94 0.31 173

1712928364
0.66 0.91 0.3 95

1712928365
0.66 0.91 0.3 1528

1712928366
0.54 0.88 0.3 861

1712928367
0.54 0.88 0.3 0

1712928368
0.44 0.85 0.3 46

1712928369
0.44 0.85 0.3 5

1712928370
0.36 0.82 0.3 545

1712928371
0.36 0.82 0.3 12993

1712928372
0.29 0.79 0.29 276

1712928373
0.29 0.79 0.29 0

1712928374
0.24 0.77 0.29 0

1712928375
0.24 0.77 0.29 279

1712928376
0.2 0.74 0.29 0

1712928377
0.2 0.74 0.29 13848

1712928378
0.16 0.72 0.29 1

1712928379
0.16 0.72 0.29 0

1712928380
0.13 0.69 0.29 0

1712928381
0.13 0.69 0.29 112

1712928382
0.1 0.67 0.28 0

1712928383
0.1 0.67 0.28 14067

1712928384
0.08 0.65 0.28 14224

1712928385
0.08 0.65 0.28 1516

1712928386
0.25 0.66 0.29 14212

1712928387
0.25 0.66 0.29 42134

1712928389
0.57 0.7 0.3 13888

1712928390
0.57 0.7 0.3 27917

1712928391
0.83 0.75 0.31 26952

1712928392
1.22 0.82 0.33 56504

1712928393
1.22 0.82 0.33 12188

1712928394
1.0 0.79 0.33 11674

1712928395
1.0 0.79 0.33 4141

1712928396
1.0 0.8 0.33 13350

1712928397
1.0 0.8 0.33 0

1712928398
0.81 0.77 0.33 0

1712928399
0.81 0.77 0.33 421

1712928400
0.67 0.75 0.33 0

1712928401
0.67 0.75 0.33 983

1712928402
0.73 0.75 0.33 27192

1712928403
0.73 0.75 0.33 0

1712928404
0.59 0.73 0.33 16661

1712928405
0.59 0.73 0.33 17331

1712928406
0.85 0.77 0.34 27227

1712928407
0.85 0.77 0.34 32434

1712928408
1.06 0.81 0.35 29777

1712928409
1.06 0.81 0.35 26833

1712928410
1.23 0.85 0.36 25220

1712928411
1.23 0.85 0.36 23571

1712928412
1.73 0.95 0.39 47467

1712928413
1.73 0.95 0.39 27774

1712928414
1.78 0.99 0.4 15437

1712928415
1.78 0.99 0.4 50238

1712928416
2.0 1.05 0.42 10450

1712928417
2.0 1.05 0.42 3215

1712928419
1.63 1.02 0.41 6286

